Model loaded from:  /gscratch/stf/jgershon/experiments/medium_widthv6/save_model/model_2000.pt
Device chosen:  cpu
Number of parameters:  157463
Train - example: 0 loss: 0.9365882277488708
Train - example: 1 loss: 1.0033501386642456
Train - example: 2 loss: 0.9496942758560181
Train - example: 3 loss: 1.0802674293518066
Train - example: 4 loss: 0.9829769134521484
Train - example: 5 loss: 1.0105438232421875
Train - example: 6 loss: 0.8839882612228394
Train - example: 7 loss: 0.9420976042747498
Train - example: 8 loss: 0.9465241432189941
Train - example: 9 loss: 0.9804651737213135
Train - example: 10 loss: 1.044551968574524
Train - example: 11 loss: 1.0009795427322388
Train - example: 12 loss: 0.9637652039527893
Train - example: 13 loss: 1.016990303993225
Train - example: 14 loss: 1.0741145610809326
Train - example: 15 loss: 0.9585098028182983
Train - example: 16 loss: 1.0022581815719604
Train - example: 17 loss: 1.002306342124939
Train - example: 18 loss: 0.9819212555885315
Train - example: 19 loss: 0.988584041595459
Train - example: 20 loss: 0.9884564876556396
Train - example: 21 loss: 0.9437403082847595
Train - example: 22 loss: 0.939333438873291
Train - example: 23 loss: 1.0473977327346802
Train - example: 24 loss: 0.9831550717353821
Train - example: 25 loss: 0.9884264469146729
Train - example: 26 loss: 1.0308442115783691
Train - example: 27 loss: 1.0209908485412598
Train - example: 28 loss: 0.9736778140068054
Train - example: 29 loss: 0.9336220026016235
Train - example: 30 loss: 0.983960747718811
Train - example: 31 loss: 1.0724332332611084
Train - example: 32 loss: 1.0607205629348755
Train - example: 33 loss: 1.020125389099121
Train - example: 34 loss: 0.9630775451660156
Train - example: 35 loss: 1.0340732336044312
Train - example: 36 loss: 0.8909305334091187
Train - example: 37 loss: 1.0268455743789673
Train - example: 38 loss: 0.9740704894065857
Train - example: 39 loss: 0.9114497900009155
Train - example: 40 loss: 0.9936763644218445
Train - example: 41 loss: 0.9885164499282837
Train - example: 42 loss: 0.985320508480072
Train - example: 43 loss: 1.0085554122924805
Train - example: 44 loss: 1.0261433124542236
Train - example: 45 loss: 0.8873964548110962
Train - example: 46 loss: 0.986897885799408
Train - example: 47 loss: 0.9837719202041626
Train - example: 48 loss: 1.0283851623535156
Train - example: 49 loss: 0.991461992263794
Train - example: 50 loss: 0.9951604604721069
Train - example: 51 loss: 0.9838516116142273
Train - example: 52 loss: 0.9756019115447998
Train - example: 53 loss: 0.9206840395927429
Train - example: 54 loss: 0.9522536396980286
Train - example: 55 loss: 1.058019995689392
Train - example: 56 loss: 1.0248398780822754
Train - example: 57 loss: 0.8898021578788757
Train - example: 58 loss: 0.9228340983390808
Train - example: 59 loss: 0.9585729837417603
Train - example: 60 loss: 1.0337646007537842
Train - example: 61 loss: 0.9491884112358093
Train - example: 62 loss: 0.933646559715271
Train - example: 63 loss: 0.9973827600479126
Train - example: 64 loss: 1.0269564390182495
Train - example: 65 loss: 1.0156136751174927
Train - example: 66 loss: 0.9828693866729736
Train - example: 67 loss: 1.0103416442871094
Train - example: 68 loss: 0.9277502298355103
Train - example: 69 loss: 1.0248162746429443
Train - example: 70 loss: 0.9898356795310974
Train - example: 71 loss: 1.0424724817276
Train - example: 72 loss: 1.0135093927383423
Train - example: 73 loss: 0.9908179640769958
Train - example: 74 loss: 0.9491928815841675
Train - example: 75 loss: 0.9785820841789246
Train - example: 76 loss: 0.9985571503639221
Train - example: 77 loss: 1.050472378730774
Train - example: 78 loss: 1.024990200996399
Train - example: 79 loss: 0.9828052520751953
Train - example: 80 loss: 0.9813452959060669
Train - example: 81 loss: 0.9446950554847717
Train - example: 82 loss: 0.9601747989654541
Train - example: 83 loss: 0.9880388379096985
Train - example: 84 loss: 0.9753004312515259
Train - example: 85 loss: 0.9526136517524719
Train - example: 86 loss: 1.0161617994308472
Train - example: 87 loss: 0.9179357886314392
Train - example: 88 loss: 0.9163853526115417
Train - example: 89 loss: 0.9842450618743896
Train - example: 90 loss: 0.9987515807151794
Train - example: 91 loss: 0.9494724869728088
Train - example: 92 loss: 0.9756801128387451
Train - example: 93 loss: 1.0020179748535156
Train - example: 94 loss: 1.0214602947235107
Train - example: 95 loss: 0.9246139526367188
Train - example: 96 loss: 0.9020571112632751
Train - example: 97 loss: 0.9487429857254028
Train - example: 98 loss: 1.025335669517517
Train - example: 99 loss: 0.9400539994239807
Train - example: 100 loss: 0.9102295637130737
Train - example: 101 loss: 0.9257630705833435
Train - example: 102 loss: 0.9736719727516174
Train - example: 103 loss: 0.9482164978981018
Train - example: 104 loss: 1.016268014907837
Train - example: 105 loss: 0.9669249057769775
Train - example: 106 loss: 0.8764488697052002
Train - example: 107 loss: 0.9596301317214966
Train - example: 108 loss: 0.9639110565185547
Train - example: 109 loss: 1.0556029081344604
Train - example: 110 loss: 0.9280561804771423
Train - example: 111 loss: 0.9073299169540405
Train - example: 112 loss: 1.005218744277954
Train - example: 113 loss: 0.9451383948326111
Train - example: 114 loss: 1.0669498443603516
Train - example: 115 loss: 0.9451244473457336
Train - example: 116 loss: 0.9751225113868713
Train - example: 117 loss: 0.8965058922767639
Train - example: 118 loss: 1.0733399391174316
Train - example: 119 loss: 0.9867032766342163
Train - example: 120 loss: 0.8906388282775879
Train - example: 121 loss: 0.9769426584243774
Train - example: 122 loss: 0.9904944896697998
Train - example: 123 loss: 1.0504138469696045
Train - example: 124 loss: 0.9096614718437195
Train - example: 125 loss: 0.9270989298820496
Train - example: 126 loss: 0.9331064820289612
Train - example: 127 loss: 1.011917233467102
Train - example: 128 loss: 1.0289623737335205
Train - example: 129 loss: 0.899310290813446
Train - example: 130 loss: 1.002373456954956
Train - example: 131 loss: 1.0217080116271973
Train - example: 132 loss: 1.0299924612045288
Train - example: 133 loss: 0.9815417528152466
Train - example: 134 loss: 0.9540581703186035
Train - example: 135 loss: 0.9295817017555237
Train - example: 136 loss: 0.9878988862037659
Train - example: 137 loss: 1.0099612474441528
Train - example: 138 loss: 0.9774189591407776
Train - example: 139 loss: 1.0216984748840332
Train - example: 140 loss: 0.9224826097488403
Train - example: 141 loss: 0.9653154015541077
Train - example: 142 loss: 0.9725835919380188
Train - example: 143 loss: 0.9511837959289551
Train - example: 144 loss: 0.9709295630455017
Train - example: 145 loss: 0.92153000831604
Train - example: 146 loss: 0.9869317412376404
Train - example: 147 loss: 0.9722867012023926
Train - example: 148 loss: 0.9911145567893982
Train - example: 149 loss: 0.9497474431991577
Train - example: 150 loss: 0.9854095578193665
Train - example: 151 loss: 0.9603525400161743
Train - example: 152 loss: 1.0852398872375488
Train - example: 153 loss: 0.926250159740448
Train - example: 154 loss: 0.9639592170715332
Train - example: 155 loss: 0.952068030834198
Train - example: 156 loss: 1.0058236122131348
Train - example: 157 loss: 0.9731414318084717
Train - example: 158 loss: 1.0477954149246216
Train - example: 159 loss: 0.9419023990631104
Train - example: 160 loss: 0.9525157809257507
Train - example: 161 loss: 1.0141924619674683
Train - example: 162 loss: 0.9912867546081543
Train - example: 163 loss: 0.9721554517745972
Train - example: 164 loss: 0.9708094596862793
Train - example: 165 loss: 0.9730792045593262
Train - example: 166 loss: 0.8962529897689819
Train - example: 167 loss: 0.9285441040992737
Train - example: 168 loss: 0.9771932363510132
Train - example: 169 loss: 1.0017962455749512
Train - example: 170 loss: 1.0208535194396973
Train - example: 171 loss: 0.9745815992355347
Train - example: 172 loss: 0.9578585028648376
Train - example: 173 loss: 1.0139014720916748
Train - example: 174 loss: 1.06119966506958
Train - example: 175 loss: 0.911852240562439
Train - example: 176 loss: 0.9869275689125061
Train - example: 177 loss: 1.044400691986084
Train - example: 178 loss: 1.0287938117980957
Train - example: 179 loss: 0.9348997473716736
Train - example: 180 loss: 0.999238908290863
Train - example: 181 loss: 0.9671639800071716
Train - example: 182 loss: 0.9856705665588379
Train - example: 183 loss: 1.0062795877456665
Train - example: 184 loss: 1.0391699075698853
Train - example: 185 loss: 0.9808530211448669
Train - example: 186 loss: 0.9416325092315674
Train - example: 187 loss: 1.0540052652359009
Train - example: 188 loss: 0.9639277458190918
Train - example: 189 loss: 0.9091193675994873
Train - example: 190 loss: 0.9883835315704346
Train - example: 191 loss: 0.9744126796722412
Train - example: 192 loss: 0.9515137672424316
Train - example: 193 loss: 0.9561530947685242
Train - example: 194 loss: 0.947294294834137
Train - example: 195 loss: 0.996910035610199
Train - example: 196 loss: 1.0346217155456543
Train - example: 197 loss: 1.0187253952026367
Train - example: 198 loss: 0.9824215173721313
Train - example: 199 loss: 1.0980331897735596
Train - example: 200 loss: 0.9399299025535583
Train - example: 201 loss: 0.9309994578361511
Train - example: 202 loss: 0.9552591443061829
Train - example: 203 loss: 0.9357059597969055
Train - example: 204 loss: 0.9745685458183289
Train - example: 205 loss: 1.0025964975357056
Train - example: 206 loss: 0.8929407000541687
Train - example: 207 loss: 0.9910625219345093
Train - example: 208 loss: 0.9508155584335327
Train - example: 209 loss: 0.8995250463485718
Train - example: 210 loss: 0.9546099901199341
Train - example: 211 loss: 1.0164645910263062
Train - example: 212 loss: 0.9714189767837524
Train - example: 213 loss: 0.987234890460968
Train - example: 214 loss: 0.9534737467765808
Train - example: 215 loss: 1.1885048151016235
Train - example: 216 loss: 0.9411789774894714
Train - example: 217 loss: 1.0110976696014404
Train - example: 218 loss: 0.9623477458953857
Train - example: 219 loss: 0.9683477878570557
Train - example: 220 loss: 1.0225112438201904
Train - example: 221 loss: 0.9924749732017517
Train - example: 222 loss: 0.9637449383735657
Train - example: 223 loss: 0.9864281415939331
Train - example: 224 loss: 1.0233460664749146
Train - example: 225 loss: 1.0456559658050537
Train - example: 226 loss: 0.9629329442977905
Train - example: 227 loss: 0.9442397952079773
Train - example: 228 loss: 0.9555400609970093
Train - example: 229 loss: 0.994962215423584
Train - example: 230 loss: 0.9519594311714172
Train - example: 231 loss: 1.003005027770996
Train - example: 232 loss: 0.9877085089683533
Train - example: 233 loss: 0.9883593916893005
Train - example: 234 loss: 0.9666560292243958
Train - example: 235 loss: 1.0912487506866455
Train - example: 236 loss: 0.996795117855072
Train - example: 237 loss: 1.0072789192199707
Train - example: 238 loss: 0.8916230797767639
Train - example: 239 loss: 1.0644179582595825
Train - example: 240 loss: 0.9714308381080627
Train - example: 241 loss: 0.9180373549461365
Train - example: 242 loss: 0.9934186339378357
Train - example: 243 loss: 0.9439997673034668
Train - example: 244 loss: 0.9528781175613403
Train - example: 245 loss: 0.9758040904998779
Train - example: 246 loss: 0.9035907983779907
Train - example: 247 loss: 0.9661737084388733
Train - example: 248 loss: 1.048877477645874
Train - example: 249 loss: 0.9970129132270813
Train - example: 250 loss: 0.9479945302009583
Train - example: 251 loss: 0.8883420825004578
Train - example: 252 loss: 0.9373056888580322
Train - example: 253 loss: 0.8633663654327393
Train - example: 254 loss: 1.008976697921753
Train - example: 255 loss: 0.931376039981842
Train - example: 256 loss: 0.9338608384132385
Train - example: 257 loss: 1.001219630241394
Train - example: 258 loss: 0.9576622247695923
Train - example: 259 loss: 0.9437681436538696
Train - example: 260 loss: 0.9298496246337891
Train - example: 261 loss: 0.942791759967804
Train - example: 262 loss: 0.9631279110908508
Train - example: 263 loss: 1.0239944458007812
Train - example: 264 loss: 0.935659646987915
Train - example: 265 loss: 0.9926776885986328
Train - example: 266 loss: 0.986903965473175
Train - example: 267 loss: 0.9805731773376465
Train - example: 268 loss: 0.9840155243873596
Train - example: 269 loss: 0.9535855650901794
Train - example: 270 loss: 0.8772587776184082
Train - example: 271 loss: 0.9207510948181152
Train - example: 272 loss: 0.9002344608306885
Train - example: 273 loss: 0.9794191122055054
Train - example: 274 loss: 0.9528793096542358
Train - example: 275 loss: 0.9381588101387024
Train - example: 276 loss: 0.9426791667938232
Train - example: 277 loss: 0.9561414122581482
Train - example: 278 loss: 0.9744131565093994
Train - example: 279 loss: 0.9653925895690918
Train - example: 280 loss: 0.9703196883201599
Train - example: 281 loss: 1.0639067888259888
Train - example: 282 loss: 0.9982003569602966
Train - example: 283 loss: 0.938985288143158
Train - example: 284 loss: 1.018409252166748
Train - example: 285 loss: 0.9965517520904541
Train - example: 286 loss: 1.0326166152954102
Train - example: 287 loss: 0.9569424986839294
Train - example: 288 loss: 0.9977891445159912
Train - example: 289 loss: 1.0451511144638062
Train - example: 290 loss: 1.0379478931427002
Train - example: 291 loss: 1.069783329963684
Train - example: 292 loss: 0.9902904629707336
Train - example: 293 loss: 0.9731875061988831
Train - example: 294 loss: 0.9291552901268005
Train - example: 295 loss: 0.9976308345794678
Train - example: 296 loss: 0.9651704430580139
Train - example: 297 loss: 0.9863746762275696
Train - example: 298 loss: 0.9917759895324707
Train - example: 299 loss: 1.006850242614746
Train - example: 300 loss: 0.951264500617981
Train - example: 301 loss: 1.0585881471633911
Train - example: 302 loss: 0.9567914605140686
Train - example: 303 loss: 0.9607486724853516
Train - example: 304 loss: 0.999901533126831
Train - example: 305 loss: 1.006001353263855
Train - example: 306 loss: 1.03439462184906
Train - example: 307 loss: 1.053392767906189
Train - example: 308 loss: 0.9974097609519958
Train - example: 309 loss: 0.9713646173477173
Train - example: 310 loss: 0.9956605434417725
Train - example: 311 loss: 0.9681113958358765
Train - example: 312 loss: 0.9354996681213379
Train - example: 313 loss: 1.0180984735488892
Train - example: 314 loss: 0.9344063401222229
Train - example: 315 loss: 0.9779824614524841
Train - example: 316 loss: 1.0734755992889404
Train - example: 317 loss: 0.917227566242218
Train - example: 318 loss: 0.9385837316513062
Train - example: 319 loss: 0.9368499517440796
Train - example: 320 loss: 1.0305585861206055
Train - example: 321 loss: 0.9387176036834717
Train - example: 322 loss: 0.916720986366272
Train - example: 323 loss: 0.9773639440536499
Train - example: 324 loss: 0.9793534874916077
Train - example: 325 loss: 0.969491183757782
Train - example: 326 loss: 0.979116678237915
Train - example: 327 loss: 0.9833363890647888
Train - example: 328 loss: 1.0309104919433594
Train - example: 329 loss: 1.0575865507125854
Train - example: 330 loss: 0.9786782264709473
Train - example: 331 loss: 0.9555818438529968
Train - example: 332 loss: 0.921944260597229
Train - example: 333 loss: 0.9826695322990417
Train - example: 334 loss: 0.977867603302002
Train - example: 335 loss: 0.9476572275161743
Train - example: 336 loss: 1.0121467113494873
Train - example: 337 loss: 0.9289145469665527
Train - example: 338 loss: 0.9779388308525085
Train - example: 339 loss: 1.0026848316192627
Train - example: 340 loss: 0.9503923654556274
Train - example: 341 loss: 1.0319924354553223
Train - example: 342 loss: 0.9587064981460571
Train - example: 343 loss: 0.9541088938713074
Train - example: 344 loss: 0.9611762166023254
Train - example: 345 loss: 0.9321935772895813
Train - example: 346 loss: 1.0014653205871582
Train - example: 347 loss: 0.9900602102279663
Train - example: 348 loss: 1.012665033340454
Train - example: 349 loss: 0.9121968746185303
Train - example: 350 loss: 0.9878646731376648
Train - example: 351 loss: 0.9863805174827576
Train - example: 352 loss: 1.0362964868545532
Train - example: 353 loss: 0.9855409264564514
Train - example: 354 loss: 0.98018479347229
Train - example: 355 loss: 1.0679563283920288
Train - example: 356 loss: 0.9812062978744507
Train - example: 357 loss: 1.0041184425354004
Train - example: 358 loss: 1.003507137298584
Train - example: 359 loss: 1.018703818321228
Train - example: 360 loss: 1.0098174810409546
Train - example: 361 loss: 0.9605954885482788
Train - example: 362 loss: 0.9763462543487549
Train - example: 363 loss: 1.0217944383621216
Train - example: 364 loss: 1.0412195920944214
Train - example: 365 loss: 0.9900819659233093
Train - example: 366 loss: 0.9716783761978149
Train - example: 367 loss: 0.9437018036842346
Train - example: 368 loss: 0.9799392223358154
Train - example: 369 loss: 1.0256702899932861
Train - example: 370 loss: 1.0422509908676147
Train - example: 371 loss: 1.0272698402404785
Train - example: 372 loss: 0.9696356058120728
Train - example: 373 loss: 1.0109573602676392
Train - example: 374 loss: 0.9544997215270996
Train - example: 375 loss: 1.0133640766143799
Train - example: 376 loss: 0.9428173303604126
Train - example: 377 loss: 0.9061920046806335
Train - example: 378 loss: 1.011376976966858
Train - example: 379 loss: 1.0528072118759155
Train - example: 380 loss: 0.9985544085502625
Train - example: 381 loss: 0.940541684627533
Train - example: 382 loss: 0.9465345144271851
Train - example: 383 loss: 1.0043350458145142
Train - example: 384 loss: 0.9686947464942932
Train - example: 385 loss: 1.0552083253860474
Train - example: 386 loss: 1.0748062133789062
Train - example: 387 loss: 0.8931464552879333
Train - example: 388 loss: 0.9464538097381592
Train - example: 389 loss: 1.0407633781433105
Train - example: 390 loss: 0.9232741594314575
Train - example: 391 loss: 0.963219165802002
Train - example: 392 loss: 1.0481876134872437
Train - example: 393 loss: 1.0412721633911133
Train - example: 394 loss: 0.989636242389679
Train - example: 395 loss: 1.0153367519378662
Train - example: 396 loss: 0.9073184728622437
Train - example: 397 loss: 1.0594885349273682
Train - example: 398 loss: 0.9855401515960693
Train - example: 399 loss: 1.0038244724273682
Train - example: 400 loss: 0.9235682487487793
Train - example: 401 loss: 0.9895067811012268
Train - example: 402 loss: 0.988685131072998
Train - example: 403 loss: 0.9305598735809326
Train - example: 404 loss: 1.0368846654891968
Train - example: 405 loss: 0.9369991421699524
Train - example: 406 loss: 1.1613974571228027
Train - example: 407 loss: 0.9326059222221375
Train - example: 408 loss: 0.9775822162628174
Train - example: 409 loss: 1.0272749662399292
Train - example: 410 loss: 0.9476410150527954
Train - example: 411 loss: 1.039634108543396
Train - example: 412 loss: 1.008331537246704
Train - example: 413 loss: 0.9726216793060303
Train - example: 414 loss: 0.9670701026916504
Train - example: 415 loss: 0.9452448487281799
Train - example: 416 loss: 0.9425017833709717
Train - example: 417 loss: 0.9773101806640625
Train - example: 418 loss: 0.9430307745933533
Train - example: 419 loss: 0.9214919805526733
Train - example: 420 loss: 1.0000168085098267
Train - example: 421 loss: 0.9393098950386047
Train - example: 422 loss: 1.0537513494491577
Train - example: 423 loss: 1.057498574256897
Train - example: 424 loss: 0.8988181352615356
Train - example: 425 loss: 1.0319792032241821
Train - example: 426 loss: 0.9742617607116699
Train - example: 427 loss: 0.9202027916908264
Train - example: 428 loss: 0.9845166206359863
Train - example: 429 loss: 0.9432664513587952
Train - example: 430 loss: 0.9745420813560486
Train - example: 431 loss: 0.950355052947998
Train - example: 432 loss: 0.9750524759292603
Train - example: 433 loss: 0.9671095013618469
Train - example: 434 loss: 1.0036232471466064
Train - example: 435 loss: 0.9404695630073547
Train - example: 436 loss: 0.9309507608413696
Train - example: 437 loss: 1.0065003633499146
Train - example: 438 loss: 1.0056804418563843
Train - example: 439 loss: 0.9478759765625
Train - example: 440 loss: 0.9717162847518921
Train - example: 441 loss: 0.99188232421875
Train - example: 442 loss: 0.9969527721405029
Train - example: 443 loss: 1.0273363590240479
Train - example: 444 loss: 0.9975308775901794
Train - example: 445 loss: 0.9649131894111633
Train - example: 446 loss: 0.9921107292175293
Train - example: 447 loss: 0.9935303330421448
Train - example: 448 loss: 0.9809076189994812
Train - example: 449 loss: 1.0210505723953247
Train - example: 450 loss: 0.9845944046974182
Train - example: 451 loss: 1.0427374839782715
Train - example: 452 loss: 1.0556154251098633
Train - example: 453 loss: 0.9371117353439331
Train - example: 454 loss: 1.0027881860733032
Train - example: 455 loss: 0.9753603339195251
Train - example: 456 loss: 0.9735878109931946
Train - example: 457 loss: 1.0016840696334839
Train - example: 458 loss: 1.0300124883651733
Train - example: 459 loss: 0.9898855090141296
Train - example: 460 loss: 0.9371024370193481
Train - example: 461 loss: 0.9739652872085571
Train - example: 462 loss: 0.9841442704200745
Train - example: 463 loss: 0.8764610886573792
Train - example: 464 loss: 0.8974584341049194
Train - example: 465 loss: 0.9671503305435181
Train - example: 466 loss: 0.8974732160568237
Train - example: 467 loss: 1.0115652084350586
Train - example: 468 loss: 0.9837340712547302
Train - example: 469 loss: 0.9432384371757507
Train - example: 470 loss: 0.9862807393074036
Train - example: 471 loss: 0.9274706840515137
Train - example: 472 loss: 1.0161633491516113
Train - example: 473 loss: 0.9212502837181091
Train - example: 474 loss: 1.061471700668335
Train - example: 475 loss: 0.9913120269775391
Train - example: 0 loss: 0.971508264541626
Train - example: 1 loss: 0.9755437970161438
Train - example: 2 loss: 0.882560133934021
Train - example: 3 loss: 0.9890736937522888
Train - example: 4 loss: 0.8624148368835449
Train - example: 5 loss: 0.96694016456604
Train - example: 6 loss: 0.9840784668922424
Train - example: 7 loss: 0.9056968092918396
Train - example: 8 loss: 0.96734619140625
Train - example: 9 loss: 1.088915228843689
Train - example: 10 loss: 0.9897541999816895
Train - example: 11 loss: 0.9187682271003723
Train - example: 12 loss: 1.0220204591751099
Train - example: 13 loss: 0.958882212638855
Train - example: 14 loss: 0.9527146220207214
Train - example: 15 loss: 0.9954521656036377
Train - example: 16 loss: 1.0034666061401367
Train - example: 17 loss: 0.9579724669456482
Train - example: 18 loss: 1.059810996055603
Train - example: 19 loss: 1.0498383045196533
Train - example: 20 loss: 0.9116963148117065
Train - example: 21 loss: 0.9540703296661377
Train - example: 22 loss: 0.9355096220970154
Train - example: 23 loss: 0.8667483329772949
Valid - iter: 1.0 loss: 0.9820432437568152
Iteration: 500  Train Loss: 0.8667483329772949  Test Accuracy: 51.03430938720703 %
Model 500 was saved.
Train - example: 24 loss: 1.0106589794158936
Train - example: 25 loss: 0.9442177414894104
Train - example: 26 loss: 0.9701218605041504
Train - example: 27 loss: 0.8886992931365967
Train - example: 28 loss: 0.9661047458648682
Train - example: 29 loss: 0.9273212552070618
Train - example: 30 loss: 1.0199464559555054
Train - example: 31 loss: 0.961423933506012
Train - example: 32 loss: 0.9490100145339966
Train - example: 33 loss: 0.8887342214584351
Train - example: 34 loss: 1.0245798826217651
Train - example: 35 loss: 0.9655988812446594
Train - example: 36 loss: 0.9641321301460266
Train - example: 37 loss: 0.9276272654533386
Train - example: 38 loss: 0.9407827854156494
Train - example: 39 loss: 0.8916260600090027
Train - example: 40 loss: 0.9851124286651611
Train - example: 41 loss: 0.9683879613876343
Train - example: 42 loss: 0.9420080780982971
Train - example: 43 loss: 1.026939034461975
Train - example: 44 loss: 1.0375120639801025
Train - example: 45 loss: 0.9491288661956787
Train - example: 46 loss: 0.8561604022979736
Train - example: 47 loss: 0.9688549637794495
Train - example: 48 loss: 0.9964733719825745
Train - example: 49 loss: 1.0455849170684814
Train - example: 50 loss: 0.9720721244812012
Train - example: 51 loss: 0.964324951171875
Train - example: 52 loss: 0.9306086897850037
Train - example: 53 loss: 1.0383538007736206
Train - example: 54 loss: 1.041542410850525
Train - example: 55 loss: 1.0140814781188965
Train - example: 56 loss: 0.9625330567359924
Train - example: 57 loss: 0.9763392806053162
Train - example: 58 loss: 0.9629856944084167
Train - example: 59 loss: 0.9379363059997559
Train - example: 60 loss: 1.0311555862426758
Train - example: 61 loss: 0.9897785186767578
Train - example: 62 loss: 0.8916211724281311
Train - example: 63 loss: 0.9720641374588013
Train - example: 64 loss: 0.8881152868270874
Train - example: 65 loss: 1.0037285089492798
Train - example: 66 loss: 0.9786828756332397
Train - example: 67 loss: 0.9630535244941711
Train - example: 68 loss: 0.9742114543914795
Train - example: 69 loss: 1.0521430969238281
Train - example: 70 loss: 1.054592251777649
Train - example: 71 loss: 0.9252546429634094
Train - example: 72 loss: 1.0445637702941895
Train - example: 73 loss: 0.9696671366691589
Train - example: 74 loss: 0.9882234334945679
Train - example: 75 loss: 0.963194727897644
Train - example: 76 loss: 0.9994980096817017
Train - example: 77 loss: 1.0552594661712646
Train - example: 78 loss: 1.0214534997940063
Train - example: 79 loss: 0.9648807048797607
Train - example: 80 loss: 0.9765979051589966
Train - example: 81 loss: 0.9912869334220886
Train - example: 82 loss: 0.9099478125572205
Train - example: 83 loss: 1.0012965202331543
Train - example: 84 loss: 0.9976720213890076
Train - example: 85 loss: 0.943278968334198
Train - example: 86 loss: 1.0080395936965942
Train - example: 87 loss: 0.9635471105575562
Train - example: 88 loss: 0.9437911510467529
Train - example: 89 loss: 1.0222898721694946
Train - example: 90 loss: 1.0487041473388672
Train - example: 91 loss: 0.9715173244476318
Train - example: 92 loss: 0.9761232137680054
Train - example: 93 loss: 0.9664410948753357
Train - example: 94 loss: 0.9956240057945251
Train - example: 95 loss: 0.9581950902938843
Train - example: 96 loss: 0.9833499789237976
Train - example: 97 loss: 1.026846170425415
Train - example: 98 loss: 0.9997022151947021
Train - example: 99 loss: 0.9361563920974731
Train - example: 100 loss: 0.975778341293335
Train - example: 101 loss: 0.9524465799331665
Train - example: 102 loss: 0.9804494380950928
Train - example: 103 loss: 0.9251971244812012
Train - example: 104 loss: 0.9335736036300659
Train - example: 105 loss: 0.9376797676086426
Train - example: 106 loss: 1.0408389568328857
Train - example: 107 loss: 0.973650336265564
Train - example: 108 loss: 0.9960744976997375
Train - example: 109 loss: 1.1518133878707886
Train - example: 110 loss: 0.932603657245636
Train - example: 111 loss: 0.967359721660614
Train - example: 112 loss: 0.912340521812439
Train - example: 113 loss: 0.9156757593154907
Train - example: 114 loss: 0.9733000993728638
Train - example: 115 loss: 0.913654088973999
Train - example: 116 loss: 1.0220013856887817
Train - example: 117 loss: 0.8827221393585205
Train - example: 118 loss: 0.9127810597419739
Train - example: 119 loss: 1.0017837285995483
Train - example: 120 loss: 1.0609745979309082
Train - example: 121 loss: 0.9973857402801514
Train - example: 122 loss: 0.932889461517334
Train - example: 123 loss: 0.9933744072914124
Train - example: 124 loss: 1.0537220239639282
Train - example: 125 loss: 0.8840957880020142
Train - example: 126 loss: 1.0728411674499512
Train - example: 127 loss: 1.0272578001022339
Train - example: 128 loss: 0.9828435778617859
Train - example: 129 loss: 0.9675815105438232
Train - example: 130 loss: 0.9467018842697144
Train - example: 131 loss: 0.9275432825088501
Train - example: 132 loss: 0.9317766427993774
Train - example: 133 loss: 1.053351640701294
Train - example: 134 loss: 1.000327467918396
Train - example: 135 loss: 0.9951862096786499
Train - example: 136 loss: 1.0298571586608887
Train - example: 137 loss: 1.0149799585342407
Train - example: 138 loss: 0.9607698321342468
Train - example: 139 loss: 0.9526048302650452
Train - example: 140 loss: 0.9473759531974792
Train - example: 141 loss: 0.9443386793136597
Train - example: 142 loss: 0.9593968391418457
Train - example: 143 loss: 1.0304681062698364
Train - example: 144 loss: 0.9169703125953674
Train - example: 145 loss: 0.9470741152763367
Train - example: 146 loss: 0.9181841015815735
Train - example: 147 loss: 1.0411211252212524
Train - example: 148 loss: 1.0615910291671753
Train - example: 149 loss: 0.9725744128227234
Train - example: 150 loss: 0.9917141199111938
Train - example: 151 loss: 0.9086998701095581
Train - example: 152 loss: 0.9512452483177185
Train - example: 153 loss: 1.0139257907867432
Train - example: 154 loss: 0.9353978633880615
Train - example: 155 loss: 1.0318751335144043
Train - example: 156 loss: 0.9555004239082336
Train - example: 157 loss: 0.9922339916229248
Train - example: 158 loss: 0.9889245629310608
Train - example: 159 loss: 0.9614999890327454
Train - example: 160 loss: 1.0003962516784668
Train - example: 161 loss: 0.9815843105316162
Train - example: 162 loss: 1.046647071838379
Train - example: 163 loss: 0.9176494479179382
Train - example: 164 loss: 0.9153003692626953
Train - example: 165 loss: 0.9366229772567749
Train - example: 166 loss: 1.0827524662017822
Train - example: 167 loss: 0.9532805681228638
Train - example: 168 loss: 0.9727068543434143
Train - example: 169 loss: 0.9674128890037537
Train - example: 170 loss: 0.9732202887535095
Train - example: 171 loss: 0.9532470703125
Train - example: 172 loss: 0.9096440076828003
Train - example: 173 loss: 0.9908392429351807
Train - example: 174 loss: 1.0052666664123535
Train - example: 175 loss: 1.0130507946014404
Train - example: 176 loss: 0.9325516223907471
Train - example: 177 loss: 0.9918901920318604
Train - example: 178 loss: 0.9972022175788879
Train - example: 179 loss: 0.9680944681167603
Train - example: 180 loss: 0.9783284068107605
Train - example: 181 loss: 0.9907586574554443
Train - example: 182 loss: 0.9981297850608826
Train - example: 183 loss: 0.9806000590324402
Train - example: 184 loss: 1.0691765546798706
Train - example: 185 loss: 0.9668718576431274
Train - example: 186 loss: 1.0143022537231445
Train - example: 187 loss: 1.0428935289382935
Train - example: 188 loss: 1.0048243999481201
Train - example: 189 loss: 1.0375332832336426
Train - example: 190 loss: 0.92793869972229
Train - example: 191 loss: 0.9280649423599243
Train - example: 192 loss: 0.941432774066925
Train - example: 193 loss: 0.9272622466087341
Train - example: 194 loss: 0.9490051865577698
Train - example: 195 loss: 0.9896427392959595
Train - example: 196 loss: 1.0466853380203247
Train - example: 197 loss: 0.9572997093200684
Train - example: 198 loss: 1.033786654472351
Train - example: 199 loss: 0.9203692078590393
Train - example: 200 loss: 1.0176353454589844
Train - example: 201 loss: 0.8836241364479065
Train - example: 202 loss: 0.9787088632583618
Train - example: 203 loss: 1.028257131576538
Train - example: 204 loss: 0.8984110951423645
Train - example: 205 loss: 0.9266974925994873
Train - example: 206 loss: 0.9932507276535034
Train - example: 207 loss: 0.9862210750579834
Train - example: 208 loss: 1.0036845207214355
Train - example: 209 loss: 1.0096945762634277
Train - example: 210 loss: 0.9679818749427795
Train - example: 211 loss: 1.0254594087600708
Train - example: 212 loss: 0.9794323444366455
Train - example: 213 loss: 0.9823888540267944
Train - example: 214 loss: 1.010099172592163
Train - example: 215 loss: 0.970543384552002
Train - example: 216 loss: 0.9429332613945007
Train - example: 217 loss: 0.9862046241760254
Train - example: 218 loss: 1.0339146852493286
Train - example: 219 loss: 0.9007137417793274
Train - example: 220 loss: 0.9743407368659973
Train - example: 221 loss: 0.9656206369400024
Train - example: 222 loss: 0.9895608425140381
Train - example: 223 loss: 1.1394811868667603
Train - example: 224 loss: 0.9337543249130249
Train - example: 225 loss: 1.0102404356002808
Train - example: 226 loss: 1.0148152112960815
Train - example: 227 loss: 1.0375494956970215
Train - example: 228 loss: 0.9672922492027283
Train - example: 229 loss: 0.9746113419532776
Train - example: 230 loss: 1.1469862461090088
Train - example: 231 loss: 1.0082361698150635
Train - example: 232 loss: 0.9921858906745911
Train - example: 233 loss: 0.9449203610420227
Train - example: 234 loss: 1.0248968601226807
Train - example: 235 loss: 0.9748734831809998
Train - example: 236 loss: 0.9850294589996338
Train - example: 237 loss: 0.9561169147491455
Train - example: 238 loss: 0.9798599481582642
Train - example: 239 loss: 1.035293698310852
Train - example: 240 loss: 0.925482988357544
Train - example: 241 loss: 1.0163564682006836
Train - example: 242 loss: 1.0424410104751587
Train - example: 243 loss: 1.0135157108306885
Train - example: 244 loss: 1.0162793397903442
Train - example: 245 loss: 1.0238873958587646
Train - example: 246 loss: 0.9503105878829956
Train - example: 247 loss: 0.9751729369163513
Train - example: 248 loss: 0.896320104598999
Train - example: 249 loss: 0.9199052453041077
Train - example: 250 loss: 1.1115137338638306
Train - example: 251 loss: 1.0121947526931763
Train - example: 252 loss: 1.027510166168213
Train - example: 253 loss: 0.9519550800323486
Train - example: 254 loss: 0.966728687286377
Train - example: 255 loss: 1.010347604751587
Train - example: 256 loss: 0.9824817180633545
Train - example: 257 loss: 0.9435123205184937
Train - example: 258 loss: 1.0430740118026733
Train - example: 259 loss: 0.9301462769508362
Train - example: 260 loss: 0.9552673101425171
Train - example: 261 loss: 1.0263017416000366
Train - example: 262 loss: 1.0183202028274536
Train - example: 263 loss: 1.0457011461257935
Train - example: 264 loss: 0.9886749386787415
Train - example: 265 loss: 0.9629521369934082
Train - example: 266 loss: 0.8948026895523071
Train - example: 267 loss: 0.9599276185035706
Train - example: 268 loss: 0.9495253562927246
Train - example: 269 loss: 1.030280351638794
Train - example: 270 loss: 0.9814505577087402
Train - example: 271 loss: 1.0069788694381714
Train - example: 272 loss: 1.0522339344024658
Train - example: 273 loss: 0.9657844305038452
Train - example: 274 loss: 0.9342003464698792
Train - example: 275 loss: 0.985633373260498
Train - example: 276 loss: 0.9724257588386536
Train - example: 277 loss: 1.0138683319091797
Train - example: 278 loss: 0.9980049729347229
Train - example: 279 loss: 0.8966808319091797
Train - example: 280 loss: 1.056496500968933
Train - example: 281 loss: 0.946165144443512
Train - example: 282 loss: 0.952311098575592
Train - example: 283 loss: 1.0027449131011963
Train - example: 284 loss: 0.946837306022644
Train - example: 285 loss: 1.0264898538589478
Train - example: 286 loss: 0.8851302862167358
Train - example: 287 loss: 1.0286048650741577
Train - example: 288 loss: 0.959196150302887
Train - example: 289 loss: 0.9972187876701355
Train - example: 290 loss: 1.0263125896453857
Train - example: 291 loss: 0.9668785929679871
Train - example: 292 loss: 0.9589181542396545
Train - example: 293 loss: 1.0206102132797241
Train - example: 294 loss: 0.9050093293190002
Train - example: 295 loss: 0.9214297533035278
Train - example: 296 loss: 0.898527204990387
Train - example: 297 loss: 1.0204479694366455
Train - example: 298 loss: 0.9238924384117126
Train - example: 299 loss: 0.9836912751197815
Train - example: 300 loss: 1.0150426626205444
Train - example: 301 loss: 0.9269870519638062
Train - example: 302 loss: 0.9310542941093445
Train - example: 303 loss: 1.0195906162261963
Train - example: 304 loss: 0.9072752594947815
Train - example: 305 loss: 1.0007786750793457
Train - example: 306 loss: 0.9803259372711182
Train - example: 307 loss: 0.9769567847251892
Train - example: 308 loss: 0.959938645362854
Train - example: 309 loss: 0.9935218095779419
Train - example: 310 loss: 0.9745224714279175
Train - example: 311 loss: 0.962571382522583
Train - example: 312 loss: 0.9656040072441101
Train - example: 313 loss: 0.953937828540802
Train - example: 314 loss: 1.0350117683410645
Train - example: 315 loss: 1.0267705917358398
Train - example: 316 loss: 0.9652829766273499
Train - example: 317 loss: 0.9961888790130615
Train - example: 318 loss: 0.9597424864768982
Train - example: 319 loss: 1.0218883752822876
Train - example: 320 loss: 0.9400657415390015
Train - example: 321 loss: 1.0333709716796875
Train - example: 322 loss: 1.0376332998275757
Train - example: 323 loss: 0.9610151648521423
Train - example: 324 loss: 0.9962978363037109
Train - example: 325 loss: 0.9826847314834595
Train - example: 326 loss: 0.9145233035087585
Train - example: 327 loss: 1.039361596107483
Train - example: 328 loss: 0.9414986968040466
Train - example: 329 loss: 0.994100034236908
Train - example: 330 loss: 0.9489762783050537
Train - example: 331 loss: 0.9653206467628479
Train - example: 332 loss: 0.9757667779922485
Train - example: 333 loss: 0.9893146753311157
Train - example: 334 loss: 0.936186671257019
Train - example: 335 loss: 0.9571071863174438
Train - example: 336 loss: 1.0265532732009888
Train - example: 337 loss: 0.9806632995605469
Train - example: 338 loss: 0.9265195727348328
Train - example: 339 loss: 0.9994676113128662
Train - example: 340 loss: 0.9847801923751831
Train - example: 341 loss: 0.9845018982887268
Train - example: 342 loss: 1.026777744293213
Train - example: 343 loss: 0.9232975840568542
Train - example: 344 loss: 0.9768900871276855
Train - example: 345 loss: 1.0354000329971313
Train - example: 346 loss: 0.9630506634712219
Train - example: 347 loss: 0.9401881694793701
Train - example: 348 loss: 0.9591756463050842
Train - example: 349 loss: 0.9556272625923157
Train - example: 350 loss: 1.0165629386901855
Train - example: 351 loss: 0.921233057975769
Train - example: 352 loss: 1.0078321695327759
Train - example: 353 loss: 0.9554399847984314
Train - example: 354 loss: 1.0120736360549927
Train - example: 355 loss: 0.9470776915550232
Train - example: 356 loss: 1.0377576351165771
Train - example: 357 loss: 0.9235637187957764
Train - example: 358 loss: 0.9379355907440186
Train - example: 359 loss: 0.9085252285003662
Train - example: 360 loss: 1.0583873987197876
Train - example: 361 loss: 0.9654654860496521
Train - example: 362 loss: 0.950040340423584
Train - example: 363 loss: 0.9486969709396362
Train - example: 364 loss: 0.9702396988868713
Train - example: 365 loss: 0.9687843918800354
Train - example: 366 loss: 0.9615194797515869
Train - example: 367 loss: 0.9526140689849854
Train - example: 368 loss: 0.9403310418128967
Train - example: 369 loss: 1.0446983575820923
Train - example: 370 loss: 0.9597857594490051
Train - example: 371 loss: 0.937846302986145
Train - example: 372 loss: 0.9682108163833618
Train - example: 373 loss: 1.041717767715454
Train - example: 374 loss: 0.9422258138656616
Train - example: 375 loss: 1.001537799835205
Train - example: 376 loss: 0.9991633892059326
Train - example: 377 loss: 0.9605010747909546
Train - example: 378 loss: 0.9547786712646484
Train - example: 379 loss: 0.9191208481788635
Train - example: 380 loss: 0.9073869585990906
Train - example: 381 loss: 0.973853588104248
Train - example: 382 loss: 1.112928867340088
Train - example: 383 loss: 0.9695781469345093
Train - example: 384 loss: 0.9594476819038391
Train - example: 385 loss: 0.8986415863037109
Train - example: 386 loss: 0.9829959869384766
Train - example: 387 loss: 0.981904923915863
Train - example: 388 loss: 0.9964175224304199
Train - example: 389 loss: 1.033280611038208
Train - example: 390 loss: 0.9184840321540833
Train - example: 391 loss: 0.9850549101829529
Train - example: 392 loss: 0.9969723224639893
Train - example: 393 loss: 0.9384914636611938
Train - example: 394 loss: 0.9343641400337219
Train - example: 395 loss: 0.9196577668190002
Train - example: 396 loss: 0.952739417552948
Train - example: 397 loss: 0.9475617408752441
Train - example: 398 loss: 1.053619384765625
Train - example: 399 loss: 1.0756536722183228
Train - example: 400 loss: 0.967399001121521
Train - example: 401 loss: 1.0206996202468872
Train - example: 402 loss: 1.0018976926803589
Train - example: 403 loss: 0.9407454133033752
Train - example: 404 loss: 1.0570701360702515
Train - example: 405 loss: 1.0092079639434814
Train - example: 406 loss: 0.988193690776825
Train - example: 407 loss: 0.8983260989189148
Train - example: 408 loss: 1.0136665105819702
Train - example: 409 loss: 0.9879648685455322
Train - example: 410 loss: 0.97438645362854
Train - example: 411 loss: 0.9489245414733887
Train - example: 412 loss: 1.0094749927520752
Train - example: 413 loss: 0.9842374324798584
Train - example: 414 loss: 0.989672839641571
Train - example: 415 loss: 1.0566980838775635
Train - example: 416 loss: 1.0605642795562744
Train - example: 417 loss: 0.9911434650421143
Train - example: 418 loss: 0.9137936234474182
Train - example: 419 loss: 0.9666086435317993
Train - example: 420 loss: 0.9965471625328064
Train - example: 421 loss: 0.9749078154563904
Train - example: 422 loss: 0.9998013973236084
Train - example: 423 loss: 0.9698101878166199
Train - example: 424 loss: 0.9984318614006042
Train - example: 425 loss: 0.892432689666748
Train - example: 426 loss: 1.007461667060852
Train - example: 427 loss: 0.8995018601417542
Train - example: 428 loss: 0.9527111053466797
Train - example: 429 loss: 0.9996955990791321
Train - example: 430 loss: 0.9068642258644104
Train - example: 431 loss: 1.0167640447616577
Train - example: 432 loss: 0.9141852855682373
Train - example: 433 loss: 1.0423929691314697
Train - example: 434 loss: 1.0564044713974
Train - example: 435 loss: 0.9166189432144165
Train - example: 436 loss: 0.9526095390319824
Train - example: 437 loss: 0.932468593120575
Train - example: 438 loss: 0.9939999580383301
Train - example: 439 loss: 0.9809643626213074
Train - example: 440 loss: 0.9779926538467407
Train - example: 441 loss: 1.0125523805618286
Train - example: 442 loss: 0.9868362545967102
Train - example: 443 loss: 0.9778522253036499
Train - example: 444 loss: 0.9827940464019775
Train - example: 445 loss: 0.9836488962173462
Train - example: 446 loss: 1.0135416984558105
Train - example: 447 loss: 1.0293091535568237
Train - example: 448 loss: 0.9516834020614624
Train - example: 449 loss: 0.9008856415748596
Train - example: 450 loss: 1.015557050704956
Train - example: 451 loss: 0.9049164056777954
Train - example: 452 loss: 1.0639114379882812
Train - example: 453 loss: 1.0201908349990845
Train - example: 454 loss: 0.9480445981025696
Train - example: 455 loss: 0.995848536491394
Train - example: 456 loss: 0.9625154137611389
Train - example: 457 loss: 0.9487517476081848
Train - example: 458 loss: 1.0008714199066162
Train - example: 459 loss: 0.9377683997154236
Train - example: 460 loss: 0.9964788556098938
Train - example: 461 loss: 0.9599958062171936
Train - example: 462 loss: 0.9872052669525146
Train - example: 463 loss: 1.0584853887557983
Train - example: 464 loss: 1.0269980430603027
Train - example: 465 loss: 0.9377210140228271
Train - example: 466 loss: 0.9792695045471191
Train - example: 467 loss: 0.9754210114479065
Train - example: 468 loss: 0.878858208656311
Train - example: 469 loss: 0.9565629363059998
Train - example: 470 loss: 0.9695325493812561
Train - example: 471 loss: 0.9707068800926208
Train - example: 472 loss: 1.0244866609573364
Train - example: 473 loss: 0.9599317908287048
Train - example: 474 loss: 0.9632071852684021
Train - example: 475 loss: 0.9295362234115601
Train - example: 0 loss: 0.9796808362007141
Train - example: 1 loss: 1.0466151237487793
Train - example: 2 loss: 1.0502641201019287
Train - example: 3 loss: 0.9267539978027344
Train - example: 4 loss: 0.9049217104911804
Train - example: 5 loss: 1.0437188148498535
Train - example: 6 loss: 0.9056243300437927
Train - example: 7 loss: 1.0227874517440796
Train - example: 8 loss: 0.9109101295471191
Train - example: 9 loss: 0.998342752456665
Train - example: 10 loss: 0.9094204902648926
Train - example: 11 loss: 0.9164565801620483
Train - example: 12 loss: 0.9296823740005493
Train - example: 13 loss: 0.9621104598045349
Train - example: 14 loss: 0.9941708445549011
Train - example: 15 loss: 0.9181843400001526
Train - example: 16 loss: 0.9725311398506165
Train - example: 17 loss: 0.9729783535003662
Train - example: 18 loss: 0.9737766981124878
Train - example: 19 loss: 0.9783799648284912
Train - example: 20 loss: 0.8953119516372681
Train - example: 21 loss: 0.8755825757980347
Train - example: 22 loss: 0.9050959944725037
Train - example: 23 loss: 0.9591115713119507
Train - example: 24 loss: 1.0199428796768188
Train - example: 25 loss: 0.9961956143379211
Train - example: 26 loss: 0.9062336683273315
Train - example: 27 loss: 0.9205383062362671
Train - example: 28 loss: 0.8881639242172241
Train - example: 29 loss: 0.963240385055542
Train - example: 30 loss: 1.0130213499069214
Train - example: 31 loss: 1.041780948638916
Train - example: 32 loss: 0.915626049041748
Train - example: 33 loss: 0.9133930802345276
Train - example: 34 loss: 1.004006266593933
Train - example: 35 loss: 1.0300612449645996
Train - example: 36 loss: 0.9591454863548279
Train - example: 37 loss: 1.0362554788589478
Train - example: 38 loss: 0.9980956315994263
Train - example: 39 loss: 0.9854670166969299
Train - example: 40 loss: 0.9082971811294556
Train - example: 41 loss: 0.9683476090431213
Train - example: 42 loss: 0.9304016828536987
Train - example: 43 loss: 0.9531423449516296
Train - example: 44 loss: 0.9012725353240967
Train - example: 45 loss: 1.0176161527633667
Train - example: 46 loss: 1.0068730115890503
Train - example: 47 loss: 0.9282453060150146
Valid - iter: 2.0 loss: 0.9777968540912917
Iteration: 1000  Train Loss: 0.9282453060150146  Test Accuracy: 51.22771453857422 %
Model 1000 was saved.
Train - example: 48 loss: 0.9488880634307861
Train - example: 49 loss: 0.9306207895278931
Train - example: 50 loss: 0.9444757103919983
Train - example: 51 loss: 0.9557441473007202
Train - example: 52 loss: 0.894935667514801
Train - example: 53 loss: 0.965131938457489
Train - example: 54 loss: 1.0287028551101685
Train - example: 55 loss: 1.0146650075912476
Train - example: 56 loss: 1.0274235010147095
Train - example: 57 loss: 0.9526165127754211
Train - example: 58 loss: 1.0540859699249268
Train - example: 59 loss: 0.986168622970581
Train - example: 60 loss: 0.9868890643119812
Train - example: 61 loss: 1.0283421277999878
Train - example: 62 loss: 0.9323301911354065
Train - example: 63 loss: 0.9779249429702759
Train - example: 64 loss: 0.9458276629447937
Train - example: 65 loss: 0.9881384968757629
Train - example: 66 loss: 1.0668433904647827
Train - example: 67 loss: 0.967934787273407
Train - example: 68 loss: 1.0201932191848755
Train - example: 69 loss: 0.9719080328941345
Train - example: 70 loss: 0.9742938876152039
Train - example: 71 loss: 0.9902626276016235
Train - example: 72 loss: 0.9932447075843811
Train - example: 73 loss: 0.9971413612365723
Train - example: 74 loss: 0.8793362379074097
Train - example: 75 loss: 0.8733999729156494
Train - example: 76 loss: 0.9945395588874817
Train - example: 77 loss: 0.9203617572784424
Train - example: 78 loss: 0.9594029188156128
Train - example: 79 loss: 0.910198986530304
Train - example: 80 loss: 0.9714145064353943
Train - example: 81 loss: 1.0343446731567383
Train - example: 82 loss: 0.953382670879364
Train - example: 83 loss: 0.9934448003768921
Train - example: 84 loss: 0.9999290704727173
Train - example: 85 loss: 1.0030525922775269
Train - example: 86 loss: 0.9720943570137024
Train - example: 87 loss: 0.937816321849823
Train - example: 88 loss: 1.0459403991699219
Train - example: 89 loss: 1.0468556880950928
Train - example: 90 loss: 1.0032298564910889
Train - example: 91 loss: 0.9738829135894775
Train - example: 92 loss: 1.0197060108184814
Train - example: 93 loss: 0.9926812052726746
Train - example: 94 loss: 1.0193285942077637
Train - example: 95 loss: 0.969229519367218
Train - example: 96 loss: 0.9369010925292969
Train - example: 97 loss: 0.9848509430885315
Train - example: 98 loss: 0.9986839890480042
Train - example: 99 loss: 0.9163634777069092
Train - example: 100 loss: 0.987993597984314
Train - example: 101 loss: 1.0129088163375854
Train - example: 102 loss: 0.9578617215156555
Train - example: 103 loss: 0.9402685761451721
Train - example: 104 loss: 0.9703595638275146
Train - example: 105 loss: 1.0632497072219849
Train - example: 106 loss: 0.9253814220428467
Train - example: 107 loss: 1.0315794944763184
Train - example: 108 loss: 1.0183594226837158
Train - example: 109 loss: 0.9972128868103027
Train - example: 110 loss: 1.0065504312515259
Train - example: 111 loss: 0.967468798160553
Train - example: 112 loss: 0.9498168230056763
Train - example: 113 loss: 0.9740440249443054
Train - example: 114 loss: 1.028709053993225
Train - example: 115 loss: 0.9804782271385193
Train - example: 116 loss: 0.9526402354240417
Train - example: 117 loss: 0.9022265076637268
Train - example: 118 loss: 0.9535874724388123
Train - example: 119 loss: 0.9819073677062988
Train - example: 120 loss: 0.9486069679260254
Train - example: 121 loss: 0.9131835699081421
Train - example: 122 loss: 0.9426151514053345
Train - example: 123 loss: 1.0095090866088867
Train - example: 124 loss: 1.019300103187561
Train - example: 125 loss: 0.9181997179985046
Train - example: 126 loss: 0.9455040693283081
Train - example: 127 loss: 1.0199490785598755
Train - example: 128 loss: 0.9874366521835327
Train - example: 129 loss: 1.0663660764694214
Train - example: 130 loss: 1.0035970211029053
Train - example: 131 loss: 0.9495854377746582
Train - example: 132 loss: 0.9968472123146057
Train - example: 133 loss: 0.9825354218482971
Train - example: 134 loss: 0.9462929368019104
Train - example: 135 loss: 0.9812014698982239
Train - example: 136 loss: 0.9384193420410156
Train - example: 137 loss: 0.9236907362937927
Train - example: 138 loss: 1.0398261547088623
Train - example: 139 loss: 0.9703821539878845
Train - example: 140 loss: 0.9647626280784607
Train - example: 141 loss: 0.9523694515228271
Train - example: 142 loss: 1.0674201250076294
Train - example: 143 loss: 1.0333536863327026
Train - example: 144 loss: 1.0354571342468262
Train - example: 145 loss: 1.0443600416183472
Train - example: 146 loss: 1.0360027551651
Train - example: 147 loss: 0.8755064606666565
Train - example: 148 loss: 0.9389285445213318
Train - example: 149 loss: 0.9370175004005432
Train - example: 150 loss: 0.9920285940170288
Train - example: 151 loss: 1.024380087852478
Train - example: 152 loss: 0.9165030717849731
Train - example: 153 loss: 0.9453493356704712
Train - example: 154 loss: 0.9412244558334351
Train - example: 155 loss: 1.0488938093185425
Train - example: 156 loss: 0.9278997182846069
Train - example: 157 loss: 0.9599175453186035
Train - example: 158 loss: 0.9415422081947327
Train - example: 159 loss: 0.9433909058570862
Train - example: 160 loss: 0.9090605974197388
Train - example: 161 loss: 0.9830861687660217
Train - example: 162 loss: 0.9761195182800293
Train - example: 163 loss: 0.9534481167793274
Train - example: 164 loss: 1.049127221107483
Train - example: 165 loss: 1.0119390487670898
Train - example: 166 loss: 1.0046085119247437
Train - example: 167 loss: 0.9769039750099182
Train - example: 168 loss: 1.1329258680343628
Train - example: 169 loss: 0.9177327752113342
Train - example: 170 loss: 1.0871375799179077
Train - example: 171 loss: 0.9412927031517029
Train - example: 172 loss: 0.9857450723648071
Train - example: 173 loss: 0.9681928753852844
Train - example: 174 loss: 0.9317266345024109
Train - example: 175 loss: 0.9441877007484436
Train - example: 176 loss: 0.9675337076187134
Train - example: 177 loss: 0.9499437212944031
Train - example: 178 loss: 0.9890273809432983
Train - example: 179 loss: 0.9497997760772705
Train - example: 180 loss: 0.9708600044250488
Train - example: 181 loss: 0.9907968640327454
Train - example: 182 loss: 1.1269980669021606
Train - example: 183 loss: 1.002920389175415
Train - example: 184 loss: 0.9958357810974121
Train - example: 185 loss: 0.8843995928764343
Train - example: 186 loss: 0.9613285660743713
Train - example: 187 loss: 0.9969574809074402
Train - example: 188 loss: 0.9702627062797546
Train - example: 189 loss: 0.9065341353416443
Train - example: 190 loss: 0.9794885516166687
Train - example: 191 loss: 0.9876692891120911
Train - example: 192 loss: 1.003659725189209
Train - example: 193 loss: 1.0075844526290894
Train - example: 194 loss: 0.9233510494232178
Train - example: 195 loss: 0.9752175807952881
Train - example: 196 loss: 0.9391597509384155
Train - example: 197 loss: 0.9136927127838135
Train - example: 198 loss: 0.9340353608131409
Train - example: 199 loss: 1.017501950263977
Train - example: 200 loss: 0.9628593325614929
Train - example: 201 loss: 0.8996840119361877
Train - example: 202 loss: 0.9744769930839539
Train - example: 203 loss: 0.9484992027282715
Train - example: 204 loss: 0.9684319496154785
Train - example: 205 loss: 0.9515963196754456
Train - example: 206 loss: 1.0511631965637207
Train - example: 207 loss: 0.9211559295654297
Train - example: 208 loss: 0.9643238186836243
Train - example: 209 loss: 1.0057973861694336
Train - example: 210 loss: 1.0462359189987183
Train - example: 211 loss: 1.0088541507720947
Train - example: 212 loss: 1.0221234560012817
Train - example: 213 loss: 0.9482832551002502
Train - example: 214 loss: 0.9344613552093506
Train - example: 215 loss: 0.9227389693260193
Train - example: 216 loss: 0.9626742601394653
Train - example: 217 loss: 1.0312342643737793
Train - example: 218 loss: 0.9390543103218079
Train - example: 219 loss: 0.8817041516304016
Train - example: 220 loss: 1.0006335973739624
Train - example: 221 loss: 1.0441324710845947
Train - example: 222 loss: 0.926194429397583
Train - example: 223 loss: 0.988213300704956
Train - example: 224 loss: 0.9728911519050598
Train - example: 225 loss: 1.0371981859207153
Train - example: 226 loss: 1.029388666152954
Train - example: 227 loss: 0.9506305456161499
Train - example: 228 loss: 0.9443773031234741
Train - example: 229 loss: 0.9757725596427917
Train - example: 230 loss: 0.9675434231758118
Train - example: 231 loss: 0.9905338883399963
Train - example: 232 loss: 0.969316303730011
Train - example: 233 loss: 0.9627993702888489
Train - example: 234 loss: 0.9666484594345093
Train - example: 235 loss: 0.9590189456939697
Train - example: 236 loss: 0.9701420664787292
Train - example: 237 loss: 0.9890812039375305
Train - example: 238 loss: 1.004056692123413
Train - example: 239 loss: 1.0062522888183594
Train - example: 240 loss: 1.0338541269302368
Train - example: 241 loss: 0.9373815059661865
Train - example: 242 loss: 1.0060962438583374
Train - example: 243 loss: 0.9492467641830444
Train - example: 244 loss: 1.0170520544052124
Train - example: 245 loss: 1.0388175249099731
Train - example: 246 loss: 0.9976932406425476
Train - example: 247 loss: 0.9678918719291687
Train - example: 248 loss: 1.0046268701553345
Train - example: 249 loss: 0.9861114621162415
Train - example: 250 loss: 0.9672325849533081
Train - example: 251 loss: 0.8965285420417786
Train - example: 252 loss: 1.0429162979125977
Train - example: 253 loss: 0.905709445476532
Train - example: 254 loss: 0.9844902753829956
Train - example: 255 loss: 0.9490911364555359
Train - example: 256 loss: 0.9054179191589355
Train - example: 257 loss: 0.9838430285453796
Train - example: 258 loss: 0.9962724447250366
Train - example: 259 loss: 0.9597592353820801
Train - example: 260 loss: 0.9860686659812927
Train - example: 261 loss: 1.0262994766235352
Train - example: 262 loss: 1.0308090448379517
Train - example: 263 loss: 0.949820339679718
Train - example: 264 loss: 1.0289679765701294
Train - example: 265 loss: 0.9792670607566833
Train - example: 266 loss: 0.9696004986763
Train - example: 267 loss: 0.9736473560333252
Train - example: 268 loss: 1.0144656896591187
Train - example: 269 loss: 0.9605562686920166
Train - example: 270 loss: 0.9437046647071838
Train - example: 271 loss: 0.9951373934745789
Train - example: 272 loss: 0.9875286817550659
Train - example: 273 loss: 0.9586300849914551
Train - example: 274 loss: 0.9400262236595154
Train - example: 275 loss: 0.9659592509269714
Train - example: 276 loss: 0.9916460514068604
Train - example: 277 loss: 1.0339399576187134
Train - example: 278 loss: 0.9440007209777832
Train - example: 279 loss: 1.0059517621994019
Train - example: 280 loss: 1.037703037261963
Train - example: 281 loss: 0.9411875009536743
Train - example: 282 loss: 1.028615951538086
Train - example: 283 loss: 1.082816243171692
Train - example: 284 loss: 0.922607421875
Train - example: 285 loss: 0.9672000408172607
Train - example: 286 loss: 1.0073527097702026
Train - example: 287 loss: 1.0079810619354248
Train - example: 288 loss: 0.9671897292137146
Train - example: 289 loss: 1.045756459236145
Train - example: 290 loss: 0.9484471678733826
Train - example: 291 loss: 1.0337377786636353
Train - example: 292 loss: 0.943818986415863
Train - example: 293 loss: 0.9689314961433411
Train - example: 294 loss: 0.9734990000724792
Train - example: 295 loss: 0.9775208234786987
Train - example: 296 loss: 1.0171648263931274
Train - example: 297 loss: 1.007723093032837
Train - example: 298 loss: 0.9680649638175964
Train - example: 299 loss: 1.018477439880371
Train - example: 300 loss: 0.9094745516777039
Train - example: 301 loss: 0.9728277325630188
Train - example: 302 loss: 1.0217937231063843
Train - example: 303 loss: 1.0241217613220215
Train - example: 304 loss: 1.0067288875579834
Train - example: 305 loss: 0.9563693404197693
Train - example: 306 loss: 0.9355928301811218
Train - example: 307 loss: 0.9646207690238953
Train - example: 308 loss: 0.9447216987609863
Train - example: 309 loss: 0.9255959391593933
Train - example: 310 loss: 0.9925360679626465
Train - example: 311 loss: 0.9532175660133362
Train - example: 312 loss: 0.9304212331771851
Train - example: 313 loss: 1.023766279220581
Train - example: 314 loss: 0.9498149156570435
Train - example: 315 loss: 0.9015309810638428
Train - example: 316 loss: 0.9463655352592468
Train - example: 317 loss: 0.9502731561660767
Train - example: 318 loss: 1.0141324996948242
Train - example: 319 loss: 0.9802599549293518
Train - example: 320 loss: 0.9997796416282654
Train - example: 321 loss: 0.9268667101860046
Train - example: 322 loss: 0.8723697662353516
Train - example: 323 loss: 1.0360480546951294
Train - example: 324 loss: 0.9782957434654236
Train - example: 325 loss: 0.9696550965309143
Train - example: 326 loss: 0.9682776927947998
Train - example: 327 loss: 0.9454430937767029
Train - example: 328 loss: 0.9480283260345459
Train - example: 329 loss: 0.9839630126953125
Train - example: 330 loss: 0.9989670515060425
Train - example: 331 loss: 0.9096065759658813
Train - example: 332 loss: 0.9989153146743774
Train - example: 333 loss: 1.0292009115219116
Train - example: 334 loss: 0.9851476550102234
Train - example: 335 loss: 1.0271164178848267
Train - example: 336 loss: 0.9008419513702393
Train - example: 337 loss: 0.9340494275093079
Train - example: 338 loss: 0.9020002484321594
Train - example: 339 loss: 1.047980785369873
Train - example: 340 loss: 0.9507309794425964
Train - example: 341 loss: 1.0064131021499634
Train - example: 342 loss: 1.0105197429656982
Train - example: 343 loss: 1.0196292400360107
Train - example: 344 loss: 0.9491387009620667
Train - example: 345 loss: 0.9418771862983704
Train - example: 346 loss: 0.8865437507629395
Train - example: 347 loss: 0.912655770778656
Train - example: 348 loss: 0.9632601141929626
Train - example: 349 loss: 1.0029503107070923
Train - example: 350 loss: 0.9637255072593689
Train - example: 351 loss: 0.997226893901825
Train - example: 352 loss: 1.008243203163147
Train - example: 353 loss: 1.039918303489685
Train - example: 354 loss: 0.9271507263183594
Train - example: 355 loss: 1.0127079486846924
Train - example: 356 loss: 0.9886817336082458
Train - example: 357 loss: 0.9342572093009949
Train - example: 358 loss: 1.0031776428222656
Train - example: 359 loss: 1.0586650371551514
Train - example: 360 loss: 0.9988885521888733
Train - example: 361 loss: 0.9791573286056519
Train - example: 362 loss: 0.8929214477539062
Train - example: 363 loss: 1.039414882659912
Train - example: 364 loss: 0.9202704429626465
Train - example: 365 loss: 0.9519776701927185
Train - example: 366 loss: 1.0161420106887817
Train - example: 367 loss: 0.9674382209777832
Train - example: 368 loss: 0.9667614698410034
Train - example: 369 loss: 1.0389584302902222
Train - example: 370 loss: 0.9697237610816956
Train - example: 371 loss: 0.9560336470603943
Train - example: 372 loss: 1.0359586477279663
Train - example: 373 loss: 1.0075881481170654
Train - example: 374 loss: 0.9511906504631042
Train - example: 375 loss: 0.8885818719863892
Train - example: 376 loss: 0.9086595773696899
Train - example: 377 loss: 1.0508006811141968
Train - example: 378 loss: 0.979743480682373
Train - example: 379 loss: 0.9918515086174011
Train - example: 380 loss: 0.9966341257095337
Train - example: 381 loss: 0.8909593820571899
Train - example: 382 loss: 1.0052289962768555
Train - example: 383 loss: 1.0254441499710083
Train - example: 384 loss: 0.9541837573051453
Train - example: 385 loss: 0.9456252455711365
Train - example: 386 loss: 1.0162826776504517
Train - example: 387 loss: 1.0117406845092773
Train - example: 388 loss: 0.8893674612045288
Train - example: 389 loss: 0.9333816766738892
Train - example: 390 loss: 1.013625144958496
Train - example: 391 loss: 1.024935245513916
Train - example: 392 loss: 1.0366686582565308
Train - example: 393 loss: 1.0021895170211792
Train - example: 394 loss: 0.9620039463043213
Train - example: 395 loss: 0.9758526682853699
Train - example: 396 loss: 0.9804980754852295
Train - example: 397 loss: 1.010493278503418
Train - example: 398 loss: 1.0581796169281006
Train - example: 399 loss: 1.0484459400177002
Train - example: 400 loss: 0.9496551752090454
Train - example: 401 loss: 1.02039635181427
Train - example: 402 loss: 0.9148855805397034
Train - example: 403 loss: 0.9826750159263611
Train - example: 404 loss: 0.9635103344917297
Train - example: 405 loss: 1.0050570964813232
Train - example: 406 loss: 1.004601001739502
Train - example: 407 loss: 0.9773783087730408
Train - example: 408 loss: 1.0869264602661133
Train - example: 409 loss: 0.9347288012504578
Train - example: 410 loss: 1.0117783546447754
Train - example: 411 loss: 0.9126264452934265
Train - example: 412 loss: 0.9994165897369385
Train - example: 413 loss: 1.0304604768753052
Train - example: 414 loss: 1.0303325653076172
Train - example: 415 loss: 1.0211665630340576
Train - example: 416 loss: 0.9660024046897888
Train - example: 417 loss: 1.016816258430481
Train - example: 418 loss: 0.9989920258522034
Train - example: 419 loss: 0.920163094997406
Train - example: 420 loss: 1.0171304941177368
Train - example: 421 loss: 0.9649410843849182
Train - example: 422 loss: 0.9287204146385193
Train - example: 423 loss: 0.9484837055206299
Train - example: 424 loss: 0.994823694229126
Train - example: 425 loss: 0.9711132645606995
Train - example: 426 loss: 0.9632748365402222
Train - example: 427 loss: 0.9882727861404419
Train - example: 428 loss: 0.9123256802558899
Train - example: 429 loss: 0.9945809841156006
Train - example: 430 loss: 0.9784387350082397
Train - example: 431 loss: 1.049239993095398
Train - example: 432 loss: 1.0419378280639648
Train - example: 433 loss: 0.9248111248016357
Train - example: 434 loss: 0.9654384851455688
Train - example: 435 loss: 0.9404531121253967
Train - example: 436 loss: 0.9782020449638367
Train - example: 437 loss: 0.9498500823974609
Train - example: 438 loss: 0.8821957111358643
Train - example: 439 loss: 0.967384934425354
Train - example: 440 loss: 0.9489661455154419
Train - example: 441 loss: 1.0870890617370605
Train - example: 442 loss: 0.9897322654724121
Train - example: 443 loss: 0.9776480197906494
Train - example: 444 loss: 0.9669737815856934
Train - example: 445 loss: 0.9671043157577515
Train - example: 446 loss: 0.9571105241775513
Train - example: 447 loss: 0.9958351254463196
Train - example: 448 loss: 0.9791395664215088
Train - example: 449 loss: 1.002038836479187
Train - example: 450 loss: 1.0026617050170898
Train - example: 451 loss: 1.023055076599121
Train - example: 452 loss: 0.9226115942001343
Train - example: 453 loss: 0.952868640422821
Train - example: 454 loss: 1.0228955745697021
Train - example: 455 loss: 0.9866279363632202
Train - example: 456 loss: 0.9791554808616638
Train - example: 457 loss: 0.9857912659645081
Train - example: 458 loss: 0.9159982800483704
Train - example: 459 loss: 0.9781830310821533
Train - example: 460 loss: 1.005826473236084
Train - example: 461 loss: 0.971892237663269
Train - example: 462 loss: 1.0046440362930298
Train - example: 463 loss: 0.9398618936538696
Train - example: 464 loss: 1.0400094985961914
Train - example: 465 loss: 0.9773721098899841
Train - example: 466 loss: 0.9946330189704895
Train - example: 467 loss: 0.9700592160224915
Train - example: 468 loss: 0.967449963092804
Train - example: 469 loss: 0.9067232012748718
Train - example: 470 loss: 0.9793851971626282
Train - example: 471 loss: 0.9881929755210876
Train - example: 472 loss: 1.044783592224121
Train - example: 473 loss: 1.0516536235809326
Train - example: 474 loss: 0.9830485582351685
Train - example: 475 loss: 0.9173020720481873
Train - example: 0 loss: 1.088732123374939
Train - example: 1 loss: 0.9519452452659607
Train - example: 2 loss: 0.8993028402328491
Train - example: 3 loss: 0.9778453707695007
Train - example: 4 loss: 1.049482822418213
Train - example: 5 loss: 0.9501502513885498
Train - example: 6 loss: 0.9474613070487976
Train - example: 7 loss: 0.9654744863510132
Train - example: 8 loss: 1.0666581392288208
Train - example: 9 loss: 0.9789943695068359
Train - example: 10 loss: 0.9393021464347839
Train - example: 11 loss: 1.0649313926696777
Train - example: 12 loss: 0.9670818448066711
Train - example: 13 loss: 1.0231611728668213
Train - example: 14 loss: 1.0365614891052246
Train - example: 15 loss: 0.9434633851051331
Train - example: 16 loss: 0.9777619242668152
Train - example: 17 loss: 1.0244327783584595
Train - example: 18 loss: 0.9799737334251404
Train - example: 19 loss: 1.0043870210647583
Train - example: 20 loss: 1.0197765827178955
Train - example: 21 loss: 0.9653300642967224
Train - example: 22 loss: 0.9546745419502258
Train - example: 23 loss: 1.0403540134429932
Train - example: 24 loss: 1.0211392641067505
Train - example: 25 loss: 1.0314334630966187
Train - example: 26 loss: 0.9975630044937134
Train - example: 27 loss: 0.9449970722198486
Train - example: 28 loss: 0.9819684028625488
Train - example: 29 loss: 0.9672048687934875
Train - example: 30 loss: 0.9971494078636169
Train - example: 31 loss: 1.0344758033752441
Train - example: 32 loss: 1.005591869354248
Train - example: 33 loss: 0.9745813012123108
Train - example: 34 loss: 1.0135774612426758
Train - example: 35 loss: 0.9292542934417725
Train - example: 36 loss: 1.0208520889282227
Train - example: 37 loss: 0.981640636920929
Train - example: 38 loss: 0.947414219379425
Train - example: 39 loss: 0.9747137427330017
Train - example: 40 loss: 1.070623517036438
Train - example: 41 loss: 1.05906081199646
Train - example: 42 loss: 0.952760636806488
Train - example: 43 loss: 1.0053379535675049
Train - example: 44 loss: 0.9698916673660278
Train - example: 45 loss: 1.0043622255325317
Train - example: 46 loss: 0.9631205201148987
Train - example: 47 loss: 0.9590575695037842
Train - example: 48 loss: 1.038724422454834
Train - example: 49 loss: 0.9297348260879517
Train - example: 50 loss: 1.0657565593719482
Train - example: 51 loss: 0.962129533290863
Train - example: 52 loss: 0.9795622825622559
Train - example: 53 loss: 0.9195998311042786
Train - example: 54 loss: 0.9419124722480774
Train - example: 55 loss: 1.0813356637954712
Train - example: 56 loss: 0.9536426663398743
Train - example: 57 loss: 1.0185703039169312
Train - example: 58 loss: 0.9985823035240173
Train - example: 59 loss: 0.9344375133514404
Train - example: 60 loss: 0.9981353878974915
Train - example: 61 loss: 0.9606231451034546
Train - example: 62 loss: 1.030373454093933
Train - example: 63 loss: 1.0223679542541504
Train - example: 64 loss: 0.949806272983551
Train - example: 65 loss: 0.9747269153594971
Train - example: 66 loss: 1.0000934600830078
Train - example: 67 loss: 0.9939605593681335
Train - example: 68 loss: 0.923302173614502
Train - example: 69 loss: 0.9703074097633362
Train - example: 70 loss: 0.9658217430114746
Train - example: 71 loss: 1.0120551586151123
Valid - iter: 3.0 loss: 0.9962435184406633
Iteration: 1500  Train Loss: 1.0120551586151123  Test Accuracy: 50.26068115234375 %
Model 1500 was saved.
Train - example: 72 loss: 1.001984715461731
Train - example: 73 loss: 0.9908493757247925
Train - example: 74 loss: 0.9145413041114807
Train - example: 75 loss: 0.9641650915145874
Train - example: 76 loss: 0.9451064467430115
Train - example: 77 loss: 0.9626675248146057
Train - example: 78 loss: 0.8862630724906921
Train - example: 79 loss: 0.9669666886329651
Train - example: 80 loss: 0.9783234596252441
Train - example: 81 loss: 0.9804646372795105
Train - example: 82 loss: 0.9212436676025391
Train - example: 83 loss: 0.9293556213378906
Train - example: 84 loss: 0.9896378517150879
Train - example: 85 loss: 0.9614127278327942
Train - example: 86 loss: 1.0247581005096436
Train - example: 87 loss: 0.9978722333908081
Train - example: 88 loss: 0.9854339361190796
Train - example: 89 loss: 0.939006507396698
Train - example: 90 loss: 0.9440833926200867
Train - example: 91 loss: 1.054187297821045
Train - example: 92 loss: 1.019909381866455
Train - example: 93 loss: 0.9677563309669495
Train - example: 94 loss: 0.9548925161361694
Train - example: 95 loss: 0.9978089928627014
Train - example: 96 loss: 0.9635136127471924
Train - example: 97 loss: 1.0090627670288086
Train - example: 98 loss: 0.971160352230072
Train - example: 99 loss: 0.9485078454017639
Train - example: 100 loss: 0.9961690306663513
Train - example: 101 loss: 0.9157888889312744
Train - example: 102 loss: 1.0680022239685059
Train - example: 103 loss: 0.9998539686203003
Train - example: 104 loss: 1.0042394399642944
Train - example: 105 loss: 1.0402517318725586
Train - example: 106 loss: 1.0008498430252075
Train - example: 107 loss: 0.9495383501052856
Train - example: 108 loss: 0.9670267701148987
Train - example: 109 loss: 0.9448980093002319
Train - example: 110 loss: 0.9616785645484924
Train - example: 111 loss: 0.9745420217514038
Train - example: 112 loss: 0.9834387898445129
Train - example: 113 loss: 0.9945919513702393
Train - example: 114 loss: 0.9877874851226807
Train - example: 115 loss: 0.8871066570281982
Train - example: 116 loss: 1.0536826848983765
Train - example: 117 loss: 0.9889673590660095
Train - example: 118 loss: 0.9183197617530823
Train - example: 119 loss: 1.0814521312713623
Train - example: 120 loss: 1.0244871377944946
Train - example: 121 loss: 1.0061850547790527
Train - example: 122 loss: 1.0154237747192383
Train - example: 123 loss: 0.9839316010475159
Train - example: 124 loss: 1.0547715425491333
Train - example: 125 loss: 0.9871937036514282
Train - example: 126 loss: 0.9235584139823914
Train - example: 127 loss: 0.9978355169296265
Train - example: 128 loss: 0.9541520476341248
Train - example: 129 loss: 0.9464375972747803
Train - example: 130 loss: 0.9710164070129395
Train - example: 131 loss: 0.9622178077697754
Train - example: 132 loss: 0.9450950026512146
Train - example: 133 loss: 1.0374237298965454
Train - example: 134 loss: 1.0004692077636719
Train - example: 135 loss: 0.9411264061927795
Train - example: 136 loss: 1.027349591255188
Train - example: 137 loss: 0.8932044506072998
Train - example: 138 loss: 0.9452232122421265
Train - example: 139 loss: 0.904228925704956
Train - example: 140 loss: 0.9424821734428406
Train - example: 141 loss: 1.007844090461731
Train - example: 142 loss: 1.0247881412506104
Train - example: 143 loss: 0.9548585414886475
Train - example: 144 loss: 0.9226899743080139
Train - example: 145 loss: 0.8674637079238892
Train - example: 146 loss: 0.9850965142250061
Train - example: 147 loss: 0.9703695178031921
Train - example: 148 loss: 1.0353118181228638
Train - example: 149 loss: 1.083907127380371
Train - example: 150 loss: 1.013462781906128
Train - example: 151 loss: 1.005454182624817
Train - example: 152 loss: 1.03501558303833
Train - example: 153 loss: 0.9704770445823669
Train - example: 154 loss: 1.017249345779419
Train - example: 155 loss: 0.932070255279541
Train - example: 156 loss: 1.0464621782302856
Train - example: 157 loss: 0.9730936288833618
Train - example: 158 loss: 1.012821078300476
Train - example: 159 loss: 1.0070443153381348
Train - example: 160 loss: 1.0239900350570679
Train - example: 161 loss: 1.0587698221206665
Train - example: 162 loss: 0.9953946471214294
Train - example: 163 loss: 1.0407443046569824
Train - example: 164 loss: 1.0720851421356201
Train - example: 165 loss: 0.9862082004547119
Train - example: 166 loss: 1.0175251960754395
Train - example: 167 loss: 1.0122801065444946
Train - example: 168 loss: 1.0051031112670898
Train - example: 169 loss: 0.9733690023422241
Train - example: 170 loss: 0.9360359311103821
Train - example: 171 loss: 0.9279133677482605
Train - example: 172 loss: 0.8969511985778809
Train - example: 173 loss: 1.0346547365188599
Train - example: 174 loss: 0.9380136132240295
Train - example: 175 loss: 0.9623978137969971
Train - example: 176 loss: 1.0215778350830078
Train - example: 177 loss: 0.9050372242927551
Train - example: 178 loss: 1.0124741792678833
Train - example: 179 loss: 0.9603530764579773
Train - example: 180 loss: 0.9792677164077759
Train - example: 181 loss: 1.010084629058838
Train - example: 182 loss: 0.9395762085914612
Train - example: 183 loss: 0.9881103038787842
Train - example: 184 loss: 0.9746582508087158
Train - example: 185 loss: 0.9823632836341858
Train - example: 186 loss: 1.0239421129226685
Train - example: 187 loss: 0.9569217562675476
Train - example: 188 loss: 0.8451323509216309
Train - example: 189 loss: 0.9949867129325867
Train - example: 190 loss: 0.9930976033210754
Train - example: 191 loss: 0.9809126853942871
Train - example: 192 loss: 1.0168187618255615
Train - example: 193 loss: 1.0166186094284058
Train - example: 194 loss: 0.9349954724311829
Train - example: 195 loss: 1.022611141204834
Train - example: 196 loss: 1.0116435289382935
Train - example: 197 loss: 0.9821959137916565
Train - example: 198 loss: 0.9443222284317017
Train - example: 199 loss: 0.9560714960098267
Train - example: 200 loss: 0.9657745957374573
Train - example: 201 loss: 0.9871683716773987
Train - example: 202 loss: 0.8858373165130615
Train - example: 203 loss: 0.9607157111167908
Train - example: 204 loss: 0.9378018379211426
Train - example: 205 loss: 1.018418312072754
Train - example: 206 loss: 0.9622740745544434
Train - example: 207 loss: 1.0319740772247314
Train - example: 208 loss: 1.0105701684951782
Train - example: 209 loss: 0.965247392654419
Train - example: 210 loss: 0.9537639021873474
Train - example: 211 loss: 0.9269485473632812
Train - example: 212 loss: 1.0043399333953857
Train - example: 213 loss: 0.9813328385353088
Train - example: 214 loss: 0.9890523552894592
Train - example: 215 loss: 1.038104772567749
Train - example: 216 loss: 0.9576606154441833
Train - example: 217 loss: 0.9714944958686829
Train - example: 218 loss: 0.9717892408370972
Train - example: 219 loss: 0.9812625050544739
Train - example: 220 loss: 0.9668673872947693
Train - example: 221 loss: 0.9178978204727173
Train - example: 222 loss: 0.9935528039932251
Train - example: 223 loss: 0.9804965257644653
Train - example: 224 loss: 0.9688131809234619
Train - example: 225 loss: 1.0173182487487793
Train - example: 226 loss: 0.9447674751281738
Train - example: 227 loss: 0.9757357835769653
Train - example: 228 loss: 1.0058503150939941
Train - example: 229 loss: 1.0035334825515747
Train - example: 230 loss: 0.9719653129577637
Train - example: 231 loss: 1.0585911273956299
Train - example: 232 loss: 0.8982871770858765
Train - example: 233 loss: 1.0332034826278687
Train - example: 234 loss: 0.8764283657073975
Train - example: 235 loss: 0.9516838788986206
Train - example: 236 loss: 0.9933825731277466
Train - example: 237 loss: 0.9741835594177246
Train - example: 238 loss: 0.9990283250808716
Train - example: 239 loss: 0.9553121328353882
Train - example: 240 loss: 0.9626104831695557
Train - example: 241 loss: 1.0219080448150635
Train - example: 242 loss: 0.8889024257659912
Train - example: 243 loss: 0.990476131439209
Train - example: 244 loss: 0.9886547327041626
Train - example: 245 loss: 1.029262900352478
Train - example: 246 loss: 0.9343584179878235
Train - example: 247 loss: 0.9846305251121521
Train - example: 248 loss: 1.0035356283187866
Train - example: 249 loss: 1.0246577262878418
Train - example: 250 loss: 0.9031990766525269
Train - example: 251 loss: 1.0319573879241943
Train - example: 252 loss: 0.973070502281189
Train - example: 253 loss: 0.9056301116943359
Train - example: 254 loss: 1.0243998765945435
Train - example: 255 loss: 0.921599805355072
Train - example: 256 loss: 0.9808695316314697
Train - example: 257 loss: 0.9554849863052368
Train - example: 258 loss: 1.002538800239563
Train - example: 259 loss: 0.8444473743438721
Train - example: 260 loss: 0.9817109107971191
Train - example: 261 loss: 0.9474742412567139
Train - example: 262 loss: 0.9841223955154419
Train - example: 263 loss: 0.9531397223472595
Train - example: 264 loss: 0.9652540683746338
Train - example: 265 loss: 0.9861721992492676
Train - example: 266 loss: 0.9657126665115356
Train - example: 267 loss: 0.9626086354255676
Train - example: 268 loss: 0.9438741207122803
Train - example: 269 loss: 0.9758087992668152
Train - example: 270 loss: 0.9135847687721252
Train - example: 271 loss: 1.05743408203125
Train - example: 272 loss: 0.9110400676727295
Train - example: 273 loss: 0.8981510996818542
Train - example: 274 loss: 0.9530283212661743
Train - example: 275 loss: 1.067694067955017
Train - example: 276 loss: 1.0151984691619873
Train - example: 277 loss: 1.0527362823486328
Train - example: 278 loss: 0.9598415493965149
Train - example: 279 loss: 0.906819760799408
Train - example: 280 loss: 0.9855301380157471
Train - example: 281 loss: 0.9776633381843567
Train - example: 282 loss: 0.929522693157196
Train - example: 283 loss: 1.0180622339248657
Train - example: 284 loss: 1.0248790979385376
Train - example: 285 loss: 0.9082593321800232
Train - example: 286 loss: 0.9666663408279419
Train - example: 287 loss: 1.0369013547897339
Train - example: 288 loss: 0.9619268178939819
Train - example: 289 loss: 0.9502657055854797
Train - example: 290 loss: 1.1228832006454468
Train - example: 291 loss: 1.0136784315109253
Train - example: 292 loss: 0.9639476537704468
Train - example: 293 loss: 0.9516246318817139
Train - example: 294 loss: 1.0079368352890015
Train - example: 295 loss: 1.040466547012329
Train - example: 296 loss: 1.0142673254013062
Train - example: 297 loss: 0.9418043494224548
Train - example: 298 loss: 0.987832248210907
Train - example: 299 loss: 0.9291540384292603
Train - example: 300 loss: 0.9991239309310913
Train - example: 301 loss: 1.0137288570404053
Train - example: 302 loss: 0.8551463484764099
Train - example: 303 loss: 1.0106884241104126
Train - example: 304 loss: 0.9196902513504028
Train - example: 305 loss: 0.9676064848899841
Train - example: 306 loss: 0.8880408406257629
Train - example: 307 loss: 0.8700243234634399
Train - example: 308 loss: 0.9992547631263733
Train - example: 309 loss: 0.9319988489151001
Train - example: 310 loss: 0.9974815845489502
Train - example: 311 loss: 0.9067266583442688
Train - example: 312 loss: 0.9751383066177368
Train - example: 313 loss: 0.9500102400779724
Train - example: 314 loss: 0.974734365940094
Train - example: 315 loss: 0.9402250051498413
Train - example: 316 loss: 1.0304492712020874
Train - example: 317 loss: 0.9709146022796631
Train - example: 318 loss: 0.9282446503639221
Train - example: 319 loss: 0.9369243383407593
Train - example: 320 loss: 0.9968106150627136
Train - example: 321 loss: 0.9364296197891235
Train - example: 322 loss: 0.9349836111068726
Train - example: 323 loss: 1.0277775526046753
Train - example: 324 loss: 0.9995326399803162
Train - example: 325 loss: 0.9603342413902283
Train - example: 326 loss: 0.9691881537437439
Train - example: 327 loss: 0.9729166626930237
Train - example: 328 loss: 0.9424816370010376
Train - example: 329 loss: 0.9943506121635437
Train - example: 330 loss: 1.0571315288543701
Train - example: 331 loss: 0.9866411089897156
Train - example: 332 loss: 0.873836874961853
Train - example: 333 loss: 0.9200744032859802
Train - example: 334 loss: 1.02009916305542
Train - example: 335 loss: 0.9672661423683167
Train - example: 336 loss: 0.8882815837860107
Train - example: 337 loss: 1.0381332635879517
Train - example: 338 loss: 1.007033348083496
Train - example: 339 loss: 1.0358028411865234
Train - example: 340 loss: 1.0185109376907349
Train - example: 341 loss: 0.9871551394462585
Train - example: 342 loss: 0.9252978563308716
Train - example: 343 loss: 1.0400440692901611
Train - example: 344 loss: 0.9876211285591125
Train - example: 345 loss: 1.015413761138916
Train - example: 346 loss: 0.9640787243843079
Train - example: 347 loss: 0.9484931230545044
Train - example: 348 loss: 0.9638338685035706
Train - example: 349 loss: 0.9763995409011841
Train - example: 350 loss: 1.0032711029052734
Train - example: 351 loss: 0.9468656778335571
Train - example: 352 loss: 0.9534851908683777
Train - example: 353 loss: 0.988614559173584
Train - example: 354 loss: 0.9805482625961304
Train - example: 355 loss: 0.9448599219322205
Train - example: 356 loss: 0.9552276134490967
Train - example: 357 loss: 0.99628084897995
Train - example: 358 loss: 0.9568195343017578
Train - example: 359 loss: 0.9849224090576172
Train - example: 360 loss: 0.9733766913414001
Train - example: 361 loss: 1.0164200067520142
Train - example: 362 loss: 0.9225192070007324
Train - example: 363 loss: 0.9884623885154724
Train - example: 364 loss: 0.9735028743743896
Train - example: 365 loss: 0.9612639546394348
Train - example: 366 loss: 1.0109821557998657
Train - example: 367 loss: 0.9616450667381287
Train - example: 368 loss: 0.8971420526504517
Train - example: 369 loss: 0.9569975137710571
Train - example: 370 loss: 0.9433334469795227
Train - example: 371 loss: 0.9174860119819641
Train - example: 372 loss: 0.976457953453064
Train - example: 373 loss: 1.027231216430664
Train - example: 374 loss: 1.026669979095459
Train - example: 375 loss: 1.0036722421646118
Train - example: 376 loss: 0.9559478163719177
Train - example: 377 loss: 0.9223673939704895
Train - example: 378 loss: 0.9393957257270813
Train - example: 379 loss: 0.962846040725708
Train - example: 380 loss: 0.9228917956352234
Train - example: 381 loss: 0.9469994902610779
Train - example: 382 loss: 0.9191799163818359
Train - example: 383 loss: 0.9788553714752197
Train - example: 384 loss: 0.9905834197998047
Train - example: 385 loss: 0.9360620975494385
Train - example: 386 loss: 0.9449169039726257
Train - example: 387 loss: 1.0295329093933105
Train - example: 388 loss: 0.9426898956298828
Train - example: 389 loss: 1.033689260482788
Train - example: 390 loss: 0.9886265397071838
Train - example: 391 loss: 0.9968813061714172
Train - example: 392 loss: 1.066388726234436
Train - example: 393 loss: 1.0285332202911377
Train - example: 394 loss: 0.9638357758522034
Train - example: 395 loss: 0.9967177510261536
Train - example: 396 loss: 0.9409950375556946
Train - example: 397 loss: 0.9649347066879272
Train - example: 398 loss: 0.9408454298973083
Train - example: 399 loss: 0.9436551928520203
Train - example: 400 loss: 1.0060269832611084
Train - example: 401 loss: 1.0324305295944214
Train - example: 402 loss: 0.9994714260101318
Train - example: 403 loss: 0.9168756604194641
Train - example: 404 loss: 0.9946981072425842
Train - example: 405 loss: 0.9964346885681152
Train - example: 406 loss: 1.0036298036575317
Train - example: 407 loss: 0.973294198513031
Train - example: 408 loss: 0.9837768077850342
Train - example: 409 loss: 0.8752635717391968
Train - example: 410 loss: 1.1031724214553833
Train - example: 411 loss: 0.942219078540802
Train - example: 412 loss: 0.9294537901878357
Train - example: 413 loss: 0.970542848110199
Train - example: 414 loss: 0.9311310052871704
Train - example: 415 loss: 0.9870073795318604
Train - example: 416 loss: 0.9959585070610046
Train - example: 417 loss: 0.9545958638191223
Train - example: 418 loss: 0.9806638360023499
Train - example: 419 loss: 0.9855453372001648
Train - example: 420 loss: 0.9813475012779236
Train - example: 421 loss: 0.9759731888771057
Train - example: 422 loss: 0.9501989483833313
Train - example: 423 loss: 0.9138091206550598
Train - example: 424 loss: 0.9146435260772705
Train - example: 425 loss: 0.9914867877960205
Train - example: 426 loss: 0.9581418633460999
Train - example: 427 loss: 0.9677487015724182
Train - example: 428 loss: 0.9096505045890808
Train - example: 429 loss: 0.9546448588371277
Train - example: 430 loss: 0.8912819027900696
Train - example: 431 loss: 1.0062062740325928
Train - example: 432 loss: 0.9642128944396973
Train - example: 433 loss: 1.013506531715393
Train - example: 434 loss: 0.9942604899406433
Train - example: 435 loss: 1.0018460750579834
Train - example: 436 loss: 0.9829102158546448
Train - example: 437 loss: 1.0171219110488892
Train - example: 438 loss: 0.9997654557228088
Train - example: 439 loss: 0.9427781105041504
Train - example: 440 loss: 0.9594888091087341
Train - example: 441 loss: 0.9167870283126831
Train - example: 442 loss: 0.9672672748565674
Train - example: 443 loss: 0.9865657687187195
Train - example: 444 loss: 0.985049307346344
Train - example: 445 loss: 1.011379361152649
Train - example: 446 loss: 0.9448349475860596
Train - example: 447 loss: 0.9817382097244263
Train - example: 448 loss: 0.8982358574867249
Train - example: 449 loss: 1.0312013626098633
Train - example: 450 loss: 0.8883591294288635
Train - example: 451 loss: 0.9310649037361145
Train - example: 452 loss: 1.0239973068237305
Train - example: 453 loss: 0.9483557939529419
Train - example: 454 loss: 0.9626362323760986
Train - example: 455 loss: 1.000542402267456
Train - example: 456 loss: 0.9601837992668152
Train - example: 457 loss: 1.0045504570007324
Train - example: 458 loss: 0.949596643447876
Train - example: 459 loss: 0.9521064162254333
Train - example: 460 loss: 0.9033263325691223
Train - example: 461 loss: 0.9530303478240967
Train - example: 462 loss: 0.8909445405006409
Train - example: 463 loss: 0.9143412709236145
Train - example: 464 loss: 0.9833566546440125
Train - example: 465 loss: 1.1166599988937378
Train - example: 466 loss: 0.9703627228736877
Train - example: 467 loss: 1.0210659503936768
Train - example: 468 loss: 0.9085800647735596
Train - example: 469 loss: 0.9428825378417969
Train - example: 470 loss: 0.9337252974510193
Train - example: 471 loss: 1.0221433639526367
Train - example: 472 loss: 0.9941734075546265
Train - example: 473 loss: 1.068407654762268
Train - example: 474 loss: 0.9292196035385132
Train - example: 475 loss: 0.9737982749938965
Train - example: 0 loss: 0.8959882855415344
Train - example: 1 loss: 0.9102104902267456
Train - example: 2 loss: 0.9426864385604858
Train - example: 3 loss: 0.9725830554962158
Train - example: 4 loss: 1.0122321844100952
Train - example: 5 loss: 1.043643593788147
Train - example: 6 loss: 1.0694007873535156
Train - example: 7 loss: 0.9998604655265808
Train - example: 8 loss: 0.9679872989654541
Train - example: 9 loss: 0.8913353085517883
Train - example: 10 loss: 0.946814775466919
Train - example: 11 loss: 0.951305091381073
Train - example: 12 loss: 1.0540183782577515
Train - example: 13 loss: 0.9651971459388733
Train - example: 14 loss: 0.9226667881011963
Train - example: 15 loss: 0.9299687147140503
Train - example: 16 loss: 0.9347419738769531
Train - example: 17 loss: 0.9157744646072388
Train - example: 18 loss: 0.9829087853431702
Train - example: 19 loss: 0.9885292053222656
Train - example: 20 loss: 1.031976580619812
Train - example: 21 loss: 0.9340634346008301
Train - example: 22 loss: 0.9858325719833374
Train - example: 23 loss: 1.0253913402557373
Train - example: 24 loss: 0.9518615007400513
Train - example: 25 loss: 0.9976995587348938
Train - example: 26 loss: 0.9663900136947632
Train - example: 27 loss: 0.9622673988342285
Train - example: 28 loss: 1.023180365562439
Train - example: 29 loss: 0.9563132524490356
Train - example: 30 loss: 0.9225009679794312
Train - example: 31 loss: 1.016513705253601
Train - example: 32 loss: 1.007789969444275
Train - example: 33 loss: 1.0032681226730347
Train - example: 34 loss: 0.9562811851501465
Train - example: 35 loss: 0.9859238266944885
Train - example: 36 loss: 0.9252354502677917
Train - example: 37 loss: 0.9659627676010132
Train - example: 38 loss: 1.1013199090957642
Train - example: 39 loss: 1.0051308870315552
Train - example: 40 loss: 1.012119174003601
Train - example: 41 loss: 0.9805089831352234
Train - example: 42 loss: 0.9421705007553101
Train - example: 43 loss: 1.0347312688827515
Train - example: 44 loss: 1.0639698505401611
Train - example: 45 loss: 1.0049412250518799
Train - example: 46 loss: 1.0157297849655151
Train - example: 47 loss: 0.9341057538986206
Train - example: 48 loss: 1.0172107219696045
Train - example: 49 loss: 0.9883196949958801
Train - example: 50 loss: 1.1008564233779907
Train - example: 51 loss: 1.040438175201416
Train - example: 52 loss: 0.9783483147621155
Train - example: 53 loss: 0.9633917808532715
Train - example: 54 loss: 0.9574446082115173
Train - example: 55 loss: 1.0087170600891113
Train - example: 56 loss: 0.9099140763282776
Train - example: 57 loss: 0.9365636706352234
Train - example: 58 loss: 0.9762814044952393
Train - example: 59 loss: 1.0370090007781982
Train - example: 60 loss: 0.985396146774292
Train - example: 61 loss: 0.9106365442276001
Train - example: 62 loss: 1.040415644645691
Train - example: 63 loss: 1.0007351636886597
Train - example: 64 loss: 0.924593985080719
Train - example: 65 loss: 0.999359667301178
Train - example: 66 loss: 1.0125690698623657
Train - example: 67 loss: 0.9992415904998779
Train - example: 68 loss: 0.9683974981307983
Train - example: 69 loss: 1.0069454908370972
Train - example: 70 loss: 1.0190114974975586
Train - example: 71 loss: 0.9696235656738281
Train - example: 72 loss: 0.9224799871444702
Train - example: 73 loss: 0.958738386631012
Train - example: 74 loss: 0.9976164102554321
Train - example: 75 loss: 0.9082009792327881
Train - example: 76 loss: 0.9822639226913452
Train - example: 77 loss: 0.9666702747344971
Train - example: 78 loss: 1.0033599138259888
Train - example: 79 loss: 1.053174614906311
Train - example: 80 loss: 0.9541851878166199
Train - example: 81 loss: 1.034513235092163
Train - example: 82 loss: 0.998134970664978
Train - example: 83 loss: 0.9386579990386963
Train - example: 84 loss: 0.9662179350852966
Train - example: 85 loss: 0.9302581548690796
Train - example: 86 loss: 0.9579980969429016
Train - example: 87 loss: 0.9912029504776001
Train - example: 88 loss: 0.9922125339508057
Train - example: 89 loss: 0.9937273263931274
Train - example: 90 loss: 1.0038764476776123
Train - example: 91 loss: 0.9851107597351074
Train - example: 92 loss: 0.9416750073432922
Train - example: 93 loss: 0.9421434998512268
Train - example: 94 loss: 0.9481672048568726
Train - example: 95 loss: 0.9686338305473328
Valid - iter: 4.0 loss: 0.9810328638854147
Iteration: 2000  Train Loss: 0.9686338305473328  Test Accuracy: 51.50521469116211 %
Model 2000 was saved.
Train - example: 96 loss: 1.020613670349121
Train - example: 97 loss: 0.9772063493728638
Train - example: 98 loss: 1.0361794233322144
Train - example: 99 loss: 0.9725246429443359
Train - example: 100 loss: 1.0469629764556885
Train - example: 101 loss: 0.8689628839492798
Train - example: 102 loss: 0.9308499097824097
Train - example: 103 loss: 0.9600879549980164
Train - example: 104 loss: 0.9217672944068909
Train - example: 105 loss: 0.9405732750892639
Train - example: 106 loss: 0.9966874122619629
Train - example: 107 loss: 0.9518765807151794
Train - example: 108 loss: 0.935772180557251
Train - example: 109 loss: 0.9991834759712219
Train - example: 110 loss: 0.9936240911483765
Train - example: 111 loss: 1.001293659210205
Train - example: 112 loss: 1.0157837867736816
Train - example: 113 loss: 0.8641554117202759
Train - example: 114 loss: 0.9282820224761963
Train - example: 115 loss: 1.020092248916626
Train - example: 116 loss: 1.0165444612503052
Train - example: 117 loss: 0.9380598664283752
Train - example: 118 loss: 0.9033666253089905
Train - example: 119 loss: 1.0490124225616455
Train - example: 120 loss: 0.9993301630020142
Train - example: 121 loss: 0.941170871257782
Train - example: 122 loss: 0.9740158915519714
Train - example: 123 loss: 1.0117948055267334
Train - example: 124 loss: 0.8930317163467407
Train - example: 125 loss: 1.003618836402893
Train - example: 126 loss: 0.9967113733291626
Train - example: 127 loss: 0.9660208225250244
Train - example: 128 loss: 0.984886884689331
Train - example: 129 loss: 1.0135908126831055
Train - example: 130 loss: 1.0006685256958008
Train - example: 131 loss: 0.9544345140457153
Train - example: 132 loss: 0.9036034345626831
