Model loaded from:  /gscratch/stf/jgershon/experiments/medium_widthv6/save_model/model_2000.pt
Device chosen:  cpu
Number of parameters:  157463
Train - example: 0 loss: 1.0335654020309448
Train - example: 1 loss: 0.9555480480194092
Train - example: 2 loss: 0.9214823246002197
Train - example: 3 loss: 0.8868911266326904
Train - example: 4 loss: 0.9453893899917603
Train - example: 5 loss: 1.072840690612793
Train - example: 6 loss: 0.9855238199234009
Train - example: 7 loss: 1.0267646312713623
Train - example: 8 loss: 0.9564969539642334
Train - example: 9 loss: 0.9671025276184082
Train - example: 10 loss: 1.0774837732315063
Train - example: 11 loss: 1.0148831605911255
Train - example: 12 loss: 0.9374086856842041
Train - example: 13 loss: 1.0159786939620972
Train - example: 14 loss: 0.9780267477035522
Train - example: 15 loss: 0.9259815216064453
Train - example: 16 loss: 1.0174822807312012
Train - example: 17 loss: 0.9389588236808777
Train - example: 18 loss: 0.8690987229347229
Train - example: 19 loss: 0.9627988338470459
Train - example: 20 loss: 0.948519229888916
Train - example: 21 loss: 0.9529955983161926
Train - example: 22 loss: 0.9533595442771912
Train - example: 23 loss: 0.9464912414550781
Train - example: 24 loss: 1.0207406282424927
Train - example: 25 loss: 0.8634855151176453
Train - example: 26 loss: 1.0025287866592407
Train - example: 27 loss: 0.9592445492744446
Train - example: 28 loss: 1.00740647315979
Train - example: 29 loss: 0.9378948211669922
Train - example: 30 loss: 0.9154701828956604
Train - example: 31 loss: 0.9313104748725891
Train - example: 32 loss: 0.958283007144928
Train - example: 33 loss: 0.9993316531181335
Train - example: 34 loss: 1.0405192375183105
Train - example: 35 loss: 0.9639900922775269
Train - example: 36 loss: 0.9673153162002563
Train - example: 37 loss: 0.9454898834228516
Train - example: 38 loss: 0.8958999514579773
Train - example: 39 loss: 0.9731011390686035
Train - example: 40 loss: 0.9985877275466919
Train - example: 41 loss: 1.0071758031845093
Train - example: 42 loss: 1.034441590309143
Train - example: 43 loss: 0.9255145192146301
Train - example: 44 loss: 1.0161466598510742
Train - example: 45 loss: 0.9886388182640076
Train - example: 46 loss: 0.9467083811759949
Train - example: 47 loss: 1.0256156921386719
Train - example: 48 loss: 0.9190730452537537
Train - example: 49 loss: 0.9358825087547302
Train - example: 50 loss: 0.9779289960861206
Train - example: 51 loss: 0.9985864162445068
Train - example: 52 loss: 0.9770677089691162
Train - example: 53 loss: 0.997158408164978
Train - example: 54 loss: 0.9983828663825989
Train - example: 55 loss: 0.9828695058822632
Train - example: 56 loss: 1.0049827098846436
Train - example: 57 loss: 0.9858232736587524
Train - example: 58 loss: 0.989185094833374
Train - example: 59 loss: 0.9590953588485718
Train - example: 60 loss: 0.949160635471344
Train - example: 61 loss: 0.9963680505752563
Train - example: 62 loss: 1.0326825380325317
Train - example: 63 loss: 0.9758856296539307
Train - example: 64 loss: 1.0092222690582275
Train - example: 65 loss: 0.9819814562797546
Train - example: 66 loss: 1.0044063329696655
Train - example: 67 loss: 0.9004470705986023
Train - example: 68 loss: 1.1201897859573364
Train - example: 69 loss: 1.067095160484314
Train - example: 70 loss: 0.9533321857452393
Train - example: 71 loss: 0.9850937128067017
Train - example: 72 loss: 0.8968018889427185
Train - example: 73 loss: 0.9445800185203552
Train - example: 74 loss: 0.9713793396949768
Train - example: 75 loss: 0.9985520243644714
Train - example: 76 loss: 0.9494034647941589
Train - example: 77 loss: 1.0438086986541748
Train - example: 78 loss: 1.0421618223190308
Train - example: 79 loss: 1.0252729654312134
Train - example: 80 loss: 0.9785352945327759
Train - example: 81 loss: 0.9427890181541443
Train - example: 82 loss: 0.8903780579566956
Train - example: 83 loss: 0.8950788378715515
Train - example: 84 loss: 0.9562234282493591
Train - example: 85 loss: 1.0450743436813354
Train - example: 86 loss: 0.9683191776275635
Train - example: 87 loss: 1.0243765115737915
Train - example: 88 loss: 0.9286588430404663
Train - example: 89 loss: 1.0142695903778076
Train - example: 90 loss: 1.019740104675293
Train - example: 91 loss: 1.001158595085144
Train - example: 92 loss: 0.9611028432846069
Train - example: 93 loss: 0.9534238576889038
Train - example: 94 loss: 0.9781699180603027
Train - example: 95 loss: 0.9180328249931335
Train - example: 96 loss: 0.9874869585037231
Train - example: 97 loss: 0.9754897952079773
Train - example: 98 loss: 1.0295442342758179
Train - example: 99 loss: 0.9739683270454407
Train - example: 100 loss: 0.932802140712738
Train - example: 101 loss: 0.9461895227432251
Train - example: 102 loss: 0.9433307647705078
Train - example: 103 loss: 0.9626142382621765
Train - example: 104 loss: 0.9190624356269836
Train - example: 105 loss: 0.9564263224601746
Train - example: 106 loss: 0.9418887495994568
Train - example: 107 loss: 0.9372608661651611
Train - example: 108 loss: 1.02115797996521
Train - example: 109 loss: 0.9537609815597534
Train - example: 110 loss: 0.9578723907470703
Train - example: 111 loss: 0.998128354549408
Train - example: 112 loss: 1.0450718402862549
Train - example: 113 loss: 0.9672407507896423
Train - example: 114 loss: 0.9829151034355164
Train - example: 115 loss: 0.9849551916122437
Train - example: 116 loss: 1.0232917070388794
Train - example: 117 loss: 0.9950677752494812
Train - example: 118 loss: 0.9084115028381348
Train - example: 119 loss: 0.9719780087471008
Train - example: 120 loss: 1.0295753479003906
Train - example: 121 loss: 0.9523256421089172
Train - example: 122 loss: 0.9167420268058777
Train - example: 123 loss: 0.9802668690681458
Train - example: 124 loss: 1.0350500345230103
Train - example: 125 loss: 0.953417181968689
Train - example: 126 loss: 1.0453786849975586
Train - example: 127 loss: 0.9798291921615601
Train - example: 128 loss: 0.9034545421600342
Train - example: 129 loss: 1.0162330865859985
Train - example: 130 loss: 0.9085153937339783
Train - example: 131 loss: 1.0029679536819458
Train - example: 132 loss: 0.9761430621147156
Train - example: 133 loss: 0.969291090965271
Train - example: 134 loss: 0.942192792892456
Train - example: 135 loss: 0.9960984587669373
Train - example: 136 loss: 1.0418294668197632
Train - example: 137 loss: 0.968392550945282
Train - example: 138 loss: 0.9896330237388611
Train - example: 139 loss: 1.0003734827041626
Train - example: 140 loss: 1.0022190809249878
Train - example: 141 loss: 1.0243809223175049
Train - example: 142 loss: 0.8999656438827515
Train - example: 143 loss: 0.9835618734359741
Train - example: 144 loss: 1.011351227760315
Train - example: 145 loss: 0.9701963067054749
Train - example: 146 loss: 1.024688959121704
Train - example: 147 loss: 0.9657344818115234
Train - example: 148 loss: 0.8754550218582153
Train - example: 149 loss: 0.9848709106445312
Train - example: 150 loss: 0.9500353932380676
Train - example: 151 loss: 0.9591162204742432
Train - example: 152 loss: 0.9616712927818298
Train - example: 153 loss: 0.9654396772384644
Train - example: 154 loss: 1.0102200508117676
Train - example: 155 loss: 0.9642687439918518
Train - example: 156 loss: 1.0006110668182373
Train - example: 157 loss: 0.9852794408798218
Train - example: 158 loss: 0.930879533290863
Train - example: 159 loss: 1.0057635307312012
Train - example: 160 loss: 0.9895044565200806
Train - example: 161 loss: 0.9774772524833679
Train - example: 162 loss: 1.005858063697815
Train - example: 163 loss: 0.9928757548332214
Train - example: 164 loss: 1.0143498182296753
Train - example: 165 loss: 0.9712282419204712
Train - example: 166 loss: 0.9456745386123657
Train - example: 167 loss: 0.921403169631958
Train - example: 168 loss: 0.9722194075584412
Train - example: 169 loss: 0.9890528917312622
Train - example: 170 loss: 0.9527506828308105
Train - example: 171 loss: 1.0645657777786255
Train - example: 172 loss: 1.0043514966964722
Train - example: 173 loss: 0.9520730376243591
Train - example: 174 loss: 0.9834062457084656
Train - example: 175 loss: 0.9911237359046936
Train - example: 176 loss: 1.069767951965332
Train - example: 177 loss: 0.9900018572807312
Train - example: 178 loss: 0.9820240139961243
Train - example: 179 loss: 1.00486421585083
Train - example: 180 loss: 1.0003756284713745
Train - example: 181 loss: 1.007502555847168
Train - example: 182 loss: 0.9521512389183044
Train - example: 183 loss: 1.0014863014221191
Train - example: 184 loss: 1.0576013326644897
Train - example: 185 loss: 0.9919303059577942
Train - example: 186 loss: 0.980086088180542
Train - example: 187 loss: 0.9490619897842407
Train - example: 188 loss: 0.9352879524230957
Train - example: 189 loss: 0.8910169005393982
Train - example: 190 loss: 1.0112879276275635
Train - example: 191 loss: 1.0040189027786255
Train - example: 192 loss: 0.9718137383460999
Train - example: 193 loss: 1.0581424236297607
Train - example: 194 loss: 0.9285951256752014
Train - example: 195 loss: 0.9764572978019714
Train - example: 196 loss: 1.0089950561523438
Train - example: 197 loss: 0.9461728930473328
Train - example: 198 loss: 0.9328934550285339
Train - example: 199 loss: 0.9817007184028625
Train - example: 200 loss: 1.0103681087493896
Train - example: 201 loss: 0.968224287033081
Train - example: 202 loss: 0.992319643497467
Train - example: 203 loss: 1.0106216669082642
Train - example: 204 loss: 1.0113251209259033
Train - example: 205 loss: 0.9640416502952576
Train - example: 206 loss: 1.0100399255752563
Train - example: 207 loss: 0.9174665808677673
Train - example: 208 loss: 0.9331495761871338
Train - example: 209 loss: 0.9442904591560364
Train - example: 210 loss: 0.919951856136322
Train - example: 211 loss: 1.0233923196792603
Train - example: 212 loss: 0.9650906324386597
Train - example: 213 loss: 0.984799861907959
Train - example: 214 loss: 1.0493721961975098
Train - example: 215 loss: 0.9408729672431946
Train - example: 216 loss: 0.8944456577301025
Train - example: 217 loss: 0.9465654492378235
Train - example: 218 loss: 1.0267853736877441
Train - example: 219 loss: 1.0048480033874512
Train - example: 220 loss: 1.065961480140686
Train - example: 221 loss: 1.0007892847061157
Train - example: 222 loss: 1.053987979888916
Train - example: 223 loss: 0.9772711992263794
Train - example: 224 loss: 1.021735668182373
Train - example: 225 loss: 0.9746875762939453
Train - example: 226 loss: 1.0483285188674927
Train - example: 227 loss: 0.9786041975021362
Train - example: 228 loss: 0.9299269318580627
Train - example: 229 loss: 0.9604321122169495
Train - example: 230 loss: 1.071144461631775
Train - example: 231 loss: 1.0570271015167236
Train - example: 232 loss: 0.9551348090171814
Train - example: 233 loss: 1.0130916833877563
Train - example: 234 loss: 1.0674673318862915
Train - example: 235 loss: 0.9976048469543457
Train - example: 236 loss: 0.9883309006690979
Train - example: 237 loss: 1.006821632385254
Train - example: 238 loss: 0.9342864155769348
Train - example: 239 loss: 1.0020661354064941
Train - example: 240 loss: 0.9815028309822083
Train - example: 241 loss: 0.8923352956771851
Train - example: 242 loss: 0.9856033325195312
Train - example: 243 loss: 0.9514052867889404
Train - example: 244 loss: 0.9306512475013733
Train - example: 245 loss: 1.073237419128418
Train - example: 246 loss: 0.9608102440834045
Train - example: 247 loss: 0.9656134843826294
Train - example: 248 loss: 0.9921266436576843
Train - example: 249 loss: 0.9918475151062012
Train - example: 250 loss: 1.0426498651504517
Train - example: 251 loss: 0.9688099026679993
Train - example: 252 loss: 1.010351300239563
Train - example: 253 loss: 0.9753597378730774
Train - example: 254 loss: 1.0720597505569458
Train - example: 255 loss: 0.9438092708587646
Train - example: 256 loss: 0.9936904907226562
Train - example: 257 loss: 1.0162700414657593
Train - example: 258 loss: 0.9949973821640015
Train - example: 259 loss: 0.9097878932952881
Train - example: 260 loss: 0.8667100667953491
Train - example: 261 loss: 0.9163090586662292
Train - example: 262 loss: 0.9486373662948608
Train - example: 263 loss: 0.9454867839813232
Train - example: 264 loss: 1.0061724185943604
Train - example: 265 loss: 0.9876927137374878
Train - example: 266 loss: 0.9743761420249939
Train - example: 267 loss: 0.8947979807853699
Train - example: 268 loss: 0.9676219820976257
Train - example: 269 loss: 0.9356204271316528
Train - example: 270 loss: 0.9672008752822876
Train - example: 271 loss: 1.0065501928329468
Train - example: 272 loss: 0.9118260741233826
Train - example: 273 loss: 1.0158482789993286
Train - example: 274 loss: 0.9062826633453369
Train - example: 275 loss: 1.0453791618347168
Train - example: 276 loss: 0.9727436304092407
Train - example: 277 loss: 0.9060378074645996
Train - example: 278 loss: 0.9753339290618896
Train - example: 279 loss: 1.015193223953247
Train - example: 280 loss: 0.9459813833236694
Train - example: 281 loss: 0.9983978271484375
Train - example: 282 loss: 0.9061201214790344
Train - example: 283 loss: 1.1237839460372925
Train - example: 284 loss: 1.0119812488555908
Train - example: 285 loss: 1.0052157640457153
Train - example: 286 loss: 1.0280404090881348
Train - example: 287 loss: 0.9021559357643127
Train - example: 288 loss: 0.8946277499198914
Train - example: 289 loss: 0.9808312058448792
Train - example: 290 loss: 0.9154345989227295
Train - example: 291 loss: 1.0842158794403076
Train - example: 292 loss: 1.0183300971984863
Train - example: 293 loss: 1.0662366151809692
Train - example: 294 loss: 0.9492986798286438
Train - example: 295 loss: 0.9696489572525024
Train - example: 296 loss: 0.942974328994751
Train - example: 297 loss: 0.9826506972312927
Train - example: 298 loss: 0.9212648272514343
Train - example: 299 loss: 0.9558404684066772
Train - example: 300 loss: 0.9726439714431763
Train - example: 301 loss: 0.9890223145484924
Train - example: 302 loss: 0.991904616355896
Train - example: 303 loss: 1.0419795513153076
Train - example: 304 loss: 0.9997736215591431
Train - example: 305 loss: 0.9803510904312134
Train - example: 306 loss: 1.0068005323410034
Train - example: 307 loss: 0.9750431180000305
Train - example: 308 loss: 0.9336116909980774
Train - example: 309 loss: 0.9773327112197876
Train - example: 310 loss: 1.050303339958191
Train - example: 311 loss: 0.9982327818870544
Train - example: 312 loss: 0.9058991074562073
Train - example: 313 loss: 0.9661557078361511
Train - example: 314 loss: 0.958574116230011
Train - example: 315 loss: 0.9552634358406067
Train - example: 316 loss: 0.9787688255310059
Train - example: 317 loss: 0.968909502029419
Train - example: 318 loss: 1.0202041864395142
Train - example: 319 loss: 0.9421932101249695
Train - example: 320 loss: 1.049230933189392
Train - example: 321 loss: 0.9921014904975891
Train - example: 322 loss: 0.9471545219421387
Train - example: 323 loss: 0.992361843585968
Train - example: 324 loss: 0.9624007940292358
Train - example: 325 loss: 1.0113604068756104
Train - example: 326 loss: 0.9468652606010437
Train - example: 327 loss: 0.9529969096183777
Train - example: 328 loss: 0.9104007482528687
Train - example: 329 loss: 1.0112388134002686
Train - example: 330 loss: 0.9952520728111267
Train - example: 331 loss: 0.9656078219413757
Train - example: 332 loss: 0.960130512714386
Train - example: 333 loss: 0.9916929602622986
Train - example: 334 loss: 1.1189947128295898
Train - example: 335 loss: 0.917155921459198
Train - example: 336 loss: 1.027098536491394
Train - example: 337 loss: 0.9528764486312866
Train - example: 338 loss: 0.9943812489509583
Train - example: 339 loss: 0.94856858253479
Train - example: 340 loss: 0.9163017868995667
Train - example: 341 loss: 0.9892973303794861
Train - example: 342 loss: 0.9989525079727173
Train - example: 343 loss: 0.9938680529594421
Train - example: 344 loss: 0.919955313205719
Train - example: 345 loss: 1.0423212051391602
Train - example: 346 loss: 0.9628309011459351
Train - example: 347 loss: 1.0047954320907593
Train - example: 348 loss: 0.9626867771148682
Train - example: 349 loss: 0.9867470264434814
Train - example: 350 loss: 0.8798953294754028
Train - example: 351 loss: 0.9968368411064148
Train - example: 352 loss: 1.0505783557891846
Train - example: 353 loss: 0.9224622845649719
Train - example: 354 loss: 0.9942606091499329
Train - example: 355 loss: 1.0074472427368164
Train - example: 356 loss: 0.9698470830917358
Train - example: 357 loss: 0.992078959941864
Train - example: 358 loss: 0.9373061656951904
Train - example: 359 loss: 0.9916571974754333
Train - example: 360 loss: 1.0040156841278076
Train - example: 361 loss: 0.9924122095108032
Train - example: 362 loss: 0.9699410796165466
Train - example: 363 loss: 0.8866089582443237
Train - example: 364 loss: 0.9417563676834106
Train - example: 365 loss: 1.0110085010528564
Train - example: 366 loss: 0.957024335861206
Train - example: 367 loss: 1.0260533094406128
Train - example: 368 loss: 1.071854829788208
Train - example: 369 loss: 1.013931393623352
Train - example: 370 loss: 0.9963229894638062
Train - example: 371 loss: 0.9432612061500549
Train - example: 372 loss: 0.9843510985374451
Train - example: 373 loss: 1.0481631755828857
Train - example: 374 loss: 0.9845186471939087
Train - example: 375 loss: 0.9345142841339111
Train - example: 376 loss: 1.0139551162719727
Train - example: 377 loss: 0.9446098208427429
Train - example: 378 loss: 1.058088779449463
Train - example: 379 loss: 1.0169059038162231
Train - example: 380 loss: 0.9453986287117004
Train - example: 381 loss: 0.9704391956329346
Train - example: 382 loss: 0.9885894060134888
Train - example: 383 loss: 1.0358000993728638
Train - example: 384 loss: 1.0097543001174927
Train - example: 385 loss: 0.9853073358535767
Train - example: 386 loss: 0.9765366315841675
Train - example: 387 loss: 1.047619342803955
Train - example: 388 loss: 0.9367860555648804
Train - example: 389 loss: 0.9502239227294922
Train - example: 390 loss: 0.9965551495552063
Train - example: 391 loss: 1.0486446619033813
Train - example: 392 loss: 0.9886725544929504
Train - example: 393 loss: 0.931485652923584
Train - example: 394 loss: 0.9772548079490662
Train - example: 395 loss: 1.0017856359481812
Train - example: 396 loss: 0.9405491352081299
Train - example: 397 loss: 0.9869509935379028
Train - example: 398 loss: 0.9947185516357422
Train - example: 399 loss: 0.9655247330665588
Train - example: 400 loss: 0.9834033846855164
Train - example: 401 loss: 1.0479339361190796
Train - example: 402 loss: 0.9950198531150818
Train - example: 403 loss: 0.9492828845977783
Train - example: 404 loss: 0.9049001336097717
Train - example: 405 loss: 1.0008666515350342
Train - example: 406 loss: 0.9369476437568665
Train - example: 407 loss: 0.9427661299705505
Train - example: 408 loss: 1.0061078071594238
Train - example: 409 loss: 0.9506298303604126
Train - example: 410 loss: 0.9585729241371155
Train - example: 411 loss: 0.9907266497612
Train - example: 412 loss: 0.9679923057556152
Train - example: 413 loss: 1.0131864547729492
Train - example: 414 loss: 1.0326308012008667
Train - example: 415 loss: 1.0064313411712646
Train - example: 416 loss: 1.0257846117019653
Train - example: 417 loss: 1.034745454788208
Train - example: 418 loss: 0.9863021373748779
Train - example: 419 loss: 1.024381160736084
Train - example: 420 loss: 0.948983371257782
Train - example: 421 loss: 0.9757692217826843
Train - example: 422 loss: 1.0102065801620483
Train - example: 423 loss: 1.0169570446014404
Train - example: 424 loss: 0.9419968128204346
Train - example: 425 loss: 0.9477698802947998
Train - example: 426 loss: 0.9843957424163818
Train - example: 427 loss: 0.9756413102149963
Train - example: 428 loss: 0.983060896396637
Train - example: 429 loss: 1.0026737451553345
Train - example: 430 loss: 0.9611052870750427
Train - example: 431 loss: 0.9064740538597107
Train - example: 432 loss: 0.9200090765953064
Train - example: 433 loss: 1.024706244468689
Train - example: 434 loss: 0.9414496421813965
Train - example: 435 loss: 1.0495926141738892
Train - example: 436 loss: 0.9753891825675964
Train - example: 437 loss: 0.9853222370147705
Train - example: 438 loss: 1.0032453536987305
Train - example: 439 loss: 1.0291402339935303
Train - example: 440 loss: 1.0622159242630005
Train - example: 441 loss: 0.9962332844734192
Train - example: 442 loss: 0.9793026447296143
Train - example: 443 loss: 0.9844329953193665
Train - example: 444 loss: 0.9589768052101135
Train - example: 445 loss: 0.9939038753509521
Train - example: 446 loss: 1.0899810791015625
Train - example: 447 loss: 0.9598149061203003
Train - example: 448 loss: 1.0056008100509644
Train - example: 449 loss: 0.9859001040458679
Train - example: 450 loss: 0.8520047664642334
Train - example: 451 loss: 0.9671628475189209
Train - example: 452 loss: 0.9829689264297485
Train - example: 453 loss: 0.8702570199966431
Train - example: 454 loss: 0.9918517470359802
Train - example: 455 loss: 0.942206621170044
Train - example: 456 loss: 0.9506301879882812
Train - example: 457 loss: 0.8850148916244507
Train - example: 458 loss: 0.9767850637435913
Train - example: 459 loss: 1.048890471458435
Train - example: 460 loss: 0.9396771788597107
Train - example: 461 loss: 0.987476646900177
Train - example: 462 loss: 0.919614851474762
Train - example: 463 loss: 0.9787267446517944
Train - example: 464 loss: 1.0444612503051758
Train - example: 465 loss: 0.9662298560142517
Train - example: 466 loss: 0.9615667462348938
Train - example: 467 loss: 1.0432093143463135
Train - example: 468 loss: 0.8684569001197815
Train - example: 469 loss: 0.9637268781661987
Train - example: 470 loss: 0.9896893501281738
Train - example: 471 loss: 0.9622522592544556
Train - example: 472 loss: 0.8942434787750244
Train - example: 473 loss: 0.9480175971984863
Train - example: 474 loss: 0.9673051238059998
Train - example: 475 loss: 0.9308587312698364
Train - example: 0 loss: 0.9980730414390564
Train - example: 1 loss: 1.0250599384307861
Train - example: 2 loss: 0.9961750507354736
Train - example: 3 loss: 1.0334422588348389
Train - example: 4 loss: 0.9644985198974609
Train - example: 5 loss: 0.9750668406486511
Train - example: 6 loss: 0.9460338354110718
Train - example: 7 loss: 0.9832210540771484
Train - example: 8 loss: 0.9410962462425232
Train - example: 9 loss: 1.0350563526153564
Train - example: 10 loss: 0.9192141890525818
Train - example: 11 loss: 1.03034245967865
Train - example: 12 loss: 1.015703558921814
Train - example: 13 loss: 0.9241054058074951
Train - example: 14 loss: 0.9343112111091614
Train - example: 15 loss: 1.0496898889541626
Train - example: 16 loss: 1.1083658933639526
Train - example: 17 loss: 0.9495506882667542
Train - example: 18 loss: 0.980640709400177
Train - example: 19 loss: 1.0565470457077026
Train - example: 20 loss: 1.0414518117904663
Train - example: 21 loss: 0.9413754343986511
Train - example: 22 loss: 1.0262542963027954
Train - example: 23 loss: 0.9803638458251953
Valid - iter: 1.0 loss: 0.9860351626612559
Iteration: 500  Train Loss: 0.9803638458251953  Test Accuracy: 50.95862579345703 %
Model 500 was saved.
Train - example: 24 loss: 1.0165742635726929
Train - example: 25 loss: 0.9658738970756531
Train - example: 26 loss: 0.9403873682022095
Train - example: 27 loss: 0.9858750104904175
Train - example: 28 loss: 1.0065548419952393
Train - example: 29 loss: 1.0396089553833008
Train - example: 30 loss: 1.0392402410507202
Train - example: 31 loss: 1.0253719091415405
Train - example: 32 loss: 1.0274217128753662
Train - example: 33 loss: 0.9782503247261047
Train - example: 34 loss: 0.9990526437759399
Train - example: 35 loss: 0.9568175673484802
Train - example: 36 loss: 0.9843828678131104
Train - example: 37 loss: 1.0302550792694092
Train - example: 38 loss: 0.879381000995636
Train - example: 39 loss: 1.0934484004974365
Train - example: 40 loss: 0.924172580242157
Train - example: 41 loss: 0.9239796996116638
Train - example: 42 loss: 0.9768810868263245
Train - example: 43 loss: 0.9400923848152161
Train - example: 44 loss: 0.9851619601249695
Train - example: 45 loss: 1.028802514076233
Train - example: 46 loss: 1.0325202941894531
Train - example: 47 loss: 0.9662221670150757
Train - example: 48 loss: 1.034627914428711
Train - example: 49 loss: 1.0758439302444458
Train - example: 50 loss: 0.9933469891548157
Train - example: 51 loss: 1.102356195449829
Train - example: 52 loss: 1.0200494527816772
Train - example: 53 loss: 0.9357861280441284
Train - example: 54 loss: 0.8656141757965088
Train - example: 55 loss: 1.0008416175842285
Train - example: 56 loss: 0.9527965784072876
Train - example: 57 loss: 0.9423162937164307
Train - example: 58 loss: 0.9476414322853088
Train - example: 59 loss: 0.8977274298667908
Train - example: 60 loss: 1.0036948919296265
Train - example: 61 loss: 0.9772117733955383
Train - example: 62 loss: 0.9739803075790405
Train - example: 63 loss: 0.893780529499054
Train - example: 64 loss: 0.9569308757781982
Train - example: 65 loss: 1.0041996240615845
Train - example: 66 loss: 0.9559462070465088
Train - example: 67 loss: 0.9233245253562927
Train - example: 68 loss: 0.954047441482544
Train - example: 69 loss: 0.9559443593025208
Train - example: 70 loss: 0.974007248878479
Train - example: 71 loss: 0.9199079275131226
Train - example: 72 loss: 0.9916131496429443
Train - example: 73 loss: 0.9555712938308716
Train - example: 74 loss: 0.9706156253814697
Train - example: 75 loss: 1.0062586069107056
Train - example: 76 loss: 0.9609657526016235
Train - example: 77 loss: 1.0135960578918457
Train - example: 78 loss: 0.959388792514801
Train - example: 79 loss: 1.035606026649475
Train - example: 80 loss: 0.9590944647789001
Train - example: 81 loss: 0.9625811576843262
Train - example: 82 loss: 0.9341204762458801
Train - example: 83 loss: 0.9164822101593018
Train - example: 84 loss: 1.0187147855758667
Train - example: 85 loss: 0.945915937423706
Train - example: 86 loss: 1.0230143070220947
Train - example: 87 loss: 0.9779208302497864
Train - example: 88 loss: 0.9663838148117065
Train - example: 89 loss: 0.9692864418029785
Train - example: 90 loss: 0.910942792892456
Train - example: 91 loss: 1.065158486366272
Train - example: 92 loss: 0.9805425405502319
Train - example: 93 loss: 1.069338321685791
Train - example: 94 loss: 0.9687949419021606
Train - example: 95 loss: 0.9188567399978638
Train - example: 96 loss: 0.9910392761230469
Train - example: 97 loss: 0.9579880237579346
Train - example: 98 loss: 0.9793708324432373
Train - example: 99 loss: 0.8598265647888184
Train - example: 100 loss: 0.9824271202087402
Train - example: 101 loss: 0.9748067259788513
Train - example: 102 loss: 1.0468140840530396
Train - example: 103 loss: 0.9705281257629395
Train - example: 104 loss: 0.9031973481178284
Train - example: 105 loss: 0.9268813133239746
Train - example: 106 loss: 1.0748916864395142
Train - example: 107 loss: 0.9734451174736023
Train - example: 108 loss: 1.0952032804489136
Train - example: 109 loss: 0.9368564486503601
Train - example: 110 loss: 0.9801238775253296
Train - example: 111 loss: 0.9282057881355286
Train - example: 112 loss: 0.9974204897880554
Train - example: 113 loss: 0.9467572569847107
Train - example: 114 loss: 0.986147940158844
Train - example: 115 loss: 1.0490542650222778
Train - example: 116 loss: 1.0520399808883667
Train - example: 117 loss: 0.9594078660011292
Train - example: 118 loss: 0.9844827055931091
Train - example: 119 loss: 0.9278817176818848
Train - example: 120 loss: 0.9485247731208801
Train - example: 121 loss: 0.9155074954032898
Train - example: 122 loss: 0.9325311183929443
Train - example: 123 loss: 0.8868111371994019
Train - example: 124 loss: 0.9577018022537231
Train - example: 125 loss: 1.016057014465332
Train - example: 126 loss: 0.9865472316741943
Train - example: 127 loss: 0.98842453956604
Train - example: 128 loss: 1.046061396598816
Train - example: 129 loss: 0.9575819373130798
Train - example: 130 loss: 0.970811128616333
Train - example: 131 loss: 1.0188608169555664
Train - example: 132 loss: 0.9601911306381226
Train - example: 133 loss: 0.9002273678779602
Train - example: 134 loss: 0.9346787929534912
Train - example: 135 loss: 0.9677780866622925
Train - example: 136 loss: 1.0062830448150635
Train - example: 137 loss: 1.034742832183838
Train - example: 138 loss: 1.0597726106643677
Train - example: 139 loss: 0.9137187004089355
Train - example: 140 loss: 0.9715933799743652
Train - example: 141 loss: 0.9498478770256042
Train - example: 142 loss: 0.9597966074943542
Train - example: 143 loss: 1.0120067596435547
Train - example: 144 loss: 0.9375022649765015
Train - example: 145 loss: 0.9484672546386719
Train - example: 146 loss: 0.9338419437408447
Train - example: 147 loss: 0.9724783301353455
Train - example: 148 loss: 1.0342416763305664
Train - example: 149 loss: 0.9413315057754517
Train - example: 150 loss: 0.9539603590965271
Train - example: 151 loss: 1.0055841207504272
Train - example: 152 loss: 0.9909010529518127
Train - example: 153 loss: 0.9676157236099243
Train - example: 154 loss: 1.0480743646621704
Train - example: 155 loss: 0.9594638347625732
Train - example: 156 loss: 1.0050842761993408
Train - example: 157 loss: 0.9614917635917664
Train - example: 158 loss: 0.945646345615387
Train - example: 159 loss: 0.9696947336196899
Train - example: 160 loss: 0.9609882831573486
Train - example: 161 loss: 1.000380516052246
Train - example: 162 loss: 0.9615829586982727
Train - example: 163 loss: 0.9177335500717163
Train - example: 164 loss: 0.9505183696746826
Train - example: 165 loss: 1.0291236639022827
Train - example: 166 loss: 0.9312650561332703
Train - example: 167 loss: 0.9234970211982727
Train - example: 168 loss: 0.9859438538551331
Train - example: 169 loss: 1.04616117477417
Train - example: 170 loss: 0.9643715620040894
Train - example: 171 loss: 1.0271319150924683
Train - example: 172 loss: 0.9663090705871582
Train - example: 173 loss: 0.9869703650474548
Train - example: 174 loss: 1.0599937438964844
Train - example: 175 loss: 0.9817125201225281
Train - example: 176 loss: 0.8818699717521667
Train - example: 177 loss: 0.9599519968032837
Train - example: 178 loss: 1.0071418285369873
Train - example: 179 loss: 0.9801315069198608
Train - example: 180 loss: 0.9314724802970886
Train - example: 181 loss: 0.951291561126709
Train - example: 182 loss: 0.9213166832923889
Train - example: 183 loss: 0.982170820236206
Train - example: 184 loss: 1.055009126663208
Train - example: 185 loss: 0.9847058057785034
Train - example: 186 loss: 1.0381081104278564
Train - example: 187 loss: 1.036239743232727
Train - example: 188 loss: 1.1031110286712646
Train - example: 189 loss: 0.9711788892745972
Train - example: 190 loss: 0.926434338092804
Train - example: 191 loss: 1.0119704008102417
Train - example: 192 loss: 0.9866408705711365
Train - example: 193 loss: 1.0255563259124756
Train - example: 194 loss: 1.0273544788360596
Train - example: 195 loss: 1.0105570554733276
Train - example: 196 loss: 0.928404688835144
Train - example: 197 loss: 0.9717846512794495
Train - example: 198 loss: 0.9784799218177795
Train - example: 199 loss: 0.9918765425682068
Train - example: 200 loss: 0.998757541179657
Train - example: 201 loss: 1.0421420335769653
Train - example: 202 loss: 0.9805752038955688
Train - example: 203 loss: 1.0482698678970337
Train - example: 204 loss: 1.001997709274292
Train - example: 205 loss: 1.0325132608413696
Train - example: 206 loss: 1.0137810707092285
Train - example: 207 loss: 1.0270103216171265
Train - example: 208 loss: 1.037415862083435
Train - example: 209 loss: 1.0163116455078125
Train - example: 210 loss: 0.9514296650886536
Train - example: 211 loss: 1.0028234720230103
Train - example: 212 loss: 0.9681063294410706
Train - example: 213 loss: 0.9918628931045532
Train - example: 214 loss: 1.046485424041748
Train - example: 215 loss: 0.9495569467544556
Train - example: 216 loss: 0.9993255734443665
Train - example: 217 loss: 0.9759687185287476
Train - example: 218 loss: 0.968971312046051
Train - example: 219 loss: 1.0052402019500732
Train - example: 220 loss: 0.9237334728240967
Train - example: 221 loss: 1.0322558879852295
Train - example: 222 loss: 1.0026930570602417
Train - example: 223 loss: 1.0462501049041748
Train - example: 224 loss: 0.9113963842391968
Train - example: 225 loss: 1.0009130239486694
Train - example: 226 loss: 0.9949555993080139
Train - example: 227 loss: 0.96905118227005
Train - example: 228 loss: 0.9867069721221924
Train - example: 229 loss: 0.9353671073913574
Train - example: 230 loss: 0.9818029999732971
Train - example: 231 loss: 1.0019475221633911
Train - example: 232 loss: 0.9842232465744019
Train - example: 233 loss: 0.9915686249732971
Train - example: 234 loss: 0.9639865756034851
Train - example: 235 loss: 0.9417645931243896
Train - example: 236 loss: 1.0008987188339233
Train - example: 237 loss: 0.9372043609619141
Train - example: 238 loss: 0.9475080370903015
Train - example: 239 loss: 0.983874499797821
Train - example: 240 loss: 0.9258166551589966
Train - example: 241 loss: 0.9586659073829651
Train - example: 242 loss: 1.099745273590088
Train - example: 243 loss: 0.9986051917076111
Train - example: 244 loss: 0.9564343094825745
Train - example: 245 loss: 0.9568929076194763
Train - example: 246 loss: 0.947009801864624
Train - example: 247 loss: 0.9438030123710632
Train - example: 248 loss: 0.9618386030197144
Train - example: 249 loss: 0.9465774297714233
Train - example: 250 loss: 0.9384953379631042
Train - example: 251 loss: 1.0563884973526
Train - example: 252 loss: 0.9586371779441833
Train - example: 253 loss: 0.9967820048332214
Train - example: 254 loss: 0.9524619579315186
Train - example: 255 loss: 1.0328904390335083
Train - example: 256 loss: 0.9712622165679932
Train - example: 257 loss: 1.0187394618988037
Train - example: 258 loss: 0.9326901435852051
Train - example: 259 loss: 0.9118404984474182
Train - example: 260 loss: 0.9788202047348022
Train - example: 261 loss: 0.9632860422134399
Train - example: 262 loss: 0.9259088039398193
Train - example: 263 loss: 0.9658979773521423
Train - example: 264 loss: 1.0284053087234497
Train - example: 265 loss: 0.8855419754981995
Train - example: 266 loss: 1.0009762048721313
Train - example: 267 loss: 1.0244357585906982
Train - example: 268 loss: 0.923590898513794
Train - example: 269 loss: 0.9549465179443359
Train - example: 270 loss: 0.9862769246101379
Train - example: 271 loss: 1.0529707670211792
Train - example: 272 loss: 0.983875036239624
Train - example: 273 loss: 1.008492350578308
Train - example: 274 loss: 0.9625634551048279
Train - example: 275 loss: 0.9378105998039246
Train - example: 276 loss: 0.9899450540542603
Train - example: 277 loss: 0.9992204308509827
Train - example: 278 loss: 1.0064796209335327
Train - example: 279 loss: 1.0605788230895996
Train - example: 280 loss: 0.9518169164657593
Train - example: 281 loss: 0.9738209247589111
Train - example: 282 loss: 0.9343562126159668
Train - example: 283 loss: 0.9547002911567688
Train - example: 284 loss: 0.9892536401748657
Train - example: 285 loss: 0.9353053569793701
Train - example: 286 loss: 0.9105643630027771
Train - example: 287 loss: 0.968524158000946
Train - example: 288 loss: 0.9550659656524658
Train - example: 289 loss: 0.9193060994148254
Train - example: 290 loss: 1.0141006708145142
Train - example: 291 loss: 0.9174594283103943
Train - example: 292 loss: 0.9154948592185974
Train - example: 293 loss: 1.0189599990844727
Train - example: 294 loss: 0.9204805493354797
Train - example: 295 loss: 0.9238714575767517
Train - example: 296 loss: 0.9254191517829895
Train - example: 297 loss: 0.958122968673706
Train - example: 298 loss: 0.8985980749130249
Train - example: 299 loss: 1.0046104192733765
Train - example: 300 loss: 1.0829033851623535
Train - example: 301 loss: 1.0388917922973633
Train - example: 302 loss: 0.9058074355125427
Train - example: 303 loss: 0.951310932636261
Train - example: 304 loss: 1.0042928457260132
Train - example: 305 loss: 1.0483014583587646
Train - example: 306 loss: 1.0189695358276367
Train - example: 307 loss: 0.963988721370697
Train - example: 308 loss: 0.9313353896141052
Train - example: 309 loss: 0.9827441573143005
Train - example: 310 loss: 0.9618496894836426
Train - example: 311 loss: 0.8737470507621765
Train - example: 312 loss: 1.0001202821731567
Train - example: 313 loss: 0.9186391234397888
Train - example: 314 loss: 1.0101162195205688
Train - example: 315 loss: 1.0037930011749268
Train - example: 316 loss: 0.8976949453353882
Train - example: 317 loss: 1.0212082862854004
Train - example: 318 loss: 0.9179344177246094
Train - example: 319 loss: 0.9525020718574524
Train - example: 320 loss: 0.9348228573799133
Train - example: 321 loss: 0.9359216094017029
Train - example: 322 loss: 0.9658650159835815
Train - example: 323 loss: 0.967051088809967
Train - example: 324 loss: 0.9715837240219116
Train - example: 325 loss: 0.9443922638893127
Train - example: 326 loss: 0.9965060353279114
Train - example: 327 loss: 0.9655781388282776
Train - example: 328 loss: 0.9814766049385071
Train - example: 329 loss: 0.9757113456726074
Train - example: 330 loss: 0.9331756830215454
Train - example: 331 loss: 1.0284416675567627
Train - example: 332 loss: 1.0566396713256836
Train - example: 333 loss: 0.9590862393379211
Train - example: 334 loss: 1.0439318418502808
Train - example: 335 loss: 0.9071541428565979
Train - example: 336 loss: 0.9840115904808044
Train - example: 337 loss: 0.9474565386772156
Train - example: 338 loss: 1.0137397050857544
Train - example: 339 loss: 0.9221169352531433
Train - example: 340 loss: 1.0005947351455688
Train - example: 341 loss: 0.9673144817352295
Train - example: 342 loss: 0.9933000206947327
Train - example: 343 loss: 0.9394985437393188
Train - example: 344 loss: 0.9332864284515381
Train - example: 345 loss: 0.9520443081855774
Train - example: 346 loss: 0.9529119729995728
Train - example: 347 loss: 0.9698731303215027
Train - example: 348 loss: 1.0227046012878418
Train - example: 349 loss: 0.9681469202041626
Train - example: 350 loss: 0.9133276343345642
Train - example: 351 loss: 1.0162646770477295
Train - example: 352 loss: 1.0273784399032593
Train - example: 353 loss: 0.9551445245742798
Train - example: 354 loss: 0.9538596272468567
Train - example: 355 loss: 0.9221554398536682
Train - example: 356 loss: 1.0262131690979004
Train - example: 357 loss: 0.9515010714530945
Train - example: 358 loss: 1.0445997714996338
Train - example: 359 loss: 0.9295555949211121
Train - example: 360 loss: 0.9998190999031067
Train - example: 361 loss: 0.9637927412986755
Train - example: 362 loss: 0.9454651474952698
Train - example: 363 loss: 0.9962915182113647
Train - example: 364 loss: 0.9617029428482056
Train - example: 365 loss: 1.0558007955551147
Train - example: 366 loss: 0.9590704441070557
Train - example: 367 loss: 1.0668748617172241
Train - example: 368 loss: 0.9466097354888916
Train - example: 369 loss: 1.0203280448913574
Train - example: 370 loss: 1.0145243406295776
Train - example: 371 loss: 1.0002241134643555
Train - example: 372 loss: 0.8760190606117249
Train - example: 373 loss: 0.9613901376724243
Train - example: 374 loss: 0.9559240937232971
Train - example: 375 loss: 0.9955651164054871
Train - example: 376 loss: 1.0044018030166626
Train - example: 377 loss: 1.0030690431594849
Train - example: 378 loss: 0.9942364692687988
Train - example: 379 loss: 1.010591983795166
Train - example: 380 loss: 1.0391448736190796
Train - example: 381 loss: 1.0136189460754395
Train - example: 382 loss: 0.9735867381095886
Train - example: 383 loss: 0.9332408308982849
Train - example: 384 loss: 1.0328450202941895
Train - example: 385 loss: 0.9678688645362854
Train - example: 386 loss: 0.9512571692466736
Train - example: 387 loss: 0.9797312021255493
Train - example: 388 loss: 1.0529673099517822
Train - example: 389 loss: 0.9926717281341553
Train - example: 390 loss: 1.0068565607070923
Train - example: 391 loss: 0.9814112782478333
Train - example: 392 loss: 0.9584522843360901
Train - example: 393 loss: 0.9278857707977295
Train - example: 394 loss: 1.0301785469055176
Train - example: 395 loss: 0.9963860511779785
Train - example: 396 loss: 0.9824848175048828
Train - example: 397 loss: 0.8783907890319824
Train - example: 398 loss: 0.9959432482719421
Train - example: 399 loss: 1.0333222150802612
Train - example: 400 loss: 0.9901006817817688
Train - example: 401 loss: 0.9754676818847656
Train - example: 402 loss: 0.9653350710868835
Train - example: 403 loss: 0.9487642049789429
Train - example: 404 loss: 0.940260112285614
Train - example: 405 loss: 1.0003658533096313
Train - example: 406 loss: 0.8689033389091492
Train - example: 407 loss: 0.8879972100257874
Train - example: 408 loss: 0.9917306303977966
Train - example: 409 loss: 0.9877904653549194
Train - example: 410 loss: 1.0029956102371216
Train - example: 411 loss: 0.9714635610580444
Train - example: 412 loss: 1.0233129262924194
Train - example: 413 loss: 1.1143381595611572
Train - example: 414 loss: 0.9767307043075562
Train - example: 415 loss: 0.991508960723877
Train - example: 416 loss: 0.9312965273857117
Train - example: 417 loss: 1.017188310623169
Train - example: 418 loss: 0.9352776408195496
Train - example: 419 loss: 1.007169485092163
Train - example: 420 loss: 1.0382107496261597
Train - example: 421 loss: 1.014101505279541
Train - example: 422 loss: 0.9532252550125122
Train - example: 423 loss: 0.971712589263916
Train - example: 424 loss: 0.9920740723609924
Train - example: 425 loss: 0.9528433084487915
Train - example: 426 loss: 0.9850107431411743
Train - example: 427 loss: 0.9361095428466797
Train - example: 428 loss: 1.037449836730957
Train - example: 429 loss: 0.9878455996513367
Train - example: 430 loss: 0.9294673204421997
Train - example: 431 loss: 0.9819379448890686
Train - example: 432 loss: 0.9952127933502197
Train - example: 433 loss: 0.9531184434890747
Train - example: 434 loss: 0.9914645552635193
Train - example: 435 loss: 1.0681157112121582
Train - example: 436 loss: 0.9303354024887085
Train - example: 437 loss: 1.0003349781036377
Train - example: 438 loss: 1.0108102560043335
Train - example: 439 loss: 0.9859861135482788
Train - example: 440 loss: 1.0257490873336792
Train - example: 441 loss: 0.9943659901618958
Train - example: 442 loss: 0.9952501654624939
Train - example: 443 loss: 0.9470010995864868
Train - example: 444 loss: 1.0090765953063965
Train - example: 445 loss: 1.0008655786514282
Train - example: 446 loss: 0.9610785841941833
Train - example: 447 loss: 1.0315594673156738
Train - example: 448 loss: 0.961838960647583
Train - example: 449 loss: 0.992184042930603
Train - example: 450 loss: 0.9867402911186218
Train - example: 451 loss: 0.9466269016265869
Train - example: 452 loss: 0.9704627394676208
Train - example: 453 loss: 1.0024657249450684
Train - example: 454 loss: 0.9776037335395813
Train - example: 455 loss: 0.9414874315261841
Train - example: 456 loss: 0.9025940895080566
Train - example: 457 loss: 0.9289141893386841
Train - example: 458 loss: 0.9667260050773621
Train - example: 459 loss: 0.9313337802886963
Train - example: 460 loss: 0.9358701109886169
Train - example: 461 loss: 0.946685254573822
Train - example: 462 loss: 1.0078715085983276
Train - example: 463 loss: 0.903130292892456
Train - example: 464 loss: 0.9889201521873474
Train - example: 465 loss: 0.9503713846206665
Train - example: 466 loss: 1.094811201095581
Train - example: 467 loss: 0.9405291080474854
Train - example: 468 loss: 1.0146362781524658
Train - example: 469 loss: 0.9509184956550598
Train - example: 470 loss: 0.9510329365730286
Train - example: 471 loss: 0.9620906710624695
Train - example: 472 loss: 1.027992606163025
Train - example: 473 loss: 1.0212674140930176
Train - example: 474 loss: 0.9544609189033508
Train - example: 475 loss: 0.9976027607917786
Train - example: 0 loss: 0.9608451724052429
Train - example: 1 loss: 1.0150727033615112
Train - example: 2 loss: 0.9431294202804565
Train - example: 3 loss: 1.0440239906311035
Train - example: 4 loss: 0.9846066236495972
Train - example: 5 loss: 0.931394636631012
Train - example: 6 loss: 0.954468309879303
Train - example: 7 loss: 0.9305498003959656
Train - example: 8 loss: 0.9996259212493896
Train - example: 9 loss: 0.900963544845581
Train - example: 10 loss: 0.9687742590904236
Train - example: 11 loss: 0.9567209482192993
Train - example: 12 loss: 0.957899272441864
Train - example: 13 loss: 1.0332854986190796
Train - example: 14 loss: 0.9478939175605774
Train - example: 15 loss: 0.9834457635879517
Train - example: 16 loss: 0.9828106164932251
Train - example: 17 loss: 1.0590752363204956
Train - example: 18 loss: 1.0344767570495605
Train - example: 19 loss: 0.991691529750824
Train - example: 20 loss: 1.005530595779419
Train - example: 21 loss: 1.001196265220642
Train - example: 22 loss: 0.9835711121559143
Train - example: 23 loss: 0.9555115699768066
Train - example: 24 loss: 0.9627342820167542
Train - example: 25 loss: 0.9284380078315735
Train - example: 26 loss: 1.0234168767929077
Train - example: 27 loss: 0.9929491281509399
Train - example: 28 loss: 0.9538353681564331
Train - example: 29 loss: 1.033482551574707
Train - example: 30 loss: 0.9860551953315735
Train - example: 31 loss: 0.9887586236000061
Train - example: 32 loss: 1.012955665588379
Train - example: 33 loss: 0.9819532632827759
Train - example: 34 loss: 1.0094658136367798
Train - example: 35 loss: 0.9683767557144165
Train - example: 36 loss: 0.9174015522003174
Train - example: 37 loss: 0.9846460819244385
Train - example: 38 loss: 1.032487154006958
Train - example: 39 loss: 0.9946339130401611
Train - example: 40 loss: 0.9878244996070862
Train - example: 41 loss: 0.9328786730766296
Train - example: 42 loss: 0.9623396992683411
Train - example: 43 loss: 0.9607124328613281
Train - example: 44 loss: 0.9168579578399658
Train - example: 45 loss: 0.8700997829437256
Train - example: 46 loss: 1.0101665258407593
Train - example: 47 loss: 0.9853914380073547
Valid - iter: 2.0 loss: 0.987198791584047
Iteration: 1000  Train Loss: 0.9853914380073547  Test Accuracy: 51.14362716674805 %
Model 1000 was saved.
Train - example: 48 loss: 0.9602113962173462
Train - example: 49 loss: 0.9433926343917847
Train - example: 50 loss: 0.8842776417732239
Train - example: 51 loss: 1.004908800125122
Train - example: 52 loss: 1.010987401008606
Train - example: 53 loss: 0.9724862575531006
Train - example: 54 loss: 1.0460566282272339
Train - example: 55 loss: 1.0500694513320923
Train - example: 56 loss: 0.9752055406570435
Train - example: 57 loss: 0.9261248707771301
Train - example: 58 loss: 1.0146093368530273
Train - example: 59 loss: 1.0022251605987549
Train - example: 60 loss: 0.9520149230957031
Train - example: 61 loss: 0.9809864163398743
Train - example: 62 loss: 1.0910251140594482
Train - example: 63 loss: 1.0392693281173706
Train - example: 64 loss: 0.9943400025367737
Train - example: 65 loss: 0.9779945611953735
Train - example: 66 loss: 0.9642336964607239
Train - example: 67 loss: 0.974862813949585
Train - example: 68 loss: 1.0060864686965942
Train - example: 69 loss: 0.9546916484832764
Train - example: 70 loss: 0.9424991607666016
Train - example: 71 loss: 1.0513232946395874
Train - example: 72 loss: 0.9726756811141968
Train - example: 73 loss: 1.0101600885391235
Train - example: 74 loss: 0.9210537075996399
Train - example: 75 loss: 1.0062483549118042
Train - example: 76 loss: 1.0274195671081543
Train - example: 77 loss: 0.9586942791938782
Train - example: 78 loss: 0.919430673122406
Train - example: 79 loss: 0.9828861355781555
Train - example: 80 loss: 0.9305874109268188
Train - example: 81 loss: 0.9503476023674011
Train - example: 82 loss: 0.9603252410888672
Train - example: 83 loss: 1.038011074066162
Train - example: 84 loss: 0.9865598082542419
Train - example: 85 loss: 1.0582144260406494
Train - example: 86 loss: 1.0135051012039185
Train - example: 87 loss: 0.9395509958267212
Train - example: 88 loss: 0.9907253384590149
Train - example: 89 loss: 0.9658870697021484
Train - example: 90 loss: 1.0376598834991455
Train - example: 91 loss: 1.0051460266113281
Train - example: 92 loss: 0.9909883141517639
Train - example: 93 loss: 0.9259594082832336
Train - example: 94 loss: 0.9815611839294434
Train - example: 95 loss: 1.0721690654754639
Train - example: 96 loss: 0.9699434638023376
Train - example: 97 loss: 0.9559064507484436
Train - example: 98 loss: 0.8784753680229187
Train - example: 99 loss: 0.9834362268447876
Train - example: 100 loss: 0.9633938670158386
Train - example: 101 loss: 0.9091402292251587
Train - example: 102 loss: 0.9871986508369446
Train - example: 103 loss: 1.0052878856658936
Train - example: 104 loss: 0.9929205179214478
Train - example: 105 loss: 0.9377466440200806
Train - example: 106 loss: 0.9725853204727173
Train - example: 107 loss: 1.0046943426132202
Train - example: 108 loss: 1.0384249687194824
Train - example: 109 loss: 1.0044561624526978
Train - example: 110 loss: 0.9994994401931763
Train - example: 111 loss: 0.9560814499855042
Train - example: 112 loss: 1.0324736833572388
Train - example: 113 loss: 0.9020052552223206
Train - example: 114 loss: 0.9471390247344971
Train - example: 115 loss: 1.0561555624008179
Train - example: 116 loss: 0.961802065372467
Train - example: 117 loss: 0.9094952344894409
Train - example: 118 loss: 1.0308263301849365
Train - example: 119 loss: 0.9084163904190063
Train - example: 120 loss: 1.0149039030075073
Train - example: 121 loss: 0.9470882415771484
Train - example: 122 loss: 0.9454072713851929
Train - example: 123 loss: 1.0440202951431274
Train - example: 124 loss: 1.0638567209243774
Train - example: 125 loss: 1.0687600374221802
Train - example: 126 loss: 0.9685360789299011
Train - example: 127 loss: 0.9828442335128784
Train - example: 128 loss: 1.0124213695526123
Train - example: 129 loss: 0.9161908626556396
Train - example: 130 loss: 1.009040117263794
Train - example: 131 loss: 1.0065492391586304
Train - example: 132 loss: 0.9742366671562195
Train - example: 133 loss: 0.979876697063446
Train - example: 134 loss: 0.9425997734069824
Train - example: 135 loss: 0.9227474331855774
Train - example: 136 loss: 1.0822253227233887
Train - example: 137 loss: 0.9287871718406677
Train - example: 138 loss: 0.9187303781509399
Train - example: 139 loss: 0.9419510364532471
Train - example: 140 loss: 1.1029099225997925
Train - example: 141 loss: 0.9435417056083679
Train - example: 142 loss: 1.0843307971954346
Train - example: 143 loss: 0.90119469165802
Train - example: 144 loss: 0.9848453402519226
Train - example: 145 loss: 0.9187629222869873
Train - example: 146 loss: 1.0525543689727783
Train - example: 147 loss: 1.0028854608535767
Train - example: 148 loss: 0.9858956336975098
Train - example: 149 loss: 1.0284491777420044
Train - example: 150 loss: 0.989712119102478
Train - example: 151 loss: 0.9727117419242859
Train - example: 152 loss: 0.9625287652015686
Train - example: 153 loss: 0.9670525193214417
Train - example: 154 loss: 0.9610131978988647
Train - example: 155 loss: 1.0101861953735352
Train - example: 156 loss: 1.0235077142715454
Train - example: 157 loss: 0.9519517421722412
Train - example: 158 loss: 1.0021218061447144
Train - example: 159 loss: 0.9291032552719116
Train - example: 160 loss: 0.9830749034881592
Train - example: 161 loss: 0.8922713398933411
Train - example: 162 loss: 0.9647915363311768
Train - example: 163 loss: 0.984799325466156
Train - example: 164 loss: 0.9686083793640137
Train - example: 165 loss: 0.9516999125480652
Train - example: 166 loss: 1.0294016599655151
Train - example: 167 loss: 0.9231178164482117
Train - example: 168 loss: 1.0698262453079224
Train - example: 169 loss: 1.0090996026992798
Train - example: 170 loss: 0.9758093953132629
Train - example: 171 loss: 1.0025458335876465
Train - example: 172 loss: 0.9704309105873108
Train - example: 173 loss: 1.0392391681671143
Train - example: 174 loss: 0.9200754761695862
Train - example: 175 loss: 0.985399603843689
Train - example: 176 loss: 1.0219790935516357
Train - example: 177 loss: 1.0286856889724731
Train - example: 178 loss: 0.9380161166191101
Train - example: 179 loss: 1.0241831541061401
Train - example: 180 loss: 0.9642041921615601
Train - example: 181 loss: 0.9134295582771301
Train - example: 182 loss: 0.8897320628166199
Train - example: 183 loss: 0.9336649179458618
Train - example: 184 loss: 0.9325523972511292
Train - example: 185 loss: 1.0069222450256348
Train - example: 186 loss: 0.9673511385917664
Train - example: 187 loss: 0.9473646283149719
Train - example: 188 loss: 0.9805632829666138
Train - example: 189 loss: 0.9959964156150818
Train - example: 190 loss: 0.931742787361145
Train - example: 191 loss: 0.9443247318267822
Train - example: 192 loss: 0.9153539538383484
Train - example: 193 loss: 1.0607786178588867
Train - example: 194 loss: 0.9760236144065857
Train - example: 195 loss: 1.0232750177383423
Train - example: 196 loss: 0.8873855471611023
Train - example: 197 loss: 0.8808513879776001
Train - example: 198 loss: 0.8951683044433594
Train - example: 199 loss: 0.9219659566879272
Train - example: 200 loss: 0.9929330348968506
Train - example: 201 loss: 0.9718985557556152
Train - example: 202 loss: 0.9626734256744385
Train - example: 203 loss: 0.9800354242324829
Train - example: 204 loss: 0.9858652353286743
Train - example: 205 loss: 1.0256991386413574
Train - example: 206 loss: 0.9881473779678345
Train - example: 207 loss: 0.9159011840820312
Train - example: 208 loss: 0.9100870490074158
Train - example: 209 loss: 0.9479749202728271
Train - example: 210 loss: 1.0124372243881226
Train - example: 211 loss: 0.9901846051216125
Train - example: 212 loss: 0.9478533864021301
Train - example: 213 loss: 0.9998327493667603
Train - example: 214 loss: 0.9967894554138184
Train - example: 215 loss: 0.9518170952796936
Train - example: 216 loss: 1.0869203805923462
Train - example: 217 loss: 0.967832624912262
Train - example: 218 loss: 0.9737461805343628
Train - example: 219 loss: 0.9876407384872437
Train - example: 220 loss: 1.0545762777328491
Train - example: 221 loss: 0.946580171585083
Train - example: 222 loss: 0.9920071363449097
Train - example: 223 loss: 1.0265761613845825
Train - example: 224 loss: 1.001805067062378
Train - example: 225 loss: 0.9489431977272034
Train - example: 226 loss: 0.9627817273139954
Train - example: 227 loss: 0.9848266839981079
Train - example: 228 loss: 0.9686064720153809
Train - example: 229 loss: 1.0090972185134888
Train - example: 230 loss: 1.017829179763794
Train - example: 231 loss: 0.9382179379463196
Train - example: 232 loss: 0.9606658816337585
Train - example: 233 loss: 0.9878021478652954
Train - example: 234 loss: 0.9528427124023438
Train - example: 235 loss: 1.0604530572891235
Train - example: 236 loss: 0.9649875164031982
Train - example: 237 loss: 0.9859881401062012
Train - example: 238 loss: 0.9767872095108032
Train - example: 239 loss: 1.0471879243850708
Train - example: 240 loss: 0.9818375110626221
Train - example: 241 loss: 1.1403589248657227
Train - example: 242 loss: 0.9347602725028992
Train - example: 243 loss: 0.969681978225708
Train - example: 244 loss: 0.9953373074531555
Train - example: 245 loss: 0.937961220741272
Train - example: 246 loss: 0.9871259331703186
Train - example: 247 loss: 0.914448082447052
Train - example: 248 loss: 0.9999274611473083
Train - example: 249 loss: 1.042343020439148
Train - example: 250 loss: 1.0654183626174927
Train - example: 251 loss: 1.0047030448913574
Train - example: 252 loss: 0.9474689364433289
Train - example: 253 loss: 0.9967913627624512
Train - example: 254 loss: 0.9500048160552979
Train - example: 255 loss: 1.0242984294891357
Train - example: 256 loss: 1.0448799133300781
Train - example: 257 loss: 0.9153259992599487
Train - example: 258 loss: 0.9628603458404541
Train - example: 259 loss: 1.020883321762085
Train - example: 260 loss: 1.0326018333435059
Train - example: 261 loss: 1.0427402257919312
Train - example: 262 loss: 1.002697229385376
Train - example: 263 loss: 0.9809268116950989
Train - example: 264 loss: 1.0044907331466675
Train - example: 265 loss: 0.9314190149307251
Train - example: 266 loss: 1.0198596715927124
Train - example: 267 loss: 0.9452983140945435
Train - example: 268 loss: 0.9432218074798584
Train - example: 269 loss: 0.9089238047599792
Train - example: 270 loss: 0.9832668900489807
Train - example: 271 loss: 0.9442640542984009
Train - example: 272 loss: 0.9817804098129272
Train - example: 273 loss: 0.9055584669113159
Train - example: 274 loss: 0.9604958295822144
Train - example: 275 loss: 0.9774755239486694
Train - example: 276 loss: 0.9833624362945557
Train - example: 277 loss: 1.0252630710601807
Train - example: 278 loss: 0.9979333281517029
Train - example: 279 loss: 0.9320482015609741
Train - example: 280 loss: 1.034116268157959
Train - example: 281 loss: 0.9185582995414734
Train - example: 282 loss: 1.0465519428253174
Train - example: 283 loss: 1.0084210634231567
Train - example: 284 loss: 0.9687222838401794
Train - example: 285 loss: 1.0143769979476929
Train - example: 286 loss: 1.0784087181091309
Train - example: 287 loss: 0.9434219598770142
Train - example: 288 loss: 0.9193400740623474
Train - example: 289 loss: 1.01595938205719
Train - example: 290 loss: 0.9905520677566528
Train - example: 291 loss: 0.9083581566810608
Train - example: 292 loss: 1.034773349761963
Train - example: 293 loss: 0.951587975025177
Train - example: 294 loss: 0.9587242603302002
Train - example: 295 loss: 1.0951212644577026
Train - example: 296 loss: 0.9934701323509216
Train - example: 297 loss: 0.874325692653656
Train - example: 298 loss: 0.8595957159996033
Train - example: 299 loss: 0.9672792553901672
Train - example: 300 loss: 1.0284366607666016
Train - example: 301 loss: 0.9771620035171509
Train - example: 302 loss: 0.9609576463699341
Train - example: 303 loss: 0.9435120224952698
Train - example: 304 loss: 0.9742305278778076
Train - example: 305 loss: 0.9843674302101135
Train - example: 306 loss: 0.9867496490478516
Train - example: 307 loss: 0.997983992099762
Train - example: 308 loss: 1.0290658473968506
Train - example: 309 loss: 0.9658780097961426
Train - example: 310 loss: 1.0066410303115845
Train - example: 311 loss: 0.9231927394866943
Train - example: 312 loss: 0.983721911907196
Train - example: 313 loss: 0.9576614499092102
Train - example: 314 loss: 0.944398820400238
Train - example: 315 loss: 0.9614170789718628
Train - example: 316 loss: 0.9439176321029663
Train - example: 317 loss: 0.9811025857925415
Train - example: 318 loss: 0.9508635997772217
Train - example: 319 loss: 0.9821787476539612
Train - example: 320 loss: 0.9887736439704895
Train - example: 321 loss: 0.973771870136261
Train - example: 322 loss: 0.9235183000564575
Train - example: 323 loss: 1.0686004161834717
Train - example: 324 loss: 1.0186960697174072
Train - example: 325 loss: 0.928750216960907
Train - example: 326 loss: 0.9408331513404846
Train - example: 327 loss: 1.0472811460494995
Train - example: 328 loss: 0.9222258925437927
Train - example: 329 loss: 0.9241220951080322
Train - example: 330 loss: 1.0281239748001099
Train - example: 331 loss: 0.956086277961731
Train - example: 332 loss: 1.0014662742614746
Train - example: 333 loss: 1.0174800157546997
Train - example: 334 loss: 0.9916234016418457
Train - example: 335 loss: 1.0077672004699707
Train - example: 336 loss: 0.969653308391571
Train - example: 337 loss: 0.969210147857666
Train - example: 338 loss: 0.900745153427124
Train - example: 339 loss: 0.8814681172370911
Train - example: 340 loss: 0.9997169971466064
Train - example: 341 loss: 0.9949774742126465
Train - example: 342 loss: 0.9929235577583313
Train - example: 343 loss: 0.9911209940910339
Train - example: 344 loss: 0.9611276388168335
Train - example: 345 loss: 1.0303746461868286
Train - example: 346 loss: 0.9949921369552612
Train - example: 347 loss: 0.9374262094497681
Train - example: 348 loss: 0.9507444500923157
Train - example: 349 loss: 1.0074875354766846
Train - example: 350 loss: 0.9444280862808228
Train - example: 351 loss: 0.9962894916534424
Train - example: 352 loss: 0.9902092218399048
Train - example: 353 loss: 0.9052074551582336
Train - example: 354 loss: 0.9877379536628723
Train - example: 355 loss: 0.9181766510009766
Train - example: 356 loss: 1.009673833847046
Train - example: 357 loss: 1.0284916162490845
Train - example: 358 loss: 0.9746453166007996
Train - example: 359 loss: 1.0321885347366333
Train - example: 360 loss: 1.0219130516052246
Train - example: 361 loss: 0.9765201807022095
Train - example: 362 loss: 1.0144842863082886
Train - example: 363 loss: 0.9722602963447571
Train - example: 364 loss: 0.9836030006408691
Train - example: 365 loss: 0.910274863243103
Train - example: 366 loss: 0.8858321309089661
Train - example: 367 loss: 0.993410587310791
Train - example: 368 loss: 1.0807068347930908
Train - example: 369 loss: 1.0121210813522339
Train - example: 370 loss: 0.9817553758621216
Train - example: 371 loss: 0.8960138559341431
Train - example: 372 loss: 0.9886025190353394
Train - example: 373 loss: 1.0215063095092773
Train - example: 374 loss: 0.99323570728302
Train - example: 375 loss: 0.9543317556381226
Train - example: 376 loss: 0.9840762615203857
Train - example: 377 loss: 0.983705461025238
Train - example: 378 loss: 0.9357103109359741
Train - example: 379 loss: 0.9639908671379089
Train - example: 380 loss: 0.9195960760116577
Train - example: 381 loss: 1.0860795974731445
Train - example: 382 loss: 0.9952664971351624
Train - example: 383 loss: 0.9909902215003967
Train - example: 384 loss: 0.9682663679122925
Train - example: 385 loss: 0.9524481296539307
Train - example: 386 loss: 0.979458749294281
Train - example: 387 loss: 0.9675614833831787
Train - example: 388 loss: 0.9558454155921936
Train - example: 389 loss: 0.9882213473320007
Train - example: 390 loss: 0.9607958197593689
Train - example: 391 loss: 1.0216727256774902
Train - example: 392 loss: 0.9173563122749329
Train - example: 393 loss: 0.9670878052711487
Train - example: 394 loss: 0.9529841542243958
Train - example: 395 loss: 0.9315879940986633
Train - example: 396 loss: 0.9871341586112976
Train - example: 397 loss: 0.9853135943412781
Train - example: 398 loss: 1.003607988357544
Train - example: 399 loss: 1.0329837799072266
Train - example: 400 loss: 1.0118117332458496
Train - example: 401 loss: 0.9829556345939636
Train - example: 402 loss: 0.9331305027008057
Train - example: 403 loss: 0.9582284688949585
Train - example: 404 loss: 0.9829151630401611
Train - example: 405 loss: 0.938232421875
Train - example: 406 loss: 0.9954161643981934
Train - example: 407 loss: 0.9407241940498352
Train - example: 408 loss: 0.9207112193107605
Train - example: 409 loss: 0.9758267998695374
Train - example: 410 loss: 0.9708994030952454
Train - example: 411 loss: 1.0400317907333374
Train - example: 412 loss: 0.9963730573654175
Train - example: 413 loss: 1.0245676040649414
Train - example: 414 loss: 0.9568110704421997
Train - example: 415 loss: 0.9141692519187927
Train - example: 416 loss: 0.945202648639679
Train - example: 417 loss: 1.045099139213562
Train - example: 418 loss: 0.974235475063324
Train - example: 419 loss: 0.9861041903495789
Train - example: 420 loss: 0.9586828351020813
Train - example: 421 loss: 0.9730503559112549
Train - example: 422 loss: 0.9400883316993713
Train - example: 423 loss: 0.9191580414772034
Train - example: 424 loss: 0.9740459322929382
Train - example: 425 loss: 0.9427233338356018
Train - example: 426 loss: 0.9737060070037842
Train - example: 427 loss: 1.061610460281372
Train - example: 428 loss: 0.9801957011222839
Train - example: 429 loss: 0.9388355016708374
Train - example: 430 loss: 1.0182477235794067
Train - example: 431 loss: 1.0240204334259033
Train - example: 432 loss: 1.0352416038513184
Train - example: 433 loss: 1.0590156316757202
Train - example: 434 loss: 0.9996386170387268
Train - example: 435 loss: 0.9860155582427979
Train - example: 436 loss: 0.9435883164405823
Train - example: 437 loss: 1.0511268377304077
Train - example: 438 loss: 0.9087585210800171
Train - example: 439 loss: 0.9513382911682129
Train - example: 440 loss: 0.9778079986572266
Train - example: 441 loss: 1.0305144786834717
Train - example: 442 loss: 1.0044562816619873
Train - example: 443 loss: 0.9048023819923401
Train - example: 444 loss: 0.9052757024765015
Train - example: 445 loss: 0.9640187621116638
Train - example: 446 loss: 0.9720404744148254
Train - example: 447 loss: 0.9778541326522827
Train - example: 448 loss: 0.9463688135147095
Train - example: 449 loss: 0.9205076098442078
Train - example: 450 loss: 0.9746957421302795
Train - example: 451 loss: 0.9583524465560913
Train - example: 452 loss: 0.9626923203468323
Train - example: 453 loss: 0.9315569996833801
Train - example: 454 loss: 0.9606451988220215
Train - example: 455 loss: 0.9512273669242859
Train - example: 456 loss: 0.9259169697761536
Train - example: 457 loss: 0.9645453691482544
Train - example: 458 loss: 1.012549877166748
Train - example: 459 loss: 0.9406792521476746
Train - example: 460 loss: 0.9660753607749939
Train - example: 461 loss: 1.0122997760772705
Train - example: 462 loss: 0.9345859289169312
Train - example: 463 loss: 0.978115439414978
Train - example: 464 loss: 1.013319969177246
Train - example: 465 loss: 1.0221306085586548
Train - example: 466 loss: 1.0286298990249634
Train - example: 467 loss: 0.9689252376556396
Train - example: 468 loss: 0.9141134023666382
Train - example: 469 loss: 1.0024148225784302
Train - example: 470 loss: 0.8403211832046509
Train - example: 471 loss: 0.9250341057777405
Train - example: 472 loss: 0.9237068891525269
Train - example: 473 loss: 0.9608951807022095
Train - example: 474 loss: 0.9610719084739685
Train - example: 475 loss: 1.055530071258545
Train - example: 0 loss: 0.9462411403656006
Train - example: 1 loss: 0.9869500994682312
Train - example: 2 loss: 0.9381865859031677
Train - example: 3 loss: 1.0821033716201782
Train - example: 4 loss: 0.9640564918518066
Train - example: 5 loss: 1.0457144975662231
Train - example: 6 loss: 0.9482165575027466
Train - example: 7 loss: 0.9559236764907837
Train - example: 8 loss: 1.0438880920410156
Train - example: 9 loss: 1.0594068765640259
Train - example: 10 loss: 0.9762614369392395
Train - example: 11 loss: 1.0338115692138672
Train - example: 12 loss: 1.0219662189483643
Train - example: 13 loss: 1.006479263305664
Train - example: 14 loss: 1.0205079317092896
Train - example: 15 loss: 0.9850280284881592
Train - example: 16 loss: 0.9360178112983704
Train - example: 17 loss: 0.9428476095199585
Train - example: 18 loss: 0.9567450881004333
Train - example: 19 loss: 0.9682613611221313
Train - example: 20 loss: 0.9693232774734497
Train - example: 21 loss: 0.9720153212547302
Train - example: 22 loss: 0.972400426864624
Train - example: 23 loss: 1.060829520225525
Train - example: 24 loss: 0.8620657324790955
Train - example: 25 loss: 0.9470370411872864
Train - example: 26 loss: 0.8584586381912231
Train - example: 27 loss: 1.0157231092453003
Train - example: 28 loss: 0.9409547448158264
Train - example: 29 loss: 0.920581579208374
Train - example: 30 loss: 0.9705109596252441
Train - example: 31 loss: 0.9740039706230164
Train - example: 32 loss: 0.91426682472229
Train - example: 33 loss: 1.0129203796386719
Train - example: 34 loss: 0.9674946069717407
Train - example: 35 loss: 0.990060567855835
Train - example: 36 loss: 0.9678632616996765
Train - example: 37 loss: 0.9179049134254456
Train - example: 38 loss: 0.9190194010734558
Train - example: 39 loss: 1.0549063682556152
Train - example: 40 loss: 1.0024112462997437
Train - example: 41 loss: 0.9228957891464233
Train - example: 42 loss: 0.9951004981994629
Train - example: 43 loss: 1.0210949182510376
Train - example: 44 loss: 1.0026775598526
Train - example: 45 loss: 0.9394528269767761
Train - example: 46 loss: 0.9666025638580322
Train - example: 47 loss: 0.9642751216888428
Train - example: 48 loss: 0.9195407032966614
Train - example: 49 loss: 0.9695892333984375
Train - example: 50 loss: 0.9725866913795471
Train - example: 51 loss: 1.0534340143203735
Train - example: 52 loss: 1.0366950035095215
Train - example: 53 loss: 0.9663383364677429
Train - example: 54 loss: 0.962495744228363
Train - example: 55 loss: 1.0262643098831177
Train - example: 56 loss: 0.9919958710670471
Train - example: 57 loss: 0.966930627822876
Train - example: 58 loss: 1.0221753120422363
Train - example: 59 loss: 1.0281016826629639
Train - example: 60 loss: 0.9847145676612854
Train - example: 61 loss: 0.999880850315094
Train - example: 62 loss: 0.968913733959198
Train - example: 63 loss: 1.0124081373214722
Train - example: 64 loss: 1.0203548669815063
Train - example: 65 loss: 1.0530483722686768
Train - example: 66 loss: 1.0408921241760254
Train - example: 67 loss: 0.991020679473877
Train - example: 68 loss: 1.0307046175003052
Train - example: 69 loss: 0.976155698299408
Train - example: 70 loss: 0.9669013023376465
Train - example: 71 loss: 0.9735795855522156
Valid - iter: 3.0 loss: 0.9800216199971047
Iteration: 1500  Train Loss: 0.9735795855522156  Test Accuracy: 51.07635498046875 %
Model 1500 was saved.
Train - example: 72 loss: 0.9097472429275513
Train - example: 73 loss: 1.0149685144424438
Train - example: 74 loss: 0.9347943663597107
Train - example: 75 loss: 0.9328975081443787
Train - example: 76 loss: 0.9759643077850342
Train - example: 77 loss: 0.9716665744781494
Train - example: 78 loss: 0.9944629073143005
Train - example: 79 loss: 0.9924054145812988
Train - example: 80 loss: 0.9699037075042725
Train - example: 81 loss: 1.068280577659607
Train - example: 82 loss: 0.9798139333724976
Train - example: 83 loss: 1.0025404691696167
Train - example: 84 loss: 0.9920377135276794
Train - example: 85 loss: 0.9635983109474182
Train - example: 86 loss: 0.9740235209465027
Train - example: 87 loss: 0.9525392055511475
Train - example: 88 loss: 0.9314495325088501
Train - example: 89 loss: 0.9076073169708252
Train - example: 90 loss: 1.0489994287490845
Train - example: 91 loss: 0.9728421568870544
Train - example: 92 loss: 0.9740298390388489
Train - example: 93 loss: 0.9798837900161743
Train - example: 94 loss: 0.9300457239151001
Train - example: 95 loss: 0.9224345684051514
Train - example: 96 loss: 1.0666652917861938
Train - example: 97 loss: 0.984876275062561
Train - example: 98 loss: 0.9366414546966553
Train - example: 99 loss: 0.9929368495941162
Train - example: 100 loss: 0.9710862636566162
Train - example: 101 loss: 0.9400818347930908
Train - example: 102 loss: 0.9619379639625549
Train - example: 103 loss: 1.0278488397598267
Train - example: 104 loss: 0.9572904706001282
Train - example: 105 loss: 1.0134105682373047
Train - example: 106 loss: 0.9105935096740723
Train - example: 107 loss: 0.979503333568573
Train - example: 108 loss: 0.9690803289413452
Train - example: 109 loss: 0.9707624912261963
Train - example: 110 loss: 1.0297576189041138
Train - example: 111 loss: 0.8821823000907898
Train - example: 112 loss: 0.9303687214851379
Train - example: 113 loss: 0.9698135852813721
Train - example: 114 loss: 1.0221436023712158
Train - example: 115 loss: 0.9378849864006042
Train - example: 116 loss: 0.948607861995697
Train - example: 117 loss: 1.0140783786773682
Train - example: 118 loss: 0.9745084643363953
Train - example: 119 loss: 0.9474999904632568
Train - example: 120 loss: 1.0108981132507324
Train - example: 121 loss: 0.9184349775314331
Train - example: 122 loss: 0.9719110131263733
Train - example: 123 loss: 0.988334059715271
Train - example: 124 loss: 0.9158005714416504
Train - example: 125 loss: 0.9591996073722839
Train - example: 126 loss: 1.0254944562911987
Train - example: 127 loss: 0.9507232904434204
Train - example: 128 loss: 0.9252389669418335
Train - example: 129 loss: 1.0410302877426147
Train - example: 130 loss: 1.0112704038619995
Train - example: 131 loss: 0.9966394305229187
Train - example: 132 loss: 0.9319794178009033
Train - example: 133 loss: 1.0501717329025269
Train - example: 134 loss: 1.000931978225708
Train - example: 135 loss: 0.9949744343757629
Train - example: 136 loss: 0.9454216957092285
Train - example: 137 loss: 1.024770736694336
Train - example: 138 loss: 1.0659170150756836
Train - example: 139 loss: 0.9710794687271118
Train - example: 140 loss: 0.9574514627456665
Train - example: 141 loss: 0.9906526207923889
Train - example: 142 loss: 1.006547212600708
Train - example: 143 loss: 0.9359626173973083
Train - example: 144 loss: 0.9768862128257751
Train - example: 145 loss: 0.8849207162857056
Train - example: 146 loss: 0.9439684152603149
Train - example: 147 loss: 1.0084450244903564
Train - example: 148 loss: 1.0173426866531372
Train - example: 149 loss: 1.0056625604629517
Train - example: 150 loss: 0.9236878156661987
Train - example: 151 loss: 0.9371533393859863
Train - example: 152 loss: 1.0466026067733765
Train - example: 153 loss: 0.9682352542877197
Train - example: 154 loss: 0.9626862406730652
Train - example: 155 loss: 1.012700080871582
Train - example: 156 loss: 0.9652015566825867
Train - example: 157 loss: 0.8923661112785339
Train - example: 158 loss: 0.9909161925315857
Train - example: 159 loss: 1.0638599395751953
Train - example: 160 loss: 0.9134663343429565
Train - example: 161 loss: 0.9531753063201904
Train - example: 162 loss: 0.9476255178451538
Train - example: 163 loss: 0.9532631635665894
Train - example: 164 loss: 1.0232270956039429
Train - example: 165 loss: 1.0021929740905762
Train - example: 166 loss: 0.9397815465927124
Train - example: 167 loss: 0.9970253109931946
Train - example: 168 loss: 1.0052387714385986
Train - example: 169 loss: 0.9218072295188904
Train - example: 170 loss: 0.9764649868011475
Train - example: 171 loss: 1.030655860900879
Train - example: 172 loss: 1.0838119983673096
Train - example: 173 loss: 0.9676691293716431
Train - example: 174 loss: 0.997549831867218
Train - example: 175 loss: 0.9764853119850159
Train - example: 176 loss: 0.9608988165855408
Train - example: 177 loss: 0.9715408086776733
Train - example: 178 loss: 0.9475672841072083
Train - example: 179 loss: 1.0172332525253296
Train - example: 180 loss: 0.9856182336807251
Train - example: 181 loss: 0.932746410369873
Train - example: 182 loss: 0.9950304627418518
Train - example: 183 loss: 0.9840667843818665
Train - example: 184 loss: 0.8994318246841431
Train - example: 185 loss: 0.9394515156745911
Train - example: 186 loss: 0.9602475166320801
Train - example: 187 loss: 0.9861505031585693
Train - example: 188 loss: 0.9634367227554321
Train - example: 189 loss: 0.9615166187286377
Train - example: 190 loss: 0.9094448089599609
Train - example: 191 loss: 1.0256266593933105
Train - example: 192 loss: 0.9997547268867493
Train - example: 193 loss: 0.8809975981712341
Train - example: 194 loss: 0.9622530937194824
Train - example: 195 loss: 0.9491744041442871
Train - example: 196 loss: 0.9543694257736206
Train - example: 197 loss: 0.9532625675201416
Train - example: 198 loss: 0.9255491495132446
Train - example: 199 loss: 0.9936482310295105
Train - example: 200 loss: 0.9479721784591675
Train - example: 201 loss: 0.9918608069419861
Train - example: 202 loss: 1.0149235725402832
Train - example: 203 loss: 1.0333027839660645
Train - example: 204 loss: 0.9011383056640625
Train - example: 205 loss: 1.0032105445861816
Train - example: 206 loss: 0.9836785197257996
Train - example: 207 loss: 0.9528264403343201
Train - example: 208 loss: 0.9787696599960327
Train - example: 209 loss: 0.8972898125648499
Train - example: 210 loss: 0.9284326434135437
Train - example: 211 loss: 0.9952526092529297
Train - example: 212 loss: 1.0115044116973877
Train - example: 213 loss: 1.0101450681686401
Train - example: 214 loss: 0.9538411498069763
Train - example: 215 loss: 1.0424606800079346
Train - example: 216 loss: 1.0026148557662964
Train - example: 217 loss: 0.9912777543067932
Train - example: 218 loss: 0.9647167325019836
Train - example: 219 loss: 0.9913619756698608
Train - example: 220 loss: 1.0584907531738281
Train - example: 221 loss: 1.0385321378707886
Train - example: 222 loss: 0.938769519329071
Train - example: 223 loss: 0.9478403329849243
Train - example: 224 loss: 1.0183372497558594
Train - example: 225 loss: 0.9745023846626282
Train - example: 226 loss: 0.9112673997879028
Train - example: 227 loss: 1.0114660263061523
Train - example: 228 loss: 0.9544846415519714
Train - example: 229 loss: 0.9662390947341919
Train - example: 230 loss: 0.9873027205467224
Train - example: 231 loss: 0.9076660871505737
Train - example: 232 loss: 1.0081180334091187
Train - example: 233 loss: 0.903922438621521
Train - example: 234 loss: 0.9242236614227295
Train - example: 235 loss: 0.9470643401145935
Train - example: 236 loss: 1.0360524654388428
Train - example: 237 loss: 0.9931472539901733
Train - example: 238 loss: 0.9425801634788513
Train - example: 239 loss: 0.9162945747375488
Train - example: 240 loss: 0.9892603158950806
Train - example: 241 loss: 0.975716769695282
Train - example: 242 loss: 0.9980468153953552
Train - example: 243 loss: 1.0230101346969604
Train - example: 244 loss: 1.0120078325271606
Train - example: 245 loss: 1.0087709426879883
Train - example: 246 loss: 0.9790120124816895
Train - example: 247 loss: 0.8713384866714478
Train - example: 248 loss: 0.9800644516944885
Train - example: 249 loss: 0.9848439693450928
Train - example: 250 loss: 0.95882248878479
Train - example: 251 loss: 1.0818291902542114
Train - example: 252 loss: 0.9618141055107117
Train - example: 253 loss: 0.9622344970703125
Train - example: 254 loss: 1.0809531211853027
Train - example: 255 loss: 0.9527425169944763
Train - example: 256 loss: 0.9707689881324768
Train - example: 257 loss: 0.9977772235870361
Train - example: 258 loss: 0.9533169269561768
Train - example: 259 loss: 0.8493145108222961
Train - example: 260 loss: 0.9495517611503601
Train - example: 261 loss: 0.9421176314353943
Train - example: 262 loss: 0.9495180249214172
Train - example: 263 loss: 0.9363966584205627
Train - example: 264 loss: 0.892814040184021
Train - example: 265 loss: 0.9890550971031189
Train - example: 266 loss: 1.040798544883728
Train - example: 267 loss: 1.0118845701217651
Train - example: 268 loss: 0.9712207317352295
Train - example: 269 loss: 0.9311256408691406
Train - example: 270 loss: 0.9953274726867676
Train - example: 271 loss: 1.0713485479354858
Train - example: 272 loss: 0.942409873008728
Train - example: 273 loss: 1.0487693548202515
Train - example: 274 loss: 1.0107425451278687
Train - example: 275 loss: 1.0293635129928589
Train - example: 276 loss: 0.89976966381073
Train - example: 277 loss: 0.9427643418312073
Train - example: 278 loss: 1.0201728343963623
Train - example: 279 loss: 0.934490442276001
Train - example: 280 loss: 0.948905348777771
Train - example: 281 loss: 0.995179295539856
Train - example: 282 loss: 0.952675998210907
Train - example: 283 loss: 0.9938338994979858
Train - example: 284 loss: 1.073146939277649
Train - example: 285 loss: 0.9520742297172546
Train - example: 286 loss: 1.033644676208496
Train - example: 287 loss: 1.0136284828186035
Train - example: 288 loss: 0.9751157164573669
Train - example: 289 loss: 1.003150463104248
Train - example: 290 loss: 0.9392986297607422
Train - example: 291 loss: 0.9962218999862671
Train - example: 292 loss: 0.9472138285636902
Train - example: 293 loss: 0.9982378482818604
Train - example: 294 loss: 0.9762808084487915
Train - example: 295 loss: 1.0335345268249512
Train - example: 296 loss: 1.0048481225967407
Train - example: 297 loss: 0.9316051006317139
Train - example: 298 loss: 0.9347765445709229
Train - example: 299 loss: 0.9739956855773926
Train - example: 300 loss: 1.0177950859069824
Train - example: 301 loss: 0.9237478375434875
Train - example: 302 loss: 0.9987229704856873
Train - example: 303 loss: 0.9442247748374939
Train - example: 304 loss: 1.0075434446334839
Train - example: 305 loss: 0.9258606433868408
Train - example: 306 loss: 0.9489993453025818
Train - example: 307 loss: 0.9623889923095703
Train - example: 308 loss: 0.9269764423370361
Train - example: 309 loss: 0.9667131304740906
Train - example: 310 loss: 0.9085860252380371
Train - example: 311 loss: 0.9987727403640747
Train - example: 312 loss: 1.0076286792755127
Train - example: 313 loss: 0.897545337677002
Train - example: 314 loss: 0.9684492349624634
Train - example: 315 loss: 0.9861763119697571
Train - example: 316 loss: 0.9353424310684204
Train - example: 317 loss: 0.995941698551178
Train - example: 318 loss: 0.9600546956062317
Train - example: 319 loss: 0.9678774476051331
Train - example: 320 loss: 1.0157376527786255
Train - example: 321 loss: 0.9557264447212219
Train - example: 322 loss: 1.020349144935608
Train - example: 323 loss: 0.9981167316436768
Train - example: 324 loss: 1.020554542541504
Train - example: 325 loss: 0.996420681476593
Train - example: 326 loss: 0.9459390044212341
Train - example: 327 loss: 0.938398003578186
Train - example: 328 loss: 0.98392653465271
Train - example: 329 loss: 0.9633288383483887
Train - example: 330 loss: 0.9645498394966125
Train - example: 331 loss: 1.0333261489868164
Train - example: 332 loss: 0.9145079851150513
Train - example: 333 loss: 1.0535179376602173
Train - example: 334 loss: 0.9935659766197205
Train - example: 335 loss: 1.0326266288757324
Train - example: 336 loss: 0.9396218657493591
Train - example: 337 loss: 1.0353161096572876
Train - example: 338 loss: 1.015092134475708
Train - example: 339 loss: 0.9071893095970154
Train - example: 340 loss: 0.9745234847068787
Train - example: 341 loss: 0.94219571352005
Train - example: 342 loss: 0.9592739939689636
Train - example: 343 loss: 1.0075538158416748
Train - example: 344 loss: 0.9856142401695251
Train - example: 345 loss: 0.9606142640113831
Train - example: 346 loss: 0.9823673963546753
Train - example: 347 loss: 1.0368187427520752
Train - example: 348 loss: 0.8879440426826477
Train - example: 349 loss: 1.0195280313491821
Train - example: 350 loss: 0.990227460861206
Train - example: 351 loss: 0.9898898601531982
Train - example: 352 loss: 1.0082297325134277
Train - example: 353 loss: 0.9894062876701355
Train - example: 354 loss: 0.9792556762695312
Train - example: 355 loss: 0.9919691681861877
Train - example: 356 loss: 0.9432593584060669
Train - example: 357 loss: 0.9619597792625427
Train - example: 358 loss: 0.97931969165802
Train - example: 359 loss: 1.0165431499481201
Train - example: 360 loss: 0.9428332448005676
Train - example: 361 loss: 0.9526641964912415
Train - example: 362 loss: 1.003522515296936
Train - example: 363 loss: 0.9766008257865906
Train - example: 364 loss: 1.0296645164489746
Train - example: 365 loss: 0.9618449211120605
Train - example: 366 loss: 0.9395440816879272
Train - example: 367 loss: 1.0077135562896729
Train - example: 368 loss: 1.0008628368377686
Train - example: 369 loss: 0.9887490272521973
Train - example: 370 loss: 1.0168136358261108
Train - example: 371 loss: 1.0339528322219849
Train - example: 372 loss: 1.0677669048309326
Train - example: 373 loss: 1.0440856218338013
Train - example: 374 loss: 0.9255114197731018
Train - example: 375 loss: 0.9309096336364746
Train - example: 376 loss: 0.9745195508003235
Train - example: 377 loss: 1.0455098152160645
Train - example: 378 loss: 0.9633129239082336
Train - example: 379 loss: 0.9797009825706482
Train - example: 380 loss: 0.9486889839172363
Train - example: 381 loss: 1.0284695625305176
Train - example: 382 loss: 0.9196730852127075
Train - example: 383 loss: 1.084365963935852
Train - example: 384 loss: 0.9947673678398132
Train - example: 385 loss: 0.9822968244552612
Train - example: 386 loss: 1.0460834503173828
Train - example: 387 loss: 0.9333019256591797
Train - example: 388 loss: 0.957480251789093
Train - example: 389 loss: 0.9539012908935547
Train - example: 390 loss: 0.9295957684516907
Train - example: 391 loss: 0.9143303036689758
Train - example: 392 loss: 1.0238370895385742
Train - example: 393 loss: 0.978309154510498
Train - example: 394 loss: 1.036060094833374
Train - example: 395 loss: 0.9244667887687683
Train - example: 396 loss: 1.0132746696472168
Train - example: 397 loss: 0.972595751285553
Train - example: 398 loss: 0.9677815437316895
Train - example: 399 loss: 0.9517844915390015
Train - example: 400 loss: 1.0494048595428467
Train - example: 401 loss: 0.9874826669692993
Train - example: 402 loss: 1.0177425146102905
Train - example: 403 loss: 0.919284999370575
Train - example: 404 loss: 0.9736879467964172
Train - example: 405 loss: 0.9841935634613037
Train - example: 406 loss: 0.9794960618019104
Train - example: 407 loss: 0.8831244111061096
Train - example: 408 loss: 0.985368013381958
Train - example: 409 loss: 0.9893192052841187
Train - example: 410 loss: 0.955341100692749
Train - example: 411 loss: 0.9358599781990051
Train - example: 412 loss: 0.9612224102020264
Train - example: 413 loss: 0.982083261013031
Train - example: 414 loss: 0.9297216534614563
Train - example: 415 loss: 0.973954439163208
Train - example: 416 loss: 1.1024656295776367
Train - example: 417 loss: 1.0486584901809692
Train - example: 418 loss: 0.9244665503501892
Train - example: 419 loss: 0.9552484750747681
Train - example: 420 loss: 0.9158099889755249
Train - example: 421 loss: 0.9955784678459167
Train - example: 422 loss: 0.9777096509933472
Train - example: 423 loss: 1.001897931098938
Train - example: 424 loss: 0.9886690378189087
Train - example: 425 loss: 0.9541262984275818
Train - example: 426 loss: 0.993828535079956
Train - example: 427 loss: 0.9390487670898438
Train - example: 428 loss: 1.0546506643295288
Train - example: 429 loss: 0.9813246130943298
Train - example: 430 loss: 1.0202147960662842
Train - example: 431 loss: 0.9407681226730347
Train - example: 432 loss: 1.0218935012817383
Train - example: 433 loss: 0.979614794254303
Train - example: 434 loss: 1.0331803560256958
Train - example: 435 loss: 0.9839621782302856
Train - example: 436 loss: 0.9969335198402405
Train - example: 437 loss: 0.9244641065597534
Train - example: 438 loss: 1.0091660022735596
Train - example: 439 loss: 1.0314662456512451
Train - example: 440 loss: 0.9581963419914246
Train - example: 441 loss: 0.9861425757408142
Train - example: 442 loss: 1.0082712173461914
Train - example: 443 loss: 0.9876823425292969
Train - example: 444 loss: 0.9827336072921753
Train - example: 445 loss: 0.9731071591377258
Train - example: 446 loss: 0.9332659840583801
Train - example: 447 loss: 0.9704409837722778
Train - example: 448 loss: 0.9988318681716919
Train - example: 449 loss: 0.8862084150314331
Train - example: 450 loss: 0.9798987507820129
Train - example: 451 loss: 1.0598522424697876
Train - example: 452 loss: 0.9519746899604797
Train - example: 453 loss: 0.9871904253959656
Train - example: 454 loss: 0.9928096532821655
Train - example: 455 loss: 0.9751815795898438
Train - example: 456 loss: 1.005869746208191
Train - example: 457 loss: 0.9561359286308289
Train - example: 458 loss: 0.9949406981468201
Train - example: 459 loss: 1.0364258289337158
Train - example: 460 loss: 0.9541001915931702
Train - example: 461 loss: 1.0650933980941772
Train - example: 462 loss: 0.9623162746429443
Train - example: 463 loss: 0.9399462938308716
Train - example: 464 loss: 0.982501745223999
Train - example: 465 loss: 0.9176141619682312
Train - example: 466 loss: 0.9691255688667297
Train - example: 467 loss: 0.9804099798202515
Train - example: 468 loss: 0.9251744747161865
Train - example: 469 loss: 0.9344637393951416
Train - example: 470 loss: 1.0030808448791504
Train - example: 471 loss: 1.0214093923568726
Train - example: 472 loss: 0.9132312536239624
Train - example: 473 loss: 1.039493203163147
Train - example: 474 loss: 1.0025867223739624
Train - example: 475 loss: 1.0207189321517944
Train - example: 0 loss: 0.8809304237365723
Train - example: 1 loss: 1.0604676008224487
Train - example: 2 loss: 0.9491340517997742
Train - example: 3 loss: 0.953936755657196
Train - example: 4 loss: 0.9676544070243835
Train - example: 5 loss: 0.9036023020744324
Train - example: 6 loss: 0.9703153967857361
Train - example: 7 loss: 1.0622470378875732
Train - example: 8 loss: 1.001855731010437
Train - example: 9 loss: 0.9826564192771912
Train - example: 10 loss: 0.986985981464386
Train - example: 11 loss: 0.9605137705802917
Train - example: 12 loss: 0.9733164310455322
Train - example: 13 loss: 1.0394407510757446
Train - example: 14 loss: 0.9700077772140503
Train - example: 15 loss: 0.9914599657058716
Train - example: 16 loss: 0.9922208189964294
Train - example: 17 loss: 0.9252449870109558
Train - example: 18 loss: 1.0564583539962769
Train - example: 19 loss: 0.9657982587814331
Train - example: 20 loss: 0.9712398648262024
Train - example: 21 loss: 0.9538872241973877
Train - example: 22 loss: 0.9231135845184326
Train - example: 23 loss: 1.0573153495788574
Train - example: 24 loss: 0.9650099873542786
Train - example: 25 loss: 0.9723984599113464
Train - example: 26 loss: 1.0088914632797241
Train - example: 27 loss: 0.960777759552002
Train - example: 28 loss: 0.9621355533599854
Train - example: 29 loss: 1.0483927726745605
Train - example: 30 loss: 1.0382373332977295
Train - example: 31 loss: 0.9557448625564575
Train - example: 32 loss: 1.0307860374450684
Train - example: 33 loss: 0.9458566904067993
Train - example: 34 loss: 0.9881419539451599
Train - example: 35 loss: 0.9393539428710938
Train - example: 36 loss: 0.9392664432525635
Train - example: 37 loss: 0.9180986285209656
Train - example: 38 loss: 1.0113861560821533
Train - example: 39 loss: 0.9084082841873169
Train - example: 40 loss: 0.9810399413108826
Train - example: 41 loss: 1.0062108039855957
Train - example: 42 loss: 1.0073764324188232
Train - example: 43 loss: 0.9683045148849487
Train - example: 44 loss: 0.9462751746177673
Train - example: 45 loss: 1.0096203088760376
Train - example: 46 loss: 0.9946640729904175
Train - example: 47 loss: 0.9602933526039124
Train - example: 48 loss: 1.0010631084442139
Train - example: 49 loss: 0.9684744477272034
Train - example: 50 loss: 0.8934792280197144
Train - example: 51 loss: 0.9199098944664001
Train - example: 52 loss: 0.8954004049301147
Train - example: 53 loss: 1.0043933391571045
Train - example: 54 loss: 0.9827747941017151
Train - example: 55 loss: 1.0126861333847046
Train - example: 56 loss: 0.9694327712059021
Train - example: 57 loss: 1.035163164138794
Train - example: 58 loss: 0.9895995855331421
Train - example: 59 loss: 1.003194808959961
Train - example: 60 loss: 0.9107707738876343
Train - example: 61 loss: 0.9316245317459106
Train - example: 62 loss: 1.0142555236816406
Train - example: 63 loss: 1.0136311054229736
Train - example: 64 loss: 1.0169193744659424
Train - example: 65 loss: 0.9404516816139221
Train - example: 66 loss: 0.9479739665985107
Train - example: 67 loss: 0.989521861076355
Train - example: 68 loss: 1.002830147743225
Train - example: 69 loss: 1.009071707725525
Train - example: 70 loss: 0.9965059161186218
Train - example: 71 loss: 0.9653689861297607
Train - example: 72 loss: 0.9420778155326843
Train - example: 73 loss: 0.9471471309661865
Train - example: 74 loss: 0.9701530933380127
Train - example: 75 loss: 0.9094138145446777
Train - example: 76 loss: 0.93160080909729
Train - example: 77 loss: 1.0339795351028442
Train - example: 78 loss: 0.9699693918228149
Train - example: 79 loss: 0.964364230632782
Train - example: 80 loss: 1.0131816864013672
Train - example: 81 loss: 0.9262071251869202
Train - example: 82 loss: 1.0346171855926514
Train - example: 83 loss: 0.9420996904373169
Train - example: 84 loss: 1.0490094423294067
Train - example: 85 loss: 0.9309867024421692
Train - example: 86 loss: 0.9479454159736633
Train - example: 87 loss: 1.03257417678833
Train - example: 88 loss: 0.967850923538208
Train - example: 89 loss: 1.0183861255645752
Train - example: 90 loss: 0.9852478504180908
Train - example: 91 loss: 1.021114468574524
Train - example: 92 loss: 0.9456350207328796
Train - example: 93 loss: 0.970985472202301
Train - example: 94 loss: 0.9949926733970642
Train - example: 95 loss: 0.9723182916641235
