103591
20718
Thermo data has been processed
23618
Psychro data has been processed
19386
Meso data has been processed
63722
59457
Just made new tensor X_data
Looped through 1000 sequences...
Looped through 2000 sequences...
Looped through 3000 sequences...
Looped through 4000 sequences...
Looped through 5000 sequences...
Looped through 6000 sequences...
Looped through 7000 sequences...
Looped through 8000 sequences...
Looped through 9000 sequences...
Looped through 10000 sequences...
Looped through 11000 sequences...
Looped through 12000 sequences...
Looped through 13000 sequences...
Looped through 14000 sequences...
Looped through 15000 sequences...
Looped through 16000 sequences...
Looped through 17000 sequences...
Looped through 18000 sequences...
Looped through 19000 sequences...
Looped through 20000 sequences...
Looped through 21000 sequences...
Looped through 22000 sequences...
Looped through 23000 sequences...
Looped through 24000 sequences...
Looped through 25000 sequences...
Looped through 26000 sequences...
Looped through 27000 sequences...
Looped through 28000 sequences...
Looped through 29000 sequences...
Looped through 30000 sequences...
Looped through 31000 sequences...
Looped through 32000 sequences...
Looped through 33000 sequences...
Looped through 34000 sequences...
Looped through 35000 sequences...
Looped through 36000 sequences...
Looped through 37000 sequences...
Looped through 38000 sequences...
Looped through 39000 sequences...
Looped through 40000 sequences...
Looped through 41000 sequences...
Looped through 42000 sequences...
Looped through 43000 sequences...
Looped through 44000 sequences...
Looped through 45000 sequences...
Looped through 46000 sequences...
Looped through 47000 sequences...
Looped through 48000 sequences...
Looped through 49000 sequences...
Looped through 50000 sequences...
Looped through 51000 sequences...
Looped through 52000 sequences...
Looped through 53000 sequences...
Looped through 54000 sequences...
Looped through 55000 sequences...
Looped through 56000 sequences...
Looped through 57000 sequences...
Looped through 58000 sequences...
Looped through 59000 sequences...
{'Thermophillic': 0, 'Mesophillic': 1, 'Psychrophillic': 2}
class_temp: [0, 0, 0, 0, 0, 0, 0, 0, 0, 0]
class_temp: 59457
torch.Size([59457, 3])
tensor([1, 0, 0])
103591
20718
Thermo data has been processed
23618
Psychro data has been processed
19386
Meso data has been processed
63722
59552
Just made new tensor X_data
Looped through 1000 sequences...
Looped through 2000 sequences...
Looped through 3000 sequences...
Looped through 4000 sequences...
Looped through 5000 sequences...
Looped through 6000 sequences...
Looped through 7000 sequences...
Looped through 8000 sequences...
Looped through 9000 sequences...
Looped through 10000 sequences...
Looped through 11000 sequences...
Looped through 12000 sequences...
Looped through 13000 sequences...
Looped through 14000 sequences...
Looped through 15000 sequences...
Looped through 16000 sequences...
Looped through 17000 sequences...
Looped through 18000 sequences...
Looped through 19000 sequences...
Looped through 20000 sequences...
Looped through 21000 sequences...
Looped through 22000 sequences...
Looped through 23000 sequences...
Looped through 24000 sequences...
Looped through 25000 sequences...
Looped through 26000 sequences...
Looped through 27000 sequences...
Looped through 28000 sequences...
Looped through 29000 sequences...
Looped through 30000 sequences...
Looped through 31000 sequences...
Looped through 32000 sequences...
Looped through 33000 sequences...
Looped through 34000 sequences...
Looped through 35000 sequences...
Looped through 36000 sequences...
Looped through 37000 sequences...
Looped through 38000 sequences...
Looped through 39000 sequences...
Looped through 40000 sequences...
Looped through 41000 sequences...
Looped through 42000 sequences...
Looped through 43000 sequences...
Looped through 44000 sequences...
Looped through 45000 sequences...
Looped through 46000 sequences...
Looped through 47000 sequences...
Looped through 48000 sequences...
Looped through 49000 sequences...
Looped through 50000 sequences...
Looped through 51000 sequences...
Looped through 52000 sequences...
Looped through 53000 sequences...
Looped through 54000 sequences...
103591
20718
Thermo data has been processed
23618
Psychro data has been processed
19386
Meso data has been processed
63722
59459
Just made new tensor X_data
Looped through 1000 sequences...
Looped through 2000 sequences...
Looped through 3000 sequences...
Looped through 4000 sequences...
Looped through 5000 sequences...
Looped through 55000 sequences...
Looped through 6000 sequences...
Looped through 7000 sequences...
Looped through 8000 sequences...
Looped through 9000 sequences...
Looped through 10000 sequences...
Looped through 11000 sequences...
Looped through 56000 sequences...
Looped through 12000 sequences...
Looped through 13000 sequences...
Looped through 14000 sequences...
Looped through 15000 sequences...
Looped through 57000 sequences...
Looped through 16000 sequences...
Looped through 17000 sequences...
Looped through 18000 sequences...
Looped through 19000 sequences...
Looped through 58000 sequences...
Looped through 20000 sequences...
Looped through 21000 sequences...
Looped through 59000 sequences...
Looped through 22000 sequences...
Looped through 23000 sequences...
{'Thermophillic': 0, 'Mesophillic': 1, 'Psychrophillic': 2}
class_temp: [0, 0, 0, 0, 0, 0, 0, 0, 0, 0]
class_temp: 59552
torch.Size([59552, 3])
tensor([1, 0, 0])
Looped through 24000 sequences...
Looped through 25000 sequences...
Looped through 26000 sequences...
Looped through 27000 sequences...
Looped through 28000 sequences...
Looped through 29000 sequences...
Looped through 30000 sequences...
Looped through 31000 sequences...
Looped through 32000 sequences...
Looped through 33000 sequences...
Looped through 34000 sequences...
Looped through 35000 sequences...
Looped through 36000 sequences...
Looped through 37000 sequences...
Looped through 38000 sequences...
Looped through 39000 sequences...
Looped through 40000 sequences...
Looped through 41000 sequences...
Looped through 42000 sequences...
Looped through 43000 sequences...
Looped through 44000 sequences...
Looped through 45000 sequences...
Looped through 46000 sequences...
Looped through 47000 sequences...
Looped through 48000 sequences...
Looped through 49000 sequences...
Looped through 50000 sequences...
Looped through 51000 sequences...
Looped through 52000 sequences...
Looped through 53000 sequences...
Looped through 54000 sequences...
Looped through 55000 sequences...
Looped through 56000 sequences...
Looped through 57000 sequences...
Looped through 58000 sequences...
Looped through 59000 sequences...
{'Thermophillic': 0, 'Mesophillic': 1, 'Psychrophillic': 2}
class_temp: [0, 0, 0, 0, 0, 0, 0, 0, 0, 0]
class_temp: 59459
torch.Size([59459, 3])
tensor([1, 0, 0])
