+ script=/usr/lusers/aultl/ThermoDrift/model_eval/analysis_larissa.py
+ autopep8 --in-place /usr/lusers/aultl/ThermoDrift/model_eval/analysis_larissa.py
[Errno 13] Permission denied: '/usr/lusers/aultl/ThermoDrift/model_eval/analysis_larissa.py'
+ autopep8 --in-place /usr/lusers/aultl/ThermoDrift/model_eval/inference_script.py
[Errno 13] Permission denied: '/usr/lusers/aultl/ThermoDrift/model_eval/inference_script.py'
+ source activate thermodrift
++ [[ -n 4.2.46(2)-release ]]
+++ basename /var/spool/slurm/d/job2724459/slurm_script
++ [[ slurm_script == \a\c\t\i\v\a\t\e ]]
++ [[ -n 4.2.46(2)-release ]]
++ _SCRIPT_LOCATION=/usr/lusers/jgershon/anaconda3/bin/activate
+++ dirname /usr/lusers/jgershon/anaconda3/bin/activate
++ _THIS_DIR=/usr/lusers/jgershon/anaconda3/bin
++ /usr/lusers/jgershon/anaconda3/bin/conda ..checkenv thermodrift
++ run_scripts deactivate
++++ awk -F : '{print $1}'
++++ echo /usr/lusers/jgershon/anaconda3/bin:/sw/local/bin:/usr/lib64/qt-3.3/bin:/sw/modules-1.775/bin:/usr/lpp/mmfs/bin:/usr/local/bin:/usr/bin:/usr/local/sbin:/usr/sbin:/usr/lusers/jgershon/bin
+++ echo /usr/lusers/jgershon/anaconda3/bin/..
++ _PREFIX=/usr/lusers/jgershon/anaconda3/bin/..
++ _CONDA_D=/usr/lusers/jgershon/anaconda3/bin/../etc/conda/deactivate.d
++ [[ -d /usr/lusers/jgershon/anaconda3/bin/../etc/conda/deactivate.d ]]
+++ /usr/lusers/jgershon/anaconda3/bin/conda ..deactivate
discarding /usr/lusers/jgershon/anaconda3/bin from PATH
++ _NEW_PATH=/sw/local/bin:/usr/lib64/qt-3.3/bin:/sw/modules-1.775/bin:/usr/lpp/mmfs/bin:/usr/local/bin:/usr/bin:/usr/local/sbin:/usr/sbin:/usr/lusers/jgershon/bin
++ export PATH=/sw/local/bin:/usr/lib64/qt-3.3/bin:/sw/modules-1.775/bin:/usr/lpp/mmfs/bin:/usr/local/bin:/usr/bin:/usr/local/sbin:/usr/sbin:/usr/lusers/jgershon/bin
++ PATH=/sw/local/bin:/usr/lib64/qt-3.3/bin:/sw/modules-1.775/bin:/usr/lpp/mmfs/bin:/usr/local/bin:/usr/bin:/usr/local/sbin:/usr/sbin:/usr/lusers/jgershon/bin
+++ /usr/lusers/jgershon/anaconda3/bin/conda ..changeps1
++ ((  1  ))
++ [[ -n '' ]]
+++ /usr/lusers/jgershon/anaconda3/bin/conda ..activate thermodrift
prepending /usr/lusers/jgershon/anaconda3/envs/thermodrift/bin to PATH
++ _NEW_PATH=/usr/lusers/jgershon/anaconda3/envs/thermodrift/bin:/sw/local/bin:/usr/lib64/qt-3.3/bin:/sw/modules-1.775/bin:/usr/lpp/mmfs/bin:/usr/local/bin:/usr/bin:/usr/local/sbin:/usr/sbin:/usr/lusers/jgershon/bin
++ ((  0 == 0  ))
++ export PATH=/usr/lusers/jgershon/anaconda3/envs/thermodrift/bin:/sw/local/bin:/usr/lib64/qt-3.3/bin:/sw/modules-1.775/bin:/usr/lpp/mmfs/bin:/usr/local/bin:/usr/bin:/usr/local/sbin:/usr/sbin:/usr/lusers/jgershon/bin
++ PATH=/usr/lusers/jgershon/anaconda3/envs/thermodrift/bin:/sw/local/bin:/usr/lib64/qt-3.3/bin:/sw/modules-1.775/bin:/usr/lpp/mmfs/bin:/usr/local/bin:/usr/bin:/usr/local/sbin:/usr/sbin:/usr/lusers/jgershon/bin
++ [[ thermodrift == */* ]]
++ export CONDA_DEFAULT_ENV=thermodrift
++ CONDA_DEFAULT_ENV=thermodrift
++++ awk -F : '{print $1}'
++++ echo /usr/lusers/jgershon/anaconda3/envs/thermodrift/bin:/sw/local/bin:/usr/lib64/qt-3.3/bin:/sw/modules-1.775/bin:/usr/lpp/mmfs/bin:/usr/local/bin:/usr/bin:/usr/local/sbin:/usr/sbin:/usr/lusers/jgershon/bin
+++ echo /usr/lusers/jgershon/anaconda3/envs/thermodrift/bin
++ ENV_BIN_DIR=/usr/lusers/jgershon/anaconda3/envs/thermodrift/bin
+++ get_dirname /usr/lusers/jgershon/anaconda3/envs/thermodrift/bin
+++++ dirname /usr/lusers/jgershon/anaconda3/envs/thermodrift/bin
++++ cd /usr/lusers/jgershon/anaconda3/envs/thermodrift
++++ pwd
+++ echo /usr/lusers/jgershon/anaconda3/envs/thermodrift
++ export CONDA_ENV_PATH=/usr/lusers/jgershon/anaconda3/envs/thermodrift
++ CONDA_ENV_PATH=/usr/lusers/jgershon/anaconda3/envs/thermodrift
+++ /usr/lusers/jgershon/anaconda3/bin/conda ..changeps1
++ ((  1  ))
++ CONDA_OLD_PS1=
++ PS1='(thermodrift)'
++ run_scripts activate
++++ awk -F : '{print $1}'
++++ echo /usr/lusers/jgershon/anaconda3/envs/thermodrift/bin:/sw/local/bin:/usr/lib64/qt-3.3/bin:/sw/modules-1.775/bin:/usr/lpp/mmfs/bin:/usr/local/bin:/usr/bin:/usr/local/sbin:/usr/sbin:/usr/lusers/jgershon/bin
+++ echo /usr/lusers/jgershon/anaconda3/envs/thermodrift/bin/..
++ _PREFIX=/usr/lusers/jgershon/anaconda3/envs/thermodrift/bin/..
++ _CONDA_D=/usr/lusers/jgershon/anaconda3/envs/thermodrift/bin/../etc/conda/activate.d
++ [[ -d /usr/lusers/jgershon/anaconda3/envs/thermodrift/bin/../etc/conda/activate.d ]]
++ [[ -n 4.2.46(2)-release ]]
++ hash -r
+ python -u /usr/lusers/aultl/ThermoDrift/model_eval/analysis_larissa.py
/var/spool/slurm/d/job2724459/slurm_script: line 21: output/job.log: No such file or directory
