Model loaded from:  /gscratch/stf/jgershon/experiments/medium_widthv5/save_model/model_2500.pt
Device chosen:  cpu
Number of parameters:  157463
Train - example: 0 loss: 0.993944525718689
Train - example: 1 loss: 0.9520040154457092
Train - example: 2 loss: 1.002145528793335
Train - example: 3 loss: 0.9607999324798584
Train - example: 4 loss: 1.0128250122070312
Train - example: 5 loss: 1.0479350090026855
Train - example: 6 loss: 0.9326338768005371
Train - example: 7 loss: 1.0409071445465088
Train - example: 8 loss: 0.9265688061714172
Train - example: 9 loss: 1.0228562355041504
Train - example: 10 loss: 0.9934201836585999
Train - example: 11 loss: 0.9656994342803955
Train - example: 12 loss: 0.9567131996154785
Train - example: 13 loss: 0.9761276841163635
Train - example: 14 loss: 0.9019238352775574
Train - example: 15 loss: 0.9988530874252319
Train - example: 16 loss: 0.9781612157821655
Train - example: 17 loss: 0.9362357258796692
Train - example: 18 loss: 0.9421730041503906
Train - example: 19 loss: 1.0719413757324219
Train - example: 20 loss: 1.035132884979248
Train - example: 21 loss: 0.9026715755462646
Train - example: 22 loss: 0.9552246332168579
Train - example: 23 loss: 0.9356463551521301
Train - example: 24 loss: 1.0208820104599
Train - example: 25 loss: 0.9710677862167358
Train - example: 26 loss: 1.0103917121887207
Train - example: 27 loss: 0.9486453533172607
Train - example: 28 loss: 1.019736886024475
Train - example: 29 loss: 1.0082218647003174
Train - example: 30 loss: 0.9488293528556824
Train - example: 31 loss: 1.018933653831482
Train - example: 32 loss: 0.9693427085876465
Train - example: 33 loss: 0.9224662184715271
Train - example: 34 loss: 0.9940619468688965
Train - example: 35 loss: 0.9612156748771667
Train - example: 36 loss: 1.0563465356826782
Train - example: 37 loss: 0.9302675724029541
Train - example: 38 loss: 0.9918031096458435
Train - example: 39 loss: 0.997546911239624
Train - example: 40 loss: 0.9403761029243469
Train - example: 41 loss: 0.9548444151878357
Train - example: 42 loss: 1.0135257244110107
Train - example: 43 loss: 1.0132794380187988
Train - example: 44 loss: 0.978956401348114
Train - example: 45 loss: 1.0172388553619385
Train - example: 46 loss: 0.9859527349472046
Train - example: 47 loss: 1.017359733581543
Train - example: 48 loss: 0.915615975856781
Train - example: 49 loss: 0.9437263011932373
Train - example: 50 loss: 1.1170555353164673
Train - example: 51 loss: 1.0053836107254028
Train - example: 52 loss: 0.97930508852005
Train - example: 53 loss: 1.0155695676803589
Train - example: 54 loss: 0.9130810499191284
Train - example: 55 loss: 0.9947043061256409
Train - example: 56 loss: 1.0079827308654785
Train - example: 57 loss: 0.985708475112915
Train - example: 58 loss: 0.9656473398208618
Train - example: 59 loss: 1.009957194328308
Train - example: 60 loss: 0.9987149238586426
Train - example: 61 loss: 1.0089707374572754
Train - example: 62 loss: 1.006413221359253
Train - example: 63 loss: 0.9793643355369568
Train - example: 64 loss: 0.9232755303382874
Train - example: 65 loss: 0.9584753513336182
Train - example: 66 loss: 0.9896806478500366
Train - example: 67 loss: 0.9481449723243713
Train - example: 68 loss: 0.9387427568435669
Train - example: 69 loss: 0.9171565771102905
Train - example: 70 loss: 0.9639866352081299
Train - example: 71 loss: 0.9137015342712402
Train - example: 72 loss: 0.873769998550415
Train - example: 73 loss: 0.987440288066864
Train - example: 74 loss: 0.9898962378501892
Train - example: 75 loss: 1.0130001306533813
Train - example: 76 loss: 0.9570314288139343
Train - example: 77 loss: 0.9986252784729004
Train - example: 78 loss: 1.037134051322937
Train - example: 79 loss: 1.010176181793213
Train - example: 80 loss: 1.037109613418579
Train - example: 81 loss: 0.9337549805641174
Train - example: 82 loss: 0.9345331788063049
Train - example: 83 loss: 0.9082562923431396
Train - example: 84 loss: 0.9930305480957031
Train - example: 85 loss: 0.8970046043395996
Train - example: 86 loss: 1.073590636253357
Train - example: 87 loss: 1.0502371788024902
Train - example: 88 loss: 1.0166904926300049
Train - example: 89 loss: 0.9483193755149841
Train - example: 90 loss: 0.9886608719825745
Train - example: 91 loss: 1.0758298635482788
Train - example: 92 loss: 0.9808444380760193
Train - example: 93 loss: 1.012363076210022
Train - example: 94 loss: 0.9899706244468689
Train - example: 95 loss: 1.0317286252975464
Train - example: 96 loss: 0.973318338394165
Train - example: 97 loss: 1.0244228839874268
Train - example: 98 loss: 1.0149959325790405
Train - example: 99 loss: 0.9582863450050354
Train - example: 100 loss: 1.015063762664795
Train - example: 101 loss: 0.9675253033638
Train - example: 102 loss: 0.9991962313652039
Train - example: 103 loss: 0.983717143535614
Train - example: 104 loss: 0.9567601680755615
Train - example: 105 loss: 1.0224051475524902
Train - example: 106 loss: 0.9363952875137329
Train - example: 107 loss: 1.004761815071106
Train - example: 108 loss: 1.0271886587142944
Train - example: 109 loss: 1.014378547668457
Train - example: 110 loss: 0.9765750169754028
Train - example: 111 loss: 0.9315035939216614
Train - example: 112 loss: 0.9427143931388855
Train - example: 113 loss: 1.027710199356079
Train - example: 114 loss: 0.9394413232803345
Train - example: 115 loss: 0.9575808644294739
Train - example: 116 loss: 0.9551651477813721
Train - example: 117 loss: 0.9295245409011841
Train - example: 118 loss: 0.9640336036682129
Train - example: 119 loss: 0.9623101949691772
Train - example: 120 loss: 0.9985145330429077
Train - example: 121 loss: 0.9678121209144592
Train - example: 122 loss: 0.9220908880233765
Train - example: 123 loss: 0.9793928265571594
Train - example: 124 loss: 1.0804499387741089
Train - example: 125 loss: 0.9893713593482971
Train - example: 126 loss: 0.9680442810058594
Train - example: 127 loss: 0.9734295606613159
Train - example: 128 loss: 0.988538384437561
Train - example: 129 loss: 0.9285902380943298
Train - example: 130 loss: 0.9939329028129578
Train - example: 131 loss: 0.9795651435852051
Train - example: 132 loss: 0.9501617550849915
Train - example: 133 loss: 1.0200730562210083
Train - example: 134 loss: 0.9767152667045593
Train - example: 135 loss: 0.9580979347229004
Train - example: 136 loss: 0.9668760895729065
Train - example: 137 loss: 1.0085461139678955
Train - example: 138 loss: 1.0649385452270508
Train - example: 139 loss: 1.0965402126312256
Train - example: 140 loss: 0.9125314950942993
Train - example: 141 loss: 0.9653278589248657
Train - example: 142 loss: 0.9742249846458435
Train - example: 143 loss: 0.9626994132995605
Train - example: 144 loss: 0.9836480021476746
Train - example: 145 loss: 0.9592912197113037
Train - example: 146 loss: 0.9726107716560364
Train - example: 147 loss: 1.0156831741333008
Train - example: 148 loss: 0.985737144947052
Train - example: 149 loss: 0.9642353653907776
Train - example: 150 loss: 0.943957507610321
Train - example: 151 loss: 0.9287049174308777
Train - example: 152 loss: 0.9485893845558167
Train - example: 153 loss: 1.0331740379333496
Train - example: 154 loss: 0.9721748232841492
Train - example: 155 loss: 1.0341113805770874
Train - example: 156 loss: 0.9364898204803467
Train - example: 157 loss: 0.9231997132301331
Train - example: 158 loss: 1.0260642766952515
Train - example: 159 loss: 0.9466758966445923
Train - example: 160 loss: 0.945702075958252
Train - example: 161 loss: 1.0315128564834595
Train - example: 162 loss: 1.0090305805206299
Train - example: 163 loss: 0.9641126990318298
Train - example: 164 loss: 0.9419714212417603
Train - example: 165 loss: 0.9835774302482605
Train - example: 166 loss: 0.9394943714141846
Train - example: 167 loss: 0.9771121144294739
Train - example: 168 loss: 1.0167635679244995
Train - example: 169 loss: 1.0160635709762573
Train - example: 170 loss: 1.010300874710083
Train - example: 171 loss: 1.0141170024871826
Train - example: 172 loss: 0.9808643460273743
Train - example: 173 loss: 1.01548171043396
Train - example: 174 loss: 0.9557470679283142
Train - example: 175 loss: 0.9367522597312927
Train - example: 176 loss: 1.1338529586791992
Train - example: 177 loss: 0.9516534209251404
Train - example: 178 loss: 1.004886269569397
Train - example: 179 loss: 0.8473202586174011
Train - example: 180 loss: 0.9743921160697937
Train - example: 181 loss: 0.9458759427070618
Train - example: 182 loss: 0.960601806640625
Train - example: 183 loss: 1.0361928939819336
Train - example: 184 loss: 1.0524123907089233
Train - example: 185 loss: 0.9293017387390137
Train - example: 186 loss: 0.9779198169708252
Train - example: 187 loss: 1.0511318445205688
Train - example: 188 loss: 0.973571240901947
Train - example: 189 loss: 0.9521844983100891
Train - example: 190 loss: 0.9814653992652893
Train - example: 191 loss: 1.0105419158935547
Train - example: 192 loss: 0.9373975992202759
Train - example: 193 loss: 1.0200737714767456
Train - example: 194 loss: 1.0127036571502686
Train - example: 195 loss: 0.9655687212944031
Train - example: 196 loss: 0.9791202545166016
Train - example: 197 loss: 1.0341511964797974
Train - example: 198 loss: 0.969514787197113
Train - example: 199 loss: 0.9873117208480835
Train - example: 200 loss: 0.9623829126358032
Train - example: 201 loss: 0.9740314483642578
Train - example: 202 loss: 0.9855391979217529
Train - example: 203 loss: 0.9444836974143982
Train - example: 204 loss: 0.9557563662528992
Train - example: 205 loss: 1.058811068534851
Train - example: 206 loss: 0.9714478850364685
Train - example: 207 loss: 0.937954306602478
Train - example: 208 loss: 1.000414252281189
Train - example: 209 loss: 0.9825345873832703
Train - example: 210 loss: 1.0284984111785889
Train - example: 211 loss: 0.9569471478462219
Train - example: 212 loss: 1.016721248626709
Train - example: 213 loss: 1.0096583366394043
Train - example: 214 loss: 0.8884471654891968
Train - example: 215 loss: 1.0374349355697632
Train - example: 216 loss: 0.9267169833183289
Train - example: 217 loss: 0.9609832763671875
Train - example: 218 loss: 1.0007054805755615
Train - example: 219 loss: 0.9267820119857788
Train - example: 220 loss: 1.0193355083465576
Train - example: 221 loss: 0.9776560068130493
Train - example: 222 loss: 0.9882523417472839
Train - example: 223 loss: 0.9556723833084106
Train - example: 224 loss: 0.9992920160293579
Train - example: 225 loss: 0.9988847970962524
Train - example: 226 loss: 0.9325534701347351
Train - example: 227 loss: 0.9853450655937195
Train - example: 228 loss: 1.0403858423233032
Train - example: 229 loss: 1.0131597518920898
Train - example: 230 loss: 0.9728639721870422
Train - example: 231 loss: 0.946174144744873
Train - example: 232 loss: 0.984415590763092
Train - example: 233 loss: 1.005115270614624
Train - example: 234 loss: 0.9350060820579529
Train - example: 235 loss: 1.0210460424423218
Train - example: 236 loss: 0.9290229082107544
Train - example: 237 loss: 1.008817434310913
Train - example: 238 loss: 0.8960656523704529
Train - example: 239 loss: 0.9741559624671936
Train - example: 240 loss: 1.0109403133392334
Train - example: 241 loss: 0.9686559438705444
Train - example: 242 loss: 0.8797494769096375
Train - example: 243 loss: 1.0150874853134155
Train - example: 244 loss: 0.9228203296661377
Train - example: 245 loss: 0.9843803644180298
Train - example: 246 loss: 1.0370173454284668
Train - example: 247 loss: 1.064786434173584
Train - example: 248 loss: 0.9446185827255249
Train - example: 249 loss: 0.9886879920959473
Train - example: 250 loss: 0.9403929710388184
Train - example: 251 loss: 0.9426705837249756
Train - example: 252 loss: 0.9415678977966309
Train - example: 253 loss: 1.0842689275741577
Train - example: 254 loss: 0.9612868428230286
Train - example: 255 loss: 1.0323699712753296
Train - example: 256 loss: 0.9641211628913879
Train - example: 257 loss: 0.9449824690818787
Train - example: 258 loss: 0.9693602919578552
Train - example: 259 loss: 0.9992814660072327
Train - example: 260 loss: 1.059522032737732
Train - example: 261 loss: 1.016392469406128
Train - example: 262 loss: 0.958630383014679
Train - example: 263 loss: 1.008876085281372
Train - example: 264 loss: 1.0097603797912598
Train - example: 265 loss: 1.0163308382034302
Train - example: 266 loss: 1.1194391250610352
Train - example: 267 loss: 1.0321149826049805
Train - example: 268 loss: 1.0378698110580444
Train - example: 269 loss: 0.9381916522979736
Train - example: 270 loss: 0.9876117706298828
Train - example: 271 loss: 0.9407837390899658
Train - example: 272 loss: 0.9341060519218445
Train - example: 273 loss: 1.0375056266784668
Train - example: 274 loss: 0.9881354570388794
Train - example: 275 loss: 1.0036365985870361
Train - example: 276 loss: 0.9394655823707581
Train - example: 277 loss: 1.0052378177642822
Train - example: 278 loss: 0.930441677570343
Train - example: 279 loss: 0.9605328440666199
Train - example: 280 loss: 1.0471596717834473
Train - example: 281 loss: 0.9984738826751709
Train - example: 282 loss: 0.9572166204452515
Train - example: 283 loss: 0.9993250370025635
Train - example: 284 loss: 0.944621741771698
Train - example: 285 loss: 1.015777349472046
Train - example: 286 loss: 0.9397432208061218
Train - example: 287 loss: 0.9312239289283752
Train - example: 288 loss: 0.9130810499191284
Train - example: 289 loss: 0.9238849878311157
Train - example: 290 loss: 1.0218764543533325
Train - example: 291 loss: 1.0185036659240723
Train - example: 292 loss: 1.0130351781845093
Train - example: 293 loss: 0.997835636138916
Train - example: 294 loss: 1.0648783445358276
Train - example: 295 loss: 0.9929336309432983
Train - example: 296 loss: 1.0079330205917358
Train - example: 297 loss: 0.9899176955223083
Train - example: 298 loss: 1.0364317893981934
Train - example: 299 loss: 0.9836567640304565
Train - example: 300 loss: 0.9330931305885315
Train - example: 301 loss: 0.9546497464179993
Train - example: 302 loss: 0.9736276268959045
Train - example: 303 loss: 0.9417816996574402
Train - example: 304 loss: 0.9248496890068054
Train - example: 305 loss: 0.982297956943512
Train - example: 306 loss: 1.012196660041809
Train - example: 307 loss: 0.9752851128578186
Train - example: 308 loss: 1.0285980701446533
Train - example: 309 loss: 1.052981972694397
Train - example: 310 loss: 1.0481284856796265
Train - example: 311 loss: 1.0077708959579468
Train - example: 312 loss: 0.9601914882659912
Train - example: 313 loss: 0.9632107019424438
Train - example: 314 loss: 1.0828324556350708
Train - example: 315 loss: 1.0810543298721313
Train - example: 316 loss: 0.9921408891677856
Train - example: 317 loss: 1.0174142122268677
Train - example: 318 loss: 0.9782276153564453
Train - example: 319 loss: 1.020780324935913
Train - example: 320 loss: 0.9427193999290466
Train - example: 321 loss: 1.028120756149292
Train - example: 322 loss: 0.924498975276947
Train - example: 323 loss: 0.9802148342132568
Train - example: 324 loss: 0.9380943179130554
Train - example: 325 loss: 0.9695567488670349
Train - example: 326 loss: 0.9375554919242859
Train - example: 327 loss: 0.9539919495582581
Train - example: 328 loss: 1.0035995244979858
Train - example: 329 loss: 0.9276865124702454
Train - example: 330 loss: 0.9343825578689575
Train - example: 331 loss: 1.0004013776779175
Train - example: 332 loss: 0.9984095692634583
Train - example: 333 loss: 1.0362781286239624
Train - example: 334 loss: 0.97620689868927
Train - example: 335 loss: 0.8927223086357117
Train - example: 336 loss: 0.8575968146324158
Train - example: 337 loss: 0.9384691119194031
Train - example: 338 loss: 1.0706952810287476
Train - example: 339 loss: 0.9555901288986206
Train - example: 340 loss: 0.9791142344474792
Train - example: 341 loss: 0.9750967621803284
Train - example: 342 loss: 1.020033597946167
Train - example: 343 loss: 1.0067410469055176
Train - example: 344 loss: 0.9186572432518005
Train - example: 345 loss: 0.9908265471458435
Train - example: 346 loss: 0.9971161484718323
Train - example: 347 loss: 0.998481035232544
Train - example: 348 loss: 0.9857052564620972
Train - example: 349 loss: 0.9378215074539185
Train - example: 350 loss: 1.0931146144866943
Train - example: 351 loss: 0.912952184677124
Train - example: 352 loss: 0.9118109345436096
Train - example: 353 loss: 0.9552975296974182
Train - example: 354 loss: 1.0406516790390015
Train - example: 355 loss: 1.0245599746704102
Train - example: 356 loss: 0.9510753750801086
Train - example: 357 loss: 1.033199429512024
Train - example: 358 loss: 0.9205608367919922
Train - example: 359 loss: 1.0321319103240967
Train - example: 360 loss: 0.9761295318603516
Train - example: 361 loss: 1.0171936750411987
Train - example: 362 loss: 0.9366534948348999
Train - example: 363 loss: 0.9880928993225098
Train - example: 364 loss: 1.0245976448059082
Train - example: 365 loss: 0.9825398325920105
Train - example: 366 loss: 0.9697574377059937
Train - example: 367 loss: 0.9999088048934937
Train - example: 368 loss: 0.9346001148223877
Train - example: 369 loss: 0.959943950176239
Train - example: 370 loss: 0.96197909116745
Train - example: 371 loss: 0.9683785438537598
Train - example: 372 loss: 0.9490485191345215
Train - example: 373 loss: 0.9122042059898376
Train - example: 374 loss: 1.0233027935028076
Train - example: 375 loss: 0.9852155447006226
Train - example: 376 loss: 0.9455990791320801
Train - example: 377 loss: 1.0313754081726074
Train - example: 378 loss: 0.9565727710723877
Train - example: 379 loss: 0.9994974732398987
Train - example: 380 loss: 0.9294852614402771
Train - example: 381 loss: 0.9591931104660034
Train - example: 382 loss: 0.9627649188041687
Train - example: 383 loss: 0.9857780933380127
Train - example: 384 loss: 0.9990708231925964
Train - example: 385 loss: 0.9324277639389038
Train - example: 386 loss: 0.9646782875061035
Train - example: 387 loss: 0.9909209609031677
Train - example: 388 loss: 0.9383997917175293
Train - example: 389 loss: 1.0201575756072998
Train - example: 390 loss: 0.97087562084198
Train - example: 391 loss: 0.9790109395980835
Train - example: 392 loss: 0.9362310171127319
Train - example: 393 loss: 0.9828429222106934
Train - example: 394 loss: 0.9758599996566772
Train - example: 395 loss: 0.9761108160018921
Train - example: 396 loss: 0.9195445775985718
Train - example: 397 loss: 0.9751543998718262
Train - example: 398 loss: 0.9992803931236267
Train - example: 399 loss: 1.0188275575637817
Train - example: 400 loss: 0.965941309928894
Train - example: 401 loss: 0.9644595384597778
Train - example: 402 loss: 0.9752933979034424
Train - example: 403 loss: 1.0323354005813599
Train - example: 404 loss: 1.0021556615829468
Train - example: 405 loss: 0.8840358853340149
Train - example: 406 loss: 1.0448071956634521
Train - example: 407 loss: 0.9117262363433838
Train - example: 408 loss: 0.9411749243736267
Train - example: 409 loss: 1.0085501670837402
Train - example: 410 loss: 0.9497936964035034
Train - example: 411 loss: 1.0220725536346436
Train - example: 412 loss: 0.8997233510017395
Train - example: 413 loss: 0.9453070163726807
Train - example: 414 loss: 1.0237160921096802
Train - example: 415 loss: 0.9975403547286987
Train - example: 416 loss: 1.08579421043396
Train - example: 417 loss: 1.0373393297195435
Train - example: 418 loss: 0.9255275726318359
Train - example: 419 loss: 1.0457980632781982
Train - example: 420 loss: 0.8764914870262146
Train - example: 421 loss: 0.962144672870636
Train - example: 422 loss: 0.9749447107315063
Train - example: 423 loss: 1.0259422063827515
Train - example: 424 loss: 1.0237689018249512
Train - example: 425 loss: 1.0239129066467285
Train - example: 426 loss: 0.8968445062637329
Train - example: 427 loss: 0.9802974462509155
Train - example: 428 loss: 1.0005767345428467
Train - example: 429 loss: 1.0326484441757202
Train - example: 430 loss: 0.9811728000640869
Train - example: 431 loss: 1.0294432640075684
Train - example: 432 loss: 0.9793304204940796
Train - example: 433 loss: 1.026877999305725
Train - example: 434 loss: 1.0217347145080566
Train - example: 435 loss: 1.009346604347229
Train - example: 436 loss: 0.9570179581642151
Train - example: 437 loss: 1.0164777040481567
Train - example: 438 loss: 0.9306029677391052
Train - example: 439 loss: 0.9866101145744324
Train - example: 440 loss: 1.0170398950576782
Train - example: 441 loss: 1.0286017656326294
Train - example: 442 loss: 0.9515479207038879
Train - example: 443 loss: 0.9913017749786377
Train - example: 444 loss: 0.9918417930603027
Train - example: 445 loss: 0.9431389570236206
Train - example: 446 loss: 0.9433069825172424
Train - example: 447 loss: 0.9384226202964783
Train - example: 448 loss: 0.9193199276924133
Train - example: 449 loss: 0.9453151822090149
Train - example: 450 loss: 0.991610586643219
Train - example: 451 loss: 1.0057704448699951
Train - example: 452 loss: 0.9329272508621216
Train - example: 453 loss: 0.935709536075592
Train - example: 454 loss: 0.8953087329864502
Train - example: 455 loss: 0.9388087391853333
Train - example: 456 loss: 0.922664999961853
Train - example: 457 loss: 0.9622884392738342
Train - example: 458 loss: 1.0792994499206543
Train - example: 459 loss: 1.041267991065979
Train - example: 460 loss: 1.0198259353637695
Train - example: 461 loss: 0.9579185247421265
Train - example: 462 loss: 0.891414999961853
Train - example: 463 loss: 0.9979990124702454
Train - example: 464 loss: 0.9706931114196777
Train - example: 465 loss: 0.987984299659729
Train - example: 466 loss: 0.9799022674560547
Train - example: 467 loss: 0.9460968971252441
Train - example: 468 loss: 0.9395648241043091
Train - example: 469 loss: 0.9845800995826721
Train - example: 470 loss: 0.9947898387908936
Train - example: 471 loss: 0.9880623817443848
Train - example: 472 loss: 1.035089135169983
Train - example: 473 loss: 0.9079549312591553
Train - example: 474 loss: 1.0396509170532227
Train - example: 475 loss: 0.9573500752449036
Train - example: 0 loss: 0.9929724931716919
Train - example: 1 loss: 1.0545748472213745
Train - example: 2 loss: 0.9259629845619202
Train - example: 3 loss: 0.9957784414291382
Train - example: 4 loss: 0.9647890329360962
Train - example: 5 loss: 0.9810125827789307
Train - example: 6 loss: 0.9622562527656555
Train - example: 7 loss: 0.948331892490387
Train - example: 8 loss: 0.9704501628875732
Train - example: 9 loss: 1.0304157733917236
Train - example: 10 loss: 1.0039677619934082
Train - example: 11 loss: 0.9960720539093018
Train - example: 12 loss: 0.9819949865341187
Train - example: 13 loss: 0.9804275631904602
Train - example: 14 loss: 1.0118170976638794
Train - example: 15 loss: 0.9437462091445923
Train - example: 16 loss: 0.9939014911651611
Train - example: 17 loss: 0.9311167001724243
Train - example: 18 loss: 1.0358233451843262
Train - example: 19 loss: 0.9735824465751648
Train - example: 20 loss: 0.9554756879806519
Train - example: 21 loss: 0.9669951796531677
Train - example: 22 loss: 1.0396122932434082
Train - example: 23 loss: 0.9953679442405701
Valid - iter: 1.0 loss: 0.9793641997986481
Iteration: 500  Train Loss: 0.9953679442405701  Test Accuracy: 51.83316421508789 %
Model 500 was saved.
Train - example: 24 loss: 0.9489228129386902
Train - example: 25 loss: 0.9508724212646484
Train - example: 26 loss: 0.9637234210968018
Train - example: 27 loss: 0.999478280544281
Train - example: 28 loss: 0.9684342741966248
Train - example: 29 loss: 1.0576869249343872
Train - example: 30 loss: 0.9466789960861206
Train - example: 31 loss: 0.9531524181365967
Train - example: 32 loss: 0.9610987901687622
Train - example: 33 loss: 0.9657308459281921
Train - example: 34 loss: 0.9847249388694763
Train - example: 35 loss: 0.9302787780761719
Train - example: 36 loss: 1.00258469581604
Train - example: 37 loss: 0.9866827130317688
Train - example: 38 loss: 0.9770100116729736
Train - example: 39 loss: 1.0044716596603394
Train - example: 40 loss: 0.9633781909942627
Train - example: 41 loss: 0.9031156301498413
Train - example: 42 loss: 0.971544623374939
Train - example: 43 loss: 0.9986529350280762
Train - example: 44 loss: 0.9221556186676025
Train - example: 45 loss: 1.005275845527649
Train - example: 46 loss: 0.9805269837379456
Train - example: 47 loss: 0.9811704754829407
Train - example: 48 loss: 0.9269844889640808
Train - example: 49 loss: 0.9667086601257324
Train - example: 50 loss: 1.000950813293457
Train - example: 51 loss: 0.9359751343727112
Train - example: 52 loss: 0.9551613330841064
Train - example: 53 loss: 0.9996689558029175
Train - example: 54 loss: 0.8899666666984558
Train - example: 55 loss: 1.0005770921707153
Train - example: 56 loss: 0.9718401432037354
Train - example: 57 loss: 0.9240961670875549
Train - example: 58 loss: 0.8608851432800293
Train - example: 59 loss: 0.94752037525177
Train - example: 60 loss: 0.9610977172851562
Train - example: 61 loss: 1.0569626092910767
Train - example: 62 loss: 0.9190356731414795
Train - example: 63 loss: 1.0494252443313599
Train - example: 64 loss: 0.9082995653152466
Train - example: 65 loss: 1.0105451345443726
Train - example: 66 loss: 0.9524600505828857
Train - example: 67 loss: 0.9904811382293701
Train - example: 68 loss: 1.0531721115112305
Train - example: 69 loss: 1.018855333328247
Train - example: 70 loss: 1.021689772605896
Train - example: 71 loss: 1.024409294128418
Train - example: 72 loss: 0.9732512831687927
Train - example: 73 loss: 0.9704161882400513
Train - example: 74 loss: 0.9778685569763184
Train - example: 75 loss: 1.0136947631835938
Train - example: 76 loss: 0.9835700392723083
Train - example: 77 loss: 0.9352054595947266
Train - example: 78 loss: 0.9605762958526611
Train - example: 79 loss: 0.9859669208526611
Train - example: 80 loss: 1.0082224607467651
Train - example: 81 loss: 1.00948166847229
Train - example: 82 loss: 0.9213475584983826
Train - example: 83 loss: 0.966745913028717
Train - example: 84 loss: 1.0293707847595215
Train - example: 85 loss: 0.9916397333145142
Train - example: 86 loss: 1.0090341567993164
Train - example: 87 loss: 0.9223186373710632
Train - example: 88 loss: 1.0196268558502197
Train - example: 89 loss: 0.986481785774231
Train - example: 90 loss: 1.039109468460083
Train - example: 91 loss: 0.9684616923332214
Train - example: 92 loss: 1.0250442028045654
Train - example: 93 loss: 1.040615200996399
Train - example: 94 loss: 0.9323458671569824
Train - example: 95 loss: 0.9734790325164795
Train - example: 96 loss: 0.9970065355300903
Train - example: 97 loss: 0.9468369483947754
Train - example: 98 loss: 0.9842919111251831
Train - example: 99 loss: 0.9358338117599487
Train - example: 100 loss: 0.9335449934005737
Train - example: 101 loss: 1.05477774143219
Train - example: 102 loss: 1.0019807815551758
Train - example: 103 loss: 1.0031516551971436
Train - example: 104 loss: 0.9934214949607849
Train - example: 105 loss: 0.9213927388191223
Train - example: 106 loss: 0.9674887657165527
Train - example: 107 loss: 0.9575348496437073
Train - example: 108 loss: 1.0218394994735718
Train - example: 109 loss: 1.0027402639389038
Train - example: 110 loss: 0.9469476342201233
Train - example: 111 loss: 1.02619206905365
Train - example: 112 loss: 1.0252102613449097
Train - example: 113 loss: 1.0369857549667358
Train - example: 114 loss: 0.9572159647941589
Train - example: 115 loss: 0.9797723889350891
Train - example: 116 loss: 0.9405043125152588
Train - example: 117 loss: 0.989993155002594
Train - example: 118 loss: 0.9267008304595947
Train - example: 119 loss: 0.9978680610656738
Train - example: 120 loss: 0.9650475382804871
Train - example: 121 loss: 1.0075761079788208
Train - example: 122 loss: 0.9910593628883362
Train - example: 123 loss: 0.9716543555259705
Train - example: 124 loss: 0.9354419708251953
Train - example: 125 loss: 0.9683184027671814
Train - example: 126 loss: 0.9815899729728699
Train - example: 127 loss: 1.0057778358459473
Train - example: 128 loss: 0.9208422303199768
Train - example: 129 loss: 0.9512765407562256
Train - example: 130 loss: 1.0064010620117188
Train - example: 131 loss: 0.9041098952293396
Train - example: 132 loss: 1.017716407775879
Train - example: 133 loss: 0.9550660848617554
Train - example: 134 loss: 0.9239740967750549
Train - example: 135 loss: 1.0583134889602661
Train - example: 136 loss: 1.0606087446212769
Train - example: 137 loss: 1.0057685375213623
Train - example: 138 loss: 0.9292416572570801
Train - example: 139 loss: 0.9910874366760254
Train - example: 140 loss: 0.972899317741394
Train - example: 141 loss: 0.9400802850723267
Train - example: 142 loss: 0.937458336353302
Train - example: 143 loss: 1.005156397819519
Train - example: 144 loss: 0.9530546069145203
Train - example: 145 loss: 0.9480236172676086
Train - example: 146 loss: 1.0282422304153442
Train - example: 147 loss: 0.9715334177017212
Train - example: 148 loss: 0.931270956993103
Train - example: 149 loss: 0.8701111674308777
Train - example: 150 loss: 1.1124974489212036
Train - example: 151 loss: 1.0144535303115845
Train - example: 152 loss: 1.0218603610992432
Train - example: 153 loss: 0.9945966601371765
Train - example: 154 loss: 0.9445627331733704
Train - example: 155 loss: 0.9674830436706543
Train - example: 156 loss: 0.8875740170478821
Train - example: 157 loss: 0.9567248821258545
Train - example: 158 loss: 1.0473248958587646
Train - example: 159 loss: 0.9169314503669739
Train - example: 160 loss: 0.9298166036605835
Train - example: 161 loss: 0.9650309681892395
Train - example: 162 loss: 0.950050413608551
Train - example: 163 loss: 0.9971702694892883
Train - example: 164 loss: 1.0150808095932007
Train - example: 165 loss: 0.9935046434402466
Train - example: 166 loss: 1.019055962562561
Train - example: 167 loss: 1.0047188997268677
Train - example: 168 loss: 0.9879663586616516
Train - example: 169 loss: 1.0087698698043823
Train - example: 170 loss: 0.9722864627838135
Train - example: 171 loss: 1.1255601644515991
Train - example: 172 loss: 0.9866945743560791
Train - example: 173 loss: 0.9441571831703186
Train - example: 174 loss: 1.000208854675293
Train - example: 175 loss: 0.9526830911636353
Train - example: 176 loss: 0.9685842990875244
Train - example: 177 loss: 0.9075868129730225
Train - example: 178 loss: 0.9904021620750427
Train - example: 179 loss: 1.0924869775772095
Train - example: 180 loss: 0.985676646232605
Train - example: 181 loss: 0.9859665632247925
Train - example: 182 loss: 0.949757993221283
Train - example: 183 loss: 0.9069067239761353
Train - example: 184 loss: 0.9266584515571594
Train - example: 185 loss: 1.0407383441925049
Train - example: 186 loss: 1.0666431188583374
Train - example: 187 loss: 0.9595653414726257
Train - example: 188 loss: 0.9648465514183044
Train - example: 189 loss: 0.9789248704910278
Train - example: 190 loss: 1.011472463607788
Train - example: 191 loss: 0.9462630748748779
Train - example: 192 loss: 0.9491980075836182
Train - example: 193 loss: 1.0077284574508667
Train - example: 194 loss: 0.9919573068618774
Train - example: 195 loss: 1.03065025806427
Train - example: 196 loss: 1.0175684690475464
Train - example: 197 loss: 0.9340770840644836
Train - example: 198 loss: 1.0200650691986084
Train - example: 199 loss: 0.9136157035827637
Train - example: 200 loss: 0.9570044875144958
Train - example: 201 loss: 0.9960160851478577
Train - example: 202 loss: 0.9946349859237671
Train - example: 203 loss: 0.9691464900970459
Train - example: 204 loss: 1.029199242591858
Train - example: 205 loss: 1.0350580215454102
Train - example: 206 loss: 1.0421452522277832
Train - example: 207 loss: 1.1425495147705078
Train - example: 208 loss: 0.9947566390037537
Train - example: 209 loss: 1.0098528861999512
Train - example: 210 loss: 0.9240134954452515
Train - example: 211 loss: 0.9769630432128906
Train - example: 212 loss: 1.042832851409912
Train - example: 213 loss: 0.965578019618988
Train - example: 214 loss: 1.0074630975723267
Train - example: 215 loss: 0.9624626636505127
Train - example: 216 loss: 0.9487184286117554
Train - example: 217 loss: 1.0072078704833984
Train - example: 218 loss: 1.0200817584991455
Train - example: 219 loss: 0.9286195635795593
Train - example: 220 loss: 0.9043698310852051
Train - example: 221 loss: 0.9351871609687805
Train - example: 222 loss: 0.9704911112785339
Train - example: 223 loss: 1.0001498460769653
Train - example: 224 loss: 1.1087923049926758
Train - example: 225 loss: 1.0350673198699951
Train - example: 226 loss: 1.1173168420791626
Train - example: 227 loss: 1.0248804092407227
Train - example: 228 loss: 0.9607927799224854
Train - example: 229 loss: 0.9338228106498718
Train - example: 230 loss: 1.0149650573730469
Train - example: 231 loss: 0.9440448880195618
Train - example: 232 loss: 0.9372804164886475
Train - example: 233 loss: 1.0305451154708862
Train - example: 234 loss: 1.0257773399353027
Train - example: 235 loss: 0.9644727110862732
Train - example: 236 loss: 0.9632051587104797
Train - example: 237 loss: 0.9183840155601501
Train - example: 238 loss: 0.9644562005996704
Train - example: 239 loss: 0.9350389242172241
Train - example: 240 loss: 0.9569441080093384
Train - example: 241 loss: 0.9845399260520935
Train - example: 242 loss: 1.028880000114441
Train - example: 243 loss: 1.0430269241333008
Train - example: 244 loss: 1.0296326875686646
Train - example: 245 loss: 0.9299741983413696
Train - example: 246 loss: 0.9464786648750305
Train - example: 247 loss: 1.0329171419143677
Train - example: 248 loss: 0.9422709941864014
Train - example: 249 loss: 0.9201618432998657
Train - example: 250 loss: 0.9328997135162354
Train - example: 251 loss: 1.0005744695663452
Train - example: 252 loss: 1.0221329927444458
Train - example: 253 loss: 0.9551105499267578
Train - example: 254 loss: 0.9422131180763245
Train - example: 255 loss: 0.9877731800079346
Train - example: 256 loss: 0.9404353499412537
Train - example: 257 loss: 0.9867491722106934
Train - example: 258 loss: 1.0425562858581543
Train - example: 259 loss: 0.8805582523345947
Train - example: 260 loss: 0.9446351528167725
Train - example: 261 loss: 0.9569854140281677
Train - example: 262 loss: 0.9523736834526062
Train - example: 263 loss: 0.9127634167671204
Train - example: 264 loss: 1.010424017906189
Train - example: 265 loss: 0.9771831035614014
Train - example: 266 loss: 1.0023219585418701
Train - example: 267 loss: 1.030981421470642
Train - example: 268 loss: 0.9992820024490356
Train - example: 269 loss: 1.0522156953811646
Train - example: 270 loss: 0.9214766621589661
Train - example: 271 loss: 1.0982533693313599
Train - example: 272 loss: 0.9840810894966125
Train - example: 273 loss: 1.0023568868637085
Train - example: 274 loss: 0.986278772354126
Train - example: 275 loss: 0.9169731736183167
Train - example: 276 loss: 0.9582794904708862
Train - example: 277 loss: 1.0058754682540894
Train - example: 278 loss: 1.0069388151168823
Train - example: 279 loss: 1.0291386842727661
Train - example: 280 loss: 0.9839107394218445
Train - example: 281 loss: 1.0350521802902222
Train - example: 282 loss: 1.0256813764572144
Train - example: 283 loss: 0.9857848286628723
Train - example: 284 loss: 1.0577867031097412
Train - example: 285 loss: 1.0298473834991455
Train - example: 286 loss: 0.9506739974021912
Train - example: 287 loss: 1.0280758142471313
Train - example: 288 loss: 0.9687306880950928
Train - example: 289 loss: 0.9316319227218628
Train - example: 290 loss: 0.9772096276283264
Train - example: 291 loss: 1.0060173273086548
Train - example: 292 loss: 0.9918926358222961
Train - example: 293 loss: 1.0183764696121216
Train - example: 294 loss: 0.9911857843399048
Train - example: 295 loss: 0.982350766658783
Train - example: 296 loss: 0.9572083353996277
Train - example: 297 loss: 1.0078542232513428
Train - example: 298 loss: 0.954305112361908
Train - example: 299 loss: 1.007908582687378
Train - example: 300 loss: 1.057698130607605
Train - example: 301 loss: 1.0222973823547363
Train - example: 302 loss: 1.0353204011917114
Train - example: 303 loss: 0.9506564140319824
Train - example: 304 loss: 1.0643857717514038
Train - example: 305 loss: 1.0125397443771362
Train - example: 306 loss: 1.0158417224884033
Train - example: 307 loss: 1.0166596174240112
Train - example: 308 loss: 0.9649639129638672
Train - example: 309 loss: 0.9990642666816711
Train - example: 310 loss: 0.9833052754402161
Train - example: 311 loss: 0.9535806775093079
Train - example: 312 loss: 0.9899455308914185
Train - example: 313 loss: 1.0453388690948486
Train - example: 314 loss: 0.9521558880805969
Train - example: 315 loss: 0.9966134428977966
Train - example: 316 loss: 0.9050275683403015
Train - example: 317 loss: 0.9958134293556213
Train - example: 318 loss: 0.9496490955352783
Train - example: 319 loss: 0.9713327884674072
Train - example: 320 loss: 1.0097370147705078
Train - example: 321 loss: 0.9918856620788574
Train - example: 322 loss: 0.9190113544464111
Train - example: 323 loss: 1.0132770538330078
Train - example: 324 loss: 0.9245625138282776
Train - example: 325 loss: 1.0333961248397827
Train - example: 326 loss: 0.8995091319084167
Train - example: 327 loss: 0.9448771476745605
Train - example: 328 loss: 0.9083452820777893
Train - example: 329 loss: 1.0013365745544434
Train - example: 330 loss: 0.9048246741294861
Train - example: 331 loss: 1.0113273859024048
Train - example: 332 loss: 1.0108109712600708
Train - example: 333 loss: 0.9781151413917542
Train - example: 334 loss: 1.0355820655822754
Train - example: 335 loss: 1.029822826385498
Train - example: 336 loss: 1.0599074363708496
Train - example: 337 loss: 1.0029499530792236
Train - example: 338 loss: 0.9288820624351501
Train - example: 339 loss: 0.8889498710632324
Train - example: 340 loss: 0.9027243852615356
Train - example: 341 loss: 0.9700018167495728
Train - example: 342 loss: 0.940390944480896
Train - example: 343 loss: 0.9975552558898926
Train - example: 344 loss: 0.9665041565895081
Train - example: 345 loss: 1.0578502416610718
Train - example: 346 loss: 0.9398349523544312
Train - example: 347 loss: 0.9609081745147705
Train - example: 348 loss: 1.050703525543213
Train - example: 349 loss: 0.9629239439964294
Train - example: 350 loss: 0.9992910623550415
Train - example: 351 loss: 1.0168275833129883
Train - example: 352 loss: 1.0189006328582764
Train - example: 353 loss: 1.0154520273208618
Train - example: 354 loss: 0.9664596319198608
Train - example: 355 loss: 0.9877790808677673
Train - example: 356 loss: 0.9926818609237671
Train - example: 357 loss: 0.9842057824134827
Train - example: 358 loss: 1.0056692361831665
Train - example: 359 loss: 0.9949776530265808
Train - example: 360 loss: 1.004997968673706
Train - example: 361 loss: 0.9799731969833374
Train - example: 362 loss: 0.9118399620056152
Train - example: 363 loss: 0.9644026160240173
Train - example: 364 loss: 0.9833324551582336
Train - example: 365 loss: 0.9513173699378967
Train - example: 366 loss: 1.0665113925933838
Train - example: 367 loss: 0.9351333379745483
Train - example: 368 loss: 1.0007094144821167
Train - example: 369 loss: 1.0490511655807495
Train - example: 370 loss: 1.03816556930542
Train - example: 371 loss: 0.9270360469818115
Train - example: 372 loss: 1.0451067686080933
Train - example: 373 loss: 1.00430166721344
Train - example: 374 loss: 0.9222999811172485
Train - example: 375 loss: 0.9477980136871338
Train - example: 376 loss: 0.9775348901748657
Train - example: 377 loss: 0.9769380688667297
Train - example: 378 loss: 0.9337638020515442
Train - example: 379 loss: 1.0469776391983032
Train - example: 380 loss: 0.9795935153961182
Train - example: 381 loss: 0.996306836605072
Train - example: 382 loss: 0.870900571346283
Train - example: 383 loss: 0.9946668744087219
Train - example: 384 loss: 0.9705559611320496
Train - example: 385 loss: 0.9260621666908264
Train - example: 386 loss: 0.9574857354164124
Train - example: 387 loss: 0.9474904537200928
Train - example: 388 loss: 0.931334376335144
Train - example: 389 loss: 1.0149589776992798
Train - example: 390 loss: 0.954017162322998
Train - example: 391 loss: 0.9881860613822937
Train - example: 392 loss: 1.0222545862197876
Train - example: 393 loss: 1.010542869567871
Train - example: 394 loss: 0.9736076593399048
Train - example: 395 loss: 0.951364278793335
Train - example: 396 loss: 1.0141687393188477
Train - example: 397 loss: 0.998058021068573
Train - example: 398 loss: 1.0243724584579468
Train - example: 399 loss: 0.9408909678459167
Train - example: 400 loss: 0.9741866588592529
Train - example: 401 loss: 0.904753565788269
Train - example: 402 loss: 0.9629192352294922
Train - example: 403 loss: 0.9832253456115723
Train - example: 404 loss: 0.906065046787262
Train - example: 405 loss: 0.9690829515457153
Train - example: 406 loss: 0.9246430397033691
Train - example: 407 loss: 1.1380631923675537
Train - example: 408 loss: 0.9870176911354065
Train - example: 409 loss: 0.9900301098823547
Train - example: 410 loss: 0.9845194816589355
Train - example: 411 loss: 1.0278290510177612
Train - example: 412 loss: 0.9851556420326233
Train - example: 413 loss: 0.9753062725067139
Train - example: 414 loss: 1.0247117280960083
Train - example: 415 loss: 1.0097932815551758
Train - example: 416 loss: 1.0495195388793945
Train - example: 417 loss: 0.944710373878479
Train - example: 418 loss: 0.9733274579048157
Train - example: 419 loss: 1.0433437824249268
Train - example: 420 loss: 1.0093433856964111
Train - example: 421 loss: 0.9807868003845215
Train - example: 422 loss: 0.9942256808280945
Train - example: 423 loss: 0.9448650479316711
Train - example: 424 loss: 0.9374240636825562
Train - example: 425 loss: 1.0142874717712402
Train - example: 426 loss: 0.9658518433570862
Train - example: 427 loss: 0.9646187424659729
Train - example: 428 loss: 0.9540776610374451
Train - example: 429 loss: 1.0014296770095825
Train - example: 430 loss: 1.0184104442596436
Train - example: 431 loss: 1.0300464630126953
Train - example: 432 loss: 0.9476143717765808
Train - example: 433 loss: 1.0772297382354736
Train - example: 434 loss: 0.9329062700271606
Train - example: 435 loss: 0.9678078293800354
Train - example: 436 loss: 0.9827470183372498
Train - example: 437 loss: 0.9828246235847473
Train - example: 438 loss: 1.0106509923934937
Train - example: 439 loss: 1.0085572004318237
Train - example: 440 loss: 0.9496538043022156
Train - example: 441 loss: 1.0068442821502686
Train - example: 442 loss: 0.9663922190666199
Train - example: 443 loss: 1.000300407409668
Train - example: 444 loss: 0.9603140354156494
Train - example: 445 loss: 0.9525901079177856
Train - example: 446 loss: 0.9068655371665955
Train - example: 447 loss: 0.9968748688697815
Train - example: 448 loss: 0.9638642072677612
Train - example: 449 loss: 0.9984275102615356
Train - example: 450 loss: 0.9141229391098022
Train - example: 451 loss: 0.9752431511878967
Train - example: 452 loss: 1.1230894327163696
Train - example: 453 loss: 0.9193785190582275
Train - example: 454 loss: 0.9720748662948608
Train - example: 455 loss: 1.0032386779785156
Train - example: 456 loss: 1.009779930114746
Train - example: 457 loss: 0.96788489818573
Train - example: 458 loss: 0.957368016242981
Train - example: 459 loss: 1.0044353008270264
Train - example: 460 loss: 0.9416597485542297
Train - example: 461 loss: 1.013048529624939
Train - example: 462 loss: 1.0387247800827026
Train - example: 463 loss: 0.9601330757141113
Train - example: 464 loss: 0.941203773021698
Train - example: 465 loss: 1.0174604654312134
Train - example: 466 loss: 1.0032094717025757
Train - example: 467 loss: 0.9632517099380493
Train - example: 468 loss: 1.0186575651168823
Train - example: 469 loss: 0.8858833312988281
Train - example: 470 loss: 0.9337695837020874
Train - example: 471 loss: 0.9703707098960876
Train - example: 472 loss: 0.9606123566627502
Train - example: 473 loss: 0.9651609063148499
Train - example: 474 loss: 1.0263088941574097
Train - example: 475 loss: 0.9981942176818848
Train - example: 0 loss: 1.0765414237976074
Train - example: 1 loss: 0.9672407507896423
Train - example: 2 loss: 1.0665993690490723
Train - example: 3 loss: 1.0003389120101929
Train - example: 4 loss: 1.0165319442749023
Train - example: 5 loss: 1.0624862909317017
Train - example: 6 loss: 1.0894626379013062
Train - example: 7 loss: 1.0893158912658691
Train - example: 8 loss: 1.0422394275665283
Train - example: 9 loss: 1.0782933235168457
Train - example: 10 loss: 1.0632946491241455
Train - example: 11 loss: 0.9725908041000366
Train - example: 12 loss: 1.0254182815551758
Train - example: 13 loss: 0.9903259873390198
Train - example: 14 loss: 0.910743772983551
Train - example: 15 loss: 0.9010475873947144
Train - example: 16 loss: 1.0176254510879517
Train - example: 17 loss: 0.9863924980163574
Train - example: 18 loss: 0.9024333953857422
Train - example: 19 loss: 0.9933679103851318
Train - example: 20 loss: 0.9464735984802246
Train - example: 21 loss: 0.9337416291236877
Train - example: 22 loss: 0.9901763200759888
Train - example: 23 loss: 0.9580613970756531
Train - example: 24 loss: 1.0271633863449097
Train - example: 25 loss: 0.9775720238685608
Train - example: 26 loss: 1.0298086404800415
Train - example: 27 loss: 0.975273072719574
Train - example: 28 loss: 0.9894941449165344
Train - example: 29 loss: 0.9380718469619751
Train - example: 30 loss: 0.9669345617294312
Train - example: 31 loss: 1.0277717113494873
Train - example: 32 loss: 0.9617595672607422
Train - example: 33 loss: 0.9656898379325867
Train - example: 34 loss: 0.9526029229164124
Train - example: 35 loss: 0.9291994571685791
Train - example: 36 loss: 0.9991589188575745
Train - example: 37 loss: 1.0017720460891724
Train - example: 38 loss: 1.0047850608825684
Train - example: 39 loss: 1.0425214767456055
Train - example: 40 loss: 0.9312772154808044
Train - example: 41 loss: 0.9707773327827454
Train - example: 42 loss: 1.0137991905212402
Train - example: 43 loss: 1.0478391647338867
Train - example: 44 loss: 1.0067640542984009
Train - example: 45 loss: 0.9874668717384338
Train - example: 46 loss: 0.9841516613960266
Train - example: 47 loss: 0.9498106241226196
Valid - iter: 2.0 loss: 1.0005003895078386
Iteration: 1000  Train Loss: 0.9498106241226196  Test Accuracy: 49.88227462768555 %
Model 1000 was saved.
Train - example: 48 loss: 0.9696546196937561
Train - example: 49 loss: 0.9815987348556519
Train - example: 50 loss: 1.0183730125427246
Train - example: 51 loss: 1.005519151687622
Train - example: 52 loss: 1.0234055519104004
Train - example: 53 loss: 0.9309829473495483
Train - example: 54 loss: 0.9585360884666443
Train - example: 55 loss: 1.0554280281066895
Train - example: 56 loss: 1.0197933912277222
Train - example: 57 loss: 0.9874976873397827
Train - example: 58 loss: 0.9444671869277954
Train - example: 59 loss: 0.9322342872619629
Train - example: 60 loss: 1.0839869976043701
Train - example: 61 loss: 0.9666567444801331
Train - example: 62 loss: 0.9852637648582458
Train - example: 63 loss: 1.0075042247772217
Train - example: 64 loss: 0.9165689945220947
Train - example: 65 loss: 0.9349169731140137
Train - example: 66 loss: 1.0301684141159058
Train - example: 67 loss: 0.9696774482727051
Train - example: 68 loss: 0.9757252335548401
Train - example: 69 loss: 0.9675568342208862
Train - example: 70 loss: 0.9586222171783447
Train - example: 71 loss: 0.9939291477203369
Train - example: 72 loss: 1.0116326808929443
Train - example: 73 loss: 0.8995152115821838
Train - example: 74 loss: 0.9527361989021301
Train - example: 75 loss: 1.0623081922531128
Train - example: 76 loss: 1.0616521835327148
Train - example: 77 loss: 0.9775768518447876
Train - example: 78 loss: 0.8880438804626465
Train - example: 79 loss: 0.9947782158851624
Train - example: 80 loss: 1.0971705913543701
Train - example: 81 loss: 1.0047979354858398
Train - example: 82 loss: 0.989959180355072
Train - example: 83 loss: 0.9584411382675171
Train - example: 84 loss: 1.0114665031433105
Train - example: 85 loss: 0.9191744327545166
Train - example: 86 loss: 0.9479644894599915
Train - example: 87 loss: 0.9671086072921753
Train - example: 88 loss: 0.9274184703826904
Train - example: 89 loss: 0.9732889533042908
Train - example: 90 loss: 0.993914008140564
Train - example: 91 loss: 0.9620025753974915
Train - example: 92 loss: 0.9930694699287415
Train - example: 93 loss: 0.9596601724624634
Train - example: 94 loss: 1.0445202589035034
Train - example: 95 loss: 0.9379571676254272
Train - example: 96 loss: 1.0327104330062866
Train - example: 97 loss: 1.0597227811813354
Train - example: 98 loss: 0.9754387736320496
Train - example: 99 loss: 0.9765624403953552
Train - example: 100 loss: 0.9554592967033386
Train - example: 101 loss: 0.9667805433273315
Train - example: 102 loss: 0.9439231753349304
Train - example: 103 loss: 1.0025079250335693
Train - example: 104 loss: 1.0993884801864624
Train - example: 105 loss: 0.9953030347824097
Train - example: 106 loss: 1.0086177587509155
Train - example: 107 loss: 1.0220153331756592
Train - example: 108 loss: 0.9779927134513855
Train - example: 109 loss: 0.9352766275405884
Train - example: 110 loss: 0.9453579783439636
Train - example: 111 loss: 0.9667295813560486
Train - example: 112 loss: 0.9864644408226013
Train - example: 113 loss: 1.0175474882125854
Train - example: 114 loss: 0.949944257736206
Train - example: 115 loss: 1.0146777629852295
Train - example: 116 loss: 1.0208073854446411
Train - example: 117 loss: 0.9616323113441467
Train - example: 118 loss: 0.9853427410125732
Train - example: 119 loss: 1.0154964923858643
Train - example: 120 loss: 1.0435453653335571
Train - example: 121 loss: 0.9761000871658325
Train - example: 122 loss: 1.0277994871139526
Train - example: 123 loss: 1.0147395133972168
Train - example: 124 loss: 1.0588104724884033
Train - example: 125 loss: 0.9794406890869141
Train - example: 126 loss: 0.8888186812400818
Train - example: 127 loss: 0.9387499094009399
Train - example: 128 loss: 1.0403996706008911
Train - example: 129 loss: 0.9928950667381287
Train - example: 130 loss: 0.9420992136001587
Train - example: 131 loss: 0.9973127245903015
Train - example: 132 loss: 0.9648510813713074
Train - example: 133 loss: 1.0078487396240234
Train - example: 134 loss: 0.9913682341575623
Train - example: 135 loss: 0.9276012182235718
Train - example: 136 loss: 1.0236037969589233
Train - example: 137 loss: 0.9867019653320312
Train - example: 138 loss: 0.9557225704193115
Train - example: 139 loss: 0.9611494541168213
Train - example: 140 loss: 0.9542137384414673
Train - example: 141 loss: 1.0356531143188477
Train - example: 142 loss: 0.8904825448989868
Train - example: 143 loss: 0.9603835344314575
Train - example: 144 loss: 0.9891022443771362
Train - example: 145 loss: 1.014652967453003
Train - example: 146 loss: 0.9193735718727112
Train - example: 147 loss: 0.9479509592056274
Train - example: 148 loss: 0.9916133880615234
Train - example: 149 loss: 0.9592960476875305
Train - example: 150 loss: 0.9157168865203857
Train - example: 151 loss: 0.9745794534683228
Train - example: 152 loss: 0.9952579736709595
Train - example: 153 loss: 0.9546563625335693
Train - example: 154 loss: 0.9861122965812683
Train - example: 155 loss: 1.03108811378479
Train - example: 156 loss: 0.9967860579490662
Train - example: 157 loss: 1.0299655199050903
Train - example: 158 loss: 1.0646655559539795
Train - example: 159 loss: 0.9856178760528564
Train - example: 160 loss: 1.0183264017105103
Train - example: 161 loss: 0.9516217112541199
Train - example: 162 loss: 1.002760648727417
Train - example: 163 loss: 0.9530914425849915
Train - example: 164 loss: 1.0053586959838867
Train - example: 165 loss: 0.9462377429008484
Train - example: 166 loss: 0.9632126688957214
Train - example: 167 loss: 0.9802666306495667
Train - example: 168 loss: 0.962796688079834
Train - example: 169 loss: 1.0150542259216309
Train - example: 170 loss: 1.0377190113067627
Train - example: 171 loss: 0.9119846820831299
Train - example: 172 loss: 0.9342024326324463
Train - example: 173 loss: 0.9570393562316895
Train - example: 174 loss: 0.9342785477638245
Train - example: 175 loss: 1.0034494400024414
Train - example: 176 loss: 0.9477618336677551
Train - example: 177 loss: 0.9780281186103821
Train - example: 178 loss: 0.9227495789527893
Train - example: 179 loss: 0.9406055212020874
Train - example: 180 loss: 0.996052086353302
Train - example: 181 loss: 0.8921053409576416
Train - example: 182 loss: 0.9722432494163513
Train - example: 183 loss: 1.077437400817871
Train - example: 184 loss: 0.9476343393325806
Train - example: 185 loss: 0.9886406660079956
Train - example: 186 loss: 0.9445685744285583
Train - example: 187 loss: 0.9678063988685608
Train - example: 188 loss: 1.0348985195159912
Train - example: 189 loss: 0.9554742574691772
Train - example: 190 loss: 0.9652366042137146
Train - example: 191 loss: 0.9485837817192078
Train - example: 192 loss: 0.9608279466629028
Train - example: 193 loss: 0.9709041714668274
Train - example: 194 loss: 1.0113846063613892
Train - example: 195 loss: 1.0257956981658936
Train - example: 196 loss: 0.9995401501655579
Train - example: 197 loss: 1.0487024784088135
Train - example: 198 loss: 1.0043503046035767
Train - example: 199 loss: 0.9166408777236938
Train - example: 200 loss: 1.0271539688110352
Train - example: 201 loss: 0.949787437915802
Train - example: 202 loss: 1.0204492807388306
Train - example: 203 loss: 0.9582098126411438
Train - example: 204 loss: 0.9360451698303223
Train - example: 205 loss: 0.9299651980400085
Train - example: 206 loss: 0.9706196784973145
Train - example: 207 loss: 0.9481202960014343
Train - example: 208 loss: 0.9871678948402405
Train - example: 209 loss: 0.9206961989402771
Train - example: 210 loss: 1.00700044631958
Train - example: 211 loss: 1.0610545873641968
Train - example: 212 loss: 0.9500267505645752
Train - example: 213 loss: 0.9506376385688782
Train - example: 214 loss: 0.9701060652732849
Train - example: 215 loss: 0.9485991597175598
Train - example: 216 loss: 0.991783857345581
Train - example: 217 loss: 0.9386429786682129
Train - example: 218 loss: 1.00225031375885
Train - example: 219 loss: 0.9067525267601013
Train - example: 220 loss: 0.9688331484794617
Train - example: 221 loss: 1.0281401872634888
Train - example: 222 loss: 0.9970096349716187
Train - example: 223 loss: 0.9248809814453125
Train - example: 224 loss: 1.0446786880493164
Train - example: 225 loss: 0.9326230883598328
Train - example: 226 loss: 1.0250014066696167
Train - example: 227 loss: 1.0039235353469849
Train - example: 228 loss: 0.9038076996803284
Train - example: 229 loss: 0.9905411601066589
Train - example: 230 loss: 0.9206592440605164
Train - example: 231 loss: 1.0755616426467896
Train - example: 232 loss: 0.9919012188911438
Train - example: 233 loss: 0.9706723690032959
Train - example: 234 loss: 0.9839185476303101
Train - example: 235 loss: 0.9210805296897888
Train - example: 236 loss: 0.979987382888794
Train - example: 237 loss: 0.9670715928077698
Train - example: 238 loss: 0.9868162274360657
Train - example: 239 loss: 1.011041522026062
Train - example: 240 loss: 0.9465709924697876
Train - example: 241 loss: 0.9047572612762451
Train - example: 242 loss: 0.9804555773735046
Train - example: 243 loss: 0.9912305474281311
Train - example: 244 loss: 1.0048893690109253
Train - example: 245 loss: 0.9892542958259583
Train - example: 246 loss: 1.0501434803009033
Train - example: 247 loss: 0.9388916492462158
Train - example: 248 loss: 1.0416879653930664
Train - example: 249 loss: 0.9151573777198792
Train - example: 250 loss: 1.0291407108306885
Train - example: 251 loss: 1.0120311975479126
Train - example: 252 loss: 0.9168799519538879
Train - example: 253 loss: 0.9809181690216064
Train - example: 254 loss: 0.9765328764915466
Train - example: 255 loss: 1.0095462799072266
Train - example: 256 loss: 0.9818496108055115
Train - example: 257 loss: 1.0261670351028442
Train - example: 258 loss: 1.0684853792190552
Train - example: 259 loss: 0.9437830448150635
Train - example: 260 loss: 0.9722870588302612
Train - example: 261 loss: 0.9835976362228394
Train - example: 262 loss: 0.983253002166748
Train - example: 263 loss: 0.9530004858970642
Train - example: 264 loss: 0.940440833568573
Train - example: 265 loss: 0.9413371086120605
Train - example: 266 loss: 0.8684656023979187
Train - example: 267 loss: 1.0346989631652832
Train - example: 268 loss: 1.0412347316741943
Train - example: 269 loss: 0.9415555000305176
Train - example: 270 loss: 1.0107734203338623
Train - example: 271 loss: 0.9377898573875427
Train - example: 272 loss: 1.0005214214324951
Train - example: 273 loss: 0.9552451372146606
Train - example: 274 loss: 0.9827194213867188
Train - example: 275 loss: 1.011784553527832
Train - example: 276 loss: 1.0526611804962158
Train - example: 277 loss: 1.0296573638916016
Train - example: 278 loss: 0.960339367389679
Train - example: 279 loss: 0.9983416795730591
Train - example: 280 loss: 0.9983180165290833
Train - example: 281 loss: 0.9463377594947815
Train - example: 282 loss: 0.9935567378997803
Train - example: 283 loss: 0.9197914600372314
Train - example: 284 loss: 0.8972142934799194
Train - example: 285 loss: 0.9646856784820557
Train - example: 286 loss: 0.9469668865203857
Train - example: 287 loss: 0.9443116784095764
Train - example: 288 loss: 0.9491917490959167
Train - example: 289 loss: 0.9261475205421448
Train - example: 290 loss: 1.0485725402832031
Train - example: 291 loss: 0.9456198215484619
Train - example: 292 loss: 0.9161356091499329
Train - example: 293 loss: 0.9909664988517761
Train - example: 294 loss: 0.9342711567878723
Train - example: 295 loss: 0.9540759325027466
Train - example: 296 loss: 1.0551509857177734
Train - example: 297 loss: 1.0066298246383667
Train - example: 298 loss: 1.0217896699905396
Train - example: 299 loss: 1.0631812810897827
Train - example: 300 loss: 1.016414761543274
Train - example: 301 loss: 1.0028777122497559
Train - example: 302 loss: 1.0649436712265015
Train - example: 303 loss: 1.094123125076294
Train - example: 304 loss: 1.0420163869857788
Train - example: 305 loss: 0.9528077840805054
Train - example: 306 loss: 0.9848780632019043
Train - example: 307 loss: 1.0081959962844849
Train - example: 308 loss: 0.9586328268051147
Train - example: 309 loss: 0.9459092020988464
Train - example: 310 loss: 0.9974305629730225
Train - example: 311 loss: 0.9819331169128418
Train - example: 312 loss: 0.9551636576652527
Train - example: 313 loss: 1.0120009183883667
Train - example: 314 loss: 1.0306999683380127
Train - example: 315 loss: 1.0621033906936646
Train - example: 316 loss: 0.9920409917831421
Train - example: 317 loss: 0.8960954546928406
Train - example: 318 loss: 1.0087774991989136
Train - example: 319 loss: 1.023228645324707
Train - example: 320 loss: 0.9963046312332153
Train - example: 321 loss: 0.8841186761856079
Train - example: 322 loss: 1.0203204154968262
Train - example: 323 loss: 0.9728400707244873
Train - example: 324 loss: 1.011902093887329
Train - example: 325 loss: 0.9714671969413757
Train - example: 326 loss: 0.9513524770736694
Train - example: 327 loss: 1.0909366607666016
Train - example: 328 loss: 1.0222376585006714
Train - example: 329 loss: 0.9776065945625305
Train - example: 330 loss: 0.9336398243904114
Train - example: 331 loss: 1.0034486055374146
Train - example: 332 loss: 0.9174954891204834
Train - example: 333 loss: 0.9675176739692688
Train - example: 334 loss: 1.0171771049499512
Train - example: 335 loss: 0.9527297019958496
Train - example: 336 loss: 0.9992800951004028
Train - example: 337 loss: 1.0629756450653076
Train - example: 338 loss: 0.9874284267425537
Train - example: 339 loss: 0.991191565990448
Train - example: 340 loss: 0.9713903665542603
Train - example: 341 loss: 0.9669665694236755
Train - example: 342 loss: 0.9095955491065979
Train - example: 343 loss: 0.9293842911720276
Train - example: 344 loss: 1.0076557397842407
Train - example: 345 loss: 1.0836468935012817
Train - example: 346 loss: 0.9586731195449829
Train - example: 347 loss: 0.9761261940002441
Train - example: 348 loss: 0.9171218872070312
Train - example: 349 loss: 1.0027966499328613
Train - example: 350 loss: 0.9968567490577698
Train - example: 351 loss: 0.9477716684341431
Train - example: 352 loss: 1.0348658561706543
Train - example: 353 loss: 1.0289283990859985
Train - example: 354 loss: 1.0189317464828491
Train - example: 355 loss: 1.007461667060852
Train - example: 356 loss: 0.8905958533287048
Train - example: 357 loss: 1.008339762687683
Train - example: 358 loss: 0.9256255626678467
Train - example: 359 loss: 1.0307689905166626
Train - example: 360 loss: 0.9519503712654114
Train - example: 361 loss: 0.9528064131736755
Train - example: 362 loss: 0.9782572388648987
Train - example: 363 loss: 1.0294746160507202
Train - example: 364 loss: 0.9331175088882446
Train - example: 365 loss: 0.9837362766265869
Train - example: 366 loss: 1.013901710510254
Train - example: 367 loss: 1.0259531736373901
Train - example: 368 loss: 0.9519753456115723
Train - example: 369 loss: 0.9637492299079895
Train - example: 370 loss: 1.0105509757995605
Train - example: 371 loss: 0.9323057532310486
Train - example: 372 loss: 0.9747888445854187
Train - example: 373 loss: 0.9976779818534851
Train - example: 374 loss: 1.0229512453079224
Train - example: 375 loss: 0.9383569955825806
Train - example: 376 loss: 1.0018390417099
Train - example: 377 loss: 1.0541281700134277
Train - example: 378 loss: 1.0278654098510742
Train - example: 379 loss: 1.0359245538711548
Train - example: 380 loss: 0.9232943654060364
Train - example: 381 loss: 1.0147072076797485
Train - example: 382 loss: 0.9661232233047485
Train - example: 383 loss: 1.0066906213760376
Train - example: 384 loss: 1.0085586309432983
Train - example: 385 loss: 1.0398378372192383
Train - example: 386 loss: 0.9400831460952759
Train - example: 387 loss: 0.9318174123764038
Train - example: 388 loss: 0.9416649341583252
Train - example: 389 loss: 0.9483042359352112
Train - example: 390 loss: 0.9930189251899719
Train - example: 391 loss: 1.0050350427627563
Train - example: 392 loss: 0.9604272246360779
Train - example: 393 loss: 0.9735334515571594
Train - example: 394 loss: 0.9281013607978821
Train - example: 395 loss: 1.0398290157318115
Train - example: 396 loss: 0.9504868984222412
Train - example: 397 loss: 0.9921295642852783
Train - example: 398 loss: 1.0605591535568237
Train - example: 399 loss: 0.9555040597915649
Train - example: 400 loss: 0.9597281813621521
Train - example: 401 loss: 1.058858036994934
Train - example: 402 loss: 0.955390989780426
Train - example: 403 loss: 1.0124009847640991
Train - example: 404 loss: 0.9765523672103882
Train - example: 405 loss: 0.8834953904151917
Train - example: 406 loss: 0.9528394937515259
Train - example: 407 loss: 0.9061954021453857
Train - example: 408 loss: 0.9375431537628174
Train - example: 409 loss: 0.9121466875076294
Train - example: 410 loss: 1.0085344314575195
Train - example: 411 loss: 0.9572572112083435
Train - example: 412 loss: 1.037788987159729
Train - example: 413 loss: 1.0081416368484497
Train - example: 414 loss: 0.9963988661766052
Train - example: 415 loss: 0.9472852945327759
Train - example: 416 loss: 0.9618119597434998
Train - example: 417 loss: 0.9695064425468445
Train - example: 418 loss: 1.0717560052871704
Train - example: 419 loss: 0.9626137018203735
Train - example: 420 loss: 0.9982131123542786
Train - example: 421 loss: 0.8737413287162781
Train - example: 422 loss: 0.9769676327705383
Train - example: 423 loss: 1.0016154050827026
Train - example: 424 loss: 1.0026960372924805
Train - example: 425 loss: 0.9747421741485596
Train - example: 426 loss: 0.964001476764679
Train - example: 427 loss: 0.9027622938156128
Train - example: 428 loss: 0.966538667678833
Train - example: 429 loss: 0.9294590950012207
Train - example: 430 loss: 0.9252690672874451
Train - example: 431 loss: 0.9000791907310486
Train - example: 432 loss: 0.9925717115402222
Train - example: 433 loss: 0.9113768935203552
Train - example: 434 loss: 0.9069780707359314
Train - example: 435 loss: 0.9979413747787476
Train - example: 436 loss: 0.9213243722915649
Train - example: 437 loss: 1.0642105340957642
Train - example: 438 loss: 1.0268661975860596
Train - example: 439 loss: 0.9653304219245911
Train - example: 440 loss: 0.9746220111846924
Train - example: 441 loss: 0.9482975006103516
Train - example: 442 loss: 0.9805426597595215
Train - example: 443 loss: 0.9268978238105774
Train - example: 444 loss: 0.9742921590805054
Train - example: 445 loss: 1.001915693283081
Train - example: 446 loss: 1.0293734073638916
Train - example: 447 loss: 0.9267690181732178
Train - example: 448 loss: 0.957215428352356
Train - example: 449 loss: 0.92226243019104
Train - example: 450 loss: 1.0683804750442505
Train - example: 451 loss: 0.9674126505851746
Train - example: 452 loss: 0.9891967177391052
Train - example: 453 loss: 0.9979187250137329
Train - example: 454 loss: 1.0040850639343262
Train - example: 455 loss: 1.0111747980117798
Train - example: 456 loss: 1.0200406312942505
Train - example: 457 loss: 0.9879662990570068
Train - example: 458 loss: 0.9963902235031128
Train - example: 459 loss: 0.999542236328125
Train - example: 460 loss: 0.9181700944900513
Train - example: 461 loss: 1.03550124168396
Train - example: 462 loss: 0.9665557742118835
Train - example: 463 loss: 0.9756971001625061
Train - example: 464 loss: 0.9985498785972595
Train - example: 465 loss: 1.0139826536178589
Train - example: 466 loss: 0.9558862447738647
Train - example: 467 loss: 0.9313770532608032
Train - example: 468 loss: 1.0355651378631592
Train - example: 469 loss: 0.9812290668487549
Train - example: 470 loss: 1.0399861335754395
Train - example: 471 loss: 0.9804039597511292
Train - example: 472 loss: 0.9544867873191833
Train - example: 473 loss: 0.9832638502120972
Train - example: 474 loss: 0.9641647934913635
Train - example: 475 loss: 0.9703616499900818
Train - example: 0 loss: 0.9893795847892761
Train - example: 1 loss: 0.9296760559082031
Train - example: 2 loss: 0.9730654358863831
Train - example: 3 loss: 0.9395405054092407
Train - example: 4 loss: 0.922128438949585
Train - example: 5 loss: 0.9056057929992676
Train - example: 6 loss: 1.0225948095321655
Train - example: 7 loss: 0.9793165326118469
Train - example: 8 loss: 0.9187054634094238
Train - example: 9 loss: 0.9820314645767212
Train - example: 10 loss: 0.9891771674156189
Train - example: 11 loss: 0.9406973123550415
Train - example: 12 loss: 1.022253155708313
Train - example: 13 loss: 0.968952476978302
Train - example: 14 loss: 0.8892495632171631
Train - example: 15 loss: 1.0083975791931152
Train - example: 16 loss: 0.9519045948982239
Train - example: 17 loss: 0.9661194086074829
Train - example: 18 loss: 0.9958458542823792
Train - example: 19 loss: 1.0378658771514893
Train - example: 20 loss: 1.0435423851013184
Train - example: 21 loss: 1.085123896598816
Train - example: 22 loss: 1.060591459274292
Train - example: 23 loss: 0.9492889642715454
Train - example: 24 loss: 0.9546207189559937
Train - example: 25 loss: 0.9854262471199036
Train - example: 26 loss: 0.9847899079322815
Train - example: 27 loss: 1.0717092752456665
Train - example: 28 loss: 0.8825138807296753
Train - example: 29 loss: 1.002344012260437
Train - example: 30 loss: 1.022835612297058
Train - example: 31 loss: 0.9139954447746277
Train - example: 32 loss: 0.9754396677017212
Train - example: 33 loss: 0.9903854131698608
Train - example: 34 loss: 1.0489213466644287
Train - example: 35 loss: 0.8886997699737549
Train - example: 36 loss: 1.0097718238830566
Train - example: 37 loss: 0.9805742502212524
Train - example: 38 loss: 1.0547982454299927
Train - example: 39 loss: 0.904934823513031
Train - example: 40 loss: 0.9394142031669617
Train - example: 41 loss: 1.000216007232666
Train - example: 42 loss: 1.0718520879745483
Train - example: 43 loss: 0.9123717546463013
Train - example: 44 loss: 0.902900755405426
Train - example: 45 loss: 1.005581021308899
Train - example: 46 loss: 0.9738396406173706
Train - example: 47 loss: 0.9542784690856934
Train - example: 48 loss: 0.9830821752548218
Train - example: 49 loss: 0.904874861240387
Train - example: 50 loss: 1.0134960412979126
Train - example: 51 loss: 0.9715249538421631
Train - example: 52 loss: 0.9568067193031311
Train - example: 53 loss: 1.021783471107483
Train - example: 54 loss: 0.9968605637550354
Train - example: 55 loss: 0.9693408012390137
Train - example: 56 loss: 0.9255686402320862
Train - example: 57 loss: 0.9346349239349365
Train - example: 58 loss: 1.0103517770767212
Train - example: 59 loss: 0.9446869492530823
Train - example: 60 loss: 0.9659982323646545
Train - example: 61 loss: 0.9270443916320801
Train - example: 62 loss: 0.9287880063056946
Train - example: 63 loss: 0.9776586294174194
Train - example: 64 loss: 0.928271472454071
Train - example: 65 loss: 1.0460920333862305
Train - example: 66 loss: 0.9194991588592529
Train - example: 67 loss: 1.0449775457382202
Train - example: 68 loss: 1.0416390895843506
Train - example: 69 loss: 0.9058763384819031
Train - example: 70 loss: 0.9493647217750549
Train - example: 71 loss: 1.0058776140213013
Valid - iter: 3.0 loss: 0.983964350544104
Iteration: 1500  Train Loss: 1.0058776140213013  Test Accuracy: 50.866127014160156 %
Model 1500 was saved.
Train - example: 72 loss: 0.9152041077613831
Train - example: 73 loss: 0.9935681819915771
Train - example: 74 loss: 0.9821044206619263
Train - example: 75 loss: 0.9012665748596191
Train - example: 76 loss: 0.9892650842666626
Train - example: 77 loss: 1.021939992904663
Train - example: 78 loss: 0.9431141018867493
Train - example: 79 loss: 0.9506651163101196
Train - example: 80 loss: 0.9940632581710815
Train - example: 81 loss: 1.033955454826355
Train - example: 82 loss: 1.0286905765533447
Train - example: 83 loss: 1.0000863075256348
Train - example: 84 loss: 1.0020123720169067
Train - example: 85 loss: 0.9655296802520752
Train - example: 86 loss: 0.9904285669326782
Train - example: 87 loss: 0.9241045117378235
Train - example: 88 loss: 0.9604451060295105
Train - example: 89 loss: 0.9490122199058533
Train - example: 90 loss: 0.9363980889320374
Train - example: 91 loss: 0.945180356502533
Train - example: 92 loss: 0.91892409324646
Train - example: 93 loss: 0.9706013202667236
Train - example: 94 loss: 0.9785564541816711
Train - example: 95 loss: 0.9556092619895935
Train - example: 96 loss: 0.9605709910392761
Train - example: 97 loss: 0.9783063530921936
Train - example: 98 loss: 0.93912672996521
Train - example: 99 loss: 0.9127035737037659
Train - example: 100 loss: 0.9680401086807251
Train - example: 101 loss: 0.9546809196472168
Train - example: 102 loss: 0.923248827457428
Train - example: 103 loss: 0.9850685596466064
Train - example: 104 loss: 0.9662061333656311
Train - example: 105 loss: 1.0320392847061157
Train - example: 106 loss: 0.9361408352851868
Train - example: 107 loss: 1.0318324565887451
Train - example: 108 loss: 0.9408080577850342
Train - example: 109 loss: 1.0224483013153076
Train - example: 110 loss: 0.953726053237915
Train - example: 111 loss: 1.0797381401062012
Train - example: 112 loss: 0.9656893014907837
Train - example: 113 loss: 0.9894232153892517
Train - example: 114 loss: 1.0324217081069946
Train - example: 115 loss: 1.056274175643921
Train - example: 116 loss: 0.9956554174423218
Train - example: 117 loss: 0.9972307682037354
Train - example: 118 loss: 0.9694765210151672
Train - example: 119 loss: 0.9628360271453857
Train - example: 120 loss: 1.0105637311935425
Train - example: 121 loss: 0.9990218877792358
Train - example: 122 loss: 1.018950343132019
Train - example: 123 loss: 0.9379435181617737
Train - example: 124 loss: 1.144351840019226
Train - example: 125 loss: 1.0302541255950928
Train - example: 126 loss: 0.9110420346260071
Train - example: 127 loss: 0.9919030666351318
Train - example: 128 loss: 0.9499618411064148
Train - example: 129 loss: 0.9919529557228088
Train - example: 130 loss: 1.001387357711792
Train - example: 131 loss: 0.9837335348129272
Train - example: 132 loss: 0.9812477827072144
Train - example: 133 loss: 1.005679726600647
Train - example: 134 loss: 1.0873973369598389
Train - example: 135 loss: 0.8933103680610657
Train - example: 136 loss: 0.9701023697853088
Train - example: 137 loss: 0.975574254989624
Train - example: 138 loss: 0.9806253910064697
Train - example: 139 loss: 0.9194819927215576
Train - example: 140 loss: 1.005831241607666
Train - example: 141 loss: 0.9129930138587952
Train - example: 142 loss: 0.9470113515853882
Train - example: 143 loss: 0.9267202615737915
Train - example: 144 loss: 0.9453052282333374
Train - example: 145 loss: 0.9285392165184021
Train - example: 146 loss: 1.060997724533081
Train - example: 147 loss: 0.9501069784164429
Train - example: 148 loss: 0.9750943779945374
Train - example: 149 loss: 0.9538415670394897
Train - example: 150 loss: 0.9793357849121094
Train - example: 151 loss: 0.9937307238578796
Train - example: 152 loss: 1.0122487545013428
Train - example: 153 loss: 1.069636344909668
Train - example: 154 loss: 0.9643027782440186
Train - example: 155 loss: 0.910818338394165
Train - example: 156 loss: 1.001175880432129
Train - example: 157 loss: 0.9865434169769287
Train - example: 158 loss: 1.0266962051391602
Train - example: 159 loss: 0.9849406480789185
Train - example: 160 loss: 1.0206550359725952
Train - example: 161 loss: 1.0013203620910645
Train - example: 162 loss: 0.9465538263320923
Train - example: 163 loss: 0.9839321970939636
Train - example: 164 loss: 1.086595058441162
Train - example: 165 loss: 0.9769514203071594
Train - example: 166 loss: 0.9726409316062927
Train - example: 167 loss: 0.9866761565208435
Train - example: 168 loss: 0.9088033437728882
Train - example: 169 loss: 0.9019007086753845
Train - example: 170 loss: 0.8631870746612549
Train - example: 171 loss: 1.0540484189987183
Train - example: 172 loss: 0.9306018948554993
Train - example: 173 loss: 0.9698417782783508
Train - example: 174 loss: 1.0095117092132568
Train - example: 175 loss: 0.9158852100372314
Train - example: 176 loss: 0.9726096391677856
Train - example: 177 loss: 1.0353564023971558
Train - example: 178 loss: 1.0039230585098267
Train - example: 179 loss: 1.0227131843566895
Train - example: 180 loss: 0.9900243282318115
Train - example: 181 loss: 0.9801366925239563
Train - example: 182 loss: 0.9693830013275146
Train - example: 183 loss: 1.0044313669204712
Train - example: 184 loss: 1.0920591354370117
Train - example: 185 loss: 0.9968852996826172
Train - example: 186 loss: 1.0143989324569702
Train - example: 187 loss: 1.0087008476257324
Train - example: 188 loss: 1.0115687847137451
Train - example: 189 loss: 0.9521262645721436
Train - example: 190 loss: 0.9967634081840515
Train - example: 191 loss: 0.9457159638404846
Train - example: 192 loss: 0.8920653462409973
Train - example: 193 loss: 0.9968688488006592
Train - example: 194 loss: 0.954426109790802
Train - example: 195 loss: 1.0128717422485352
Train - example: 196 loss: 0.9961856007575989
Train - example: 197 loss: 0.9713600873947144
Train - example: 198 loss: 1.0457130670547485
Train - example: 199 loss: 0.9333092570304871
Train - example: 200 loss: 0.9242411255836487
Train - example: 201 loss: 0.916217565536499
Train - example: 202 loss: 1.0560299158096313
Train - example: 203 loss: 1.020471215248108
Train - example: 204 loss: 0.9515091776847839
Train - example: 205 loss: 0.9368517398834229
Train - example: 206 loss: 0.912727415561676
Train - example: 207 loss: 0.9382875561714172
Train - example: 208 loss: 0.9689491987228394
Train - example: 209 loss: 1.05841863155365
Train - example: 210 loss: 1.0016205310821533
Train - example: 211 loss: 0.9095357656478882
Train - example: 212 loss: 0.9608443379402161
Train - example: 213 loss: 0.9862502217292786
Train - example: 214 loss: 1.0155880451202393
Train - example: 215 loss: 0.9912514686584473
Train - example: 216 loss: 1.0498796701431274
Train - example: 217 loss: 0.9615238308906555
Train - example: 218 loss: 0.9705870151519775
Train - example: 219 loss: 1.0495513677597046
Train - example: 220 loss: 1.0234419107437134
Train - example: 221 loss: 0.8740774393081665
Train - example: 222 loss: 0.953776478767395
Train - example: 223 loss: 1.0115922689437866
Train - example: 224 loss: 1.0189244747161865
Train - example: 225 loss: 0.9166761636734009
Train - example: 226 loss: 1.096177339553833
Train - example: 227 loss: 0.9448397159576416
Train - example: 228 loss: 0.9278286695480347
Train - example: 229 loss: 0.9739304184913635
Train - example: 230 loss: 0.9683982133865356
Train - example: 231 loss: 0.9955219030380249
Train - example: 232 loss: 0.9813054800033569
Train - example: 233 loss: 1.0263670682907104
Train - example: 234 loss: 0.9421790838241577
Train - example: 235 loss: 0.9179279208183289
Train - example: 236 loss: 1.0646159648895264
Train - example: 237 loss: 1.0078208446502686
Train - example: 238 loss: 0.9702103137969971
Train - example: 239 loss: 0.9493157267570496
Train - example: 240 loss: 0.9774788618087769
Train - example: 241 loss: 0.9324933886528015
Train - example: 242 loss: 1.0093553066253662
Train - example: 243 loss: 0.9908265471458435
Train - example: 244 loss: 1.025132417678833
Train - example: 245 loss: 1.0442267656326294
Train - example: 246 loss: 0.8983418345451355
Train - example: 247 loss: 0.9277867674827576
Train - example: 248 loss: 1.0526856184005737
Train - example: 249 loss: 0.9886883497238159
Train - example: 250 loss: 0.9928447604179382
Train - example: 251 loss: 0.9765540957450867
Train - example: 252 loss: 0.9808717966079712
Train - example: 253 loss: 0.9933251738548279
Train - example: 254 loss: 1.0262155532836914
Train - example: 255 loss: 1.0427626371383667
Train - example: 256 loss: 0.9477306604385376
Train - example: 257 loss: 0.9565382599830627
Train - example: 258 loss: 0.8863110542297363
Train - example: 259 loss: 0.9189046621322632
Train - example: 260 loss: 0.9838978052139282
Train - example: 261 loss: 0.9773736000061035
Train - example: 262 loss: 0.9911546111106873
Train - example: 263 loss: 0.9630612134933472
Train - example: 264 loss: 1.0120975971221924
Train - example: 265 loss: 1.05910325050354
Train - example: 266 loss: 0.9856115579605103
Train - example: 267 loss: 0.9431453943252563
Train - example: 268 loss: 1.0562660694122314
Train - example: 269 loss: 1.000512957572937
Train - example: 270 loss: 0.9972365498542786
Train - example: 271 loss: 1.031164288520813
Train - example: 272 loss: 1.0179028511047363
Train - example: 273 loss: 0.9524380564689636
Train - example: 274 loss: 1.017569661140442
Train - example: 275 loss: 0.9049422740936279
Train - example: 276 loss: 1.1356334686279297
Train - example: 277 loss: 0.9104970693588257
Train - example: 278 loss: 0.9987508654594421
Train - example: 279 loss: 1.0185554027557373
Train - example: 280 loss: 1.0191972255706787
Train - example: 281 loss: 0.9776022434234619
Train - example: 282 loss: 1.0056339502334595
Train - example: 283 loss: 1.1136555671691895
Train - example: 284 loss: 0.9217185974121094
Train - example: 285 loss: 0.9876435995101929
Train - example: 286 loss: 0.9925163984298706
Train - example: 287 loss: 1.034541368484497
Train - example: 288 loss: 0.9667916893959045
Train - example: 289 loss: 1.0119874477386475
Train - example: 290 loss: 1.0535920858383179
Train - example: 291 loss: 0.9240109324455261
Train - example: 292 loss: 0.9778527617454529
Train - example: 293 loss: 0.9763261675834656
Train - example: 294 loss: 1.0213415622711182
Train - example: 295 loss: 0.9761316180229187
Train - example: 296 loss: 0.9163858890533447
Train - example: 297 loss: 1.0508934259414673
Train - example: 298 loss: 0.965903103351593
Train - example: 299 loss: 0.9614139795303345
Train - example: 300 loss: 0.9857990741729736
Train - example: 301 loss: 0.9667205810546875
Train - example: 302 loss: 0.9505581855773926
Train - example: 303 loss: 0.974182665348053
Train - example: 304 loss: 0.946462869644165
Train - example: 305 loss: 0.9497007131576538
Train - example: 306 loss: 0.946546196937561
Train - example: 307 loss: 1.0426514148712158
Train - example: 308 loss: 0.916239321231842
Train - example: 309 loss: 0.9956004619598389
Train - example: 310 loss: 0.9674299359321594
Train - example: 311 loss: 0.939007580280304
Train - example: 312 loss: 0.9571760296821594
Train - example: 313 loss: 0.9795652627944946
Train - example: 314 loss: 1.0013549327850342
Train - example: 315 loss: 0.9775420427322388
Train - example: 316 loss: 0.9184257388114929
Train - example: 317 loss: 0.9334549903869629
Train - example: 318 loss: 1.0028595924377441
Train - example: 319 loss: 0.8905405402183533
Train - example: 320 loss: 0.972720205783844
Train - example: 321 loss: 1.029517412185669
Train - example: 322 loss: 0.9583825469017029
Train - example: 323 loss: 0.8873004913330078
Train - example: 324 loss: 0.9895325303077698
Train - example: 325 loss: 0.9575352668762207
Train - example: 326 loss: 1.0135878324508667
Train - example: 327 loss: 0.9034326076507568
Train - example: 328 loss: 0.9519879221916199
Train - example: 329 loss: 1.024757981300354
Train - example: 330 loss: 0.941548764705658
Train - example: 331 loss: 1.080142617225647
Train - example: 332 loss: 1.0368249416351318
Train - example: 333 loss: 0.8189347982406616
Train - example: 334 loss: 1.0200881958007812
Train - example: 335 loss: 0.9229187965393066
Train - example: 336 loss: 0.9881380200386047
Train - example: 337 loss: 0.9375066161155701
Train - example: 338 loss: 0.8975614905357361
Train - example: 339 loss: 1.0153164863586426
Train - example: 340 loss: 0.9185065627098083
Train - example: 341 loss: 1.080957293510437
Train - example: 342 loss: 1.0223057270050049
Train - example: 343 loss: 1.024492859840393
Train - example: 344 loss: 0.966991126537323
Train - example: 345 loss: 0.9940114617347717
Train - example: 346 loss: 0.9838043451309204
Train - example: 347 loss: 0.9834276437759399
Train - example: 348 loss: 1.0446323156356812
Train - example: 349 loss: 0.9797147512435913
Train - example: 350 loss: 1.022631287574768
Train - example: 351 loss: 1.006088137626648
Train - example: 352 loss: 0.970711886882782
Train - example: 353 loss: 0.8764306902885437
Train - example: 354 loss: 1.0312126874923706
Train - example: 355 loss: 1.0038666725158691
Train - example: 356 loss: 0.9729616045951843
Train - example: 357 loss: 1.0349140167236328
Train - example: 358 loss: 0.9510369300842285
Train - example: 359 loss: 1.0078718662261963
Train - example: 360 loss: 0.9790361523628235
Train - example: 361 loss: 0.967660665512085
Train - example: 362 loss: 1.0389610528945923
Train - example: 363 loss: 1.0042930841445923
Train - example: 364 loss: 1.0356740951538086
Train - example: 365 loss: 1.1005823612213135
Train - example: 366 loss: 1.0218510627746582
Train - example: 367 loss: 0.9480164051055908
Train - example: 368 loss: 1.0157673358917236
Train - example: 369 loss: 0.9515606164932251
Train - example: 370 loss: 0.9890869855880737
Train - example: 371 loss: 0.9762657284736633
Train - example: 372 loss: 1.0251890420913696
Train - example: 373 loss: 1.0198911428451538
Train - example: 374 loss: 0.98247891664505
Train - example: 375 loss: 0.9354780316352844
Train - example: 376 loss: 0.9342390298843384
Train - example: 377 loss: 0.9501188397407532
Train - example: 378 loss: 1.0237281322479248
Train - example: 379 loss: 1.0049028396606445
Train - example: 380 loss: 0.990325391292572
Train - example: 381 loss: 0.9678263068199158
Train - example: 382 loss: 0.9419046640396118
Train - example: 383 loss: 0.9400568604469299
Train - example: 384 loss: 0.9831723570823669
Train - example: 385 loss: 0.9452725052833557
Train - example: 386 loss: 0.9918001294136047
Train - example: 387 loss: 1.0216875076293945
Train - example: 388 loss: 0.964154064655304
Train - example: 389 loss: 0.9852083325386047
Train - example: 390 loss: 0.9495851397514343
Train - example: 391 loss: 1.0523191690444946
Train - example: 392 loss: 0.8726606965065002
Train - example: 393 loss: 0.9428994059562683
Train - example: 394 loss: 0.9811325669288635
Train - example: 395 loss: 0.9387571215629578
Train - example: 396 loss: 0.9560772776603699
Train - example: 397 loss: 0.9063333868980408
Train - example: 398 loss: 0.954008162021637
Train - example: 399 loss: 0.9308038949966431
Train - example: 400 loss: 0.9521481394767761
Train - example: 401 loss: 0.9091455936431885
Train - example: 402 loss: 1.0657447576522827
Train - example: 403 loss: 0.9842343330383301
Train - example: 404 loss: 1.0550934076309204
Train - example: 405 loss: 0.9185851812362671
Train - example: 406 loss: 1.0097917318344116
Train - example: 407 loss: 0.9228755235671997
Train - example: 408 loss: 1.0219194889068604
Train - example: 409 loss: 0.8946658372879028
Train - example: 410 loss: 0.972150444984436
Train - example: 411 loss: 1.0328670740127563
Train - example: 412 loss: 1.0028283596038818
Train - example: 413 loss: 0.9817821979522705
Train - example: 414 loss: 1.004014015197754
Train - example: 415 loss: 1.0104104280471802
Train - example: 416 loss: 0.9864733219146729
Train - example: 417 loss: 0.9750366806983948
Train - example: 418 loss: 1.0092260837554932
Train - example: 419 loss: 0.973484218120575
Train - example: 420 loss: 1.0101568698883057
Train - example: 421 loss: 1.041905403137207
Train - example: 422 loss: 0.8960400223731995
Train - example: 423 loss: 1.052079200744629
Train - example: 424 loss: 0.971721887588501
Train - example: 425 loss: 0.9507094025611877
Train - example: 426 loss: 1.0254830121994019
Train - example: 427 loss: 0.9778922200202942
Train - example: 428 loss: 0.9146467447280884
Train - example: 429 loss: 0.9456400871276855
Train - example: 430 loss: 1.0298572778701782
Train - example: 431 loss: 1.0585685968399048
Train - example: 432 loss: 0.9699859023094177
Train - example: 433 loss: 0.9817955493927002
Train - example: 434 loss: 0.9416053295135498
Train - example: 435 loss: 1.0015791654586792
Train - example: 436 loss: 0.9972931146621704
Train - example: 437 loss: 0.9105576276779175
Train - example: 438 loss: 0.9874106645584106
Train - example: 439 loss: 0.9997284412384033
Train - example: 440 loss: 0.9717162251472473
Train - example: 441 loss: 0.9737188220024109
Train - example: 442 loss: 0.9784301519393921
Train - example: 443 loss: 1.0102417469024658
Train - example: 444 loss: 0.9865055084228516
Train - example: 445 loss: 0.9859753251075745
Train - example: 446 loss: 0.9789520502090454
Train - example: 447 loss: 0.9851341247558594
Train - example: 448 loss: 0.9603552222251892
Train - example: 449 loss: 0.9800875782966614
Train - example: 450 loss: 0.9727256298065186
Train - example: 451 loss: 0.9781816601753235
Train - example: 452 loss: 0.923890233039856
Train - example: 453 loss: 1.021500587463379
Train - example: 454 loss: 0.9373030662536621
Train - example: 455 loss: 0.9958109855651855
Train - example: 456 loss: 0.874114453792572
Train - example: 457 loss: 0.9577854871749878
Train - example: 458 loss: 1.0600234270095825
Train - example: 459 loss: 0.985950231552124
Train - example: 460 loss: 0.995881199836731
Train - example: 461 loss: 1.0200542211532593
Train - example: 462 loss: 0.9875121116638184
Train - example: 463 loss: 0.9769542217254639
Train - example: 464 loss: 0.9599875807762146
Train - example: 465 loss: 0.9524994492530823
Train - example: 466 loss: 1.003088355064392
Train - example: 467 loss: 0.9723743200302124
Train - example: 468 loss: 0.9503633379936218
Train - example: 469 loss: 0.9799802899360657
Train - example: 470 loss: 0.9348508715629578
Train - example: 471 loss: 1.008829951286316
Train - example: 472 loss: 0.972771167755127
Train - example: 473 loss: 0.8751999735832214
Train - example: 474 loss: 1.0381622314453125
Train - example: 475 loss: 0.897651731967926
Train - example: 0 loss: 1.0873920917510986
Train - example: 1 loss: 0.9789068698883057
Train - example: 2 loss: 0.9321783185005188
Train - example: 3 loss: 1.0020554065704346
Train - example: 4 loss: 1.0038917064666748
Train - example: 5 loss: 0.962482213973999
Train - example: 6 loss: 0.9057385921478271
Train - example: 7 loss: 1.0045901536941528
Train - example: 8 loss: 0.9928485155105591
Train - example: 9 loss: 0.912794828414917
Train - example: 10 loss: 0.9518587589263916
Train - example: 11 loss: 1.0173659324645996
Train - example: 12 loss: 1.0209112167358398
Train - example: 13 loss: 0.9398394823074341
Train - example: 14 loss: 0.9914737939834595
Train - example: 15 loss: 0.9616445302963257
Train - example: 16 loss: 0.9994170665740967
Train - example: 17 loss: 0.967078685760498
Train - example: 18 loss: 1.0079604387283325
Train - example: 19 loss: 0.9366950988769531
Train - example: 20 loss: 0.9641745686531067
Train - example: 21 loss: 0.9979620575904846
Train - example: 22 loss: 1.0047008991241455
Train - example: 23 loss: 1.007446050643921
Train - example: 24 loss: 0.9679009318351746
Train - example: 25 loss: 0.9858192205429077
Train - example: 26 loss: 0.9533756375312805
Train - example: 27 loss: 0.9726545810699463
Train - example: 28 loss: 0.947752833366394
Train - example: 29 loss: 0.999214231967926
Train - example: 30 loss: 0.9417925477027893
Train - example: 31 loss: 0.9028322100639343
Train - example: 32 loss: 0.9776698350906372
Train - example: 33 loss: 0.9955834746360779
Train - example: 34 loss: 1.0916836261749268
Train - example: 35 loss: 0.9741836786270142
Train - example: 36 loss: 1.043940544128418
Train - example: 37 loss: 1.001125693321228
Train - example: 38 loss: 0.9472127556800842
Train - example: 39 loss: 0.9872937798500061
Train - example: 40 loss: 0.9619045853614807
Train - example: 41 loss: 1.0001966953277588
Train - example: 42 loss: 0.9849275946617126
Train - example: 43 loss: 0.9986711740493774
Train - example: 44 loss: 0.9513239860534668
Train - example: 45 loss: 1.014585018157959
Train - example: 46 loss: 1.023457407951355
Train - example: 47 loss: 1.0029692649841309
Train - example: 48 loss: 0.9495981335639954
Train - example: 49 loss: 0.8890540599822998
Train - example: 50 loss: 0.8676721453666687
Train - example: 51 loss: 1.0214507579803467
Train - example: 52 loss: 0.9494244456291199
Train - example: 53 loss: 0.9423237442970276
Train - example: 54 loss: 1.0627521276474
Train - example: 55 loss: 0.9822984933853149
Train - example: 56 loss: 0.9633994102478027
Train - example: 57 loss: 0.9234482049942017
Train - example: 58 loss: 0.9502551555633545
Train - example: 59 loss: 0.9172934889793396
Train - example: 60 loss: 0.9729098677635193
Train - example: 61 loss: 1.0244646072387695
Train - example: 62 loss: 0.9873229265213013
Train - example: 63 loss: 0.9851865172386169
Train - example: 64 loss: 0.9941513538360596
Train - example: 65 loss: 1.0106581449508667
Train - example: 66 loss: 1.0019252300262451
Train - example: 67 loss: 0.931070864200592
Train - example: 68 loss: 0.9273032546043396
Train - example: 69 loss: 0.9574901461601257
Train - example: 70 loss: 1.0845820903778076
Train - example: 71 loss: 1.0896172523498535
Train - example: 72 loss: 0.9785700440406799
Train - example: 73 loss: 0.8742515444755554
Train - example: 74 loss: 1.001261830329895
Train - example: 75 loss: 1.0043779611587524
Train - example: 76 loss: 0.9609420895576477
Train - example: 77 loss: 1.0629725456237793
Train - example: 78 loss: 0.9891191720962524
Train - example: 79 loss: 1.0576993227005005
Train - example: 80 loss: 1.0031810998916626
Train - example: 81 loss: 0.9992439150810242
Train - example: 82 loss: 1.004684567451477
Train - example: 83 loss: 0.9942054152488708
Train - example: 84 loss: 1.0225825309753418
Train - example: 85 loss: 1.0138428211212158
Train - example: 86 loss: 1.0408183336257935
Train - example: 87 loss: 0.9976373910903931
Train - example: 88 loss: 1.0331664085388184
Train - example: 89 loss: 0.9324572086334229
Train - example: 90 loss: 0.9765673279762268
Train - example: 91 loss: 0.9944878220558167
Train - example: 92 loss: 0.9627037048339844
Train - example: 93 loss: 0.9482138156890869
Train - example: 94 loss: 0.9751188158988953
Train - example: 95 loss: 0.9543341994285583
Valid - iter: 4.0 loss: 0.982440863837715
Iteration: 2000  Train Loss: 0.9543341994285583  Test Accuracy: 51.126808166503906 %
Model 2000 was saved.
Train - example: 96 loss: 0.9708513021469116
Train - example: 97 loss: 0.9623352289199829
Train - example: 98 loss: 0.9701294898986816
Train - example: 99 loss: 0.9557614326477051
Train - example: 100 loss: 0.9573610424995422
Train - example: 101 loss: 0.9679571390151978
Train - example: 102 loss: 0.9579652547836304
Train - example: 103 loss: 1.0108001232147217
Train - example: 104 loss: 0.9605019092559814
Train - example: 105 loss: 0.942605197429657
Train - example: 106 loss: 1.0577888488769531
Train - example: 107 loss: 0.8910090923309326
Train - example: 108 loss: 0.9893447756767273
Train - example: 109 loss: 0.9972177743911743
Train - example: 110 loss: 0.9464418888092041
Train - example: 111 loss: 1.0165687799453735
Train - example: 112 loss: 0.9997076988220215
Train - example: 113 loss: 1.0261292457580566
Train - example: 114 loss: 1.0037603378295898
Train - example: 115 loss: 0.9563095569610596
Train - example: 116 loss: 1.0110300779342651
Train - example: 117 loss: 0.9725897908210754
Train - example: 118 loss: 0.9362357258796692
Train - example: 119 loss: 1.0207358598709106
Train - example: 120 loss: 0.9151267409324646
Train - example: 121 loss: 0.9855177402496338
Train - example: 122 loss: 0.9401491284370422
Train - example: 123 loss: 1.0043580532073975
Train - example: 124 loss: 1.0372129678726196
Train - example: 125 loss: 1.0168627500534058
Train - example: 126 loss: 1.0180538892745972
Train - example: 127 loss: 0.9593909382820129
Train - example: 128 loss: 0.9444620013237
Train - example: 129 loss: 0.935253381729126
Train - example: 130 loss: 0.9872919321060181
Train - example: 131 loss: 1.006384015083313
Train - example: 132 loss: 1.0101709365844727
Train - example: 133 loss: 1.030591607093811
Train - example: 134 loss: 0.9851866364479065
Train - example: 135 loss: 0.9723764061927795
Train - example: 136 loss: 0.9820588827133179
Train - example: 137 loss: 0.9425323009490967
Train - example: 138 loss: 0.9894983172416687
Train - example: 139 loss: 0.9695197343826294
Train - example: 140 loss: 0.9506247639656067
Train - example: 141 loss: 1.0588146448135376
Train - example: 142 loss: 0.9874154925346375
Train - example: 143 loss: 0.9761368036270142
Train - example: 144 loss: 1.0100836753845215
Train - example: 145 loss: 0.9392764568328857
Train - example: 146 loss: 0.9966397285461426
Train - example: 147 loss: 0.9907098412513733
Train - example: 148 loss: 0.9502320289611816
Train - example: 149 loss: 0.9574115872383118
Train - example: 150 loss: 0.9223316311836243
Train - example: 151 loss: 1.013361930847168
Train - example: 152 loss: 0.9983921051025391
Train - example: 153 loss: 1.0410959720611572
Train - example: 154 loss: 0.9639808535575867
Train - example: 155 loss: 0.9450756311416626
Train - example: 156 loss: 0.9835518598556519
Train - example: 157 loss: 0.8918230533599854
Train - example: 158 loss: 0.9507685899734497
Train - example: 159 loss: 1.0319613218307495
Train - example: 160 loss: 1.0009396076202393
Train - example: 161 loss: 0.9611096978187561
Train - example: 162 loss: 0.9787061810493469
Train - example: 163 loss: 0.9803154468536377
Train - example: 164 loss: 0.9960461258888245
Train - example: 165 loss: 0.9944973587989807
Train - example: 166 loss: 1.0160120725631714
Train - example: 167 loss: 1.0518982410430908
Train - example: 168 loss: 0.8876796960830688
Train - example: 169 loss: 1.020453691482544
Train - example: 170 loss: 0.9258217811584473
Train - example: 171 loss: 0.9959002733230591
Train - example: 172 loss: 1.0035998821258545
Train - example: 173 loss: 1.0418434143066406
Train - example: 174 loss: 0.9671188592910767
Train - example: 175 loss: 0.9556434154510498
Train - example: 176 loss: 1.024273157119751
Train - example: 177 loss: 1.0580657720565796
Train - example: 178 loss: 0.9319292306900024
Train - example: 179 loss: 0.9504626989364624
Train - example: 180 loss: 1.013142704963684
Train - example: 181 loss: 0.9882800579071045
Train - example: 182 loss: 0.9178299903869629
Train - example: 183 loss: 0.9781765937805176
Train - example: 184 loss: 0.9744011163711548
Train - example: 185 loss: 1.0379869937896729
Train - example: 186 loss: 0.993468701839447
Train - example: 187 loss: 0.951150119304657
Train - example: 188 loss: 0.9546940326690674
Train - example: 189 loss: 0.9133747220039368
Train - example: 190 loss: 0.9757339954376221
Train - example: 191 loss: 1.0320640802383423
Train - example: 192 loss: 0.9769152998924255
Train - example: 193 loss: 0.919579267501831
Train - example: 194 loss: 1.1340347528457642
Train - example: 195 loss: 0.9537933468818665
Train - example: 196 loss: 0.9314711689949036
Train - example: 197 loss: 1.0310291051864624
Train - example: 198 loss: 0.9649441242218018
Train - example: 199 loss: 0.9767469167709351
Train - example: 200 loss: 1.0046836137771606
Train - example: 201 loss: 0.9601497054100037
Train - example: 202 loss: 1.030381679534912
Train - example: 203 loss: 0.9391106367111206
Train - example: 204 loss: 0.9350517392158508
Train - example: 205 loss: 0.9000216722488403
Train - example: 206 loss: 0.9308275580406189
Train - example: 207 loss: 1.0116257667541504
Train - example: 208 loss: 0.9857436418533325
Train - example: 209 loss: 1.0109162330627441
Train - example: 210 loss: 0.8963040113449097
Train - example: 211 loss: 1.0369901657104492
Train - example: 212 loss: 0.9392027854919434
Train - example: 213 loss: 0.9681349992752075
Train - example: 214 loss: 0.943744957447052
Train - example: 215 loss: 1.0225142240524292
Train - example: 216 loss: 1.000781536102295
Train - example: 217 loss: 1.0402179956436157
Train - example: 218 loss: 1.0040433406829834
Train - example: 219 loss: 1.0329777002334595
Train - example: 220 loss: 1.0266777276992798
Train - example: 221 loss: 1.0056895017623901
Train - example: 222 loss: 0.9616039991378784
Train - example: 223 loss: 0.9502360820770264
Train - example: 224 loss: 0.8966284394264221
Train - example: 225 loss: 0.9993316531181335
Train - example: 226 loss: 0.9844892621040344
Train - example: 227 loss: 1.0804741382598877
Train - example: 228 loss: 0.9739601016044617
Train - example: 229 loss: 0.9400272369384766
Train - example: 230 loss: 1.0236941576004028
Train - example: 231 loss: 1.005088448524475
Train - example: 232 loss: 0.9734213948249817
Train - example: 233 loss: 1.017142653465271
Train - example: 234 loss: 0.9383704662322998
Train - example: 235 loss: 0.9465081691741943
Train - example: 236 loss: 0.954946756362915
Train - example: 237 loss: 0.9783774614334106
Train - example: 238 loss: 1.0090007781982422
Train - example: 239 loss: 0.9613788723945618
Train - example: 240 loss: 0.9937777519226074
Train - example: 241 loss: 1.0247788429260254
Train - example: 242 loss: 0.9917110204696655
Train - example: 243 loss: 0.8979970812797546
