Model loaded from:  /gscratch/stf/jgershon/experiments/medium_width_drop15v1/save_model/model_2000.pt
Device chosen:  cpu
Number of parameters:  157463
Train - example: 0 loss: 1.0673017501831055
Train - example: 1 loss: 0.9820153117179871
Train - example: 2 loss: 1.0662550926208496
Train - example: 3 loss: 1.0462696552276611
Train - example: 4 loss: 1.0050774812698364
Train - example: 5 loss: 1.0097417831420898
Train - example: 6 loss: 1.0271515846252441
Train - example: 7 loss: 0.9799771904945374
Train - example: 8 loss: 1.00455904006958
Train - example: 9 loss: 1.063744306564331
Train - example: 10 loss: 0.9797666072845459
Train - example: 11 loss: 1.029335856437683
Train - example: 12 loss: 1.0310280323028564
Train - example: 13 loss: 1.0774720907211304
Train - example: 14 loss: 1.00283682346344
Train - example: 15 loss: 1.0295588970184326
Train - example: 16 loss: 1.012027621269226
Train - example: 17 loss: 0.987434983253479
Train - example: 18 loss: 1.049971103668213
Train - example: 19 loss: 1.0242520570755005
Train - example: 20 loss: 1.0607165098190308
Train - example: 21 loss: 1.0406533479690552
Train - example: 22 loss: 1.0474557876586914
Train - example: 23 loss: 1.0594173669815063
Train - example: 24 loss: 1.0313438177108765
Train - example: 25 loss: 1.0772496461868286
Train - example: 26 loss: 1.0238665342330933
Train - example: 27 loss: 1.0114089250564575
Train - example: 28 loss: 1.0123308897018433
Train - example: 29 loss: 1.0439914464950562
Train - example: 30 loss: 1.0189900398254395
Train - example: 31 loss: 1.0431830883026123
Train - example: 32 loss: 1.0373989343643188
Train - example: 33 loss: 1.01360023021698
Train - example: 34 loss: 0.9870988726615906
Train - example: 35 loss: 0.9927324056625366
Train - example: 36 loss: 0.9941849708557129
Train - example: 37 loss: 1.0063016414642334
Train - example: 38 loss: 0.9833649396896362
Train - example: 39 loss: 1.0064080953598022
Train - example: 40 loss: 0.9847486615180969
Train - example: 41 loss: 1.041377305984497
Train - example: 42 loss: 1.0393133163452148
Train - example: 43 loss: 1.0480923652648926
Train - example: 44 loss: 1.0194453001022339
Train - example: 45 loss: 0.9950723052024841
Train - example: 46 loss: 1.0213143825531006
Train - example: 47 loss: 1.0487236976623535
Train - example: 48 loss: 1.0224270820617676
Train - example: 49 loss: 1.004095435142517
Train - example: 50 loss: 1.033739447593689
Train - example: 51 loss: 1.0070170164108276
Train - example: 52 loss: 0.9851136803627014
Train - example: 53 loss: 1.003791332244873
Train - example: 54 loss: 1.051267147064209
Train - example: 55 loss: 1.0195972919464111
Train - example: 56 loss: 1.001423716545105
Train - example: 57 loss: 1.0349849462509155
Train - example: 58 loss: 1.0593082904815674
Train - example: 59 loss: 1.0511013269424438
Train - example: 60 loss: 1.0102180242538452
Train - example: 61 loss: 1.09457528591156
Train - example: 62 loss: 1.0186599493026733
Train - example: 63 loss: 1.011654257774353
Train - example: 64 loss: 1.0430939197540283
Train - example: 65 loss: 1.0468870401382446
Train - example: 66 loss: 0.9655536413192749
Train - example: 67 loss: 0.9835237860679626
Train - example: 68 loss: 1.005812406539917
Train - example: 69 loss: 1.0078140497207642
Train - example: 70 loss: 1.0335748195648193
Train - example: 71 loss: 1.0034676790237427
Train - example: 72 loss: 1.0139727592468262
Train - example: 73 loss: 1.0303114652633667
Train - example: 74 loss: 1.00123929977417
Train - example: 75 loss: 0.9515920281410217
Train - example: 76 loss: 1.0633001327514648
Train - example: 77 loss: 0.9675731062889099
Train - example: 78 loss: 0.9645377993583679
Train - example: 79 loss: 1.0202292203903198
Train - example: 80 loss: 1.0525412559509277
Train - example: 81 loss: 1.0052696466445923
Train - example: 82 loss: 0.9998795986175537
Train - example: 83 loss: 1.0710831880569458
Train - example: 84 loss: 1.023510456085205
Train - example: 85 loss: 1.012956142425537
Train - example: 86 loss: 1.046745777130127
Train - example: 87 loss: 0.9433759450912476
Train - example: 88 loss: 1.036108374595642
Train - example: 89 loss: 1.0353155136108398
Train - example: 90 loss: 0.9751120805740356
Train - example: 91 loss: 0.9785962104797363
Train - example: 92 loss: 1.0512465238571167
Train - example: 93 loss: 1.0022612810134888
Train - example: 94 loss: 0.9983307719230652
Train - example: 95 loss: 0.9993398785591125
Train - example: 96 loss: 0.9840171337127686
Train - example: 97 loss: 1.0016897916793823
Train - example: 98 loss: 1.0276168584823608
Train - example: 99 loss: 0.946398913860321
Train - example: 100 loss: 1.0318492650985718
Train - example: 101 loss: 1.021996021270752
Train - example: 102 loss: 1.020715594291687
Train - example: 103 loss: 1.0428235530853271
Train - example: 104 loss: 0.9736241698265076
Train - example: 105 loss: 0.9995973110198975
Train - example: 106 loss: 0.9969371557235718
Train - example: 107 loss: 0.9932343363761902
Train - example: 108 loss: 0.9877259135246277
Train - example: 109 loss: 1.0634684562683105
Train - example: 110 loss: 1.0653197765350342
Train - example: 111 loss: 1.0169284343719482
Train - example: 112 loss: 1.0643041133880615
Train - example: 113 loss: 1.0233536958694458
Train - example: 114 loss: 1.0392204523086548
Train - example: 115 loss: 1.0370131731033325
Train - example: 116 loss: 0.9819419384002686
Train - example: 117 loss: 1.0338749885559082
Train - example: 118 loss: 1.0454603433609009
Train - example: 119 loss: 0.9622398614883423
Train - example: 120 loss: 1.0056358575820923
Train - example: 121 loss: 1.0103495121002197
Train - example: 122 loss: 1.010520577430725
Train - example: 123 loss: 1.0516676902770996
Train - example: 124 loss: 1.060808539390564
Train - example: 125 loss: 1.0406475067138672
Train - example: 126 loss: 0.964475691318512
Train - example: 127 loss: 0.9864314198493958
Train - example: 128 loss: 0.9969937205314636
Train - example: 129 loss: 0.9688726663589478
Train - example: 130 loss: 0.9794775247573853
Train - example: 131 loss: 0.9992419481277466
Train - example: 132 loss: 0.9998770952224731
Train - example: 133 loss: 1.049463152885437
Train - example: 134 loss: 1.0102368593215942
Train - example: 135 loss: 1.0099736452102661
Train - example: 136 loss: 1.0407582521438599
Train - example: 137 loss: 0.9920439124107361
Train - example: 138 loss: 1.022874355316162
Train - example: 139 loss: 1.0052423477172852
Train - example: 140 loss: 1.0279821157455444
Train - example: 141 loss: 1.0063942670822144
Train - example: 142 loss: 1.0768460035324097
Train - example: 143 loss: 0.9767570495605469
Train - example: 144 loss: 1.0293433666229248
Train - example: 145 loss: 0.9942545890808105
Train - example: 146 loss: 1.041360855102539
Train - example: 147 loss: 0.983974814414978
Train - example: 148 loss: 1.046627402305603
Train - example: 149 loss: 0.9929400086402893
Train - example: 150 loss: 1.0413061380386353
Train - example: 151 loss: 1.0218044519424438
Train - example: 152 loss: 1.0792567729949951
Train - example: 153 loss: 1.0421512126922607
Train - example: 154 loss: 1.0189836025238037
Train - example: 155 loss: 1.0272016525268555
Train - example: 156 loss: 1.0173367261886597
Train - example: 157 loss: 0.9598154425621033
Train - example: 158 loss: 1.0165953636169434
Train - example: 159 loss: 0.9723333120346069
Train - example: 160 loss: 1.040829062461853
Train - example: 161 loss: 0.9853591322898865
Train - example: 162 loss: 0.9890406131744385
Train - example: 163 loss: 1.0853792428970337
Train - example: 164 loss: 1.0226577520370483
Train - example: 165 loss: 0.9721863269805908
Train - example: 166 loss: 1.0345157384872437
Train - example: 167 loss: 1.0736987590789795
Train - example: 168 loss: 0.9622443318367004
Train - example: 169 loss: 1.0041594505310059
Train - example: 170 loss: 1.0497827529907227
Train - example: 171 loss: 1.044428825378418
Train - example: 172 loss: 1.029511570930481
Train - example: 173 loss: 1.0814857482910156
Train - example: 174 loss: 0.9906532764434814
Train - example: 175 loss: 1.005784511566162
Train - example: 176 loss: 0.9489859938621521
Train - example: 177 loss: 1.043115496635437
Train - example: 178 loss: 1.000723123550415
Train - example: 179 loss: 1.0315276384353638
Train - example: 180 loss: 1.0364748239517212
Train - example: 181 loss: 1.046539306640625
Train - example: 182 loss: 1.0290738344192505
Train - example: 183 loss: 0.9945200085639954
Train - example: 184 loss: 0.9928714036941528
Train - example: 185 loss: 1.0268441438674927
Train - example: 186 loss: 0.9938342571258545
Train - example: 187 loss: 1.0068113803863525
Train - example: 188 loss: 0.9854965806007385
Train - example: 189 loss: 1.0586631298065186
Train - example: 190 loss: 1.0369588136672974
Train - example: 191 loss: 1.015213131904602
Train - example: 192 loss: 1.0400794744491577
Train - example: 193 loss: 1.0398634672164917
Train - example: 194 loss: 0.9953820705413818
Train - example: 195 loss: 1.122280240058899
Train - example: 196 loss: 1.054184913635254
Train - example: 197 loss: 0.9734839797019958
Train - example: 198 loss: 1.0682835578918457
Train - example: 199 loss: 0.995849609375
Train - example: 200 loss: 1.0460668802261353
Train - example: 201 loss: 1.0570895671844482
Train - example: 202 loss: 1.0165202617645264
Train - example: 203 loss: 0.9710522294044495
Train - example: 204 loss: 1.0180058479309082
Train - example: 205 loss: 1.0139142274856567
Train - example: 206 loss: 1.058424711227417
Train - example: 207 loss: 1.0159790515899658
Train - example: 208 loss: 0.9978232383728027
Train - example: 209 loss: 1.0509467124938965
Train - example: 210 loss: 1.0150433778762817
Train - example: 211 loss: 1.0149325132369995
Train - example: 212 loss: 1.025144338607788
Train - example: 213 loss: 1.0336025953292847
Train - example: 214 loss: 1.026532769203186
Train - example: 215 loss: 1.0054378509521484
Train - example: 216 loss: 0.9890172481536865
Train - example: 217 loss: 1.0209860801696777
Train - example: 218 loss: 0.960410475730896
Train - example: 219 loss: 1.008669137954712
Train - example: 220 loss: 1.0481852293014526
Train - example: 221 loss: 0.9989610314369202
Train - example: 222 loss: 1.0015013217926025
Train - example: 223 loss: 1.0077608823776245
Train - example: 224 loss: 1.006279706954956
Train - example: 225 loss: 1.0164045095443726
Train - example: 226 loss: 1.0340489149093628
Train - example: 227 loss: 1.0629801750183105
Train - example: 228 loss: 0.9796371459960938
Train - example: 229 loss: 0.9991114735603333
Train - example: 230 loss: 0.9226557016372681
Train - example: 231 loss: 0.9951385259628296
Train - example: 232 loss: 1.0093172788619995
Train - example: 233 loss: 1.0098748207092285
Train - example: 234 loss: 1.0323195457458496
Train - example: 235 loss: 0.9903467297554016
Train - example: 236 loss: 0.9674001932144165
Train - example: 237 loss: 0.9834902286529541
Train - example: 238 loss: 1.0457154512405396
Train - example: 239 loss: 1.028900146484375
Train - example: 240 loss: 1.040602684020996
Train - example: 241 loss: 0.9873374104499817
Train - example: 242 loss: 0.986935555934906
Train - example: 243 loss: 1.0095139741897583
Train - example: 244 loss: 0.9901227355003357
Train - example: 245 loss: 1.0076401233673096
Train - example: 246 loss: 1.0030128955841064
Train - example: 247 loss: 1.01231849193573
Train - example: 248 loss: 0.9702048301696777
Train - example: 249 loss: 1.0486277341842651
Train - example: 250 loss: 0.9917880892753601
Train - example: 251 loss: 0.9882550239562988
Train - example: 252 loss: 0.973976731300354
Train - example: 253 loss: 1.0219279527664185
Train - example: 254 loss: 0.9982248544692993
Train - example: 255 loss: 1.0420310497283936
Train - example: 256 loss: 0.9879950881004333
Train - example: 257 loss: 1.0124173164367676
Train - example: 258 loss: 1.0291639566421509
Train - example: 259 loss: 0.9633466601371765
Train - example: 260 loss: 0.9857946634292603
Train - example: 261 loss: 0.978759765625
Train - example: 262 loss: 1.0118178129196167
Train - example: 263 loss: 0.9980459809303284
Train - example: 264 loss: 0.9994725584983826
Train - example: 265 loss: 1.0400190353393555
Train - example: 266 loss: 1.0402159690856934
Train - example: 267 loss: 1.051667332649231
Train - example: 268 loss: 1.012997031211853
Train - example: 269 loss: 1.0925536155700684
Train - example: 270 loss: 1.0449658632278442
Train - example: 271 loss: 0.9725556373596191
Train - example: 272 loss: 1.0588774681091309
Train - example: 273 loss: 1.0173592567443848
Train - example: 274 loss: 1.0490490198135376
Train - example: 275 loss: 1.0423930883407593
Train - example: 276 loss: 1.0156798362731934
Train - example: 277 loss: 0.9691153168678284
Train - example: 278 loss: 0.971701979637146
Train - example: 279 loss: 0.9665563702583313
Train - example: 280 loss: 1.0339694023132324
Train - example: 281 loss: 1.041774868965149
Train - example: 282 loss: 1.0070666074752808
Train - example: 283 loss: 1.0185626745224
Train - example: 284 loss: 1.0339136123657227
Train - example: 285 loss: 1.0251415967941284
Train - example: 286 loss: 1.0014381408691406
Train - example: 287 loss: 1.0065441131591797
Train - example: 288 loss: 0.9720000624656677
Train - example: 289 loss: 1.0501426458358765
Train - example: 290 loss: 1.0213522911071777
Train - example: 291 loss: 1.0625346899032593
Train - example: 292 loss: 0.9880371689796448
Train - example: 293 loss: 1.0051172971725464
Train - example: 294 loss: 1.002556562423706
Train - example: 295 loss: 0.9591981768608093
Train - example: 296 loss: 1.00360906124115
Train - example: 297 loss: 1.0333621501922607
Train - example: 298 loss: 1.0256156921386719
Train - example: 299 loss: 1.0044927597045898
Train - example: 300 loss: 1.0073822736740112
Train - example: 301 loss: 0.9430860877037048
Train - example: 302 loss: 0.956932008266449
Train - example: 303 loss: 1.0248398780822754
Train - example: 304 loss: 1.035055160522461
Train - example: 305 loss: 0.9907193183898926
Train - example: 306 loss: 0.9782147407531738
Train - example: 307 loss: 1.0132112503051758
Train - example: 308 loss: 0.9910149574279785
Train - example: 309 loss: 1.0152662992477417
Train - example: 310 loss: 0.9836546182632446
Train - example: 311 loss: 1.0354365110397339
Train - example: 312 loss: 1.008019208908081
Train - example: 313 loss: 1.0613923072814941
Train - example: 314 loss: 1.0041648149490356
Train - example: 315 loss: 1.0270251035690308
Train - example: 316 loss: 1.0202940702438354
Train - example: 317 loss: 0.9936237335205078
Train - example: 318 loss: 0.9672109484672546
Train - example: 319 loss: 0.9979510307312012
Train - example: 320 loss: 1.0220706462860107
Train - example: 321 loss: 0.978952169418335
Train - example: 322 loss: 1.0397734642028809
Train - example: 323 loss: 0.9692270159721375
Train - example: 324 loss: 1.019344687461853
Train - example: 325 loss: 0.9640949368476868
Train - example: 326 loss: 1.0203512907028198
Train - example: 327 loss: 1.0233665704727173
Train - example: 328 loss: 1.0343523025512695
Train - example: 329 loss: 1.002158284187317
Train - example: 330 loss: 0.9999315142631531
Train - example: 331 loss: 1.0006259679794312
Train - example: 332 loss: 0.9906556010246277
Train - example: 333 loss: 0.9970170855522156
Train - example: 334 loss: 1.0136886835098267
Train - example: 335 loss: 1.0147346258163452
Train - example: 336 loss: 0.9887859225273132
Train - example: 337 loss: 1.0397926568984985
Train - example: 338 loss: 1.0275534391403198
Train - example: 339 loss: 1.0422577857971191
Train - example: 340 loss: 1.0749529600143433
Train - example: 341 loss: 0.9867957830429077
Train - example: 342 loss: 0.9392824769020081
Train - example: 343 loss: 0.9998112320899963
Train - example: 344 loss: 1.024658203125
Train - example: 345 loss: 1.021445393562317
Train - example: 346 loss: 1.0381826162338257
Train - example: 347 loss: 0.9932005405426025
Train - example: 348 loss: 1.0435173511505127
Train - example: 349 loss: 0.9844886064529419
Train - example: 350 loss: 1.034429907798767
Train - example: 351 loss: 1.0031733512878418
Train - example: 352 loss: 0.9468593001365662
Train - example: 353 loss: 1.0093799829483032
Train - example: 354 loss: 1.0861790180206299
Train - example: 355 loss: 0.9983686804771423
Train - example: 356 loss: 1.0067497491836548
Train - example: 357 loss: 1.0287435054779053
Train - example: 358 loss: 1.0425983667373657
Train - example: 359 loss: 1.0330146551132202
Train - example: 360 loss: 1.0159499645233154
Train - example: 361 loss: 1.019696831703186
Train - example: 362 loss: 1.0149016380310059
Train - example: 363 loss: 0.987457811832428
Train - example: 364 loss: 1.0382977724075317
Train - example: 365 loss: 1.0533047914505005
Train - example: 366 loss: 1.0005507469177246
Train - example: 367 loss: 0.9817531108856201
Train - example: 368 loss: 1.0042197704315186
Train - example: 369 loss: 1.0013296604156494
Train - example: 370 loss: 1.0327253341674805
Train - example: 371 loss: 1.0191583633422852
Train - example: 372 loss: 0.9979419112205505
Train - example: 373 loss: 0.9973714351654053
Train - example: 374 loss: 1.0287541151046753
Train - example: 375 loss: 0.9490665197372437
Train - example: 376 loss: 1.034989833831787
Train - example: 377 loss: 1.0129257440567017
Train - example: 378 loss: 1.0389865636825562
Train - example: 379 loss: 1.000009298324585
Train - example: 380 loss: 1.039410948753357
Train - example: 381 loss: 1.0046807527542114
Train - example: 382 loss: 0.9710229635238647
Train - example: 383 loss: 1.0200567245483398
Train - example: 384 loss: 1.0384140014648438
Train - example: 385 loss: 0.9858101010322571
Train - example: 386 loss: 1.0020830631256104
Train - example: 387 loss: 1.0119962692260742
Train - example: 388 loss: 1.0214709043502808
Train - example: 389 loss: 1.0160322189331055
Train - example: 390 loss: 1.0403400659561157
Train - example: 391 loss: 1.020115852355957
Train - example: 392 loss: 1.0154979228973389
Train - example: 393 loss: 1.0495434999465942
Train - example: 394 loss: 0.9995065927505493
Train - example: 395 loss: 0.9757635593414307
Train - example: 396 loss: 1.0108819007873535
Train - example: 397 loss: 1.0024782419204712
Train - example: 398 loss: 1.0114237070083618
Train - example: 399 loss: 1.0466448068618774
Train - example: 400 loss: 1.007709264755249
Train - example: 401 loss: 0.9917678236961365
Train - example: 402 loss: 1.0257939100265503
Train - example: 403 loss: 1.0553441047668457
Train - example: 404 loss: 1.0504692792892456
Train - example: 405 loss: 1.0023326873779297
Train - example: 406 loss: 0.9976416826248169
Train - example: 407 loss: 0.9476144313812256
Train - example: 408 loss: 1.013634443283081
Train - example: 409 loss: 1.0449535846710205
Train - example: 410 loss: 1.020277738571167
Train - example: 411 loss: 0.9963666796684265
Train - example: 412 loss: 1.0020970106124878
Train - example: 413 loss: 1.0137954950332642
Train - example: 414 loss: 1.0221234560012817
Train - example: 415 loss: 1.0117392539978027
Train - example: 416 loss: 1.0187582969665527
Train - example: 417 loss: 1.0059150457382202
Train - example: 418 loss: 1.07417631149292
Train - example: 419 loss: 1.0366121530532837
Train - example: 420 loss: 1.0746561288833618
Train - example: 421 loss: 1.0304383039474487
Train - example: 422 loss: 1.009034514427185
Train - example: 423 loss: 1.000381588935852
Train - example: 424 loss: 1.016765832901001
Train - example: 425 loss: 1.0173940658569336
Train - example: 426 loss: 1.0367703437805176
Train - example: 427 loss: 1.011029839515686
Train - example: 428 loss: 1.0191011428833008
Train - example: 429 loss: 0.9714179039001465
Train - example: 430 loss: 1.0161402225494385
Train - example: 431 loss: 1.0371639728546143
Train - example: 432 loss: 1.0062823295593262
Train - example: 433 loss: 1.016648769378662
Train - example: 434 loss: 1.0182677507400513
Train - example: 435 loss: 0.990852415561676
Train - example: 436 loss: 1.021063208580017
Train - example: 437 loss: 1.0032193660736084
Train - example: 438 loss: 1.0656009912490845
Train - example: 439 loss: 1.0180835723876953
Train - example: 440 loss: 1.0368309020996094
Train - example: 441 loss: 1.0778313875198364
Train - example: 442 loss: 1.042525053024292
Train - example: 443 loss: 1.077388882637024
Train - example: 444 loss: 1.016648530960083
Train - example: 445 loss: 1.0388531684875488
Train - example: 446 loss: 1.011426568031311
Train - example: 447 loss: 1.0185139179229736
Train - example: 448 loss: 1.0277619361877441
Train - example: 449 loss: 1.0514193773269653
Train - example: 450 loss: 0.9627925753593445
Train - example: 451 loss: 1.0505510568618774
Train - example: 452 loss: 1.018176555633545
Train - example: 453 loss: 1.0492054224014282
Train - example: 454 loss: 1.0523552894592285
Train - example: 455 loss: 0.9839458465576172
Train - example: 456 loss: 0.9722689986228943
Train - example: 457 loss: 0.9679071307182312
Train - example: 458 loss: 1.033316731452942
Train - example: 459 loss: 1.0318535566329956
Train - example: 460 loss: 1.0198251008987427
Train - example: 461 loss: 0.9646187424659729
Train - example: 462 loss: 0.9938626289367676
Train - example: 463 loss: 1.033308982849121
Train - example: 464 loss: 1.0448918342590332
Train - example: 465 loss: 1.0053110122680664
Train - example: 466 loss: 0.9415588974952698
Train - example: 467 loss: 1.0207812786102295
Train - example: 468 loss: 0.964070737361908
Train - example: 469 loss: 1.0176948308944702
Train - example: 470 loss: 0.9871360063552856
Train - example: 471 loss: 0.9858712553977966
Train - example: 472 loss: 1.0097167491912842
Train - example: 473 loss: 0.990853488445282
Train - example: 474 loss: 1.0307360887527466
Train - example: 475 loss: 0.972266674041748
Train - example: 0 loss: 1.0143173933029175
Train - example: 1 loss: 1.0007333755493164
Train - example: 2 loss: 1.0408358573913574
Train - example: 3 loss: 1.0594377517700195
Train - example: 4 loss: 0.9466752409934998
Train - example: 5 loss: 1.0047169923782349
Train - example: 6 loss: 1.0297812223434448
Train - example: 7 loss: 0.9838235974311829
Train - example: 8 loss: 0.9700013995170593
Train - example: 9 loss: 1.01351797580719
Train - example: 10 loss: 1.0110934972763062
Train - example: 11 loss: 1.001970648765564
Train - example: 12 loss: 1.035030722618103
Train - example: 13 loss: 1.0295898914337158
Train - example: 14 loss: 1.024756669998169
Train - example: 15 loss: 1.029026985168457
Train - example: 16 loss: 1.0286896228790283
Train - example: 17 loss: 1.0192461013793945
Train - example: 18 loss: 0.9776647090911865
Train - example: 19 loss: 1.015629529953003
Train - example: 20 loss: 1.0126309394836426
Train - example: 21 loss: 0.997446596622467
Train - example: 22 loss: 1.0766167640686035
Train - example: 23 loss: 1.0103315114974976
Valid - iter: 1.0 loss: 1.0142847635164982
Iteration: 500  Train Loss: 1.0103315114974976  Test Accuracy: 50.79044723510742 %
Model 500 was saved.
Train - example: 24 loss: 0.9869911074638367
Train - example: 25 loss: 1.0603889226913452
Train - example: 26 loss: 1.0173720121383667
Train - example: 27 loss: 0.9665687680244446
Train - example: 28 loss: 1.0048391819000244
Train - example: 29 loss: 1.0288995504379272
Train - example: 30 loss: 1.0206520557403564
Train - example: 31 loss: 1.0375248193740845
Train - example: 32 loss: 0.9809150099754333
Train - example: 33 loss: 0.9440999031066895
Train - example: 34 loss: 1.0107868909835815
Train - example: 35 loss: 1.0008463859558105
Train - example: 36 loss: 0.9976857900619507
Train - example: 37 loss: 0.9434390068054199
Train - example: 38 loss: 1.0279905796051025
Train - example: 39 loss: 0.991712749004364
Train - example: 40 loss: 0.9884803295135498
Train - example: 41 loss: 1.0166035890579224
Train - example: 42 loss: 0.9890352487564087
Train - example: 43 loss: 1.0259000062942505
Train - example: 44 loss: 1.0308833122253418
Train - example: 45 loss: 0.9883422255516052
Train - example: 46 loss: 1.0647733211517334
Train - example: 47 loss: 1.0218123197555542
Train - example: 48 loss: 1.0512900352478027
Train - example: 49 loss: 0.9615379571914673
Train - example: 50 loss: 1.0419598817825317
Train - example: 51 loss: 1.050603985786438
Train - example: 52 loss: 1.0036110877990723
Train - example: 53 loss: 1.0183115005493164
Train - example: 54 loss: 1.004767656326294
Train - example: 55 loss: 1.023267388343811
Train - example: 56 loss: 0.9989445209503174
Train - example: 57 loss: 1.0354632139205933
Train - example: 58 loss: 0.9884869456291199
Train - example: 59 loss: 1.0195153951644897
Train - example: 60 loss: 0.9972814917564392
Train - example: 61 loss: 1.0602704286575317
Train - example: 62 loss: 1.0048044919967651
Train - example: 63 loss: 1.0307894945144653
Train - example: 64 loss: 1.0755232572555542
Train - example: 65 loss: 0.9754363298416138
Train - example: 66 loss: 1.0573890209197998
Train - example: 67 loss: 1.0535379648208618
Train - example: 68 loss: 0.9772093892097473
Train - example: 69 loss: 0.9731734991073608
Train - example: 70 loss: 1.0205384492874146
Train - example: 71 loss: 0.9928940534591675
Train - example: 72 loss: 1.0557219982147217
Train - example: 73 loss: 0.9963748455047607
Train - example: 74 loss: 1.0634164810180664
Train - example: 75 loss: 1.0845341682434082
Train - example: 76 loss: 1.0419260263442993
Train - example: 77 loss: 0.9817327857017517
Train - example: 78 loss: 1.0003587007522583
Train - example: 79 loss: 1.0113781690597534
Train - example: 80 loss: 1.0250245332717896
Train - example: 81 loss: 0.9668560028076172
Train - example: 82 loss: 1.0799025297164917
Train - example: 83 loss: 0.9828559160232544
Train - example: 84 loss: 1.0292812585830688
Train - example: 85 loss: 1.0145539045333862
Train - example: 86 loss: 1.0245989561080933
Train - example: 87 loss: 1.0285141468048096
Train - example: 88 loss: 1.1032863855361938
Train - example: 89 loss: 1.0922881364822388
Train - example: 90 loss: 1.0271152257919312
Train - example: 91 loss: 0.9877744317054749
Train - example: 92 loss: 1.0301082134246826
Train - example: 93 loss: 1.0297833681106567
Train - example: 94 loss: 1.0259783267974854
Train - example: 95 loss: 1.0153855085372925
Train - example: 96 loss: 1.036454439163208
Train - example: 97 loss: 1.052131175994873
Train - example: 98 loss: 0.9956105947494507
Train - example: 99 loss: 1.0209760665893555
Train - example: 100 loss: 1.05665123462677
Train - example: 101 loss: 1.0279453992843628
Train - example: 102 loss: 0.9426724910736084
Train - example: 103 loss: 1.05558180809021
Train - example: 104 loss: 1.0696113109588623
Train - example: 105 loss: 1.0299605131149292
Train - example: 106 loss: 1.0376306772232056
Train - example: 107 loss: 0.9501140713691711
Train - example: 108 loss: 0.9762552380561829
Train - example: 109 loss: 1.048810601234436
Train - example: 110 loss: 1.0853781700134277
Train - example: 111 loss: 1.0135488510131836
Train - example: 112 loss: 0.9755412936210632
Train - example: 113 loss: 0.9731083512306213
Train - example: 114 loss: 0.9675312042236328
Train - example: 115 loss: 1.0431631803512573
Train - example: 116 loss: 1.001509666442871
Train - example: 117 loss: 1.0215765237808228
Train - example: 118 loss: 1.0576581954956055
Train - example: 119 loss: 1.0050939321517944
Train - example: 120 loss: 0.9810700416564941
Train - example: 121 loss: 1.0355278253555298
Train - example: 122 loss: 0.991671621799469
Train - example: 123 loss: 1.004015326499939
Train - example: 124 loss: 1.0512217283248901
Train - example: 125 loss: 0.9993730187416077
Train - example: 126 loss: 0.9953058362007141
Train - example: 127 loss: 0.9628996253013611
Train - example: 128 loss: 1.0781761407852173
Train - example: 129 loss: 1.0312681198120117
Train - example: 130 loss: 1.0197972059249878
Train - example: 131 loss: 1.0040286779403687
Train - example: 132 loss: 1.0392881631851196
Train - example: 133 loss: 1.0550007820129395
Train - example: 134 loss: 1.0255584716796875
Train - example: 135 loss: 1.0028889179229736
Train - example: 136 loss: 0.9867144823074341
Train - example: 137 loss: 1.0373950004577637
Train - example: 138 loss: 1.0289417505264282
Train - example: 139 loss: 0.9589336514472961
Train - example: 140 loss: 0.9576448202133179
Train - example: 141 loss: 0.994676411151886
Train - example: 142 loss: 0.9976590871810913
Train - example: 143 loss: 1.009446144104004
Train - example: 144 loss: 1.0133243799209595
Train - example: 145 loss: 1.0142799615859985
Train - example: 146 loss: 0.987606406211853
Train - example: 147 loss: 1.0221097469329834
Train - example: 148 loss: 0.9722197651863098
Train - example: 149 loss: 1.044844627380371
Train - example: 150 loss: 0.9960487484931946
Train - example: 151 loss: 0.9912188053131104
Train - example: 152 loss: 1.0310759544372559
Train - example: 153 loss: 1.055265188217163
Train - example: 154 loss: 1.0003924369812012
Train - example: 155 loss: 1.0671355724334717
Train - example: 156 loss: 1.0393922328948975
Train - example: 157 loss: 1.0201596021652222
Train - example: 158 loss: 1.0488845109939575
Train - example: 159 loss: 0.9994165897369385
Train - example: 160 loss: 0.9121660590171814
Train - example: 161 loss: 1.0142061710357666
Train - example: 162 loss: 1.0293632745742798
Train - example: 163 loss: 0.9970259070396423
Train - example: 164 loss: 1.017079472541809
Train - example: 165 loss: 0.9983623027801514
Train - example: 166 loss: 1.0544673204421997
Train - example: 167 loss: 1.029720425605774
Train - example: 168 loss: 0.9369991421699524
Train - example: 169 loss: 1.0096814632415771
Train - example: 170 loss: 0.9938397407531738
Train - example: 171 loss: 0.9661784172058105
Train - example: 172 loss: 1.0223313570022583
Train - example: 173 loss: 1.0441992282867432
Train - example: 174 loss: 0.9656745195388794
Train - example: 175 loss: 1.0190813541412354
Train - example: 176 loss: 1.002333402633667
Train - example: 177 loss: 0.9928248524665833
Train - example: 178 loss: 1.0266531705856323
Train - example: 179 loss: 1.0356651544570923
Train - example: 180 loss: 1.013653039932251
Train - example: 181 loss: 0.9915062785148621
Train - example: 182 loss: 0.9851748943328857
Train - example: 183 loss: 1.0256916284561157
Train - example: 184 loss: 1.0225756168365479
Train - example: 185 loss: 1.0071406364440918
Train - example: 186 loss: 1.0493288040161133
Train - example: 187 loss: 1.0051331520080566
Train - example: 188 loss: 1.0196192264556885
Train - example: 189 loss: 0.9685646891593933
Train - example: 190 loss: 0.9760890007019043
Train - example: 191 loss: 1.0412789583206177
Train - example: 192 loss: 0.9895831346511841
Train - example: 193 loss: 1.0558395385742188
Train - example: 194 loss: 1.0644431114196777
Train - example: 195 loss: 1.018256425857544
Train - example: 196 loss: 1.013378381729126
Train - example: 197 loss: 1.014339804649353
Train - example: 198 loss: 0.984870433807373
Train - example: 199 loss: 0.9919174313545227
Train - example: 200 loss: 1.0452536344528198
Train - example: 201 loss: 1.0062410831451416
Train - example: 202 loss: 1.012923240661621
Train - example: 203 loss: 1.0216342210769653
Train - example: 204 loss: 0.9519758820533752
Train - example: 205 loss: 1.0073531866073608
Train - example: 206 loss: 1.0057859420776367
Train - example: 207 loss: 1.0234049558639526
Train - example: 208 loss: 0.9576454758644104
Train - example: 209 loss: 1.0327974557876587
Train - example: 210 loss: 0.9693721532821655
Train - example: 211 loss: 1.0432835817337036
Train - example: 212 loss: 1.0280482769012451
Train - example: 213 loss: 1.0207749605178833
Train - example: 214 loss: 0.962282657623291
Train - example: 215 loss: 1.0133962631225586
Train - example: 216 loss: 1.0494743585586548
Train - example: 217 loss: 0.9916014075279236
Train - example: 218 loss: 1.0648971796035767
Train - example: 219 loss: 1.010350227355957
Train - example: 220 loss: 0.9899585843086243
Train - example: 221 loss: 0.9767016768455505
Train - example: 222 loss: 1.012146234512329
Train - example: 223 loss: 1.044864535331726
Train - example: 224 loss: 1.0070806741714478
Train - example: 225 loss: 1.0420526266098022
Train - example: 226 loss: 1.0150020122528076
Train - example: 227 loss: 1.0273417234420776
Train - example: 228 loss: 1.0237531661987305
Train - example: 229 loss: 1.0735455751419067
Train - example: 230 loss: 0.9994297623634338
Train - example: 231 loss: 0.9852199554443359
Train - example: 232 loss: 1.0174577236175537
Train - example: 233 loss: 1.0005043745040894
