Args got
indir None
outdir /home/ec2-user/ThermoDrift/experiments/trainv0/
Data loaded
ESM1b loaded
Classifier, optimizer, and criterion compiled
Using device cuda:0
Moved tensors to cuda:0
Dataloaders built
Number of parameters classifier:  949803
Number of parameters esm1b:  652359094
Now beginning training
Train - epoch: 0 batch: 1.0 loss: 1.1068657636642456
Train - epoch: 0 batch: 2.0 loss: 0.5604979395866394
Train - epoch: 0 batch: 3.0 loss: 1.5514447689056396
Train - epoch: 0 batch: 4.0 loss: 0.5514447689056396
Train - epoch: 0 batch: 5.0 loss: 0.5514447689056396
Train - epoch: 0 batch: 6.0 loss: 1.5514447689056396
Train - epoch: 0 batch: 7.0 loss: 1.5514447689056396
Train - epoch: 0 batch: 8.0 loss: 1.5514447689056396
Train - epoch: 0 batch: 9.0 loss: 1.5514447689056396
Train - epoch: 0 batch: 10.0 loss: 0.5514447689056396
Train - epoch: 0 batch: 11.0 loss: 1.5514447689056396
Train - epoch: 0 batch: 12.0 loss: 1.5514447689056396
Train - epoch: 0 batch: 13.0 loss: 1.5514447689056396
Train - epoch: 0 batch: 14.0 loss: 1.5514447689056396
Train - epoch: 0 batch: 15.0 loss: 1.5514447689056396
Train - epoch: 0 batch: 16.0 loss: 0.5514447689056396
Train - epoch: 0 batch: 17.0 loss: 1.5514447689056396
Train - epoch: 0 batch: 18.0 loss: 1.5514447689056396
Train - epoch: 0 batch: 19.0 loss: 1.5514447689056396
Train - epoch: 0 batch: 20.0 loss: 0.5514447689056396
Train - epoch: 0 batch: 21.0 loss: 0.5514447689056396
Train - epoch: 0 batch: 22.0 loss: 1.5514447689056396
Train - epoch: 0 batch: 23.0 loss: 0.5514447689056396
Train - epoch: 0 batch: 24.0 loss: 0.5514447689056396
Train - epoch: 0 batch: 25.0 loss: 1.5514447689056396
Train - epoch: 0 batch: 26.0 loss: 1.5514447689056396
Train - epoch: 0 batch: 27.0 loss: 0.5514447689056396
Train - epoch: 0 batch: 28.0 loss: 0.5514447689056396
Train - epoch: 0 batch: 29.0 loss: 0.5514447689056396
Train - epoch: 0 batch: 30.0 loss: 1.5514447689056396
Train - epoch: 0 batch: 31.0 loss: 0.5514447689056396
Train - epoch: 0 batch: 32.0 loss: 1.5514447689056396
Train - epoch: 0 batch: 33.0 loss: 1.5514447689056396
Train - epoch: 0 batch: 34.0 loss: 1.5514447689056396
Train - epoch: 0 batch: 35.0 loss: 1.5514447689056396
Train - epoch: 0 batch: 36.0 loss: 1.5514447689056396
Train - epoch: 0 batch: 37.0 loss: 1.5514447689056396
Train - epoch: 0 batch: 38.0 loss: 1.5514447689056396
Train - epoch: 0 batch: 39.0 loss: 0.5514447689056396
Train - epoch: 0 batch: 40.0 loss: 0.5514447689056396
Train - epoch: 0 batch: 41.0 loss: 0.5514447689056396
Train - epoch: 0 batch: 42.0 loss: 1.5514447689056396
Train - epoch: 0 batch: 43.0 loss: 0.5514447689056396
Train - epoch: 0 batch: 44.0 loss: 0.5514447689056396
Train - epoch: 0 batch: 45.0 loss: 1.5514447689056396
Train - epoch: 0 batch: 46.0 loss: 1.5514447689056396
Train - epoch: 0 batch: 47.0 loss: 1.5514447689056396
Train - epoch: 0 batch: 48.0 loss: 1.5514447689056396
Train - epoch: 0 batch: 49.0 loss: 0.5514447689056396
Train - epoch: 0 batch: 50.0 loss: 0.5514447689056396
Train - epoch: 0 batch: 51.0 loss: 0.5514447689056396
Train - epoch: 0 batch: 52.0 loss: 1.5514447689056396
Train - epoch: 0 batch: 53.0 loss: 1.5514447689056396
Train - epoch: 0 batch: 54.0 loss: 1.5514447689056396
Train - epoch: 0 batch: 55.0 loss: 1.5514447689056396
Train - epoch: 0 batch: 56.0 loss: 1.5514447689056396
Train - epoch: 0 batch: 57.0 loss: 1.5514447689056396
Train - epoch: 0 batch: 58.0 loss: 0.5514447689056396
Train - epoch: 0 batch: 59.0 loss: 1.5514447689056396
Train - epoch: 0 batch: 60.0 loss: 1.5514447689056396
Train - epoch: 0 batch: 61.0 loss: 1.5514447689056396
Train - epoch: 0 batch: 62.0 loss: 0.5514447689056396
Train - epoch: 0 batch: 63.0 loss: 0.5514447689056396
Train - epoch: 0 batch: 64.0 loss: 0.5514447689056396
Train - epoch: 0 batch: 65.0 loss: 1.5514447689056396
Train - epoch: 0 batch: 66.0 loss: 1.5514447689056396
Train - epoch: 0 batch: 67.0 loss: 1.5514447689056396
Train - epoch: 0 batch: 68.0 loss: 1.5514447689056396
Train - epoch: 0 batch: 69.0 loss: 1.5514447689056396
Train - epoch: 0 batch: 70.0 loss: 1.5514447689056396
Train - epoch: 0 batch: 71.0 loss: 1.5514447689056396
Train - epoch: 0 batch: 72.0 loss: 1.5514447689056396
Train - epoch: 0 batch: 73.0 loss: 0.5514447689056396
Train - epoch: 0 batch: 74.0 loss: 0.5514447689056396
Train - epoch: 0 batch: 75.0 loss: 1.5514447689056396
Train - epoch: 0 batch: 76.0 loss: 0.5514447689056396
Train - epoch: 0 batch: 77.0 loss: 0.5514447689056396
Train - epoch: 0 batch: 78.0 loss: 1.5514447689056396
Train - epoch: 0 batch: 79.0 loss: 1.5514447689056396
Train - epoch: 0 batch: 80.0 loss: 1.5514447689056396
Train - epoch: 0 batch: 81.0 loss: 0.5514447689056396
Train - epoch: 0 batch: 82.0 loss: 1.5514447689056396
Train - epoch: 0 batch: 83.0 loss: 0.5514447689056396
Train - epoch: 0 batch: 84.0 loss: 1.5514447689056396
Train - epoch: 0 batch: 85.0 loss: 1.5514447689056396
Train - epoch: 0 batch: 86.0 loss: 1.5514447689056396
Train - epoch: 0 batch: 87.0 loss: 1.5514447689056396
Train - epoch: 0 batch: 88.0 loss: 0.5514447689056396
Train - epoch: 0 batch: 89.0 loss: 1.5514447689056396
Train - epoch: 0 batch: 90.0 loss: 1.5514447689056396
Train - epoch: 0 batch: 91.0 loss: 1.5514447689056396
Train - epoch: 0 batch: 92.0 loss: 1.5514447689056396
Train - epoch: 0 batch: 93.0 loss: 1.5514447689056396
Train - epoch: 0 batch: 94.0 loss: 1.5514447689056396
Train - epoch: 0 batch: 95.0 loss: 0.5514447689056396
Train - epoch: 0 batch: 96.0 loss: 1.5514447689056396
Train - epoch: 0 batch: 97.0 loss: 1.5514447689056396
Train - epoch: 0 batch: 98.0 loss: 1.5514447689056396
Train - epoch: 0 batch: 99.0 loss: 1.5514447689056396
Train - epoch: 0 batch: 100.0 loss: 1.5514447689056396
Train - epoch: 0 batch: 101.0 loss: 1.5514447689056396
Train - epoch: 0 batch: 102.0 loss: 0.5514447689056396
Train - epoch: 0 batch: 103.0 loss: 1.5514447689056396
Train - epoch: 0 batch: 104.0 loss: 1.5514447689056396
Train - epoch: 0 batch: 105.0 loss: 1.5514447689056396
Train - epoch: 0 batch: 106.0 loss: 1.5514447689056396
Train - epoch: 0 batch: 107.0 loss: 1.5514447689056396
Train - epoch: 0 batch: 108.0 loss: 0.5514447689056396
Train - epoch: 0 batch: 109.0 loss: 1.5514447689056396
Train - epoch: 0 batch: 110.0 loss: 1.5514447689056396
Train - epoch: 0 batch: 111.0 loss: 1.5514447689056396
Train - epoch: 0 batch: 112.0 loss: 0.5514447689056396
Train - epoch: 0 batch: 113.0 loss: 1.5514447689056396
Train - epoch: 0 batch: 114.0 loss: 1.5514447689056396
Train - epoch: 0 batch: 115.0 loss: 1.5514447689056396
Train - epoch: 0 batch: 116.0 loss: 1.5514447689056396
Train - epoch: 0 batch: 117.0 loss: 0.5514447689056396
Train - epoch: 0 batch: 118.0 loss: 1.5514447689056396
Train - epoch: 0 batch: 119.0 loss: 1.5514447689056396
Train - epoch: 0 batch: 120.0 loss: 1.5514447689056396
Train - epoch: 0 batch: 121.0 loss: 1.5514447689056396
Train - epoch: 0 batch: 122.0 loss: 1.5514447689056396
Train - epoch: 0 batch: 123.0 loss: 1.5514447689056396
Train - epoch: 0 batch: 124.0 loss: 1.5514447689056396
Train - epoch: 0 batch: 125.0 loss: 1.5514447689056396
Train - epoch: 0 batch: 126.0 loss: 1.5514447689056396
Train - epoch: 0 batch: 127.0 loss: 1.5514447689056396
Train - epoch: 0 batch: 128.0 loss: 1.5514447689056396
Train - epoch: 0 batch: 129.0 loss: 1.5514447689056396
Train - epoch: 0 batch: 130.0 loss: 1.5514447689056396
Train - epoch: 0 batch: 131.0 loss: 1.5514447689056396
Train - epoch: 0 batch: 132.0 loss: 1.5514447689056396
Train - epoch: 0 batch: 133.0 loss: 1.5514447689056396
Train - epoch: 0 batch: 134.0 loss: 1.5514447689056396
Train - epoch: 0 batch: 135.0 loss: 1.5514447689056396
Train - epoch: 0 batch: 136.0 loss: 1.5514447689056396
Train - epoch: 0 batch: 137.0 loss: 1.5514447689056396
Train - epoch: 0 batch: 138.0 loss: 1.5514447689056396
Train - epoch: 0 batch: 139.0 loss: 1.5514447689056396
Train - epoch: 0 batch: 140.0 loss: 1.5514447689056396
Train - epoch: 0 batch: 141.0 loss: 1.5514447689056396
Train - epoch: 0 batch: 142.0 loss: 0.5514447689056396
Train - epoch: 0 batch: 143.0 loss: 0.5514447689056396
Train - epoch: 0 batch: 144.0 loss: 1.5514447689056396
Train - epoch: 0 batch: 145.0 loss: 0.5514447689056396
Train - epoch: 0 batch: 146.0 loss: 1.5514447689056396
Train - epoch: 0 batch: 147.0 loss: 0.5514447689056396
Train - epoch: 0 batch: 148.0 loss: 1.5514447689056396
Train - epoch: 0 batch: 149.0 loss: 0.5514447689056396
Train - epoch: 0 batch: 150.0 loss: 1.5514447689056396
Train - epoch: 0 batch: 151.0 loss: 1.5514447689056396
Train - epoch: 0 batch: 152.0 loss: 1.5514447689056396
Train - epoch: 0 batch: 153.0 loss: 0.5514447689056396
Train - epoch: 0 batch: 154.0 loss: 1.5514447689056396
Train - epoch: 0 batch: 155.0 loss: 1.5514447689056396
Train - epoch: 0 batch: 156.0 loss: 0.5514447689056396
Train - epoch: 0 batch: 157.0 loss: 1.5514447689056396
Train - epoch: 0 batch: 158.0 loss: 1.5514447689056396
Train - epoch: 0 batch: 159.0 loss: 1.5514447689056396
Train - epoch: 0 batch: 160.0 loss: 1.5514447689056396
Train - epoch: 0 batch: 161.0 loss: 0.5514447689056396
Train - epoch: 0 batch: 162.0 loss: 1.5514447689056396
Train - epoch: 0 batch: 163.0 loss: 1.5514447689056396
Train - epoch: 0 batch: 164.0 loss: 0.5514447689056396
Train - epoch: 0 batch: 165.0 loss: 1.5514447689056396
Train - epoch: 0 batch: 166.0 loss: 1.5514447689056396
Train - epoch: 0 batch: 167.0 loss: 1.5514447689056396
Train - epoch: 0 batch: 168.0 loss: 0.5514447689056396
Train - epoch: 0 batch: 169.0 loss: 0.5514447689056396
Train - epoch: 0 batch: 170.0 loss: 0.5514447689056396
Train - epoch: 0 batch: 171.0 loss: 0.5514447689056396
Train - epoch: 0 batch: 172.0 loss: 1.5514447689056396
Train - epoch: 0 batch: 173.0 loss: 1.5514447689056396
Train - epoch: 0 batch: 174.0 loss: 1.5514447689056396
Train - epoch: 0 batch: 175.0 loss: 0.5514447689056396
Train - epoch: 0 batch: 176.0 loss: 1.5514447689056396
Train - epoch: 0 batch: 177.0 loss: 0.5514447689056396
Train - epoch: 0 batch: 178.0 loss: 0.5514447689056396
Train - epoch: 0 batch: 179.0 loss: 1.5514447689056396
Train - epoch: 0 batch: 180.0 loss: 0.5514447689056396
Train - epoch: 0 batch: 181.0 loss: 0.5514447689056396
Train - epoch: 0 batch: 182.0 loss: 1.5514447689056396
Train - epoch: 0 batch: 183.0 loss: 1.5514447689056396
Train - epoch: 0 batch: 184.0 loss: 1.5514447689056396
Train - epoch: 0 batch: 185.0 loss: 1.5514447689056396
Train - epoch: 0 batch: 186.0 loss: 1.5514447689056396
Train - epoch: 0 batch: 187.0 loss: 0.5514447689056396
Train - epoch: 0 batch: 188.0 loss: 0.5514447689056396
Train - epoch: 0 batch: 189.0 loss: 1.5514447689056396
Train - epoch: 0 batch: 190.0 loss: 0.5514447689056396
Train - epoch: 0 batch: 191.0 loss: 1.5514447689056396
Train - epoch: 0 batch: 192.0 loss: 1.5514447689056396
Train - epoch: 0 batch: 193.0 loss: 1.5514447689056396
Train - epoch: 0 batch: 194.0 loss: 0.5514447689056396
Train - epoch: 0 batch: 195.0 loss: 1.5514447689056396
Train - epoch: 0 batch: 196.0 loss: 1.5514447689056396
Train - epoch: 0 batch: 197.0 loss: 1.5514447689056396
Train - epoch: 0 batch: 198.0 loss: 0.5514447689056396
Train - epoch: 0 batch: 199.0 loss: 1.5514447689056396
Train - epoch: 0 batch: 200.0 loss: 1.5514447689056396
Train - epoch: 0 batch: 201.0 loss: 0.5514447689056396
Train - epoch: 0 batch: 202.0 loss: 1.5514447689056396
Train - epoch: 0 batch: 203.0 loss: 1.5514447689056396
Train - epoch: 0 batch: 204.0 loss: 1.5514447689056396
Train - epoch: 0 batch: 205.0 loss: 1.5514447689056396
Train - epoch: 0 batch: 206.0 loss: 0.5514447689056396
Train - epoch: 0 batch: 207.0 loss: 1.5514447689056396
Train - epoch: 0 batch: 208.0 loss: 1.5514447689056396
Train - epoch: 0 batch: 209.0 loss: 1.5514447689056396
Train - epoch: 0 batch: 210.0 loss: 1.5514447689056396
Train - epoch: 0 batch: 211.0 loss: 0.5514447689056396
Train - epoch: 0 batch: 212.0 loss: 1.5514447689056396
Train - epoch: 0 batch: 213.0 loss: 1.5514447689056396
Train - epoch: 0 batch: 214.0 loss: 0.5514447689056396
Train - epoch: 0 batch: 215.0 loss: 1.5514447689056396
Train - epoch: 0 batch: 216.0 loss: 0.5514447689056396
Train - epoch: 0 batch: 217.0 loss: 0.5514447689056396
Train - epoch: 0 batch: 218.0 loss: 1.5514447689056396
Train - epoch: 0 batch: 219.0 loss: 0.5514447689056396
Train - epoch: 0 batch: 220.0 loss: 0.5514447689056396
Train - epoch: 0 batch: 221.0 loss: 0.5514447689056396
Train - epoch: 0 batch: 222.0 loss: 1.5514447689056396
Train - epoch: 0 batch: 223.0 loss: 0.5514447689056396
Train - epoch: 0 batch: 224.0 loss: 1.5514447689056396
Train - epoch: 0 batch: 225.0 loss: 0.5514447689056396
Train - epoch: 0 batch: 226.0 loss: 1.5514447689056396
Train - epoch: 0 batch: 227.0 loss: 1.5514447689056396
Train - epoch: 0 batch: 228.0 loss: 1.5514447689056396
Train - epoch: 0 batch: 229.0 loss: 0.5514447689056396
Train - epoch: 0 batch: 230.0 loss: 1.5514447689056396
Train - epoch: 0 batch: 231.0 loss: 1.5514447689056396
Train - epoch: 0 batch: 232.0 loss: 1.5514447689056396
Train - epoch: 0 batch: 233.0 loss: 0.5514447689056396
Train - epoch: 0 batch: 234.0 loss: 1.5514447689056396
Train - epoch: 0 batch: 235.0 loss: 0.5514447689056396
Train - epoch: 0 batch: 236.0 loss: 0.5514447689056396
Train - epoch: 0 batch: 237.0 loss: 0.5514447689056396
Train - epoch: 0 batch: 238.0 loss: 1.5514447689056396
Train - epoch: 0 batch: 239.0 loss: 1.5514447689056396
Train - epoch: 0 batch: 240.0 loss: 1.5514447689056396
Train - epoch: 0 batch: 241.0 loss: 1.5514447689056396
Train - epoch: 0 batch: 242.0 loss: 1.5514447689056396
Train - epoch: 0 batch: 243.0 loss: 0.5514447689056396
Train - epoch: 0 batch: 244.0 loss: 1.5514447689056396
Train - epoch: 0 batch: 245.0 loss: 1.5514447689056396
Train - epoch: 0 batch: 246.0 loss: 0.5514447689056396
Train - epoch: 0 batch: 247.0 loss: 1.5514447689056396
Train - epoch: 0 batch: 248.0 loss: 1.5514447689056396
Train - epoch: 0 batch: 249.0 loss: 1.5514447689056396
Train - epoch: 0 batch: 250.0 loss: 1.5514447689056396
Train - epoch: 0 batch: 251.0 loss: 1.5514447689056396
Train - epoch: 0 batch: 252.0 loss: 1.5514447689056396
Train - epoch: 0 batch: 253.0 loss: 0.5514447689056396
Train - epoch: 0 batch: 254.0 loss: 1.5514447689056396
Train - epoch: 0 batch: 255.0 loss: 1.5514447689056396
Train - epoch: 0 batch: 256.0 loss: 1.5514447689056396
Train - epoch: 0 batch: 257.0 loss: 1.5514447689056396
Train - epoch: 0 batch: 258.0 loss: 0.5514447689056396
Train - epoch: 0 batch: 259.0 loss: 1.5514447689056396
Train - epoch: 0 batch: 260.0 loss: 1.5514447689056396
Train - epoch: 0 batch: 261.0 loss: 0.5514447689056396
Train - epoch: 0 batch: 262.0 loss: 1.5514447689056396
Train - epoch: 0 batch: 263.0 loss: 0.5514447689056396
Train - epoch: 0 batch: 264.0 loss: 1.5514447689056396
Train - epoch: 0 batch: 265.0 loss: 1.5514447689056396
Train - epoch: 0 batch: 266.0 loss: 1.5514447689056396
Train - epoch: 0 batch: 267.0 loss: 0.5514447689056396
Train - epoch: 0 batch: 268.0 loss: 0.5514447689056396
Train - epoch: 0 batch: 269.0 loss: 1.5514447689056396
Train - epoch: 0 batch: 270.0 loss: 1.5514447689056396
Train - epoch: 0 batch: 271.0 loss: 1.5514447689056396
Train - epoch: 0 batch: 272.0 loss: 0.5514447689056396
Train - epoch: 0 batch: 273.0 loss: 1.5514447689056396
Train - epoch: 0 batch: 274.0 loss: 1.5514447689056396
Train - epoch: 0 batch: 275.0 loss: 1.5514447689056396
Train - epoch: 0 batch: 276.0 loss: 1.5514447689056396
Train - epoch: 0 batch: 277.0 loss: 1.5514447689056396
Train - epoch: 0 batch: 278.0 loss: 0.5514447689056396
Train - epoch: 0 batch: 279.0 loss: 0.5514447689056396
Train - epoch: 0 batch: 280.0 loss: 0.5514447689056396
Train - epoch: 0 batch: 281.0 loss: 1.5514447689056396
Valid - epcoh: 0 loss: 0.00034476550420125325 accuracy: 33.377777099609375
Model 0 was saved.
Train - epoch: 1 batch: 1.0 loss: 0.5514447689056396
Train - epoch: 1 batch: 2.0 loss: 0.5514447689056396
Train - epoch: 1 batch: 3.0 loss: 1.5514447689056396
Train - epoch: 1 batch: 4.0 loss: 0.5514447689056396
Train - epoch: 1 batch: 5.0 loss: 0.5514447689056396
Train - epoch: 1 batch: 6.0 loss: 1.5514447689056396
Train - epoch: 1 batch: 7.0 loss: 1.5514447689056396
Train - epoch: 1 batch: 8.0 loss: 1.5514447689056396
Train - epoch: 1 batch: 9.0 loss: 1.5514447689056396
Train - epoch: 1 batch: 10.0 loss: 0.5514447689056396
Train - epoch: 1 batch: 11.0 loss: 1.5514447689056396
Train - epoch: 1 batch: 12.0 loss: 1.5514447689056396
Train - epoch: 1 batch: 13.0 loss: 1.5514447689056396
Train - epoch: 1 batch: 14.0 loss: 1.5514447689056396
Train - epoch: 1 batch: 15.0 loss: 1.5514447689056396
Train - epoch: 1 batch: 16.0 loss: 0.5514447689056396
Train - epoch: 1 batch: 17.0 loss: 1.5514447689056396
Train - epoch: 1 batch: 18.0 loss: 1.5514447689056396
Train - epoch: 1 batch: 19.0 loss: 1.5514447689056396
Train - epoch: 1 batch: 20.0 loss: 0.5514447689056396
Train - epoch: 1 batch: 21.0 loss: 0.5514447689056396
Train - epoch: 1 batch: 22.0 loss: 1.5514447689056396
Train - epoch: 1 batch: 23.0 loss: 0.5514447689056396
Train - epoch: 1 batch: 24.0 loss: 0.5514447689056396
Train - epoch: 1 batch: 25.0 loss: 1.5514447689056396
Train - epoch: 1 batch: 26.0 loss: 1.5514447689056396
Train - epoch: 1 batch: 27.0 loss: 0.5514447689056396
Train - epoch: 1 batch: 28.0 loss: 0.5514447689056396
Train - epoch: 1 batch: 29.0 loss: 0.5514447689056396
Train - epoch: 1 batch: 30.0 loss: 1.5514447689056396
Train - epoch: 1 batch: 31.0 loss: 0.5514447689056396
Train - epoch: 1 batch: 32.0 loss: 1.5514447689056396
Train - epoch: 1 batch: 33.0 loss: 1.5514447689056396
Train - epoch: 1 batch: 34.0 loss: 1.5514447689056396
Train - epoch: 1 batch: 35.0 loss: 1.5514447689056396
Train - epoch: 1 batch: 36.0 loss: 1.5514447689056396
Train - epoch: 1 batch: 37.0 loss: 1.5514447689056396
Train - epoch: 1 batch: 38.0 loss: 1.5514447689056396
Train - epoch: 1 batch: 39.0 loss: 0.5514447689056396
Train - epoch: 1 batch: 40.0 loss: 0.5514447689056396
Train - epoch: 1 batch: 41.0 loss: 0.5514447689056396
Train - epoch: 1 batch: 42.0 loss: 1.5514447689056396
Train - epoch: 1 batch: 43.0 loss: 0.5514447689056396
Train - epoch: 1 batch: 44.0 loss: 0.5514447689056396
Train - epoch: 1 batch: 45.0 loss: 1.5514447689056396
Train - epoch: 1 batch: 46.0 loss: 1.5514447689056396
Train - epoch: 1 batch: 47.0 loss: 1.5514447689056396
Train - epoch: 1 batch: 48.0 loss: 1.5514447689056396
Train - epoch: 1 batch: 49.0 loss: 0.5514447689056396
Train - epoch: 1 batch: 50.0 loss: 0.5514447689056396
Train - epoch: 1 batch: 51.0 loss: 0.5514447689056396
Train - epoch: 1 batch: 52.0 loss: 1.5514447689056396
Train - epoch: 1 batch: 53.0 loss: 1.5514447689056396
Train - epoch: 1 batch: 54.0 loss: 1.5514447689056396
Train - epoch: 1 batch: 55.0 loss: 1.5514447689056396
Train - epoch: 1 batch: 56.0 loss: 1.5514447689056396
Train - epoch: 1 batch: 57.0 loss: 1.5514447689056396
Train - epoch: 1 batch: 58.0 loss: 0.5514447689056396
Train - epoch: 1 batch: 59.0 loss: 1.5514447689056396
Train - epoch: 1 batch: 60.0 loss: 1.5514447689056396
Train - epoch: 1 batch: 61.0 loss: 1.5514447689056396
Train - epoch: 1 batch: 62.0 loss: 0.5514447689056396
Train - epoch: 1 batch: 63.0 loss: 0.5514447689056396
Train - epoch: 1 batch: 64.0 loss: 0.5514447689056396
Train - epoch: 1 batch: 65.0 loss: 1.5514447689056396
Train - epoch: 1 batch: 66.0 loss: 1.5514447689056396
Train - epoch: 1 batch: 67.0 loss: 1.5514447689056396
Train - epoch: 1 batch: 68.0 loss: 1.5514447689056396
Train - epoch: 1 batch: 69.0 loss: 1.5514447689056396
Train - epoch: 1 batch: 70.0 loss: 1.5514447689056396
Train - epoch: 1 batch: 71.0 loss: 1.5514447689056396
Train - epoch: 1 batch: 72.0 loss: 1.5514447689056396
Train - epoch: 1 batch: 73.0 loss: 0.5514447689056396
Train - epoch: 1 batch: 74.0 loss: 0.5514447689056396
Train - epoch: 1 batch: 75.0 loss: 1.5514447689056396
Train - epoch: 1 batch: 76.0 loss: 0.5514447689056396
Train - epoch: 1 batch: 77.0 loss: 0.5514447689056396
Train - epoch: 1 batch: 78.0 loss: 1.5514447689056396
Train - epoch: 1 batch: 79.0 loss: 1.5514447689056396
Train - epoch: 1 batch: 80.0 loss: 1.5514447689056396
Train - epoch: 1 batch: 81.0 loss: 0.5514447689056396
Train - epoch: 1 batch: 82.0 loss: 1.5514447689056396
Train - epoch: 1 batch: 83.0 loss: 0.5514447689056396
Train - epoch: 1 batch: 84.0 loss: 1.5514447689056396
Train - epoch: 1 batch: 85.0 loss: 1.5514447689056396
Train - epoch: 1 batch: 86.0 loss: 1.5514447689056396
Train - epoch: 1 batch: 87.0 loss: 1.5514447689056396
Train - epoch: 1 batch: 88.0 loss: 0.5514447689056396
Train - epoch: 1 batch: 89.0 loss: 1.5514447689056396
Train - epoch: 1 batch: 90.0 loss: 1.5514447689056396
Train - epoch: 1 batch: 91.0 loss: 1.5514447689056396
Train - epoch: 1 batch: 92.0 loss: 1.5514447689056396
Train - epoch: 1 batch: 93.0 loss: 1.5514447689056396
Train - epoch: 1 batch: 94.0 loss: 1.5514447689056396
Train - epoch: 1 batch: 95.0 loss: 0.5514447689056396
Train - epoch: 1 batch: 96.0 loss: 1.5514447689056396
Train - epoch: 1 batch: 97.0 loss: 1.5514447689056396
Train - epoch: 1 batch: 98.0 loss: 1.5514447689056396
Train - epoch: 1 batch: 99.0 loss: 1.5514447689056396
Train - epoch: 1 batch: 100.0 loss: 1.5514447689056396
Train - epoch: 1 batch: 101.0 loss: 1.5514447689056396
Train - epoch: 1 batch: 102.0 loss: 0.5514447689056396
Train - epoch: 1 batch: 103.0 loss: 1.5514447689056396
Train - epoch: 1 batch: 104.0 loss: 1.5514447689056396
Train - epoch: 1 batch: 105.0 loss: 1.5514447689056396
Train - epoch: 1 batch: 106.0 loss: 1.5514447689056396
Train - epoch: 1 batch: 107.0 loss: 1.5514447689056396
Train - epoch: 1 batch: 108.0 loss: 0.5514447689056396
Train - epoch: 1 batch: 109.0 loss: 1.5514447689056396
Train - epoch: 1 batch: 110.0 loss: 1.5514447689056396
Train - epoch: 1 batch: 111.0 loss: 1.5514447689056396
Train - epoch: 1 batch: 112.0 loss: 0.5514447689056396
Train - epoch: 1 batch: 113.0 loss: 1.5514447689056396
Train - epoch: 1 batch: 114.0 loss: 1.5514447689056396
Train - epoch: 1 batch: 115.0 loss: 1.5514447689056396
Train - epoch: 1 batch: 116.0 loss: 1.5514447689056396
Train - epoch: 1 batch: 117.0 loss: 0.5514447689056396
Train - epoch: 1 batch: 118.0 loss: 1.5514447689056396
Train - epoch: 1 batch: 119.0 loss: 1.5514447689056396
Train - epoch: 1 batch: 120.0 loss: 1.5514447689056396
Train - epoch: 1 batch: 121.0 loss: 1.5514447689056396
Train - epoch: 1 batch: 122.0 loss: 1.5514447689056396
Train - epoch: 1 batch: 123.0 loss: 1.5514447689056396
Train - epoch: 1 batch: 124.0 loss: 1.5514447689056396
Train - epoch: 1 batch: 125.0 loss: 1.5514447689056396
Train - epoch: 1 batch: 126.0 loss: 1.5514447689056396
Train - epoch: 1 batch: 127.0 loss: 1.5514447689056396
Train - epoch: 1 batch: 128.0 loss: 1.5514447689056396
Train - epoch: 1 batch: 129.0 loss: 1.5514447689056396
Train - epoch: 1 batch: 130.0 loss: 1.5514447689056396
Train - epoch: 1 batch: 131.0 loss: 1.5514447689056396
Train - epoch: 1 batch: 132.0 loss: 1.5514447689056396
Train - epoch: 1 batch: 133.0 loss: 1.5514447689056396
Train - epoch: 1 batch: 134.0 loss: 1.5514447689056396
Train - epoch: 1 batch: 135.0 loss: 1.5514447689056396
Train - epoch: 1 batch: 136.0 loss: 1.5514447689056396
Train - epoch: 1 batch: 137.0 loss: 1.5514447689056396
Train - epoch: 1 batch: 138.0 loss: 1.5514447689056396
Train - epoch: 1 batch: 139.0 loss: 1.5514447689056396
Train - epoch: 1 batch: 140.0 loss: 1.5514447689056396
Train - epoch: 1 batch: 141.0 loss: 1.5514447689056396
Train - epoch: 1 batch: 142.0 loss: 0.5514447689056396
Train - epoch: 1 batch: 143.0 loss: 0.5514447689056396
Train - epoch: 1 batch: 144.0 loss: 1.5514447689056396
Train - epoch: 1 batch: 145.0 loss: 0.5514447689056396
Train - epoch: 1 batch: 146.0 loss: 1.5514447689056396
Train - epoch: 1 batch: 147.0 loss: 0.5514447689056396
Train - epoch: 1 batch: 148.0 loss: 1.5514447689056396
Train - epoch: 1 batch: 149.0 loss: 0.5514447689056396
Train - epoch: 1 batch: 150.0 loss: 1.5514447689056396
Train - epoch: 1 batch: 151.0 loss: 1.5514447689056396
Train - epoch: 1 batch: 152.0 loss: 1.5514447689056396
Train - epoch: 1 batch: 153.0 loss: 0.5514447689056396
Train - epoch: 1 batch: 154.0 loss: 1.5514447689056396
Train - epoch: 1 batch: 155.0 loss: 1.5514447689056396
Train - epoch: 1 batch: 156.0 loss: 0.5514447689056396
Train - epoch: 1 batch: 157.0 loss: 1.5514447689056396
Train - epoch: 1 batch: 158.0 loss: 1.5514447689056396
Train - epoch: 1 batch: 159.0 loss: 1.5514447689056396
Train - epoch: 1 batch: 160.0 loss: 1.5514447689056396
Train - epoch: 1 batch: 161.0 loss: 0.5514447689056396
Train - epoch: 1 batch: 162.0 loss: 1.5514447689056396
Train - epoch: 1 batch: 163.0 loss: 1.5514447689056396
Train - epoch: 1 batch: 164.0 loss: 0.5514447689056396
Train - epoch: 1 batch: 165.0 loss: 1.5514447689056396
Train - epoch: 1 batch: 166.0 loss: 1.5514447689056396
Train - epoch: 1 batch: 167.0 loss: 1.5514447689056396
Train - epoch: 1 batch: 168.0 loss: 0.5514447689056396
Train - epoch: 1 batch: 169.0 loss: 0.5514447689056396
Train - epoch: 1 batch: 170.0 loss: 0.5514447689056396
Train - epoch: 1 batch: 171.0 loss: 0.5514447689056396
Train - epoch: 1 batch: 172.0 loss: 1.5514447689056396
Train - epoch: 1 batch: 173.0 loss: 1.5514447689056396
Train - epoch: 1 batch: 174.0 loss: 1.5514447689056396
Train - epoch: 1 batch: 175.0 loss: 0.5514447689056396
Train - epoch: 1 batch: 176.0 loss: 1.5514447689056396
Train - epoch: 1 batch: 177.0 loss: 0.5514447689056396
Train - epoch: 1 batch: 178.0 loss: 0.5514447689056396
Train - epoch: 1 batch: 179.0 loss: 1.5514447689056396
Train - epoch: 1 batch: 180.0 loss: 0.5514447689056396
Train - epoch: 1 batch: 181.0 loss: 0.5514447689056396
Train - epoch: 1 batch: 182.0 loss: 1.5514447689056396
Train - epoch: 1 batch: 183.0 loss: 1.5514447689056396
Train - epoch: 1 batch: 184.0 loss: 1.5514447689056396
Train - epoch: 1 batch: 185.0 loss: 1.5514447689056396
Train - epoch: 1 batch: 186.0 loss: 1.5514447689056396
Train - epoch: 1 batch: 187.0 loss: 0.5514447689056396
Train - epoch: 1 batch: 188.0 loss: 0.5514447689056396
Train - epoch: 1 batch: 189.0 loss: 1.5514447689056396
Train - epoch: 1 batch: 190.0 loss: 0.5514447689056396
Train - epoch: 1 batch: 191.0 loss: 1.5514447689056396
Train - epoch: 1 batch: 192.0 loss: 1.5514447689056396
Train - epoch: 1 batch: 193.0 loss: 1.5514447689056396
Train - epoch: 1 batch: 194.0 loss: 0.5514447689056396
Train - epoch: 1 batch: 195.0 loss: 1.5514447689056396
Train - epoch: 1 batch: 196.0 loss: 1.5514447689056396
Train - epoch: 1 batch: 197.0 loss: 1.5514447689056396
Train - epoch: 1 batch: 198.0 loss: 0.5514447689056396
Train - epoch: 1 batch: 199.0 loss: 1.5514447689056396
Train - epoch: 1 batch: 200.0 loss: 1.5514447689056396
Train - epoch: 1 batch: 201.0 loss: 0.5514447689056396
Train - epoch: 1 batch: 202.0 loss: 1.5514447689056396
Train - epoch: 1 batch: 203.0 loss: 1.5514447689056396
Train - epoch: 1 batch: 204.0 loss: 1.5514447689056396
Train - epoch: 1 batch: 205.0 loss: 1.5514447689056396
Train - epoch: 1 batch: 206.0 loss: 0.5514447689056396
Train - epoch: 1 batch: 207.0 loss: 1.5514447689056396
Train - epoch: 1 batch: 208.0 loss: 1.5514447689056396
Train - epoch: 1 batch: 209.0 loss: 1.5514447689056396
Train - epoch: 1 batch: 210.0 loss: 1.5514447689056396
Train - epoch: 1 batch: 211.0 loss: 0.5514447689056396
Train - epoch: 1 batch: 212.0 loss: 1.5514447689056396
Train - epoch: 1 batch: 213.0 loss: 1.5514447689056396
Train - epoch: 1 batch: 214.0 loss: 0.5514447689056396
Train - epoch: 1 batch: 215.0 loss: 1.5514447689056396
Train - epoch: 1 batch: 216.0 loss: 0.5514447689056396
Train - epoch: 1 batch: 217.0 loss: 0.5514447689056396
Train - epoch: 1 batch: 218.0 loss: 1.5514447689056396
Train - epoch: 1 batch: 219.0 loss: 0.5514447689056396
Train - epoch: 1 batch: 220.0 loss: 0.5514447689056396
Train - epoch: 1 batch: 221.0 loss: 0.5514447689056396
Train - epoch: 1 batch: 222.0 loss: 1.5514447689056396
Train - epoch: 1 batch: 223.0 loss: 0.5514447689056396
Train - epoch: 1 batch: 224.0 loss: 1.5514447689056396
Train - epoch: 1 batch: 225.0 loss: 0.5514447689056396
Train - epoch: 1 batch: 226.0 loss: 1.5514447689056396
Train - epoch: 1 batch: 227.0 loss: 1.5514447689056396
Train - epoch: 1 batch: 228.0 loss: 1.5514447689056396
Train - epoch: 1 batch: 229.0 loss: 0.5514447689056396
Train - epoch: 1 batch: 230.0 loss: 1.5514447689056396
Train - epoch: 1 batch: 231.0 loss: 1.5514447689056396
Train - epoch: 1 batch: 232.0 loss: 1.5514447689056396
Train - epoch: 1 batch: 233.0 loss: 0.5514447689056396
Train - epoch: 1 batch: 234.0 loss: 1.5514447689056396
Train - epoch: 1 batch: 235.0 loss: 0.5514447689056396
Train - epoch: 1 batch: 236.0 loss: 0.5514447689056396
Train - epoch: 1 batch: 237.0 loss: 0.5514447689056396
Train - epoch: 1 batch: 238.0 loss: 1.5514447689056396
Train - epoch: 1 batch: 239.0 loss: 1.5514447689056396
Train - epoch: 1 batch: 240.0 loss: 1.5514447689056396
Train - epoch: 1 batch: 241.0 loss: 1.5514447689056396
Train - epoch: 1 batch: 242.0 loss: 1.5514447689056396
Train - epoch: 1 batch: 243.0 loss: 0.5514447689056396
Train - epoch: 1 batch: 244.0 loss: 1.5514447689056396
Train - epoch: 1 batch: 245.0 loss: 1.5514447689056396
Train - epoch: 1 batch: 246.0 loss: 0.5514447689056396
Train - epoch: 1 batch: 247.0 loss: 1.5514447689056396
Train - epoch: 1 batch: 248.0 loss: 1.5514447689056396
Train - epoch: 1 batch: 249.0 loss: 1.5514447689056396
Train - epoch: 1 batch: 250.0 loss: 1.5514447689056396
Train - epoch: 1 batch: 251.0 loss: 1.5514447689056396
Train - epoch: 1 batch: 252.0 loss: 1.5514447689056396
Train - epoch: 1 batch: 253.0 loss: 0.5514447689056396
Train - epoch: 1 batch: 254.0 loss: 1.5514447689056396
Train - epoch: 1 batch: 255.0 loss: 1.5514447689056396
Train - epoch: 1 batch: 256.0 loss: 1.5514447689056396
Train - epoch: 1 batch: 257.0 loss: 1.5514447689056396
Train - epoch: 1 batch: 258.0 loss: 0.5514447689056396
Train - epoch: 1 batch: 259.0 loss: 1.5514447689056396
Train - epoch: 1 batch: 260.0 loss: 1.5514447689056396
Train - epoch: 1 batch: 261.0 loss: 0.5514447689056396
Train - epoch: 1 batch: 262.0 loss: 1.5514447689056396
Train - epoch: 1 batch: 263.0 loss: 0.5514447689056396
Train - epoch: 1 batch: 264.0 loss: 1.5514447689056396
Train - epoch: 1 batch: 265.0 loss: 1.5514447689056396
Train - epoch: 1 batch: 266.0 loss: 1.5514447689056396
Train - epoch: 1 batch: 267.0 loss: 0.5514447689056396
Train - epoch: 1 batch: 268.0 loss: 0.5514447689056396
Train - epoch: 1 batch: 269.0 loss: 1.5514447689056396
Train - epoch: 1 batch: 270.0 loss: 1.5514447689056396
Train - epoch: 1 batch: 271.0 loss: 1.5514447689056396
Train - epoch: 1 batch: 272.0 loss: 0.5514447689056396
Train - epoch: 1 batch: 273.0 loss: 1.5514447689056396
Train - epoch: 1 batch: 274.0 loss: 1.5514447689056396
Train - epoch: 1 batch: 275.0 loss: 1.5514447689056396
Train - epoch: 1 batch: 276.0 loss: 1.5514447689056396
Train - epoch: 1 batch: 277.0 loss: 1.5514447689056396
Train - epoch: 1 batch: 278.0 loss: 0.5514447689056396
Train - epoch: 1 batch: 279.0 loss: 0.5514447689056396
Train - epoch: 1 batch: 280.0 loss: 0.5514447689056396
Train - epoch: 1 batch: 281.0 loss: 1.5514447689056396
Valid - epcoh: 1 loss: 0.00034476550420125325 accuracy: 33.377777099609375
Model 1 was saved.
Train - epoch: 2 batch: 1.0 loss: 0.5514447689056396
Train - epoch: 2 batch: 2.0 loss: 0.5514447689056396
Train - epoch: 2 batch: 3.0 loss: 1.5514447689056396
Train - epoch: 2 batch: 4.0 loss: 0.5514447689056396
Train - epoch: 2 batch: 5.0 loss: 0.5514447689056396
Train - epoch: 2 batch: 6.0 loss: 1.5514447689056396
Train - epoch: 2 batch: 7.0 loss: 1.5514447689056396
Train - epoch: 2 batch: 8.0 loss: 1.5514447689056396
Train - epoch: 2 batch: 9.0 loss: 1.5514447689056396
Train - epoch: 2 batch: 10.0 loss: 0.5514447689056396
Train - epoch: 2 batch: 11.0 loss: 1.5514447689056396
Train - epoch: 2 batch: 12.0 loss: 1.5514447689056396
Train - epoch: 2 batch: 13.0 loss: 1.5514447689056396
Train - epoch: 2 batch: 14.0 loss: 1.5514447689056396
Train - epoch: 2 batch: 15.0 loss: 1.5514447689056396
Train - epoch: 2 batch: 16.0 loss: 0.5514447689056396
Train - epoch: 2 batch: 17.0 loss: 1.5514447689056396
Train - epoch: 2 batch: 18.0 loss: 1.5514447689056396
Train - epoch: 2 batch: 19.0 loss: 1.5514447689056396
Train - epoch: 2 batch: 20.0 loss: 0.5514447689056396
Train - epoch: 2 batch: 21.0 loss: 0.5514447689056396
Train - epoch: 2 batch: 22.0 loss: 1.5514447689056396
Train - epoch: 2 batch: 23.0 loss: 0.5514447689056396
Train - epoch: 2 batch: 24.0 loss: 0.5514447689056396
Train - epoch: 2 batch: 25.0 loss: 1.5514447689056396
Train - epoch: 2 batch: 26.0 loss: 1.5514447689056396
Train - epoch: 2 batch: 27.0 loss: 0.5514447689056396
Train - epoch: 2 batch: 28.0 loss: 0.5514447689056396
Train - epoch: 2 batch: 29.0 loss: 0.5514447689056396
Train - epoch: 2 batch: 30.0 loss: 1.5514447689056396
Train - epoch: 2 batch: 31.0 loss: 0.5514447689056396
Train - epoch: 2 batch: 32.0 loss: 1.5514447689056396
Train - epoch: 2 batch: 33.0 loss: 1.5514447689056396
Train - epoch: 2 batch: 34.0 loss: 1.5514447689056396
Train - epoch: 2 batch: 35.0 loss: 1.5514447689056396
Train - epoch: 2 batch: 36.0 loss: 1.5514447689056396
Train - epoch: 2 batch: 37.0 loss: 1.5514447689056396
Train - epoch: 2 batch: 38.0 loss: 1.5514447689056396
Train - epoch: 2 batch: 39.0 loss: 0.5514447689056396
Train - epoch: 2 batch: 40.0 loss: 0.5514447689056396
Train - epoch: 2 batch: 41.0 loss: 0.5514447689056396
Train - epoch: 2 batch: 42.0 loss: 1.5514447689056396
Train - epoch: 2 batch: 43.0 loss: 0.5514447689056396
Train - epoch: 2 batch: 44.0 loss: 0.5514447689056396
Train - epoch: 2 batch: 45.0 loss: 1.5514447689056396
Train - epoch: 2 batch: 46.0 loss: 1.5514447689056396
Train - epoch: 2 batch: 47.0 loss: 1.5514447689056396
Train - epoch: 2 batch: 48.0 loss: 1.5514447689056396
Train - epoch: 2 batch: 49.0 loss: 0.5514447689056396
Train - epoch: 2 batch: 50.0 loss: 0.5514447689056396
Train - epoch: 2 batch: 51.0 loss: 0.5514447689056396
Train - epoch: 2 batch: 52.0 loss: 1.5514447689056396
Train - epoch: 2 batch: 53.0 loss: 1.5514447689056396
Train - epoch: 2 batch: 54.0 loss: 1.5514447689056396
Train - epoch: 2 batch: 55.0 loss: 1.5514447689056396
Train - epoch: 2 batch: 56.0 loss: 1.5514447689056396
Train - epoch: 2 batch: 57.0 loss: 1.5514447689056396
Train - epoch: 2 batch: 58.0 loss: 0.5514447689056396
Train - epoch: 2 batch: 59.0 loss: 1.5514447689056396
Train - epoch: 2 batch: 60.0 loss: 1.5514447689056396
Train - epoch: 2 batch: 61.0 loss: 1.5514447689056396
Train - epoch: 2 batch: 62.0 loss: 0.5514447689056396
Train - epoch: 2 batch: 63.0 loss: 0.5514447689056396
Train - epoch: 2 batch: 64.0 loss: 0.5514447689056396
Train - epoch: 2 batch: 65.0 loss: 1.5514447689056396
Train - epoch: 2 batch: 66.0 loss: 1.5514447689056396
Train - epoch: 2 batch: 67.0 loss: 1.5514447689056396
Train - epoch: 2 batch: 68.0 loss: 1.5514447689056396
Train - epoch: 2 batch: 69.0 loss: 1.5514447689056396
Train - epoch: 2 batch: 70.0 loss: 1.5514447689056396
Train - epoch: 2 batch: 71.0 loss: 1.5514447689056396
Train - epoch: 2 batch: 72.0 loss: 1.5514447689056396
Train - epoch: 2 batch: 73.0 loss: 0.5514447689056396
Train - epoch: 2 batch: 74.0 loss: 0.5514447689056396
Train - epoch: 2 batch: 75.0 loss: 1.5514447689056396
Train - epoch: 2 batch: 76.0 loss: 0.5514447689056396
Train - epoch: 2 batch: 77.0 loss: 0.5514447689056396
Train - epoch: 2 batch: 78.0 loss: 1.5514447689056396
Train - epoch: 2 batch: 79.0 loss: 1.5514447689056396
Train - epoch: 2 batch: 80.0 loss: 1.5514447689056396
Train - epoch: 2 batch: 81.0 loss: 0.5514447689056396
Train - epoch: 2 batch: 82.0 loss: 1.5514447689056396
Train - epoch: 2 batch: 83.0 loss: 0.5514447689056396
Train - epoch: 2 batch: 84.0 loss: 1.5514447689056396
Train - epoch: 2 batch: 85.0 loss: 1.5514447689056396
Train - epoch: 2 batch: 86.0 loss: 1.5514447689056396
Train - epoch: 2 batch: 87.0 loss: 1.5514447689056396
Train - epoch: 2 batch: 88.0 loss: 0.5514447689056396
Train - epoch: 2 batch: 89.0 loss: 1.5514447689056396
Train - epoch: 2 batch: 90.0 loss: 1.5514447689056396
Train - epoch: 2 batch: 91.0 loss: 1.5514447689056396
Train - epoch: 2 batch: 92.0 loss: 1.5514447689056396
Train - epoch: 2 batch: 93.0 loss: 1.5514447689056396
Train - epoch: 2 batch: 94.0 loss: 1.5514447689056396
Train - epoch: 2 batch: 95.0 loss: 0.5514447689056396
Train - epoch: 2 batch: 96.0 loss: 1.5514447689056396
Train - epoch: 2 batch: 97.0 loss: 1.5514447689056396
Train - epoch: 2 batch: 98.0 loss: 1.5514447689056396
Train - epoch: 2 batch: 99.0 loss: 1.5514447689056396
Train - epoch: 2 batch: 100.0 loss: 1.5514447689056396
Train - epoch: 2 batch: 101.0 loss: 1.5514447689056396
Train - epoch: 2 batch: 102.0 loss: 0.5514447689056396
Train - epoch: 2 batch: 103.0 loss: 1.5514447689056396
Train - epoch: 2 batch: 104.0 loss: 1.5514447689056396
Train - epoch: 2 batch: 105.0 loss: 1.5514447689056396
Train - epoch: 2 batch: 106.0 loss: 1.5514447689056396
Train - epoch: 2 batch: 107.0 loss: 1.5514447689056396
Train - epoch: 2 batch: 108.0 loss: 0.5514447689056396
Train - epoch: 2 batch: 109.0 loss: 1.5514447689056396
Train - epoch: 2 batch: 110.0 loss: 1.5514447689056396
Train - epoch: 2 batch: 111.0 loss: 1.5514447689056396
Train - epoch: 2 batch: 112.0 loss: 0.5514447689056396
Train - epoch: 2 batch: 113.0 loss: 1.5514447689056396
Train - epoch: 2 batch: 114.0 loss: 1.5514447689056396
Train - epoch: 2 batch: 115.0 loss: 1.5514447689056396
Train - epoch: 2 batch: 116.0 loss: 1.5514447689056396
Train - epoch: 2 batch: 117.0 loss: 0.5514447689056396
Train - epoch: 2 batch: 118.0 loss: 1.5514447689056396
Train - epoch: 2 batch: 119.0 loss: 1.5514447689056396
Train - epoch: 2 batch: 120.0 loss: 1.5514447689056396
Train - epoch: 2 batch: 121.0 loss: 1.5514447689056396
Train - epoch: 2 batch: 122.0 loss: 1.5514447689056396
Train - epoch: 2 batch: 123.0 loss: 1.5514447689056396
Train - epoch: 2 batch: 124.0 loss: 1.5514447689056396
Train - epoch: 2 batch: 125.0 loss: 1.5514447689056396
Train - epoch: 2 batch: 126.0 loss: 1.5514447689056396
Train - epoch: 2 batch: 127.0 loss: 1.5514447689056396
Train - epoch: 2 batch: 128.0 loss: 1.5514447689056396
Train - epoch: 2 batch: 129.0 loss: 1.5514447689056396
Train - epoch: 2 batch: 130.0 loss: 1.5514447689056396
Train - epoch: 2 batch: 131.0 loss: 1.5514447689056396
Train - epoch: 2 batch: 132.0 loss: 1.5514447689056396
Train - epoch: 2 batch: 133.0 loss: 1.5514447689056396
Train - epoch: 2 batch: 134.0 loss: 1.5514447689056396
Train - epoch: 2 batch: 135.0 loss: 1.5514447689056396
Train - epoch: 2 batch: 136.0 loss: 1.5514447689056396
Train - epoch: 2 batch: 137.0 loss: 1.5514447689056396
Train - epoch: 2 batch: 138.0 loss: 1.5514447689056396
Train - epoch: 2 batch: 139.0 loss: 1.5514447689056396
Train - epoch: 2 batch: 140.0 loss: 1.5514447689056396
Train - epoch: 2 batch: 141.0 loss: 1.5514447689056396
Train - epoch: 2 batch: 142.0 loss: 0.5514447689056396
Train - epoch: 2 batch: 143.0 loss: 0.5514447689056396
Train - epoch: 2 batch: 144.0 loss: 1.5514447689056396
Train - epoch: 2 batch: 145.0 loss: 0.5514447689056396
Train - epoch: 2 batch: 146.0 loss: 1.5514447689056396
Train - epoch: 2 batch: 147.0 loss: 0.5514447689056396
Train - epoch: 2 batch: 148.0 loss: 1.5514447689056396
Train - epoch: 2 batch: 149.0 loss: 0.5514447689056396
Train - epoch: 2 batch: 150.0 loss: 1.5514447689056396
Train - epoch: 2 batch: 151.0 loss: 1.5514447689056396
Train - epoch: 2 batch: 152.0 loss: 1.5514447689056396
Train - epoch: 2 batch: 153.0 loss: 0.5514447689056396
Train - epoch: 2 batch: 154.0 loss: 1.5514447689056396
Train - epoch: 2 batch: 155.0 loss: 1.5514447689056396
Train - epoch: 2 batch: 156.0 loss: 0.5514447689056396
Train - epoch: 2 batch: 157.0 loss: 1.5514447689056396
Train - epoch: 2 batch: 158.0 loss: 1.5514447689056396
Train - epoch: 2 batch: 159.0 loss: 1.5514447689056396
Train - epoch: 2 batch: 160.0 loss: 1.5514447689056396
Train - epoch: 2 batch: 161.0 loss: 0.5514447689056396
Train - epoch: 2 batch: 162.0 loss: 1.5514447689056396
Train - epoch: 2 batch: 163.0 loss: 1.5514447689056396
Train - epoch: 2 batch: 164.0 loss: 0.5514447689056396
Train - epoch: 2 batch: 165.0 loss: 1.5514447689056396
Train - epoch: 2 batch: 166.0 loss: 1.5514447689056396
Train - epoch: 2 batch: 167.0 loss: 1.5514447689056396
Train - epoch: 2 batch: 168.0 loss: 0.5514447689056396
Train - epoch: 2 batch: 169.0 loss: 0.5514447689056396
Train - epoch: 2 batch: 170.0 loss: 0.5514447689056396
Train - epoch: 2 batch: 171.0 loss: 0.5514447689056396
Train - epoch: 2 batch: 172.0 loss: 1.5514447689056396
Train - epoch: 2 batch: 173.0 loss: 1.5514447689056396
Train - epoch: 2 batch: 174.0 loss: 1.5514447689056396
Train - epoch: 2 batch: 175.0 loss: 0.5514447689056396
Train - epoch: 2 batch: 176.0 loss: 1.5514447689056396
Train - epoch: 2 batch: 177.0 loss: 0.5514447689056396
Train - epoch: 2 batch: 178.0 loss: 0.5514447689056396
Train - epoch: 2 batch: 179.0 loss: 1.5514447689056396
Train - epoch: 2 batch: 180.0 loss: 0.5514447689056396
Train - epoch: 2 batch: 181.0 loss: 0.5514447689056396
Train - epoch: 2 batch: 182.0 loss: 1.5514447689056396
Train - epoch: 2 batch: 183.0 loss: 1.5514447689056396
Train - epoch: 2 batch: 184.0 loss: 1.5514447689056396
Train - epoch: 2 batch: 185.0 loss: 1.5514447689056396
Train - epoch: 2 batch: 186.0 loss: 1.5514447689056396
Train - epoch: 2 batch: 187.0 loss: 0.5514447689056396
Train - epoch: 2 batch: 188.0 loss: 0.5514447689056396
Train - epoch: 2 batch: 189.0 loss: 1.5514447689056396
Train - epoch: 2 batch: 190.0 loss: 0.5514447689056396
Train - epoch: 2 batch: 191.0 loss: 1.5514447689056396
Train - epoch: 2 batch: 192.0 loss: 1.5514447689056396
Train - epoch: 2 batch: 193.0 loss: 1.5514447689056396
Train - epoch: 2 batch: 194.0 loss: 0.5514447689056396
Train - epoch: 2 batch: 195.0 loss: 1.5514447689056396
Train - epoch: 2 batch: 196.0 loss: 1.5514447689056396
Train - epoch: 2 batch: 197.0 loss: 1.5514447689056396
Train - epoch: 2 batch: 198.0 loss: 0.5514447689056396
Train - epoch: 2 batch: 199.0 loss: 1.5514447689056396
Train - epoch: 2 batch: 200.0 loss: 1.5514447689056396
Train - epoch: 2 batch: 201.0 loss: 0.5514447689056396
Train - epoch: 2 batch: 202.0 loss: 1.5514447689056396
Train - epoch: 2 batch: 203.0 loss: 1.5514447689056396
Train - epoch: 2 batch: 204.0 loss: 1.5514447689056396
Train - epoch: 2 batch: 205.0 loss: 1.5514447689056396
Train - epoch: 2 batch: 206.0 loss: 0.5514447689056396
Train - epoch: 2 batch: 207.0 loss: 1.5514447689056396
Train - epoch: 2 batch: 208.0 loss: 1.5514447689056396
Train - epoch: 2 batch: 209.0 loss: 1.5514447689056396
Train - epoch: 2 batch: 210.0 loss: 1.5514447689056396
Train - epoch: 2 batch: 211.0 loss: 0.5514447689056396
Train - epoch: 2 batch: 212.0 loss: 1.5514447689056396
Train - epoch: 2 batch: 213.0 loss: 1.5514447689056396
Train - epoch: 2 batch: 214.0 loss: 0.5514447689056396
Train - epoch: 2 batch: 215.0 loss: 1.5514447689056396
Train - epoch: 2 batch: 216.0 loss: 0.5514447689056396
Train - epoch: 2 batch: 217.0 loss: 0.5514447689056396
Train - epoch: 2 batch: 218.0 loss: 1.5514447689056396
Train - epoch: 2 batch: 219.0 loss: 0.5514447689056396
Train - epoch: 2 batch: 220.0 loss: 0.5514447689056396
Train - epoch: 2 batch: 221.0 loss: 0.5514447689056396
Train - epoch: 2 batch: 222.0 loss: 1.5514447689056396
Train - epoch: 2 batch: 223.0 loss: 0.5514447689056396
Train - epoch: 2 batch: 224.0 loss: 1.5514447689056396
Train - epoch: 2 batch: 225.0 loss: 0.5514447689056396
Train - epoch: 2 batch: 226.0 loss: 1.5514447689056396
Train - epoch: 2 batch: 227.0 loss: 1.5514447689056396
Train - epoch: 2 batch: 228.0 loss: 1.5514447689056396
Train - epoch: 2 batch: 229.0 loss: 0.5514447689056396
Train - epoch: 2 batch: 230.0 loss: 1.5514447689056396
Train - epoch: 2 batch: 231.0 loss: 1.5514447689056396
Train - epoch: 2 batch: 232.0 loss: 1.5514447689056396
Train - epoch: 2 batch: 233.0 loss: 0.5514447689056396
Train - epoch: 2 batch: 234.0 loss: 1.5514447689056396
Train - epoch: 2 batch: 235.0 loss: 0.5514447689056396
Train - epoch: 2 batch: 236.0 loss: 0.5514447689056396
Train - epoch: 2 batch: 237.0 loss: 0.5514447689056396
Train - epoch: 2 batch: 238.0 loss: 1.5514447689056396
Train - epoch: 2 batch: 239.0 loss: 1.5514447689056396
Train - epoch: 2 batch: 240.0 loss: 1.5514447689056396
Train - epoch: 2 batch: 241.0 loss: 1.5514447689056396
Train - epoch: 2 batch: 242.0 loss: 1.5514447689056396
Train - epoch: 2 batch: 243.0 loss: 0.5514447689056396
Train - epoch: 2 batch: 244.0 loss: 1.5514447689056396
Train - epoch: 2 batch: 245.0 loss: 1.5514447689056396
Train - epoch: 2 batch: 246.0 loss: 0.5514447689056396
Train - epoch: 2 batch: 247.0 loss: 1.5514447689056396
Train - epoch: 2 batch: 248.0 loss: 1.5514447689056396
Train - epoch: 2 batch: 249.0 loss: 1.5514447689056396
Train - epoch: 2 batch: 250.0 loss: 1.5514447689056396
Train - epoch: 2 batch: 251.0 loss: 1.5514447689056396
Train - epoch: 2 batch: 252.0 loss: 1.5514447689056396
Train - epoch: 2 batch: 253.0 loss: 0.5514447689056396
Train - epoch: 2 batch: 254.0 loss: 1.5514447689056396
Train - epoch: 2 batch: 255.0 loss: 1.5514447689056396
Train - epoch: 2 batch: 256.0 loss: 1.5514447689056396
Train - epoch: 2 batch: 257.0 loss: 1.5514447689056396
Train - epoch: 2 batch: 258.0 loss: 0.5514447689056396
Train - epoch: 2 batch: 259.0 loss: 1.5514447689056396
Train - epoch: 2 batch: 260.0 loss: 1.5514447689056396
Train - epoch: 2 batch: 261.0 loss: 0.5514447689056396
Train - epoch: 2 batch: 262.0 loss: 1.5514447689056396
Train - epoch: 2 batch: 263.0 loss: 0.5514447689056396
Train - epoch: 2 batch: 264.0 loss: 1.5514447689056396
Train - epoch: 2 batch: 265.0 loss: 1.5514447689056396
Train - epoch: 2 batch: 266.0 loss: 1.5514447689056396
Train - epoch: 2 batch: 267.0 loss: 0.5514447689056396
Train - epoch: 2 batch: 268.0 loss: 0.5514447689056396
Train - epoch: 2 batch: 269.0 loss: 1.5514447689056396
Train - epoch: 2 batch: 270.0 loss: 1.5514447689056396
Train - epoch: 2 batch: 271.0 loss: 1.5514447689056396
Train - epoch: 2 batch: 272.0 loss: 0.5514447689056396
Train - epoch: 2 batch: 273.0 loss: 1.5514447689056396
Train - epoch: 2 batch: 274.0 loss: 1.5514447689056396
Train - epoch: 2 batch: 275.0 loss: 1.5514447689056396
Train - epoch: 2 batch: 276.0 loss: 1.5514447689056396
Train - epoch: 2 batch: 277.0 loss: 1.5514447689056396
Train - epoch: 2 batch: 278.0 loss: 0.5514447689056396
Train - epoch: 2 batch: 279.0 loss: 0.5514447689056396
Train - epoch: 2 batch: 280.0 loss: 0.5514447689056396
Train - epoch: 2 batch: 281.0 loss: 1.5514447689056396
Valid - epcoh: 2 loss: 0.00034476550420125325 accuracy: 33.377777099609375
Model 2 was saved.
Train - epoch: 3 batch: 1.0 loss: 0.5514447689056396
Train - epoch: 3 batch: 2.0 loss: 0.5514447689056396
Train - epoch: 3 batch: 3.0 loss: 1.5514447689056396
Train - epoch: 3 batch: 4.0 loss: 0.5514447689056396
Train - epoch: 3 batch: 5.0 loss: 0.5514447689056396
Train - epoch: 3 batch: 6.0 loss: 1.5514447689056396
Train - epoch: 3 batch: 7.0 loss: 1.5514447689056396
Train - epoch: 3 batch: 8.0 loss: 1.5514447689056396
Train - epoch: 3 batch: 9.0 loss: 1.5514447689056396
Train - epoch: 3 batch: 10.0 loss: 0.5514447689056396
Train - epoch: 3 batch: 11.0 loss: 1.5514447689056396
Train - epoch: 3 batch: 12.0 loss: 1.5514447689056396
Train - epoch: 3 batch: 13.0 loss: 1.5514447689056396
Train - epoch: 3 batch: 14.0 loss: 1.5514447689056396
Train - epoch: 3 batch: 15.0 loss: 1.5514447689056396
Train - epoch: 3 batch: 16.0 loss: 0.5514447689056396
Train - epoch: 3 batch: 17.0 loss: 1.5514447689056396
Train - epoch: 3 batch: 18.0 loss: 1.5514447689056396
Train - epoch: 3 batch: 19.0 loss: 1.5514447689056396
Train - epoch: 3 batch: 20.0 loss: 0.5514447689056396
Train - epoch: 3 batch: 21.0 loss: 0.5514447689056396
Train - epoch: 3 batch: 22.0 loss: 1.5514447689056396
Train - epoch: 3 batch: 23.0 loss: 0.5514447689056396
Train - epoch: 3 batch: 24.0 loss: 0.5514447689056396
Train - epoch: 3 batch: 25.0 loss: 1.5514447689056396
Train - epoch: 3 batch: 26.0 loss: 1.5514447689056396
Train - epoch: 3 batch: 27.0 loss: 0.5514447689056396
Train - epoch: 3 batch: 28.0 loss: 0.5514447689056396
Train - epoch: 3 batch: 29.0 loss: 0.5514447689056396
Train - epoch: 3 batch: 30.0 loss: 1.5514447689056396
Train - epoch: 3 batch: 31.0 loss: 0.5514447689056396
Train - epoch: 3 batch: 32.0 loss: 1.5514447689056396
Train - epoch: 3 batch: 33.0 loss: 1.5514447689056396
Train - epoch: 3 batch: 34.0 loss: 1.5514447689056396
Train - epoch: 3 batch: 35.0 loss: 1.5514447689056396
Train - epoch: 3 batch: 36.0 loss: 1.5514447689056396
Train - epoch: 3 batch: 37.0 loss: 1.5514447689056396
Train - epoch: 3 batch: 38.0 loss: 1.5514447689056396
Train - epoch: 3 batch: 39.0 loss: 0.5514447689056396
Train - epoch: 3 batch: 40.0 loss: 0.5514447689056396
Train - epoch: 3 batch: 41.0 loss: 0.5514447689056396
Train - epoch: 3 batch: 42.0 loss: 1.5514447689056396
Train - epoch: 3 batch: 43.0 loss: 0.5514447689056396
Train - epoch: 3 batch: 44.0 loss: 0.5514447689056396
Train - epoch: 3 batch: 45.0 loss: 1.5514447689056396
Train - epoch: 3 batch: 46.0 loss: 1.5514447689056396
Train - epoch: 3 batch: 47.0 loss: 1.5514447689056396
Train - epoch: 3 batch: 48.0 loss: 1.5514447689056396
Train - epoch: 3 batch: 49.0 loss: 0.5514447689056396
Train - epoch: 3 batch: 50.0 loss: 0.5514447689056396
Train - epoch: 3 batch: 51.0 loss: 0.5514447689056396
Train - epoch: 3 batch: 52.0 loss: 1.5514447689056396
Train - epoch: 3 batch: 53.0 loss: 1.5514447689056396
Train - epoch: 3 batch: 54.0 loss: 1.5514447689056396
Train - epoch: 3 batch: 55.0 loss: 1.5514447689056396
Train - epoch: 3 batch: 56.0 loss: 1.5514447689056396
Train - epoch: 3 batch: 57.0 loss: 1.5514447689056396
Train - epoch: 3 batch: 58.0 loss: 0.5514447689056396
Train - epoch: 3 batch: 59.0 loss: 1.5514447689056396
Train - epoch: 3 batch: 60.0 loss: 1.5514447689056396
Train - epoch: 3 batch: 61.0 loss: 1.5514447689056396
Train - epoch: 3 batch: 62.0 loss: 0.5514447689056396
Train - epoch: 3 batch: 63.0 loss: 0.5514447689056396
Train - epoch: 3 batch: 64.0 loss: 0.5514447689056396
Train - epoch: 3 batch: 65.0 loss: 1.5514447689056396
Train - epoch: 3 batch: 66.0 loss: 1.5514447689056396
Train - epoch: 3 batch: 67.0 loss: 1.5514447689056396
Train - epoch: 3 batch: 68.0 loss: 1.5514447689056396
Train - epoch: 3 batch: 69.0 loss: 1.5514447689056396
Train - epoch: 3 batch: 70.0 loss: 1.5514447689056396
Train - epoch: 3 batch: 71.0 loss: 1.5514447689056396
Train - epoch: 3 batch: 72.0 loss: 1.5514447689056396
Train - epoch: 3 batch: 73.0 loss: 0.5514447689056396
Train - epoch: 3 batch: 74.0 loss: 0.5514447689056396
Train - epoch: 3 batch: 75.0 loss: 1.5514447689056396
Train - epoch: 3 batch: 76.0 loss: 0.5514447689056396
Train - epoch: 3 batch: 77.0 loss: 0.5514447689056396
Train - epoch: 3 batch: 78.0 loss: 1.5514447689056396
Train - epoch: 3 batch: 79.0 loss: 1.5514447689056396
Train - epoch: 3 batch: 80.0 loss: 1.5514447689056396
Train - epoch: 3 batch: 81.0 loss: 0.5514447689056396
Train - epoch: 3 batch: 82.0 loss: 1.5514447689056396
Train - epoch: 3 batch: 83.0 loss: 0.5514447689056396
Train - epoch: 3 batch: 84.0 loss: 1.5514447689056396
Train - epoch: 3 batch: 85.0 loss: 1.5514447689056396
Train - epoch: 3 batch: 86.0 loss: 1.5514447689056396
Train - epoch: 3 batch: 87.0 loss: 1.5514447689056396
Train - epoch: 3 batch: 88.0 loss: 0.5514447689056396
Train - epoch: 3 batch: 89.0 loss: 1.5514447689056396
Train - epoch: 3 batch: 90.0 loss: 1.5514447689056396
Train - epoch: 3 batch: 91.0 loss: 1.5514447689056396
Train - epoch: 3 batch: 92.0 loss: 1.5514447689056396
Train - epoch: 3 batch: 93.0 loss: 1.5514447689056396
Train - epoch: 3 batch: 94.0 loss: 1.5514447689056396
Train - epoch: 3 batch: 95.0 loss: 0.5514447689056396
Train - epoch: 3 batch: 96.0 loss: 1.5514447689056396
Train - epoch: 3 batch: 97.0 loss: 1.5514447689056396
Train - epoch: 3 batch: 98.0 loss: 1.5514447689056396
Train - epoch: 3 batch: 99.0 loss: 1.5514447689056396
Train - epoch: 3 batch: 100.0 loss: 1.5514447689056396
Train - epoch: 3 batch: 101.0 loss: 1.5514447689056396
Train - epoch: 3 batch: 102.0 loss: 0.5514447689056396
Train - epoch: 3 batch: 103.0 loss: 1.5514447689056396
Train - epoch: 3 batch: 104.0 loss: 1.5514447689056396
Train - epoch: 3 batch: 105.0 loss: 1.5514447689056396
Train - epoch: 3 batch: 106.0 loss: 1.5514447689056396
Train - epoch: 3 batch: 107.0 loss: 1.5514447689056396
Train - epoch: 3 batch: 108.0 loss: 0.5514447689056396
Train - epoch: 3 batch: 109.0 loss: 1.5514447689056396
Train - epoch: 3 batch: 110.0 loss: 1.5514447689056396
Train - epoch: 3 batch: 111.0 loss: 1.5514447689056396
Train - epoch: 3 batch: 112.0 loss: 0.5514447689056396
Train - epoch: 3 batch: 113.0 loss: 1.5514447689056396
Train - epoch: 3 batch: 114.0 loss: 1.5514447689056396
Train - epoch: 3 batch: 115.0 loss: 1.5514447689056396
Train - epoch: 3 batch: 116.0 loss: 1.5514447689056396
Train - epoch: 3 batch: 117.0 loss: 0.5514447689056396
Train - epoch: 3 batch: 118.0 loss: 1.5514447689056396
Train - epoch: 3 batch: 119.0 loss: 1.5514447689056396
Train - epoch: 3 batch: 120.0 loss: 1.5514447689056396
Train - epoch: 3 batch: 121.0 loss: 1.5514447689056396
Train - epoch: 3 batch: 122.0 loss: 1.5514447689056396
Train - epoch: 3 batch: 123.0 loss: 1.5514447689056396
Train - epoch: 3 batch: 124.0 loss: 1.5514447689056396
Train - epoch: 3 batch: 125.0 loss: 1.5514447689056396
Train - epoch: 3 batch: 126.0 loss: 1.5514447689056396
Train - epoch: 3 batch: 127.0 loss: 1.5514447689056396
Train - epoch: 3 batch: 128.0 loss: 1.5514447689056396
Train - epoch: 3 batch: 129.0 loss: 1.5514447689056396
Train - epoch: 3 batch: 130.0 loss: 1.5514447689056396
Train - epoch: 3 batch: 131.0 loss: 1.5514447689056396
Train - epoch: 3 batch: 132.0 loss: 1.5514447689056396
Train - epoch: 3 batch: 133.0 loss: 1.5514447689056396
Train - epoch: 3 batch: 134.0 loss: 1.5514447689056396
Train - epoch: 3 batch: 135.0 loss: 1.5514447689056396
Train - epoch: 3 batch: 136.0 loss: 1.5514447689056396
Train - epoch: 3 batch: 137.0 loss: 1.5514447689056396
Train - epoch: 3 batch: 138.0 loss: 1.5514447689056396
Train - epoch: 3 batch: 139.0 loss: 1.5514447689056396
Train - epoch: 3 batch: 140.0 loss: 1.5514447689056396
Train - epoch: 3 batch: 141.0 loss: 1.5514447689056396
Train - epoch: 3 batch: 142.0 loss: 0.5514447689056396
Train - epoch: 3 batch: 143.0 loss: 0.5514447689056396
Train - epoch: 3 batch: 144.0 loss: 1.5514447689056396
Train - epoch: 3 batch: 145.0 loss: 0.5514447689056396
Train - epoch: 3 batch: 146.0 loss: 1.5514447689056396
Train - epoch: 3 batch: 147.0 loss: 0.5514447689056396
Train - epoch: 3 batch: 148.0 loss: 1.5514447689056396
Train - epoch: 3 batch: 149.0 loss: 0.5514447689056396
Train - epoch: 3 batch: 150.0 loss: 1.5514447689056396
Train - epoch: 3 batch: 151.0 loss: 1.5514447689056396
Train - epoch: 3 batch: 152.0 loss: 1.5514447689056396
Train - epoch: 3 batch: 153.0 loss: 0.5514447689056396
Train - epoch: 3 batch: 154.0 loss: 1.5514447689056396
Train - epoch: 3 batch: 155.0 loss: 1.5514447689056396
Train - epoch: 3 batch: 156.0 loss: 0.5514447689056396
Train - epoch: 3 batch: 157.0 loss: 1.5514447689056396
Train - epoch: 3 batch: 158.0 loss: 1.5514447689056396
Train - epoch: 3 batch: 159.0 loss: 1.5514447689056396
Train - epoch: 3 batch: 160.0 loss: 1.5514447689056396
Train - epoch: 3 batch: 161.0 loss: 0.5514447689056396
Train - epoch: 3 batch: 162.0 loss: 1.5514447689056396
Train - epoch: 3 batch: 163.0 loss: 1.5514447689056396
Train - epoch: 3 batch: 164.0 loss: 0.5514447689056396
Train - epoch: 3 batch: 165.0 loss: 1.5514447689056396
Train - epoch: 3 batch: 166.0 loss: 1.5514447689056396
Train - epoch: 3 batch: 167.0 loss: 1.5514447689056396
Train - epoch: 3 batch: 168.0 loss: 0.5514447689056396
Train - epoch: 3 batch: 169.0 loss: 0.5514447689056396
Train - epoch: 3 batch: 170.0 loss: 0.5514447689056396
Train - epoch: 3 batch: 171.0 loss: 0.5514447689056396
Train - epoch: 3 batch: 172.0 loss: 1.5514447689056396
Train - epoch: 3 batch: 173.0 loss: 1.5514447689056396
Train - epoch: 3 batch: 174.0 loss: 1.5514447689056396
Train - epoch: 3 batch: 175.0 loss: 0.5514447689056396
Train - epoch: 3 batch: 176.0 loss: 1.5514447689056396
Train - epoch: 3 batch: 177.0 loss: 0.5514447689056396
Train - epoch: 3 batch: 178.0 loss: 0.5514447689056396
Train - epoch: 3 batch: 179.0 loss: 1.5514447689056396
Train - epoch: 3 batch: 180.0 loss: 0.5514447689056396
Train - epoch: 3 batch: 181.0 loss: 0.5514447689056396
Train - epoch: 3 batch: 182.0 loss: 1.5514447689056396
Train - epoch: 3 batch: 183.0 loss: 1.5514447689056396
Train - epoch: 3 batch: 184.0 loss: 1.5514447689056396
Train - epoch: 3 batch: 185.0 loss: 1.5514447689056396
Train - epoch: 3 batch: 186.0 loss: 1.5514447689056396
Train - epoch: 3 batch: 187.0 loss: 0.5514447689056396
Train - epoch: 3 batch: 188.0 loss: 0.5514447689056396
Train - epoch: 3 batch: 189.0 loss: 1.5514447689056396
Train - epoch: 3 batch: 190.0 loss: 0.5514447689056396
Train - epoch: 3 batch: 191.0 loss: 1.5514447689056396
Train - epoch: 3 batch: 192.0 loss: 1.5514447689056396
Train - epoch: 3 batch: 193.0 loss: 1.5514447689056396
Train - epoch: 3 batch: 194.0 loss: 0.5514447689056396
Train - epoch: 3 batch: 195.0 loss: 1.5514447689056396
Train - epoch: 3 batch: 196.0 loss: 1.5514447689056396
Train - epoch: 3 batch: 197.0 loss: 1.5514447689056396
Train - epoch: 3 batch: 198.0 loss: 0.5514447689056396
Train - epoch: 3 batch: 199.0 loss: 1.5514447689056396
Train - epoch: 3 batch: 200.0 loss: 1.5514447689056396
Train - epoch: 3 batch: 201.0 loss: 0.5514447689056396
Train - epoch: 3 batch: 202.0 loss: 1.5514447689056396
Train - epoch: 3 batch: 203.0 loss: 1.5514447689056396
Train - epoch: 3 batch: 204.0 loss: 1.5514447689056396
Train - epoch: 3 batch: 205.0 loss: 1.5514447689056396
Train - epoch: 3 batch: 206.0 loss: 0.5514447689056396
Train - epoch: 3 batch: 207.0 loss: 1.5514447689056396
Train - epoch: 3 batch: 208.0 loss: 1.5514447689056396
Train - epoch: 3 batch: 209.0 loss: 1.5514447689056396
Train - epoch: 3 batch: 210.0 loss: 1.5514447689056396
Train - epoch: 3 batch: 211.0 loss: 0.5514447689056396
Train - epoch: 3 batch: 212.0 loss: 1.5514447689056396
Train - epoch: 3 batch: 213.0 loss: 1.5514447689056396
Train - epoch: 3 batch: 214.0 loss: 0.5514447689056396
Train - epoch: 3 batch: 215.0 loss: 1.5514447689056396
Train - epoch: 3 batch: 216.0 loss: 0.5514447689056396
Train - epoch: 3 batch: 217.0 loss: 0.5514447689056396
Train - epoch: 3 batch: 218.0 loss: 1.5514447689056396
Train - epoch: 3 batch: 219.0 loss: 0.5514447689056396
Train - epoch: 3 batch: 220.0 loss: 0.5514447689056396
Train - epoch: 3 batch: 221.0 loss: 0.5514447689056396
Train - epoch: 3 batch: 222.0 loss: 1.5514447689056396
Train - epoch: 3 batch: 223.0 loss: 0.5514447689056396
Train - epoch: 3 batch: 224.0 loss: 1.5514447689056396
Train - epoch: 3 batch: 225.0 loss: 0.5514447689056396
Train - epoch: 3 batch: 226.0 loss: 1.5514447689056396
Train - epoch: 3 batch: 227.0 loss: 1.5514447689056396
Train - epoch: 3 batch: 228.0 loss: 1.5514447689056396
Train - epoch: 3 batch: 229.0 loss: 0.5514447689056396
Train - epoch: 3 batch: 230.0 loss: 1.5514447689056396
Train - epoch: 3 batch: 231.0 loss: 1.5514447689056396
Train - epoch: 3 batch: 232.0 loss: 1.5514447689056396
Train - epoch: 3 batch: 233.0 loss: 0.5514447689056396
Train - epoch: 3 batch: 234.0 loss: 1.5514447689056396
Train - epoch: 3 batch: 235.0 loss: 0.5514447689056396
Train - epoch: 3 batch: 236.0 loss: 0.5514447689056396
Train - epoch: 3 batch: 237.0 loss: 0.5514447689056396
Train - epoch: 3 batch: 238.0 loss: 1.5514447689056396
Train - epoch: 3 batch: 239.0 loss: 1.5514447689056396
Train - epoch: 3 batch: 240.0 loss: 1.5514447689056396
Train - epoch: 3 batch: 241.0 loss: 1.5514447689056396
Train - epoch: 3 batch: 242.0 loss: 1.5514447689056396
Train - epoch: 3 batch: 243.0 loss: 0.5514447689056396
Train - epoch: 3 batch: 244.0 loss: 1.5514447689056396
Train - epoch: 3 batch: 245.0 loss: 1.5514447689056396
Train - epoch: 3 batch: 246.0 loss: 0.5514447689056396
Train - epoch: 3 batch: 247.0 loss: 1.5514447689056396
Train - epoch: 3 batch: 248.0 loss: 1.5514447689056396
Train - epoch: 3 batch: 249.0 loss: 1.5514447689056396
Train - epoch: 3 batch: 250.0 loss: 1.5514447689056396
Train - epoch: 3 batch: 251.0 loss: 1.5514447689056396
Train - epoch: 3 batch: 252.0 loss: 1.5514447689056396
Train - epoch: 3 batch: 253.0 loss: 0.5514447689056396
Train - epoch: 3 batch: 254.0 loss: 1.5514447689056396
Train - epoch: 3 batch: 255.0 loss: 1.5514447689056396
Train - epoch: 3 batch: 256.0 loss: 1.5514447689056396
Train - epoch: 3 batch: 257.0 loss: 1.5514447689056396
Train - epoch: 3 batch: 258.0 loss: 0.5514447689056396
Train - epoch: 3 batch: 259.0 loss: 1.5514447689056396
Train - epoch: 3 batch: 260.0 loss: 1.5514447689056396
Train - epoch: 3 batch: 261.0 loss: 0.5514447689056396
Train - epoch: 3 batch: 262.0 loss: 1.5514447689056396
Train - epoch: 3 batch: 263.0 loss: 0.5514447689056396
Train - epoch: 3 batch: 264.0 loss: 1.5514447689056396
Train - epoch: 3 batch: 265.0 loss: 1.5514447689056396
Train - epoch: 3 batch: 266.0 loss: 1.5514447689056396
Train - epoch: 3 batch: 267.0 loss: 0.5514447689056396
Train - epoch: 3 batch: 268.0 loss: 0.5514447689056396
Train - epoch: 3 batch: 269.0 loss: 1.5514447689056396
Train - epoch: 3 batch: 270.0 loss: 1.5514447689056396
Train - epoch: 3 batch: 271.0 loss: 1.5514447689056396
Train - epoch: 3 batch: 272.0 loss: 0.5514447689056396
Train - epoch: 3 batch: 273.0 loss: 1.5514447689056396
Train - epoch: 3 batch: 274.0 loss: 1.5514447689056396
Train - epoch: 3 batch: 275.0 loss: 1.5514447689056396
Train - epoch: 3 batch: 276.0 loss: 1.5514447689056396
Train - epoch: 3 batch: 277.0 loss: 1.5514447689056396
Train - epoch: 3 batch: 278.0 loss: 0.5514447689056396
Train - epoch: 3 batch: 279.0 loss: 0.5514447689056396
Train - epoch: 3 batch: 280.0 loss: 0.5514447689056396
Train - epoch: 3 batch: 281.0 loss: 1.5514447689056396
Valid - epcoh: 3 loss: 0.00034476550420125325 accuracy: 33.377777099609375
Model 3 was saved.
Train - epoch: 4 batch: 1.0 loss: 0.5514447689056396
Train - epoch: 4 batch: 2.0 loss: 0.5514447689056396
Train - epoch: 4 batch: 3.0 loss: 1.5514447689056396
Train - epoch: 4 batch: 4.0 loss: 0.5514447689056396
Train - epoch: 4 batch: 5.0 loss: 0.5514447689056396
Train - epoch: 4 batch: 6.0 loss: 1.5514447689056396
Train - epoch: 4 batch: 7.0 loss: 1.5514447689056396
Train - epoch: 4 batch: 8.0 loss: 1.5514447689056396
Train - epoch: 4 batch: 9.0 loss: 1.5514447689056396
Train - epoch: 4 batch: 10.0 loss: 0.5514447689056396
Train - epoch: 4 batch: 11.0 loss: 1.5514447689056396
Train - epoch: 4 batch: 12.0 loss: 1.5514447689056396
Train - epoch: 4 batch: 13.0 loss: 1.5514447689056396
Train - epoch: 4 batch: 14.0 loss: 1.5514447689056396
Train - epoch: 4 batch: 15.0 loss: 1.5514447689056396
Train - epoch: 4 batch: 16.0 loss: 0.5514447689056396
Train - epoch: 4 batch: 17.0 loss: 1.5514447689056396
Train - epoch: 4 batch: 18.0 loss: 1.5514447689056396
Train - epoch: 4 batch: 19.0 loss: 1.5514447689056396
Train - epoch: 4 batch: 20.0 loss: 0.5514447689056396
Train - epoch: 4 batch: 21.0 loss: 0.5514447689056396
Train - epoch: 4 batch: 22.0 loss: 1.5514447689056396
Train - epoch: 4 batch: 23.0 loss: 0.5514447689056396
Train - epoch: 4 batch: 24.0 loss: 0.5514447689056396
Train - epoch: 4 batch: 25.0 loss: 1.5514447689056396
Train - epoch: 4 batch: 26.0 loss: 1.5514447689056396
Train - epoch: 4 batch: 27.0 loss: 0.5514447689056396
Train - epoch: 4 batch: 28.0 loss: 0.5514447689056396
Train - epoch: 4 batch: 29.0 loss: 0.5514447689056396
Train - epoch: 4 batch: 30.0 loss: 1.5514447689056396
Train - epoch: 4 batch: 31.0 loss: 0.5514447689056396
Train - epoch: 4 batch: 32.0 loss: 1.5514447689056396
Train - epoch: 4 batch: 33.0 loss: 1.5514447689056396
Train - epoch: 4 batch: 34.0 loss: 1.5514447689056396
Train - epoch: 4 batch: 35.0 loss: 1.5514447689056396
Train - epoch: 4 batch: 36.0 loss: 1.5514447689056396
Train - epoch: 4 batch: 37.0 loss: 1.5514447689056396
Train - epoch: 4 batch: 38.0 loss: 1.5514447689056396
Train - epoch: 4 batch: 39.0 loss: 0.5514447689056396
Train - epoch: 4 batch: 40.0 loss: 0.5514447689056396
Train - epoch: 4 batch: 41.0 loss: 0.5514447689056396
Train - epoch: 4 batch: 42.0 loss: 1.5514447689056396
Train - epoch: 4 batch: 43.0 loss: 0.5514447689056396
Train - epoch: 4 batch: 44.0 loss: 0.5514447689056396
Train - epoch: 4 batch: 45.0 loss: 1.5514447689056396
Train - epoch: 4 batch: 46.0 loss: 1.5514447689056396
Train - epoch: 4 batch: 47.0 loss: 1.5514447689056396
Train - epoch: 4 batch: 48.0 loss: 1.5514447689056396
Train - epoch: 4 batch: 49.0 loss: 0.5514447689056396
Train - epoch: 4 batch: 50.0 loss: 0.5514447689056396
Train - epoch: 4 batch: 51.0 loss: 0.5514447689056396
Train - epoch: 4 batch: 52.0 loss: 1.5514447689056396
Train - epoch: 4 batch: 53.0 loss: 1.5514447689056396
Train - epoch: 4 batch: 54.0 loss: 1.5514447689056396
Train - epoch: 4 batch: 55.0 loss: 1.5514447689056396
Train - epoch: 4 batch: 56.0 loss: 1.5514447689056396
Train - epoch: 4 batch: 57.0 loss: 1.5514447689056396
Train - epoch: 4 batch: 58.0 loss: 0.5514447689056396
Train - epoch: 4 batch: 59.0 loss: 1.5514447689056396
Train - epoch: 4 batch: 60.0 loss: 1.5514447689056396
Train - epoch: 4 batch: 61.0 loss: 1.5514447689056396
Train - epoch: 4 batch: 62.0 loss: 0.5514447689056396
Train - epoch: 4 batch: 63.0 loss: 0.5514447689056396
Train - epoch: 4 batch: 64.0 loss: 0.5514447689056396
Train - epoch: 4 batch: 65.0 loss: 1.5514447689056396
Train - epoch: 4 batch: 66.0 loss: 1.5514447689056396
Train - epoch: 4 batch: 67.0 loss: 1.5514447689056396
Train - epoch: 4 batch: 68.0 loss: 1.5514447689056396
Train - epoch: 4 batch: 69.0 loss: 1.5514447689056396
Train - epoch: 4 batch: 70.0 loss: 1.5514447689056396
Train - epoch: 4 batch: 71.0 loss: 1.5514447689056396
Train - epoch: 4 batch: 72.0 loss: 1.5514447689056396
Train - epoch: 4 batch: 73.0 loss: 0.5514447689056396
Train - epoch: 4 batch: 74.0 loss: 0.5514447689056396
Train - epoch: 4 batch: 75.0 loss: 1.5514447689056396
Train - epoch: 4 batch: 76.0 loss: 0.5514447689056396
Train - epoch: 4 batch: 77.0 loss: 0.5514447689056396
Train - epoch: 4 batch: 78.0 loss: 1.5514447689056396
Train - epoch: 4 batch: 79.0 loss: 1.5514447689056396
Train - epoch: 4 batch: 80.0 loss: 1.5514447689056396
Train - epoch: 4 batch: 81.0 loss: 0.5514447689056396
Train - epoch: 4 batch: 82.0 loss: 1.5514447689056396
Train - epoch: 4 batch: 83.0 loss: 0.5514447689056396
Train - epoch: 4 batch: 84.0 loss: 1.5514447689056396
Train - epoch: 4 batch: 85.0 loss: 1.5514447689056396
Train - epoch: 4 batch: 86.0 loss: 1.5514447689056396
Train - epoch: 4 batch: 87.0 loss: 1.5514447689056396
Train - epoch: 4 batch: 88.0 loss: 0.5514447689056396
Train - epoch: 4 batch: 89.0 loss: 1.5514447689056396
Train - epoch: 4 batch: 90.0 loss: 1.5514447689056396
Train - epoch: 4 batch: 91.0 loss: 1.5514447689056396
Train - epoch: 4 batch: 92.0 loss: 1.5514447689056396
Train - epoch: 4 batch: 93.0 loss: 1.5514447689056396
Train - epoch: 4 batch: 94.0 loss: 1.5514447689056396
Train - epoch: 4 batch: 95.0 loss: 0.5514447689056396
Train - epoch: 4 batch: 96.0 loss: 1.5514447689056396
Train - epoch: 4 batch: 97.0 loss: 1.5514447689056396
Train - epoch: 4 batch: 98.0 loss: 1.5514447689056396
Train - epoch: 4 batch: 99.0 loss: 1.5514447689056396
Train - epoch: 4 batch: 100.0 loss: 1.5514447689056396
Train - epoch: 4 batch: 101.0 loss: 1.5514447689056396
Train - epoch: 4 batch: 102.0 loss: 0.5514447689056396
Train - epoch: 4 batch: 103.0 loss: 1.5514447689056396
Train - epoch: 4 batch: 104.0 loss: 1.5514447689056396
Train - epoch: 4 batch: 105.0 loss: 1.5514447689056396
Train - epoch: 4 batch: 106.0 loss: 1.5514447689056396
Train - epoch: 4 batch: 107.0 loss: 1.5514447689056396
Train - epoch: 4 batch: 108.0 loss: 0.5514447689056396
Train - epoch: 4 batch: 109.0 loss: 1.5514447689056396
Train - epoch: 4 batch: 110.0 loss: 1.5514447689056396
Train - epoch: 4 batch: 111.0 loss: 1.5514447689056396
Train - epoch: 4 batch: 112.0 loss: 0.5514447689056396
Train - epoch: 4 batch: 113.0 loss: 1.5514447689056396
Train - epoch: 4 batch: 114.0 loss: 1.5514447689056396
Train - epoch: 4 batch: 115.0 loss: 1.5514447689056396
Train - epoch: 4 batch: 116.0 loss: 1.5514447689056396
Train - epoch: 4 batch: 117.0 loss: 0.5514447689056396
Train - epoch: 4 batch: 118.0 loss: 1.5514447689056396
Train - epoch: 4 batch: 119.0 loss: 1.5514447689056396
Train - epoch: 4 batch: 120.0 loss: 1.5514447689056396
Train - epoch: 4 batch: 121.0 loss: 1.5514447689056396
Train - epoch: 4 batch: 122.0 loss: 1.5514447689056396
Train - epoch: 4 batch: 123.0 loss: 1.5514447689056396
Train - epoch: 4 batch: 124.0 loss: 1.5514447689056396
Train - epoch: 4 batch: 125.0 loss: 1.5514447689056396
Train - epoch: 4 batch: 126.0 loss: 1.5514447689056396
Train - epoch: 4 batch: 127.0 loss: 1.5514447689056396
Train - epoch: 4 batch: 128.0 loss: 1.5514447689056396
Train - epoch: 4 batch: 129.0 loss: 1.5514447689056396
Train - epoch: 4 batch: 130.0 loss: 1.5514447689056396
Train - epoch: 4 batch: 131.0 loss: 1.5514447689056396
Train - epoch: 4 batch: 132.0 loss: 1.5514447689056396
Train - epoch: 4 batch: 133.0 loss: 1.5514447689056396
Train - epoch: 4 batch: 134.0 loss: 1.5514447689056396
Train - epoch: 4 batch: 135.0 loss: 1.5514447689056396
Train - epoch: 4 batch: 136.0 loss: 1.5514447689056396
Train - epoch: 4 batch: 137.0 loss: 1.5514447689056396
Train - epoch: 4 batch: 138.0 loss: 1.5514447689056396
Train - epoch: 4 batch: 139.0 loss: 1.5514447689056396
Train - epoch: 4 batch: 140.0 loss: 1.5514447689056396
Train - epoch: 4 batch: 141.0 loss: 1.5514447689056396
Train - epoch: 4 batch: 142.0 loss: 0.5514447689056396
Train - epoch: 4 batch: 143.0 loss: 0.5514447689056396
Train - epoch: 4 batch: 144.0 loss: 1.5514447689056396
Train - epoch: 4 batch: 145.0 loss: 0.5514447689056396
Train - epoch: 4 batch: 146.0 loss: 1.5514447689056396
Train - epoch: 4 batch: 147.0 loss: 0.5514447689056396
Train - epoch: 4 batch: 148.0 loss: 1.5514447689056396
Train - epoch: 4 batch: 149.0 loss: 0.5514447689056396
Train - epoch: 4 batch: 150.0 loss: 1.5514447689056396
Train - epoch: 4 batch: 151.0 loss: 1.5514447689056396
Train - epoch: 4 batch: 152.0 loss: 1.5514447689056396
Train - epoch: 4 batch: 153.0 loss: 0.5514447689056396
Train - epoch: 4 batch: 154.0 loss: 1.5514447689056396
Train - epoch: 4 batch: 155.0 loss: 1.5514447689056396
Train - epoch: 4 batch: 156.0 loss: 0.5514447689056396
Train - epoch: 4 batch: 157.0 loss: 1.5514447689056396
Train - epoch: 4 batch: 158.0 loss: 1.5514447689056396
Train - epoch: 4 batch: 159.0 loss: 1.5514447689056396
Train - epoch: 4 batch: 160.0 loss: 1.5514447689056396
Train - epoch: 4 batch: 161.0 loss: 0.5514447689056396
Train - epoch: 4 batch: 162.0 loss: 1.5514447689056396
Train - epoch: 4 batch: 163.0 loss: 1.5514447689056396
Train - epoch: 4 batch: 164.0 loss: 0.5514447689056396
Train - epoch: 4 batch: 165.0 loss: 1.5514447689056396
Train - epoch: 4 batch: 166.0 loss: 1.5514447689056396
Train - epoch: 4 batch: 167.0 loss: 1.5514447689056396
Train - epoch: 4 batch: 168.0 loss: 0.5514447689056396
Train - epoch: 4 batch: 169.0 loss: 0.5514447689056396
Train - epoch: 4 batch: 170.0 loss: 0.5514447689056396
Train - epoch: 4 batch: 171.0 loss: 0.5514447689056396
Train - epoch: 4 batch: 172.0 loss: 1.5514447689056396
Train - epoch: 4 batch: 173.0 loss: 1.5514447689056396
Train - epoch: 4 batch: 174.0 loss: 1.5514447689056396
Train - epoch: 4 batch: 175.0 loss: 0.5514447689056396
Train - epoch: 4 batch: 176.0 loss: 1.5514447689056396
Train - epoch: 4 batch: 177.0 loss: 0.5514447689056396
Train - epoch: 4 batch: 178.0 loss: 0.5514447689056396
Train - epoch: 4 batch: 179.0 loss: 1.5514447689056396
Train - epoch: 4 batch: 180.0 loss: 0.5514447689056396
Train - epoch: 4 batch: 181.0 loss: 0.5514447689056396
Train - epoch: 4 batch: 182.0 loss: 1.5514447689056396
Train - epoch: 4 batch: 183.0 loss: 1.5514447689056396
Train - epoch: 4 batch: 184.0 loss: 1.5514447689056396
Train - epoch: 4 batch: 185.0 loss: 1.5514447689056396
Train - epoch: 4 batch: 186.0 loss: 1.5514447689056396
Train - epoch: 4 batch: 187.0 loss: 0.5514447689056396
Train - epoch: 4 batch: 188.0 loss: 0.5514447689056396
Train - epoch: 4 batch: 189.0 loss: 1.5514447689056396
Train - epoch: 4 batch: 190.0 loss: 0.5514447689056396
Train - epoch: 4 batch: 191.0 loss: 1.5514447689056396
Train - epoch: 4 batch: 192.0 loss: 1.5514447689056396
Train - epoch: 4 batch: 193.0 loss: 1.5514447689056396
Train - epoch: 4 batch: 194.0 loss: 0.5514447689056396
Train - epoch: 4 batch: 195.0 loss: 1.5514447689056396
Train - epoch: 4 batch: 196.0 loss: 1.5514447689056396
Train - epoch: 4 batch: 197.0 loss: 1.5514447689056396
Train - epoch: 4 batch: 198.0 loss: 0.5514447689056396
Train - epoch: 4 batch: 199.0 loss: 1.5514447689056396
Train - epoch: 4 batch: 200.0 loss: 1.5514447689056396
Train - epoch: 4 batch: 201.0 loss: 0.5514447689056396
Train - epoch: 4 batch: 202.0 loss: 1.5514447689056396
Train - epoch: 4 batch: 203.0 loss: 1.5514447689056396
Train - epoch: 4 batch: 204.0 loss: 1.5514447689056396
Train - epoch: 4 batch: 205.0 loss: 1.5514447689056396
Train - epoch: 4 batch: 206.0 loss: 0.5514447689056396
Train - epoch: 4 batch: 207.0 loss: 1.5514447689056396
Train - epoch: 4 batch: 208.0 loss: 1.5514447689056396
Train - epoch: 4 batch: 209.0 loss: 1.5514447689056396
Train - epoch: 4 batch: 210.0 loss: 1.5514447689056396
Train - epoch: 4 batch: 211.0 loss: 0.5514447689056396
Train - epoch: 4 batch: 212.0 loss: 1.5514447689056396
Train - epoch: 4 batch: 213.0 loss: 1.5514447689056396
Train - epoch: 4 batch: 214.0 loss: 0.5514447689056396
Train - epoch: 4 batch: 215.0 loss: 1.5514447689056396
Train - epoch: 4 batch: 216.0 loss: 0.5514447689056396
Train - epoch: 4 batch: 217.0 loss: 0.5514447689056396
Train - epoch: 4 batch: 218.0 loss: 1.5514447689056396
Train - epoch: 4 batch: 219.0 loss: 0.5514447689056396
Train - epoch: 4 batch: 220.0 loss: 0.5514447689056396
Train - epoch: 4 batch: 221.0 loss: 0.5514447689056396
Train - epoch: 4 batch: 222.0 loss: 1.5514447689056396
Train - epoch: 4 batch: 223.0 loss: 0.5514447689056396
Train - epoch: 4 batch: 224.0 loss: 1.5514447689056396
Train - epoch: 4 batch: 225.0 loss: 0.5514447689056396
Train - epoch: 4 batch: 226.0 loss: 1.5514447689056396
Train - epoch: 4 batch: 227.0 loss: 1.5514447689056396
Train - epoch: 4 batch: 228.0 loss: 1.5514447689056396
Train - epoch: 4 batch: 229.0 loss: 0.5514447689056396
Train - epoch: 4 batch: 230.0 loss: 1.5514447689056396
Train - epoch: 4 batch: 231.0 loss: 1.5514447689056396
Train - epoch: 4 batch: 232.0 loss: 1.5514447689056396
Train - epoch: 4 batch: 233.0 loss: 0.5514447689056396
Train - epoch: 4 batch: 234.0 loss: 1.5514447689056396
Train - epoch: 4 batch: 235.0 loss: 0.5514447689056396
Train - epoch: 4 batch: 236.0 loss: 0.5514447689056396
Train - epoch: 4 batch: 237.0 loss: 0.5514447689056396
Train - epoch: 4 batch: 238.0 loss: 1.5514447689056396
Train - epoch: 4 batch: 239.0 loss: 1.5514447689056396
Train - epoch: 4 batch: 240.0 loss: 1.5514447689056396
Train - epoch: 4 batch: 241.0 loss: 1.5514447689056396
Train - epoch: 4 batch: 242.0 loss: 1.5514447689056396
Train - epoch: 4 batch: 243.0 loss: 0.5514447689056396
Train - epoch: 4 batch: 244.0 loss: 1.5514447689056396
Train - epoch: 4 batch: 245.0 loss: 1.5514447689056396
Train - epoch: 4 batch: 246.0 loss: 0.5514447689056396
Train - epoch: 4 batch: 247.0 loss: 1.5514447689056396
Train - epoch: 4 batch: 248.0 loss: 1.5514447689056396
Train - epoch: 4 batch: 249.0 loss: 1.5514447689056396
Train - epoch: 4 batch: 250.0 loss: 1.5514447689056396
Train - epoch: 4 batch: 251.0 loss: 1.5514447689056396
Train - epoch: 4 batch: 252.0 loss: 1.5514447689056396
Train - epoch: 4 batch: 253.0 loss: 0.5514447689056396
Train - epoch: 4 batch: 254.0 loss: 1.5514447689056396
Train - epoch: 4 batch: 255.0 loss: 1.5514447689056396
Train - epoch: 4 batch: 256.0 loss: 1.5514447689056396
Train - epoch: 4 batch: 257.0 loss: 1.5514447689056396
Train - epoch: 4 batch: 258.0 loss: 0.5514447689056396
Train - epoch: 4 batch: 259.0 loss: 1.5514447689056396
Train - epoch: 4 batch: 260.0 loss: 1.5514447689056396
Train - epoch: 4 batch: 261.0 loss: 0.5514447689056396
Train - epoch: 4 batch: 262.0 loss: 1.5514447689056396
Train - epoch: 4 batch: 263.0 loss: 0.5514447689056396
Train - epoch: 4 batch: 264.0 loss: 1.5514447689056396
Train - epoch: 4 batch: 265.0 loss: 1.5514447689056396
Train - epoch: 4 batch: 266.0 loss: 1.5514447689056396
Train - epoch: 4 batch: 267.0 loss: 0.5514447689056396
Train - epoch: 4 batch: 268.0 loss: 0.5514447689056396
Train - epoch: 4 batch: 269.0 loss: 1.5514447689056396
Train - epoch: 4 batch: 270.0 loss: 1.5514447689056396
Train - epoch: 4 batch: 271.0 loss: 1.5514447689056396
Train - epoch: 4 batch: 272.0 loss: 0.5514447689056396
Train - epoch: 4 batch: 273.0 loss: 1.5514447689056396
Train - epoch: 4 batch: 274.0 loss: 1.5514447689056396
Train - epoch: 4 batch: 275.0 loss: 1.5514447689056396
Train - epoch: 4 batch: 276.0 loss: 1.5514447689056396
Train - epoch: 4 batch: 277.0 loss: 1.5514447689056396
Train - epoch: 4 batch: 278.0 loss: 0.5514447689056396
Train - epoch: 4 batch: 279.0 loss: 0.5514447689056396
Train - epoch: 4 batch: 280.0 loss: 0.5514447689056396
Train - epoch: 4 batch: 281.0 loss: 1.5514447689056396
Valid - epcoh: 4 loss: 0.00034476550420125325 accuracy: 33.377777099609375
Model 4 was saved.
Train - epoch: 5 batch: 1.0 loss: 0.5514447689056396
Train - epoch: 5 batch: 2.0 loss: 0.5514447689056396
Train - epoch: 5 batch: 3.0 loss: 1.5514447689056396
Train - epoch: 5 batch: 4.0 loss: 0.5514447689056396
Train - epoch: 5 batch: 5.0 loss: 0.5514447689056396
Train - epoch: 5 batch: 6.0 loss: 1.5514447689056396
Train - epoch: 5 batch: 7.0 loss: 1.5514447689056396
Train - epoch: 5 batch: 8.0 loss: 1.5514447689056396
Train - epoch: 5 batch: 9.0 loss: 1.5514447689056396
Train - epoch: 5 batch: 10.0 loss: 0.5514447689056396
Train - epoch: 5 batch: 11.0 loss: 1.5514447689056396
Train - epoch: 5 batch: 12.0 loss: 1.5514447689056396
Train - epoch: 5 batch: 13.0 loss: 1.5514447689056396
Train - epoch: 5 batch: 14.0 loss: 1.5514447689056396
Train - epoch: 5 batch: 15.0 loss: 1.5514447689056396
Train - epoch: 5 batch: 16.0 loss: 0.5514447689056396
Train - epoch: 5 batch: 17.0 loss: 1.5514447689056396
Train - epoch: 5 batch: 18.0 loss: 1.5514447689056396
Train - epoch: 5 batch: 19.0 loss: 1.5514447689056396
Train - epoch: 5 batch: 20.0 loss: 0.5514447689056396
Train - epoch: 5 batch: 21.0 loss: 0.5514447689056396
Train - epoch: 5 batch: 22.0 loss: 1.5514447689056396
Train - epoch: 5 batch: 23.0 loss: 0.5514447689056396
Train - epoch: 5 batch: 24.0 loss: 0.5514447689056396
Train - epoch: 5 batch: 25.0 loss: 1.5514447689056396
Train - epoch: 5 batch: 26.0 loss: 1.5514447689056396
Train - epoch: 5 batch: 27.0 loss: 0.5514447689056396
Train - epoch: 5 batch: 28.0 loss: 0.5514447689056396
Train - epoch: 5 batch: 29.0 loss: 0.5514447689056396
Train - epoch: 5 batch: 30.0 loss: 1.5514447689056396
Train - epoch: 5 batch: 31.0 loss: 0.5514447689056396
Train - epoch: 5 batch: 32.0 loss: 1.5514447689056396
Train - epoch: 5 batch: 33.0 loss: 1.5514447689056396
Train - epoch: 5 batch: 34.0 loss: 1.5514447689056396
Train - epoch: 5 batch: 35.0 loss: 1.5514447689056396
Train - epoch: 5 batch: 36.0 loss: 1.5514447689056396
Train - epoch: 5 batch: 37.0 loss: 1.5514447689056396
Train - epoch: 5 batch: 38.0 loss: 1.5514447689056396
Train - epoch: 5 batch: 39.0 loss: 0.5514447689056396
Train - epoch: 5 batch: 40.0 loss: 0.5514447689056396
Train - epoch: 5 batch: 41.0 loss: 0.5514447689056396
Train - epoch: 5 batch: 42.0 loss: 1.5514447689056396
Train - epoch: 5 batch: 43.0 loss: 0.5514447689056396
Train - epoch: 5 batch: 44.0 loss: 0.5514447689056396
Train - epoch: 5 batch: 45.0 loss: 1.5514447689056396
Train - epoch: 5 batch: 46.0 loss: 1.5514447689056396
Train - epoch: 5 batch: 47.0 loss: 1.5514447689056396
Train - epoch: 5 batch: 48.0 loss: 1.5514447689056396
Train - epoch: 5 batch: 49.0 loss: 0.5514447689056396
Train - epoch: 5 batch: 50.0 loss: 0.5514447689056396
Train - epoch: 5 batch: 51.0 loss: 0.5514447689056396
Train - epoch: 5 batch: 52.0 loss: 1.5514447689056396
Train - epoch: 5 batch: 53.0 loss: 1.5514447689056396
Train - epoch: 5 batch: 54.0 loss: 1.5514447689056396
Train - epoch: 5 batch: 55.0 loss: 1.5514447689056396
Train - epoch: 5 batch: 56.0 loss: 1.5514447689056396
Train - epoch: 5 batch: 57.0 loss: 1.5514447689056396
Train - epoch: 5 batch: 58.0 loss: 0.5514447689056396
Train - epoch: 5 batch: 59.0 loss: 1.5514447689056396
Train - epoch: 5 batch: 60.0 loss: 1.5514447689056396
Train - epoch: 5 batch: 61.0 loss: 1.5514447689056396
Train - epoch: 5 batch: 62.0 loss: 0.5514447689056396
Train - epoch: 5 batch: 63.0 loss: 0.5514447689056396
Train - epoch: 5 batch: 64.0 loss: 0.5514447689056396
Train - epoch: 5 batch: 65.0 loss: 1.5514447689056396
Train - epoch: 5 batch: 66.0 loss: 1.5514447689056396
Train - epoch: 5 batch: 67.0 loss: 1.5514447689056396
Train - epoch: 5 batch: 68.0 loss: 1.5514447689056396
Train - epoch: 5 batch: 69.0 loss: 1.5514447689056396
Train - epoch: 5 batch: 70.0 loss: 1.5514447689056396
Train - epoch: 5 batch: 71.0 loss: 1.5514447689056396
Train - epoch: 5 batch: 72.0 loss: 1.5514447689056396
Train - epoch: 5 batch: 73.0 loss: 0.5514447689056396
Train - epoch: 5 batch: 74.0 loss: 0.5514447689056396
Train - epoch: 5 batch: 75.0 loss: 1.5514447689056396
Train - epoch: 5 batch: 76.0 loss: 0.5514447689056396
Train - epoch: 5 batch: 77.0 loss: 0.5514447689056396
Train - epoch: 5 batch: 78.0 loss: 1.5514447689056396
Train - epoch: 5 batch: 79.0 loss: 1.5514447689056396
Train - epoch: 5 batch: 80.0 loss: 1.5514447689056396
Train - epoch: 5 batch: 81.0 loss: 0.5514447689056396
Train - epoch: 5 batch: 82.0 loss: 1.5514447689056396
Train - epoch: 5 batch: 83.0 loss: 0.5514447689056396
Train - epoch: 5 batch: 84.0 loss: 1.5514447689056396
Train - epoch: 5 batch: 85.0 loss: 1.5514447689056396
Train - epoch: 5 batch: 86.0 loss: 1.5514447689056396
Train - epoch: 5 batch: 87.0 loss: 1.5514447689056396
Train - epoch: 5 batch: 88.0 loss: 0.5514447689056396
Train - epoch: 5 batch: 89.0 loss: 1.5514447689056396
Train - epoch: 5 batch: 90.0 loss: 1.5514447689056396
Train - epoch: 5 batch: 91.0 loss: 1.5514447689056396
Train - epoch: 5 batch: 92.0 loss: 1.5514447689056396
Train - epoch: 5 batch: 93.0 loss: 1.5514447689056396
Train - epoch: 5 batch: 94.0 loss: 1.5514447689056396
Train - epoch: 5 batch: 95.0 loss: 0.5514447689056396
Train - epoch: 5 batch: 96.0 loss: 1.5514447689056396
Train - epoch: 5 batch: 97.0 loss: 1.5514447689056396
Train - epoch: 5 batch: 98.0 loss: 1.5514447689056396
Train - epoch: 5 batch: 99.0 loss: 1.5514447689056396
Train - epoch: 5 batch: 100.0 loss: 1.5514447689056396
Train - epoch: 5 batch: 101.0 loss: 1.5514447689056396
Train - epoch: 5 batch: 102.0 loss: 0.5514447689056396
Train - epoch: 5 batch: 103.0 loss: 1.5514447689056396
Train - epoch: 5 batch: 104.0 loss: 1.5514447689056396
Train - epoch: 5 batch: 105.0 loss: 1.5514447689056396
Train - epoch: 5 batch: 106.0 loss: 1.5514447689056396
Train - epoch: 5 batch: 107.0 loss: 1.5514447689056396
Train - epoch: 5 batch: 108.0 loss: 0.5514447689056396
Train - epoch: 5 batch: 109.0 loss: 1.5514447689056396
Train - epoch: 5 batch: 110.0 loss: 1.5514447689056396
Train - epoch: 5 batch: 111.0 loss: 1.5514447689056396
Train - epoch: 5 batch: 112.0 loss: 0.5514447689056396
Train - epoch: 5 batch: 113.0 loss: 1.5514447689056396
Train - epoch: 5 batch: 114.0 loss: 1.5514447689056396
Train - epoch: 5 batch: 115.0 loss: 1.5514447689056396
Train - epoch: 5 batch: 116.0 loss: 1.5514447689056396
Train - epoch: 5 batch: 117.0 loss: 0.5514447689056396
Train - epoch: 5 batch: 118.0 loss: 1.5514447689056396
Train - epoch: 5 batch: 119.0 loss: 1.5514447689056396
Train - epoch: 5 batch: 120.0 loss: 1.5514447689056396
Train - epoch: 5 batch: 121.0 loss: 1.5514447689056396
Train - epoch: 5 batch: 122.0 loss: 1.5514447689056396
Train - epoch: 5 batch: 123.0 loss: 1.5514447689056396
Train - epoch: 5 batch: 124.0 loss: 1.5514447689056396
Train - epoch: 5 batch: 125.0 loss: 1.5514447689056396
