Args got
indir /home/ec2-user/ThermoDrift/experiments/trainv6/save_model/model_11.pt
outdir /home/ec2-user/ThermoDrift/experiments/trainv6_1/
Data loaded
ESM1b loaded
loaded model from /home/ec2-user/ThermoDrift/experiments/trainv6/save_model/model_11.pt
Classifier, optimizer, and criterion compiled
Using device cuda:0
Moved tensors to cuda:0
Dataloaders built
Number of parameters classifier:  172419
Number of parameters esm1b:  652359094
Now beginning training
outputs [[0.24876154959201813, 0.011998464353382587, 0.7392399311065674]]  lables [0]
outputs [[0.15430720150470734, 0.6044791340827942, 0.24121367931365967]]  lables [1]
outputs [[0.7242242097854614, 0.013895831070840359, 0.26187992095947266]]  lables [0]
outputs [[0.16504022479057312, 0.006226723548024893, 0.8287330865859985]]  lables [2]
outputs [[0.6492546796798706, 0.014154421165585518, 0.3365909159183502]]  lables [1]
outputs [[0.06989596784114838, 0.016893940046429634, 0.9132100939750671]]  lables [2]
outputs [[0.184967041015625, 0.012024864554405212, 0.8030081987380981]]  lables [0]
outputs [[0.014270080253481865, 0.9340296387672424, 0.05170027166604996]]  lables [1]
outputs [[0.976047694683075, 0.0014986415626481175, 0.02245364710688591]]  lables [0]
outputs [[0.7049646377563477, 0.15960441529750824, 0.1354309618473053]]  lables [0]
outputs [[0.6374106407165527, 0.003709205659106374, 0.3588801622390747]]  lables [1]
outputs [[0.5067351460456848, 0.023437926545739174, 0.46982690691947937]]  lables [0]
outputs [[0.3639923334121704, 0.011981556192040443, 0.6240260601043701]]  lables [1]
outputs [[0.9249197840690613, 0.07349337637424469, 0.001586809870786965]]  lables [0]
outputs [[0.6784538626670837, 0.01974663883447647, 0.30179956555366516]]  lables [2]
outputs [[0.36975136399269104, 0.010781602934002876, 0.61946702003479]]  lables [1]
outputs [[0.963230311870575, 0.006110222078859806, 0.030659513548016548]]  lables [1]
outputs [[0.0014152665389701724, 0.9862012267112732, 0.012383497320115566]]  lables [1]
outputs [[0.6387869119644165, 0.010457577183842659, 0.3507554829120636]]  lables [2]
outputs [[0.011192867532372475, 0.9171106815338135, 0.0716964527964592]]  lables [1]
outputs [[0.651151180267334, 0.020711535587906837, 0.3281373381614685]]  lables [0]
outputs [[0.9981142282485962, 0.0005416071508079767, 0.001344221062026918]]  lables [0]
outputs [[0.3346453607082367, 0.01103999000042677, 0.6543146371841431]]  lables [0]
outputs [[0.10093674063682556, 0.008892223238945007, 0.8901709914207458]]  lables [2]
outputs [[0.10294991731643677, 0.83829665184021, 0.05875343456864357]]  lables [1]
outputs [[0.6502122282981873, 0.08359028398990631, 0.26619747281074524]]  lables [0]
outputs [[0.2044701874256134, 0.05416516214609146, 0.7413646578788757]]  lables [0]
outputs [[0.9544296264648438, 0.038593605160713196, 0.006976778153330088]]  lables [2]
outputs [[0.0015149957034736872, 0.9975599050521851, 0.0009250995353795588]]  lables [1]
outputs [[0.08024020493030548, 0.16954581439495087, 0.7502139210700989]]  lables [2]
outputs [[0.0043517667800188065, 0.9723490476608276, 0.023299140855669975]]  lables [1]
outputs [[0.9675360321998596, 0.0023190288338810205, 0.03014494478702545]]  lables [0]
outputs [[0.1603027731180191, 0.027838336303830147, 0.8118588328361511]]  lables [2]
outputs [[0.016656694933772087, 0.8776018023490906, 0.10574150830507278]]  lables [1]
outputs [[0.20430760085582733, 0.03801523521542549, 0.7576771378517151]]  lables [2]
outputs [[0.3580044209957123, 0.025970980525016785, 0.6160246729850769]]  lables [2]
outputs [[0.5063104629516602, 0.01628182828426361, 0.47740769386291504]]  lables [2]
outputs [[0.4971187114715576, 0.40528351068496704, 0.09759768843650818]]  lables [1]
outputs [[0.11398810893297195, 0.030262840911746025, 0.8557490110397339]]  lables [0]
outputs [[0.026362866163253784, 0.9621608257293701, 0.011476242914795876]]  lables [1]
outputs [[0.08931660652160645, 0.01460509654134512, 0.8960782885551453]]  lables [0]
outputs [[0.5584872961044312, 0.018637271597981453, 0.42287537455558777]]  lables [2]
outputs [[0.0003896606503985822, 0.9987673759460449, 0.0008429353474639356]]  lables [1]
outputs [[0.0771893784403801, 0.026349082589149475, 0.8964614868164062]]  lables [2]
outputs [[0.3777177333831787, 0.01421684492379427, 0.6080654859542847]]  lables [0]
outputs [[0.06901156157255173, 0.01668931171298027, 0.9142991900444031]]  lables [2]
outputs [[0.13476045429706573, 0.021781522780656815, 0.8434579968452454]]  lables [2]
outputs [[0.10963944345712662, 0.008463658392429352, 0.8818969130516052]]  lables [2]
outputs [[0.08166801929473877, 0.022585229948163033, 0.8957467079162598]]  lables [2]
outputs [[0.13777610659599304, 0.007522593252360821, 0.8547012209892273]]  lables [0]
outputs [[0.0035140893887728453, 0.9780033826828003, 0.018482528626918793]]  lables [1]
outputs [[0.9942078590393066, 0.002089475281536579, 0.0037026875652372837]]  lables [0]
outputs [[0.08605068176984787, 0.014193962328135967, 0.8997554183006287]]  lables [2]
outputs [[0.08272914588451385, 0.011381099000573158, 0.9058897495269775]]  lables [2]
outputs [[0.05803187936544418, 0.9310678243637085, 0.010900379158556461]]  lables [1]
outputs [[0.16110803186893463, 0.16759604215621948, 0.6712958812713623]]  lables [2]
outputs [[0.8911829590797424, 0.0057288045063614845, 0.10308815538883209]]  lables [0]
outputs [[0.9867748022079468, 0.0012690627481788397, 0.011956246569752693]]  lables [0]
outputs [[0.5828874111175537, 0.008440029807388783, 0.408672571182251]]  lables [0]
outputs [[0.05388035997748375, 0.02718520723283291, 0.9189343452453613]]  lables [2]
outputs [[0.5792453289031982, 0.019417837262153625, 0.4013368487358093]]  lables [2]
outputs [[0.3310048580169678, 0.007192505057901144, 0.6618026494979858]]  lables [2]
outputs [[0.08119704574346542, 0.014320606365799904, 0.904482364654541]]  lables [2]
outputs [[0.004742189776152372, 0.9832594394683838, 0.011998370289802551]]  lables [1]
outputs [[0.30037921667099, 0.12135685235261917, 0.5782639384269714]]  lables [2]
outputs [[0.24025049805641174, 0.04613291472196579, 0.7136166095733643]]  lables [0]
outputs [[0.15783098340034485, 0.013030393980443478, 0.8291386365890503]]  lables [2]
outputs [[0.9997774958610535, 7.98945184214972e-05, 0.0001426281378371641]]  lables [0]
outputs [[0.1436222642660141, 0.4574626684188843, 0.3989151418209076]]  lables [0]
outputs [[0.0006740240496583283, 0.9989718198776245, 0.0003541325859259814]]  lables [1]
outputs [[0.9506081938743591, 0.0013952574227005243, 0.047996584326028824]]  lables [0]
outputs [[0.05352618917822838, 0.016325702890753746, 0.9301480650901794]]  lables [1]
outputs [[0.01689843088388443, 0.010202464647591114, 0.9728990197181702]]  lables [2]
outputs [[0.4132574200630188, 0.032520972192287445, 0.5542216300964355]]  lables [0]
outputs [[0.22928977012634277, 0.01960313506424427, 0.7511071562767029]]  lables [0]
outputs [[0.10623263567686081, 0.007283010520040989, 0.8864843249320984]]  lables [0]
outputs [[0.5445214509963989, 0.010968654416501522, 0.444509893655777]]  lables [2]
outputs [[0.0003896089910995215, 0.9984074234962463, 0.0012029929785057902]]  lables [1]
outputs [[0.4665631651878357, 0.016558410599827766, 0.5168784856796265]]  lables [1]
outputs [[0.15734542906284332, 0.010762171819806099, 0.8318924307823181]]  lables [2]
outputs [[0.03465639427304268, 0.0034455102868378162, 0.9618980288505554]]  lables [2]
outputs [[0.001241048565134406, 0.9972387552261353, 0.0015201644273474813]]  lables [1]
outputs [[0.7296817302703857, 0.013221349567174911, 0.25709688663482666]]  lables [0]
outputs [[0.4413490891456604, 0.01374602597206831, 0.544904887676239]]  lables [1]
outputs [[0.315464586019516, 0.025023208931088448, 0.6595122218132019]]  lables [1]
outputs [[0.015972763299942017, 0.8500268459320068, 0.13400037586688995]]  lables [1]
outputs [[0.37332719564437866, 0.013475973159074783, 0.613196849822998]]  lables [0]
outputs [[0.978947639465332, 0.007550784852355719, 0.013501574285328388]]  lables [0]
outputs [[0.1659933626651764, 0.009536569006741047, 0.8244701027870178]]  lables [0]
outputs [[0.1956203281879425, 0.4255177676677704, 0.3788619339466095]]  lables [1]
outputs [[0.06354828178882599, 0.030160818248987198, 0.9062909483909607]]  lables [2]
outputs [[0.04334250092506409, 0.6141232848167419, 0.3425341844558716]]  lables [1]
outputs [[0.3348584473133087, 0.01417374238371849, 0.6509677767753601]]  lables [1]
outputs [[0.461270272731781, 0.00794203020632267, 0.5307877659797668]]  lables [2]
outputs [[0.3513060212135315, 0.008987685665488243, 0.6397063136100769]]  lables [1]
outputs [[0.1853848248720169, 0.019922658801078796, 0.7946925163269043]]  lables [0]
outputs [[0.2051224559545517, 0.012061200104653835, 0.7828164100646973]]  lables [0]
outputs [[0.9828574657440186, 0.004874102771282196, 0.01226841937750578]]  lables [0]
outputs [[0.5918715000152588, 0.006238151807337999, 0.401890367269516]]  lables [2]
outputs [[0.9738878011703491, 0.0016473672585561872, 0.02446475252509117]]  lables [2]
outputs [[0.21619880199432373, 0.03511526808142662, 0.748685896396637]]  lables [2]
outputs [[0.9983382225036621, 0.00025457184528931975, 0.0014071589102968574]]  lables [0]
outputs [[0.11380168795585632, 0.5715571045875549, 0.31464120745658875]]  lables [1]
outputs [[0.7131837010383606, 0.017846791073679924, 0.26896950602531433]]  lables [1]
outputs [[0.0008699301979504526, 0.9984606504440308, 0.0006694390322081745]]  lables [1]
outputs [[0.25687724351882935, 0.0635354295372963, 0.6795873641967773]]  lables [0]
outputs [[0.07173193991184235, 0.00717356288805604, 0.921094536781311]]  lables [0]
outputs [[0.13265582919120789, 0.012242620810866356, 0.8551015853881836]]  lables [2]
outputs [[0.13867972791194916, 0.725179135799408, 0.13614119589328766]]  lables [1]
outputs [[0.09181732684373856, 0.02574850246310234, 0.8824341893196106]]  lables [2]
outputs [[0.03339241072535515, 0.032730910927057266, 0.9338768124580383]]  lables [2]
outputs [[0.05144025757908821, 0.00654134526848793, 0.9420183897018433]]  lables [2]
outputs [[0.21513371169567108, 0.021341443061828613, 0.7635248899459839]]  lables [2]
outputs [[0.1409926861524582, 0.19656410813331604, 0.662443220615387]]  lables [1]
outputs [[0.19248700141906738, 0.04066043719649315, 0.7668524980545044]]  lables [2]
outputs [[0.3515053987503052, 0.07956007868051529, 0.5689345598220825]]  lables [2]
outputs [[0.25030162930488586, 0.05727003887295723, 0.6924283504486084]]  lables [0]
outputs [[0.12496616691350937, 0.015705177560448647, 0.8593286275863647]]  lables [2]
outputs [[0.9914265871047974, 0.0005624851328320801, 0.008011003956198692]]  lables [0]
outputs [[0.15643002092838287, 0.0243384949862957, 0.8192314505577087]]  lables [1]
outputs [[0.12157826125621796, 0.7885915040969849, 0.08983023464679718]]  lables [1]
outputs [[0.06480109691619873, 0.01646089367568493, 0.918738067150116]]  lables [2]
outputs [[0.053495634347200394, 0.012571308761835098, 0.9339330196380615]]  lables [2]
outputs [[0.08714909851551056, 0.01120342779904604, 0.9016474485397339]]  lables [0]
outputs [[0.9889293313026428, 0.0007489948184229434, 0.010321756824851036]]  lables [0]
outputs [[0.918088436126709, 0.005766064394265413, 0.07614552974700928]]  lables [0]
outputs [[0.09389126300811768, 0.02093566581606865, 0.8851730823516846]]  lables [0]
outputs [[0.9256336688995361, 0.01778605952858925, 0.05658029764890671]]  lables [0]
outputs [[0.8974629640579224, 0.003167093498632312, 0.09936986863613129]]  lables [0]
outputs [[0.07513248920440674, 0.008202913217246532, 0.9166645407676697]]  lables [0]
outputs [[0.897670328617096, 0.006275476887822151, 0.09605429321527481]]  lables [0]
outputs [[0.16023455560207367, 0.02425999566912651, 0.8155054450035095]]  lables [0]
outputs [[0.1256161630153656, 0.03727760910987854, 0.8371062874794006]]  lables [2]
outputs [[0.9940170049667358, 0.0028225951828062534, 0.0031604436226189137]]  lables [0]
outputs [[0.9819629192352295, 0.0027699305210262537, 0.015267053619027138]]  lables [0]
outputs [[0.1369197517633438, 0.007461937144398689, 0.8556182384490967]]  lables [2]
outputs [[0.14699187874794006, 0.005680173635482788, 0.8473280072212219]]  lables [2]
outputs [[0.013367331586778164, 0.9044483304023743, 0.082184337079525]]  lables [1]
outputs [[0.14474013447761536, 0.5902101397514343, 0.26504969596862793]]  lables [1]
outputs [[0.024870945140719414, 0.9372904300689697, 0.0378386415541172]]  lables [1]
outputs [[0.1761886328458786, 0.014740795828402042, 0.8090705275535583]]  lables [2]
outputs [[0.33043521642684937, 0.6349452137947083, 0.034619539976119995]]  lables [0]
outputs [[0.08334929496049881, 0.004709215369075537, 0.9119415283203125]]  lables [2]
outputs [[0.03047880344092846, 0.9447844624519348, 0.024736763909459114]]  lables [1]
outputs [[0.6798280477523804, 0.013844966888427734, 0.30632704496383667]]  lables [0]
outputs [[0.4283185303211212, 0.004249763675034046, 0.5674317479133606]]  lables [2]
outputs [[0.23920640349388123, 0.030367422848939896, 0.7304261922836304]]  lables [2]
outputs [[0.22907811403274536, 0.7646425366401672, 0.006279372610151768]]  lables [1]
outputs [[0.028175249695777893, 0.7464897036552429, 0.2253349870443344]]  lables [1]
outputs [[0.9982938170433044, 0.0005627738428302109, 0.0011433978797867894]]  lables [0]
outputs [[0.7476505041122437, 0.005853276699781418, 0.24649620056152344]]  lables [0]
outputs [[0.981862485408783, 0.002284092828631401, 0.0158533938229084]]  lables [0]
outputs [[0.4554532766342163, 0.027968408539891243, 0.5165783166885376]]  lables [0]
outputs [[0.5417546629905701, 0.06132178753614426, 0.39692357182502747]]  lables [0]
outputs [[0.2273380309343338, 0.024541711434721947, 0.7481202483177185]]  lables [2]
outputs [[0.027139239013195038, 0.9145737886428833, 0.05828696861863136]]  lables [1]
outputs [[0.00264555960893631, 0.9526481628417969, 0.044706281274557114]]  lables [1]
outputs [[0.9112833142280579, 0.004714919254183769, 0.0840018019080162]]  lables [0]
outputs [[0.43039417266845703, 0.02142384648323059, 0.54818195104599]]  lables [2]
outputs [[0.2675999104976654, 0.031416647136211395, 0.700983464717865]]  lables [2]
outputs [[0.14537951350212097, 0.018520493060350418, 0.8361001014709473]]  lables [1]
outputs [[0.3677506148815155, 0.008758069947361946, 0.6234913468360901]]  lables [2]
outputs [[0.9511616826057434, 0.003279586788266897, 0.045558687299489975]]  lables [0]
outputs [[0.02695380337536335, 0.9317811131477356, 0.04126514494419098]]  lables [1]
outputs [[0.015809500589966774, 0.9026561975479126, 0.0815342366695404]]  lables [1]
outputs [[0.10263646394014359, 0.00919179618358612, 0.8881717324256897]]  lables [1]
outputs [[0.11283543705940247, 0.01471351645886898, 0.8724510669708252]]  lables [2]
outputs [[0.1373194456100464, 0.01810353249311447, 0.8445770740509033]]  lables [1]
outputs [[0.07497477531433105, 0.024680236354470253, 0.9003450274467468]]  lables [2]
outputs [[0.02012186497449875, 0.9347262382507324, 0.04515189304947853]]  lables [1]
outputs [[0.09444352984428406, 0.03139203041791916, 0.8741644620895386]]  lables [0]
outputs [[0.06573653221130371, 0.02343936078250408, 0.9108241200447083]]  lables [2]
outputs [[0.2517606019973755, 0.23554003238677979, 0.5126993656158447]]  lables [1]
outputs [[0.9223591089248657, 0.0041354987770318985, 0.07350541651248932]]  lables [0]
outputs [[0.5625235438346863, 0.03592217341065407, 0.40155428647994995]]  lables [0]
outputs [[0.2126103788614273, 0.6521318554878235, 0.13525773584842682]]  lables [1]
outputs [[0.5879044532775879, 0.01495850458741188, 0.3971370458602905]]  lables [0]
outputs [[0.9449558854103088, 0.004859013948589563, 0.05018499493598938]]  lables [0]
outputs [[0.1656116396188736, 0.03020748309791088, 0.8041808009147644]]  lables [0]
outputs [[0.08307608962059021, 0.005878973286598921, 0.9110448956489563]]  lables [2]
outputs [[0.003290200373157859, 0.9929634928703308, 0.003746363101527095]]  lables [1]
outputs [[0.008922993205487728, 0.9854263067245483, 0.005650646053254604]]  lables [1]
outputs [[0.8094767332077026, 0.0071358447894454, 0.18338742852210999]]  lables [2]
outputs [[0.24691805243492126, 0.04053368791937828, 0.7125483155250549]]  lables [2]
outputs [[0.9790753722190857, 0.004095742013305426, 0.016828853636980057]]  lables [0]
outputs [[0.9885818362236023, 0.00389913865365088, 0.007519119884818792]]  lables [0]
outputs [[0.0724904015660286, 0.020721346139907837, 0.9067882895469666]]  lables [2]
outputs [[0.05906842276453972, 0.019706187769770622, 0.9212254285812378]]  lables [2]
outputs [[0.00798425730317831, 0.958911657333374, 0.03310412913560867]]  lables [1]
outputs [[0.23770631849765778, 0.03865256533026695, 0.7236411571502686]]  lables [0]
outputs [[0.03982112556695938, 0.5150763392448425, 0.4451025426387787]]  lables [1]
outputs [[0.45822349190711975, 0.011802952736616135, 0.529973566532135]]  lables [1]
outputs [[0.264005571603775, 0.01526860985904932, 0.7207258343696594]]  lables [2]
outputs [[2.3521612092736177e-05, 0.999943733215332, 3.2697753340471536e-05]]  lables [1]
outputs [[0.4282577335834503, 0.03323853388428688, 0.5385037064552307]]  lables [1]
outputs [[0.41538262367248535, 0.015234939754009247, 0.5693824291229248]]  lables [2]
outputs [[0.19345061480998993, 0.01475430279970169, 0.7917950749397278]]  lables [2]
outputs [[0.1553775668144226, 0.01158270426094532, 0.8330397605895996]]  lables [0]
outputs [[0.04203599691390991, 0.4771710932254791, 0.4807928502559662]]  lables [1]
outputs [[0.04219465330243111, 0.008836115710437298, 0.9489692449569702]]  lables [2]
outputs [[0.00022673761122860014, 0.9984275102615356, 0.001345752622000873]]  lables [1]
outputs [[0.28491851687431335, 0.06153198704123497, 0.6535494923591614]]  lables [1]
outputs [[0.9996127486228943, 0.0001376633153995499, 0.00024962483439594507]]  lables [0]
outputs [[0.0031001409515738487, 0.9879395961761475, 0.008960222825407982]]  lables [1]
outputs [[0.21789829432964325, 0.4825199842453003, 0.29958173632621765]]  lables [0]
outputs [[0.8160321116447449, 0.004438471049070358, 0.17952938377857208]]  lables [0]
outputs [[0.6239899396896362, 0.02647559344768524, 0.3495344817638397]]  lables [2]
outputs [[0.22161562740802765, 0.08659807592630386, 0.6917863488197327]]  lables [0]
outputs [[0.8743707537651062, 0.022448807954788208, 0.10318044573068619]]  lables [1]
outputs [[0.0879254937171936, 0.8731985688209534, 0.03887591511011124]]  lables [1]
outputs [[0.0004809951060451567, 0.9993695616722107, 0.00014945676957722753]]  lables [1]
outputs [[0.7327895760536194, 0.013811304233968258, 0.253399133682251]]  lables [1]
outputs [[0.22581908106803894, 0.012171248905360699, 0.7620096802711487]]  lables [2]
outputs [[0.22955788671970367, 0.7242647409439087, 0.04617733135819435]]  lables [1]
outputs [[0.08631207048892975, 0.009384668432176113, 0.9043033123016357]]  lables [2]
outputs [[0.464408278465271, 0.01959415152668953, 0.515997588634491]]  lables [1]
outputs [[0.9985307455062866, 8.181182784028351e-05, 0.0013875043950974941]]  lables [0]
outputs [[0.7338821291923523, 0.013535518199205399, 0.2525823414325714]]  lables [0]
outputs [[0.94809490442276, 0.0036532795056700706, 0.04825177043676376]]  lables [0]
outputs [[0.2232448011636734, 0.008958366699516773, 0.7677968144416809]]  lables [2]
outputs [[0.3546754717826843, 0.010291654616594315, 0.6350328922271729]]  lables [1]
outputs [[0.31577813625335693, 0.19204890727996826, 0.4921729266643524]]  lables [0]
outputs [[0.5714264512062073, 0.026770547032356262, 0.40180301666259766]]  lables [1]
outputs [[0.0001652405335335061, 0.9996401071548462, 0.0001946465199580416]]  lables [1]
outputs [[0.1280030459165573, 0.007948723621666431, 0.8640482425689697]]  lables [0]
outputs [[0.9578447341918945, 0.01468489971011877, 0.027470363304018974]]  lables [0]
outputs [[0.6315851807594299, 0.062191255390644073, 0.3062235713005066]]  lables [1]
outputs [[0.06750406324863434, 0.02484104409813881, 0.907654881477356]]  lables [1]
outputs [[0.9777874946594238, 0.009394863620400429, 0.01281761284917593]]  lables [0]
outputs [[0.977192223072052, 0.0038077691569924355, 0.019000021740794182]]  lables [2]
outputs [[0.4853037893772125, 0.01013601291924715, 0.5045602321624756]]  lables [1]
outputs [[0.1346455216407776, 0.020384881645441055, 0.8449695706367493]]  lables [1]
outputs [[0.0808454155921936, 0.012236443348228931, 0.9069181084632874]]  lables [2]
outputs [[0.3390446603298187, 0.011722243390977383, 0.6492331027984619]]  lables [2]
outputs [[0.21732215583324432, 0.025801094248890877, 0.7568768262863159]]  lables [2]
outputs [[0.2245403528213501, 0.039777662605047226, 0.7356820106506348]]  lables [2]
outputs [[0.23372773826122284, 0.019904712215065956, 0.7463675141334534]]  lables [1]
outputs [[0.576867938041687, 0.014178515411913395, 0.4089534878730774]]  lables [2]
outputs [[0.18968534469604492, 0.008690984919667244, 0.8016237020492554]]  lables [0]
outputs [[0.3149155378341675, 0.012806612998247147, 0.6722778677940369]]  lables [0]
outputs [[0.47340962290763855, 0.020356150344014168, 0.5062342286109924]]  lables [0]
outputs [[0.3491373062133789, 0.025714866816997528, 0.6251478791236877]]  lables [1]
outputs [[0.16127939522266388, 0.03029339388012886, 0.8084272146224976]]  lables [2]
outputs [[0.5284867882728577, 0.0692477598786354, 0.40226542949676514]]  lables [1]
outputs [[0.9153958559036255, 0.03227091208100319, 0.052333228290081024]]  lables [0]
outputs [[0.7332273721694946, 0.007584883365780115, 0.259187787771225]]  lables [1]
outputs [[0.08140703290700912, 0.006848410703241825, 0.9117444753646851]]  lables [2]
outputs [[0.9604138731956482, 0.006075257435441017, 0.03351079300045967]]  lables [0]
outputs [[0.1934541016817093, 0.013560309074819088, 0.7929855585098267]]  lables [2]
outputs [[0.21044179797172546, 0.01752670295536518, 0.7720314860343933]]  lables [2]
outputs [[0.9157869219779968, 0.005941359791904688, 0.07827170193195343]]  lables [0]
outputs [[0.04466349259018898, 0.012790579348802567, 0.9425459504127502]]  lables [2]
outputs [[0.006628602743148804, 0.9689092636108398, 0.02446209453046322]]  lables [1]
outputs [[0.009164377115666866, 0.925665020942688, 0.06517056375741959]]  lables [1]
outputs [[0.11280768364667892, 0.008332340978085995, 0.8788599967956543]]  lables [0]
outputs [[0.11937537789344788, 0.0217378418892622, 0.8588867783546448]]  lables [1]
Train - epoch: 0 batch: 1 loss: 1.4844040870666504
outputs [[0.2590687870979309, 0.00916852243244648, 0.731762707233429]]  lables [0]
outputs [[0.36757761240005493, 0.521230161190033, 0.1111922636628151]]  lables [1]
outputs [[0.9893175959587097, 0.006412336602807045, 0.004270095378160477]]  lables [0]
outputs [[0.9902859330177307, 0.0011098107788711786, 0.008604343049228191]]  lables [0]
outputs [[0.5407750010490417, 0.026648065075278282, 0.4325769543647766]]  lables [0]
outputs [[0.3279343843460083, 0.016269290819764137, 0.6557962894439697]]  lables [2]
outputs [[0.00010511343134567142, 0.999745786190033, 0.00014906583237461746]]  lables [1]
outputs [[0.14633499085903168, 0.016319764778017998, 0.83734530210495]]  lables [0]
outputs [[0.3193340599536896, 0.059685662388801575, 0.6209802627563477]]  lables [1]
outputs [[0.15198269486427307, 0.014206716790795326, 0.833810567855835]]  lables [0]
outputs [[0.17420417070388794, 0.019709903746843338, 0.8060858845710754]]  lables [0]
outputs [[0.293273389339447, 0.03257860243320465, 0.67414790391922]]  lables [2]
outputs [[0.5398728251457214, 0.005559138022363186, 0.4545680284500122]]  lables [0]
outputs [[0.0608036145567894, 0.005847209133207798, 0.9333491325378418]]  lables [2]
outputs [[0.5402134656906128, 0.007863110862672329, 0.4519234299659729]]  lables [2]
outputs [[0.6558255553245544, 0.023144321516156197, 0.3210301399230957]]  lables [0]
outputs [[0.5438371896743774, 0.010582678020000458, 0.4455801248550415]]  lables [0]
outputs [[0.07302543520927429, 0.03210188075900078, 0.8948726654052734]]  lables [2]
outputs [[0.02616930566728115, 0.9061836004257202, 0.06764707714319229]]  lables [1]
outputs [[0.27158257365226746, 0.004833310842514038, 0.7235841155052185]]  lables [2]
outputs [[0.08709976822137833, 0.6366057991981506, 0.276294469833374]]  lables [1]
outputs [[0.07019609212875366, 0.0050063361413776875, 0.9247975945472717]]  lables [2]
outputs [[0.34745627641677856, 0.02328518033027649, 0.6292585730552673]]  lables [0]
outputs [[0.5130373239517212, 0.021187113597989082, 0.4657755494117737]]  lables [1]
outputs [[0.8434116244316101, 0.004720338620245457, 0.15186801552772522]]  lables [0]
outputs [[0.14772826433181763, 0.013625944033265114, 0.838645875453949]]  lables [0]
outputs [[0.5619085431098938, 0.0154472216963768, 0.4226441979408264]]  lables [1]
outputs [[0.12025322765111923, 0.015831878408789635, 0.863914966583252]]  lables [1]
outputs [[0.7793880105018616, 0.015461890026926994, 0.20515012741088867]]  lables [0]
outputs [[0.007610864005982876, 0.9707447290420532, 0.02164439857006073]]  lables [1]
outputs [[0.11342009156942368, 0.3673672080039978, 0.5192127227783203]]  lables [1]
outputs [[0.10512438416481018, 0.014417102560400963, 0.8804584741592407]]  lables [2]
outputs [[0.9891692399978638, 0.006665846798568964, 0.0041650221683084965]]  lables [0]
outputs [[0.09550845623016357, 0.014771787449717522, 0.8897197842597961]]  lables [2]
outputs [[0.7707304358482361, 0.020170973613858223, 0.20909859240055084]]  lables [0]
outputs [[0.11265788972377777, 0.816066563129425, 0.07127556949853897]]  lables [1]
outputs [[0.06037280708551407, 0.015646563842892647, 0.9239805936813354]]  lables [2]
outputs [[0.07756061851978302, 0.009872266091406345, 0.912567138671875]]  lables [2]
outputs [[0.4046007990837097, 0.5901407599449158, 0.005258450284600258]]  lables [1]
outputs [[0.1204625591635704, 0.007142491638660431, 0.8723949790000916]]  lables [0]
outputs [[0.0011433676118031144, 0.9985402822494507, 0.0003163195797242224]]  lables [1]
outputs [[0.08976344764232635, 0.022210408002138138, 0.8880261778831482]]  lables [2]
outputs [[0.22357796132564545, 0.012090361677110195, 0.7643316388130188]]  lables [2]
outputs [[0.06682849675416946, 0.8830296993255615, 0.05014178901910782]]  lables [1]
outputs [[7.604301936225966e-05, 0.9998422861099243, 8.164117025444284e-05]]  lables [1]
outputs [[0.22519072890281677, 0.02993040718138218, 0.7448788285255432]]  lables [2]
outputs [[0.03299688920378685, 0.0084712915122509, 0.9585317373275757]]  lables [1]
outputs [[0.04359888285398483, 0.012924897484481335, 0.9434762597084045]]  lables [2]
outputs [[0.4391860365867615, 0.007678059861063957, 0.5531359314918518]]  lables [0]
outputs [[0.6003122329711914, 0.18738864362239838, 0.212299183011055]]  lables [1]
outputs [[0.04405888542532921, 0.008300069719552994, 0.9476410746574402]]  lables [2]
outputs [[0.12833093106746674, 0.018749136477708817, 0.85291987657547]]  lables [0]
outputs [[0.0001411513367202133, 0.9997757077217102, 8.317434549098834e-05]]  lables [1]
outputs [[0.0011068286839872599, 0.9983371496200562, 0.0005560243153013289]]  lables [1]
outputs [[0.09052019566297531, 0.033215805888175964, 0.8762639760971069]]  lables [1]
outputs [[0.3598736822605133, 0.015345193445682526, 0.62478107213974]]  lables [1]
outputs [[0.7186620235443115, 0.016950059682130814, 0.26438796520233154]]  lables [0]
outputs [[0.6498720049858093, 0.028620680794119835, 0.32150739431381226]]  lables [0]
outputs [[0.07967471331357956, 0.009239046834409237, 0.9110862612724304]]  lables [0]
outputs [[0.0687117874622345, 0.06433813273906708, 0.8669500946998596]]  lables [2]
outputs [[0.9921378493309021, 0.0008228559163399041, 0.007039361167699099]]  lables [0]
outputs [[0.2764124870300293, 0.012023410759866238, 0.7115640640258789]]  lables [0]
outputs [[0.6050196886062622, 0.00696450425311923, 0.38801583647727966]]  lables [2]
outputs [[0.1080816388130188, 0.8647845983505249, 0.027133682742714882]]  lables [1]
outputs [[0.039088647812604904, 0.009028162807226181, 0.9518831968307495]]  lables [2]
outputs [[0.001861692639067769, 0.9970812201499939, 0.001057057292200625]]  lables [1]
outputs [[5.8349291066406295e-05, 0.9998094439506531, 0.00013225454313214868]]  lables [1]
outputs [[0.08185136318206787, 0.02241917885839939, 0.8957294821739197]]  lables [1]
outputs [[0.531814694404602, 0.016695138067007065, 0.4514901638031006]]  lables [2]
outputs [[0.0033831053879112005, 0.988311231136322, 0.008305637165904045]]  lables [1]
outputs [[0.3494567573070526, 0.04425584152340889, 0.60628741979599]]  lables [2]
outputs [[0.34934499859809875, 0.03495839983224869, 0.6156966090202332]]  lables [2]
outputs [[0.07091143727302551, 0.9058154225349426, 0.02327309362590313]]  lables [1]
outputs [[0.47136905789375305, 0.005362227093428373, 0.5232686996459961]]  lables [2]
outputs [[0.997053861618042, 0.0005737746832892299, 0.0023724036291241646]]  lables [0]
outputs [[0.0001247637119377032, 0.99928218126297, 0.0005930950865149498]]  lables [1]
outputs [[0.2471282184123993, 0.004919208586215973, 0.7479525804519653]]  lables [2]
outputs [[0.06772072613239288, 0.009775579907000065, 0.9225037693977356]]  lables [2]
outputs [[0.9934130311012268, 0.0003493496624287218, 0.00623762421309948]]  lables [0]
outputs [[0.6932379007339478, 0.21194545924663544, 0.094816654920578]]  lables [1]
outputs [[0.15666311979293823, 0.02777543105185032, 0.8155615329742432]]  lables [2]
outputs [[0.6653552055358887, 0.012868481688201427, 0.32177630066871643]]  lables [0]
outputs [[0.5144947171211243, 0.020302535966038704, 0.46520277857780457]]  lables [2]
outputs [[0.8869871497154236, 0.005550757981836796, 0.10746214538812637]]  lables [0]
outputs [[0.09140647202730179, 0.00825158879160881, 0.9003419876098633]]  lables [1]
outputs [[0.6960711479187012, 0.009539385326206684, 0.2943894565105438]]  lables [0]
outputs [[0.37623363733291626, 0.030015677213668823, 0.5937507152557373]]  lables [0]
outputs [[0.9638693332672119, 0.0008115475066006184, 0.035319119691848755]]  lables [2]
outputs [[0.9936063289642334, 0.000496956636197865, 0.005896710325032473]]  lables [1]
outputs [[0.3511812388896942, 0.019923191517591476, 0.6288955807685852]]  lables [2]
outputs [[0.6100438237190247, 0.026235325261950493, 0.3637208640575409]]  lables [0]
outputs [[0.00338757480494678, 0.9904066920280457, 0.006205752491950989]]  lables [1]
outputs [[0.20571599900722504, 0.052734799683094025, 0.7415491938591003]]  lables [1]
outputs [[0.9585663676261902, 0.006877914536744356, 0.034555744379758835]]  lables [0]
outputs [[0.014933209866285324, 0.9665449857711792, 0.018521858379244804]]  lables [1]
outputs [[0.09415415674448013, 0.005931107327342033, 0.8999146819114685]]  lables [0]
outputs [[0.9931020736694336, 0.001187311252579093, 0.00571060087531805]]  lables [0]
outputs [[0.9439547657966614, 0.0017958140233531594, 0.05424939841032028]]  lables [2]
outputs [[0.7533426880836487, 0.022446228191256523, 0.22421103715896606]]  lables [0]
outputs [[0.6839861869812012, 0.021150797605514526, 0.2948629558086395]]  lables [0]
outputs [[0.311007559299469, 0.027756329625844955, 0.6612361073493958]]  lables [2]
outputs [[0.9188358187675476, 0.003321312600746751, 0.07784286141395569]]  lables [0]
outputs [[0.3210439085960388, 0.025022732093930244, 0.6539333462715149]]  lables [2]
outputs [[0.2732316255569458, 0.08420150727033615, 0.6425669193267822]]  lables [0]
outputs [[0.34909167885780334, 0.020687881857156754, 0.6302204132080078]]  lables [1]
outputs [[0.0013174042105674744, 0.9974954724311829, 0.0011871285969391465]]  lables [1]
outputs [[0.40103551745414734, 0.019192269071936607, 0.5797722339630127]]  lables [1]
outputs [[0.7550306916236877, 0.027970241382718086, 0.2169991135597229]]  lables [1]
outputs [[0.14087268710136414, 0.018865227699279785, 0.8402619957923889]]  lables [2]
outputs [[0.6154758930206299, 0.030012222006917, 0.35451188683509827]]  lables [2]
outputs [[0.8081225156784058, 0.021684521809220314, 0.17019298672676086]]  lables [0]
outputs [[0.10625655949115753, 0.007616558577865362, 0.8861268758773804]]  lables [2]
outputs [[0.5361276865005493, 0.013543173670768738, 0.4503292143344879]]  lables [2]
outputs [[0.9993529915809631, 0.00032624584855511785, 0.0003207421978004277]]  lables [0]
outputs [[0.62745600938797, 0.034275203943252563, 0.33826878666877747]]  lables [0]
outputs [[0.10974009335041046, 0.03382130339741707, 0.8564385175704956]]  lables [2]
outputs [[0.1490849405527115, 0.7333098649978638, 0.11760517954826355]]  lables [1]
outputs [[0.09866590052843094, 0.032102737575769424, 0.8692312836647034]]  lables [2]
outputs [[0.035545479506254196, 0.9597746729850769, 0.004679923877120018]]  lables [1]
outputs [[0.08095930516719818, 0.048502519726753235, 0.8705382347106934]]  lables [1]
outputs [[0.7701575756072998, 0.020849628373980522, 0.20899276435375214]]  lables [0]
outputs [[0.09544257074594498, 0.017844339832663536, 0.8867130875587463]]  lables [2]
outputs [[0.1246604472398758, 0.00848363433033228, 0.8668559193611145]]  lables [2]
outputs [[0.31582242250442505, 0.008511844091117382, 0.6756657361984253]]  lables [2]
outputs [[0.283281534910202, 0.6681655049324036, 0.04855300113558769]]  lables [1]
outputs [[0.0815759226679802, 0.014934135600924492, 0.903489887714386]]  lables [2]
outputs [[0.9951140880584717, 0.0006186736864037812, 0.004267234820872545]]  lables [0]
outputs [[0.04103829339146614, 0.9034979343414307, 0.05546374246478081]]  lables [1]
outputs [[0.006374297197908163, 0.988654613494873, 0.004971077665686607]]  lables [1]
outputs [[0.010006886906921864, 0.9359928965568542, 0.05400025472044945]]  lables [0]
outputs [[0.1925462782382965, 0.015059188939630985, 0.7923945188522339]]  lables [0]
outputs [[0.054505959153175354, 0.0117378830909729, 0.9337561130523682]]  lables [2]
outputs [[0.8704272508621216, 0.002093682298436761, 0.12747901678085327]]  lables [0]
outputs [[0.4527744948863983, 0.02038906328380108, 0.5268364548683167]]  lables [1]
outputs [[0.017478113994002342, 0.01381907518953085, 0.9687027931213379]]  lables [2]
outputs [[0.39760878682136536, 0.012719939462840557, 0.58967125415802]]  lables [0]
outputs [[0.010610966011881828, 0.9336289167404175, 0.055760107934474945]]  lables [1]
outputs [[0.0015925393672659993, 0.9940081834793091, 0.004399266093969345]]  lables [1]
outputs [[0.04338144138455391, 0.00647216010838747, 0.9501464366912842]]  lables [2]
outputs [[0.21488258242607117, 0.08041339367628098, 0.7047041058540344]]  lables [0]
outputs [[0.2470213919878006, 0.021190941333770752, 0.7317876815795898]]  lables [2]
outputs [[0.40444833040237427, 0.011595345102250576, 0.5839563012123108]]  lables [2]
outputs [[0.4914344847202301, 0.01408276055008173, 0.49448275566101074]]  lables [0]
outputs [[0.8315205574035645, 0.010551820509135723, 0.15792760252952576]]  lables [0]
outputs [[0.46951282024383545, 0.015188966877758503, 0.5152982473373413]]  lables [1]
outputs [[0.999451220035553, 0.0001083886600099504, 0.00044033743324689567]]  lables [0]
outputs [[0.32811763882637024, 0.025401173159480095, 0.6464812159538269]]  lables [1]
outputs [[0.11529699712991714, 0.01174259651452303, 0.8729603886604309]]  lables [2]
outputs [[0.16866560280323029, 0.0467224158346653, 0.7846119999885559]]  lables [1]
outputs [[0.8234362006187439, 0.004200437106192112, 0.17236338555812836]]  lables [2]
outputs [[0.3530808687210083, 0.21526165306568146, 0.43165743350982666]]  lables [1]
outputs [[0.999737560749054, 0.0001254564122064039, 0.00013698766997549683]]  lables [0]
outputs [[0.010243560187518597, 0.9217925667762756, 0.06796388328075409]]  lables [1]
outputs [[0.008550962433218956, 0.9855603575706482, 0.005888698622584343]]  lables [1]
outputs [[0.15894967317581177, 0.03234011307358742, 0.8087102174758911]]  lables [2]
outputs [[0.4968559145927429, 0.04930586740374565, 0.45383819937705994]]  lables [0]
outputs [[0.9984776377677917, 0.0007922231452539563, 0.0007301476434804499]]  lables [0]
outputs [[0.13718971610069275, 0.012144195847213268, 0.8506661057472229]]  lables [2]
outputs [[0.28348061442375183, 0.02529340796172619, 0.6912259459495544]]  lables [2]
outputs [[0.08179628103971481, 0.02550298534333706, 0.892700731754303]]  lables [0]
outputs [[0.5681532025337219, 0.018634915351867676, 0.413211852312088]]  lables [0]
outputs [[0.9399679899215698, 0.005716830492019653, 0.054315194487571716]]  lables [2]
outputs [[0.07023835927248001, 0.028072910383343697, 0.9016887545585632]]  lables [1]
outputs [[0.5563766956329346, 0.02484206110239029, 0.41878122091293335]]  lables [1]
outputs [[1.9822729882434942e-05, 0.9999606609344482, 1.9562590750865638e-05]]  lables [1]
outputs [[0.27617698907852173, 0.06151788309216499, 0.6623051166534424]]  lables [2]
outputs [[0.2558811902999878, 0.012431584298610687, 0.7316871881484985]]  lables [0]
outputs [[0.18700915575027466, 0.09490221738815308, 0.7180886268615723]]  lables [0]
outputs [[0.04868999868631363, 0.013907914981245995, 0.9374021291732788]]  lables [2]
outputs [[0.08385586738586426, 0.036483146250247955, 0.879660964012146]]  lables [1]
outputs [[0.054019805043935776, 0.035565830767154694, 0.9104142785072327]]  lables [2]
outputs [[0.9592952132225037, 0.004359269980341196, 0.03634551540017128]]  lables [0]
outputs [[0.2699337601661682, 0.027180375531315804, 0.7028859257698059]]  lables [2]
outputs [[0.35117673873901367, 0.009081262163817883, 0.6397420167922974]]  lables [2]
outputs [[0.9991636276245117, 0.0002532143553253263, 0.0005831279559060931]]  lables [0]
outputs [[0.09274426847696304, 0.03202647343277931, 0.8752291798591614]]  lables [2]
outputs [[0.29453912377357483, 0.024177314713597298, 0.6812835931777954]]  lables [2]
outputs [[0.18595609068870544, 0.016793332993984222, 0.7972505688667297]]  lables [1]
outputs [[0.016789276152849197, 0.944216787815094, 0.03899393603205681]]  lables [1]
outputs [[0.7163384556770325, 0.018513992428779602, 0.2651475667953491]]  lables [0]
outputs [[0.663174033164978, 0.018786221742630005, 0.3180397152900696]]  lables [1]
outputs [[0.4849454164505005, 0.03145698457956314, 0.48359763622283936]]  lables [2]
outputs [[0.521769106388092, 0.012262226082384586, 0.46596866846084595]]  lables [2]
outputs [[0.9767292737960815, 0.000989337801001966, 0.022281352430582047]]  lables [0]
outputs [[0.011335361748933792, 0.9852893948554993, 0.0033753016032278538]]  lables [1]
outputs [[0.06292306631803513, 0.026475384831428528, 0.9106015563011169]]  lables [0]
outputs [[0.0008440125966444612, 0.9987888932228088, 0.00036706766695715487]]  lables [1]
outputs [[0.14437659084796906, 0.027013730257749557, 0.8286097645759583]]  lables [2]
outputs [[0.2050481140613556, 0.042376574128866196, 0.7525753378868103]]  lables [0]
outputs [[0.0016435376601293683, 0.9957677125930786, 0.0025887293741106987]]  lables [1]
outputs [[0.8735895752906799, 0.0128179881721735, 0.11359243839979172]]  lables [0]
outputs [[0.4291766583919525, 0.010250408202409744, 0.5605729222297668]]  lables [0]
outputs [[0.501986026763916, 0.011577742174267769, 0.4864361882209778]]  lables [0]
outputs [[0.41788676381111145, 0.07218575477600098, 0.50992751121521]]  lables [2]
outputs [[0.01589399203658104, 0.9495271444320679, 0.03457885608077049]]  lables [1]
outputs [[0.06647832691669464, 0.012449854053556919, 0.9210718274116516]]  lables [0]
outputs [[0.032567206770181656, 0.8938243985176086, 0.0736084058880806]]  lables [1]
outputs [[0.0017006469424813986, 0.9839432239532471, 0.014356094412505627]]  lables [1]
outputs [[0.37663793563842773, 0.012342091649770737, 0.6110199689865112]]  lables [0]
outputs [[0.9988282322883606, 0.00043250908493064344, 0.0007393148262053728]]  lables [0]
outputs [[0.0006494316621683538, 0.9965961575508118, 0.0027544009499251842]]  lables [1]
outputs [[0.09909935295581818, 0.014101359061896801, 0.8867992162704468]]  lables [0]
outputs [[0.30862075090408325, 0.008799468167126179, 0.6825798153877258]]  lables [1]
outputs [[0.004707401152700186, 0.9741774797439575, 0.02111509069800377]]  lables [1]
outputs [[0.07226835191249847, 0.016147499904036522, 0.9115841388702393]]  lables [2]
outputs [[0.22404985129833221, 0.011582260020077229, 0.764367938041687]]  lables [0]
outputs [[0.9886741042137146, 0.0021055955439805984, 0.009220320731401443]]  lables [0]
outputs [[0.0006499611772596836, 0.9979829788208008, 0.0013669830514118075]]  lables [1]
outputs [[0.5406302809715271, 0.014120145700871944, 0.4452495872974396]]  lables [0]
outputs [[0.29520779848098755, 0.023898055776953697, 0.6808941960334778]]  lables [0]
outputs [[0.008182409219443798, 0.9883947372436523, 0.00342286704108119]]  lables [1]
outputs [[0.05906275659799576, 0.8678132891654968, 0.0731239840388298]]  lables [1]
outputs [[0.09808140248060226, 0.03394099697470665, 0.8679776191711426]]  lables [2]
outputs [[0.007161795161664486, 0.9828793406486511, 0.009958787821233273]]  lables [1]
outputs [[0.4564305245876312, 0.0210920087993145, 0.5224775075912476]]  lables [1]
outputs [[0.6196016073226929, 0.013523549772799015, 0.36687493324279785]]  lables [0]
outputs [[0.0010886206291615963, 0.9984111785888672, 0.0005001825047656894]]  lables [1]
outputs [[0.8026993274688721, 0.00962692778557539, 0.18767373263835907]]  lables [0]
outputs [[0.0919940173625946, 0.04408109560608864, 0.8639249205589294]]  lables [2]
outputs [[0.4650095999240875, 0.02166048064827919, 0.5133298635482788]]  lables [1]
outputs [[0.10842236131429672, 0.011283542960882187, 0.8802940249443054]]  lables [2]
outputs [[0.8018172979354858, 0.004014124628156424, 0.19416853785514832]]  lables [0]
outputs [[0.1431882679462433, 0.010634137317538261, 0.8461775183677673]]  lables [1]
outputs [[0.024091806262731552, 0.9545912146568298, 0.02131699211895466]]  lables [1]
outputs [[0.27117201685905457, 0.03325328603386879, 0.6955746412277222]]  lables [2]
outputs [[0.05469879135489464, 0.011743737384676933, 0.933557391166687]]  lables [2]
outputs [[0.018673526123166084, 0.9411147832870483, 0.04021171107888222]]  lables [1]
outputs [[0.22439678013324738, 0.013986332342028618, 0.7616169452667236]]  lables [0]
outputs [[0.3807612657546997, 0.036741819232702255, 0.5824969410896301]]  lables [2]
outputs [[0.044060368090867996, 0.026901783421635628, 0.929037868976593]]  lables [2]
outputs [[0.3920081853866577, 0.02015882357954979, 0.5878329873085022]]  lables [0]
outputs [[0.0911724790930748, 0.015915919095277786, 0.8929116129875183]]  lables [2]
outputs [[0.13353580236434937, 0.03803945705294609, 0.8284246921539307]]  lables [2]
outputs [[0.0004805570933967829, 0.9988232254981995, 0.0006961716571822762]]  lables [1]
outputs [[0.9979990124702454, 0.0007701527210883796, 0.0012308701407164335]]  lables [0]
outputs [[0.9785957336425781, 0.002039604587480426, 0.01936456374824047]]  lables [1]
outputs [[0.00450920732691884, 0.9907541275024414, 0.004736651666462421]]  lables [1]
outputs [[0.16947484016418457, 0.050940945744514465, 0.7795841693878174]]  lables [0]
outputs [[0.051639460027217865, 0.007312586065381765, 0.9410479664802551]]  lables [2]
outputs [[0.9610258340835571, 0.014804770238697529, 0.024169381707906723]]  lables [0]
outputs [[0.22706660628318787, 0.010851274244487286, 0.7620821595191956]]  lables [2]
outputs [[0.5834318995475769, 0.366830974817276, 0.049737147986888885]]  lables [1]
outputs [[0.9558578133583069, 0.002124183112755418, 0.042017992585897446]]  lables [0]
outputs [[0.4494028687477112, 0.013297836296260357, 0.5372993350028992]]  lables [1]
outputs [[0.08552379906177521, 0.012079467996954918, 0.9023967385292053]]  lables [0]
outputs [[0.8706729412078857, 0.022621752694249153, 0.10670530050992966]]  lables [0]
outputs [[0.4796801805496216, 0.006467856466770172, 0.5138520002365112]]  lables [0]
outputs [[0.05718527361750603, 0.01852710358798504, 0.924287736415863]]  lables [2]
outputs [[0.08602523803710938, 0.15415386855602264, 0.7598208785057068]]  lables [2]
outputs [[0.0761304646730423, 0.013993545435369015, 0.9098759889602661]]  lables [1]
outputs [[0.8523415327072144, 0.07050502300262451, 0.0771535113453865]]  lables [1]
outputs [[0.00029331957921385765, 0.9989838004112244, 0.0007228768081404269]]  lables [1]
outputs [[0.07541470974683762, 0.8303224444389343, 0.09426283091306686]]  lables [1]
outputs [[0.09986989945173264, 0.010110101662576199, 0.890019953250885]]  lables [2]
outputs [[0.7389553189277649, 0.031595274806022644, 0.22944940626621246]]  lables [0]
outputs [[0.3064117729663849, 0.031981054693460464, 0.6616071462631226]]  lables [0]
Train - epoch: 0 batch: 2 loss: 1.158911943435669
outputs [[0.014261565171182156, 0.921524167060852, 0.06421425193548203]]  lables [1]
outputs [[0.1422644704580307, 0.027171196416020393, 0.8305643200874329]]  lables [0]
outputs [[0.4686499834060669, 0.017568785697221756, 0.5137812495231628]]  lables [0]
outputs [[0.010033680126070976, 0.9450686573982239, 0.04489767178893089]]  lables [1]
outputs [[0.00036532030208036304, 0.997628390789032, 0.0020063447300344706]]  lables [1]
outputs [[0.9615535736083984, 0.001868709223344922, 0.036577705293893814]]  lables [0]
outputs [[0.9912146329879761, 0.0010452806018292904, 0.007740117609500885]]  lables [0]
outputs [[0.0517251119017601, 0.8424174785614014, 0.10585745424032211]]  lables [1]
outputs [[0.22995944321155548, 0.040759552270174026, 0.7292810082435608]]  lables [0]
outputs [[0.08061675727367401, 0.01769890822470188, 0.9016842842102051]]  lables [0]
outputs [[0.6733598709106445, 0.05542745813727379, 0.27121269702911377]]  lables [0]
outputs [[0.7998296618461609, 0.01911120116710663, 0.18105916678905487]]  lables [0]
outputs [[0.996126115322113, 0.0009388072066940367, 0.0029351157136261463]]  lables [1]
outputs [[0.5649579763412476, 0.013577339239418507, 0.4214646816253662]]  lables [1]
outputs [[0.36561185121536255, 0.02492646686732769, 0.6094616651535034]]  lables [2]
outputs [[0.12755921483039856, 0.018418800085783005, 0.8540220260620117]]  lables [2]
outputs [[0.0013194754719734192, 0.9977260231971741, 0.000954457267653197]]  lables [1]
outputs [[0.47012951970100403, 0.009009054861962795, 0.5208613872528076]]  lables [2]
outputs [[0.9962743520736694, 0.001980512635782361, 0.0017451223684474826]]  lables [0]
outputs [[0.20155055820941925, 0.04054795950651169, 0.7579014897346497]]  lables [2]
outputs [[0.08875817805528641, 0.005577221978455782, 0.9056646227836609]]  lables [2]
outputs [[0.0013994770124554634, 0.9942833781242371, 0.004317073617130518]]  lables [1]
outputs [[0.07070257514715195, 0.05449321120977402, 0.8748042583465576]]  lables [1]
outputs [[0.03731805831193924, 0.014785013161599636, 0.9478968977928162]]  lables [2]
outputs [[0.3719474971294403, 0.021906442940235138, 0.6061460375785828]]  lables [2]
outputs [[0.408113032579422, 0.015094749629497528, 0.5767921805381775]]  lables [0]
outputs [[0.7704378366470337, 0.04044392704963684, 0.18911822140216827]]  lables [0]
outputs [[0.33651381731033325, 0.011013643816113472, 0.6524724364280701]]  lables [0]
outputs [[0.03759463503956795, 0.04859349876642227, 0.9138119220733643]]  lables [2]
outputs [[0.2558932304382324, 0.021736443042755127, 0.7223702669143677]]  lables [0]
outputs [[0.6288644671440125, 0.014573682099580765, 0.3565618097782135]]  lables [0]
outputs [[0.10213954746723175, 0.014867237769067287, 0.8829931616783142]]  lables [2]
outputs [[0.2955676317214966, 0.02778008207678795, 0.6766522526741028]]  lables [2]
outputs [[0.39832550287246704, 0.10601392388343811, 0.4956606328487396]]  lables [1]
outputs [[0.5710937976837158, 0.014899639412760735, 0.4140065908432007]]  lables [0]
outputs [[0.8343255519866943, 0.011772936210036278, 0.15390150249004364]]  lables [1]
outputs [[0.6865536570549011, 0.03393683582544327, 0.27950945496559143]]  lables [2]
outputs [[0.09019030630588531, 0.02279200591146946, 0.8870177268981934]]  lables [0]
outputs [[0.6303246021270752, 0.008927915245294571, 0.3607475161552429]]  lables [1]
outputs [[0.8588091135025024, 0.007943768985569477, 0.13324707746505737]]  lables [0]
outputs [[0.831852376461029, 0.01037121657282114, 0.15777644515037537]]  lables [0]
outputs [[0.9128714799880981, 0.006205826532095671, 0.08092264831066132]]  lables [0]
outputs [[0.28870704770088196, 0.020344316959381104, 0.6909486055374146]]  lables [1]
outputs [[0.5209264755249023, 0.01602940633893013, 0.4630441665649414]]  lables [0]
outputs [[0.988075852394104, 0.0012164805084466934, 0.01070760190486908]]  lables [0]
outputs [[0.8550823926925659, 0.002073542680591345, 0.14284402132034302]]  lables [1]
outputs [[0.0029788268730044365, 0.9912552833557129, 0.005765875335782766]]  lables [1]
outputs [[0.032915592193603516, 0.01966453157365322, 0.9474198818206787]]  lables [2]
outputs [[0.22692890465259552, 0.012141725048422813, 0.7609294056892395]]  lables [2]
outputs [[0.7344765067100525, 0.2052440047264099, 0.060279492288827896]]  lables [1]
outputs [[0.031555015593767166, 0.008567456156015396, 0.9598775506019592]]  lables [2]
outputs [[0.021223559975624084, 0.9054450392723083, 0.07333143055438995]]  lables [1]
outputs [[0.35743606090545654, 0.016242776066064835, 0.6263211369514465]]  lables [2]
outputs [[0.11085905879735947, 0.018492216244339943, 0.8706486821174622]]  lables [2]
outputs [[0.5319620966911316, 0.04198365658521652, 0.4260542392730713]]  lables [2]
outputs [[0.9339858293533325, 0.003617070848122239, 0.06239698827266693]]  lables [0]
outputs [[0.013606301508843899, 0.9819843173027039, 0.004409417510032654]]  lables [1]
outputs [[0.11090456694364548, 0.02894645743072033, 0.860149085521698]]  lables [1]
outputs [[0.9591026306152344, 0.004981427453458309, 0.03591595217585564]]  lables [0]
outputs [[0.12148050218820572, 0.005612437147647142, 0.8729070425033569]]  lables [0]
outputs [[0.020647719502449036, 0.963803231716156, 0.0155490692704916]]  lables [1]
outputs [[0.24080796539783478, 0.01582159847021103, 0.7433704137802124]]  lables [1]
outputs [[0.20382201671600342, 0.007969461381435394, 0.788208544254303]]  lables [2]
outputs [[0.31786584854125977, 0.021388811990618706, 0.6607453227043152]]  lables [0]
outputs [[0.25311362743377686, 0.019982051104307175, 0.7269042730331421]]  lables [2]
outputs [[0.3622778058052063, 0.030579200014472008, 0.6071430444717407]]  lables [1]
outputs [[0.30188554525375366, 0.01185093354433775, 0.6862635612487793]]  lables [2]
outputs [[0.9996299743652344, 0.00019799053552560508, 0.00017212102829944342]]  lables [0]
outputs [[0.2818624675273895, 0.013070287182927132, 0.7050672769546509]]  lables [2]
outputs [[0.2393188625574112, 0.027161043137311935, 0.7335201501846313]]  lables [2]
outputs [[0.8812578320503235, 0.00426684832200408, 0.11447522789239883]]  lables [0]
outputs [[0.9985960125923157, 0.0006538539892062545, 0.0007500462816096842]]  lables [0]
outputs [[0.4711543917655945, 0.11222341656684875, 0.41662222146987915]]  lables [2]
outputs [[0.7060137987136841, 0.017725644633173943, 0.2762605845928192]]  lables [0]
outputs [[0.1008445993065834, 0.013488790951669216, 0.8856666684150696]]  lables [2]
outputs [[0.006143554579466581, 0.9126912355422974, 0.08116519451141357]]  lables [1]
outputs [[0.8034845590591431, 0.016978919506072998, 0.17953644692897797]]  lables [0]
outputs [[0.9931651949882507, 0.00033258378971368074, 0.00650222972035408]]  lables [0]
outputs [[0.053461041301488876, 0.006389668211340904, 0.9401493072509766]]  lables [0]
outputs [[0.4281460642814636, 0.03627261146903038, 0.5355813503265381]]  lables [2]
outputs [[0.023372989147901535, 0.9261881113052368, 0.05043892189860344]]  lables [1]
outputs [[0.7527288198471069, 0.005639041308313608, 0.24163217842578888]]  lables [2]
outputs [[0.0031754542142152786, 0.9953155517578125, 0.0015090147498995066]]  lables [1]
outputs [[0.9994993209838867, 0.00012172161223134026, 0.0003789521870203316]]  lables [0]
outputs [[0.11317566782236099, 0.011613636277616024, 0.8752106428146362]]  lables [2]
outputs [[0.8196693658828735, 0.032912466675043106, 0.14741812646389008]]  lables [0]
outputs [[0.23546355962753296, 0.4309484362602234, 0.3335880637168884]]  lables [2]
outputs [[0.003337870119139552, 0.9938522577285767, 0.002809897530823946]]  lables [1]
outputs [[0.9274634122848511, 0.005288989283144474, 0.0672476589679718]]  lables [0]
outputs [[0.03793815150856972, 0.02760201506316662, 0.9344598650932312]]  lables [0]
outputs [[0.2574596703052521, 0.028685227036476135, 0.7138551473617554]]  lables [2]
outputs [[0.0908661037683487, 0.008331268094480038, 0.9008026123046875]]  lables [0]
outputs [[0.7032195329666138, 0.006947805639356375, 0.2898327112197876]]  lables [0]
outputs [[0.001852112472988665, 0.9960540533065796, 0.0020938036032021046]]  lables [1]
outputs [[0.17272283136844635, 0.052320968359708786, 0.7749561071395874]]  lables [0]
outputs [[0.30045759677886963, 0.011485653929412365, 0.6880567073822021]]  lables [2]
outputs [[0.057223428040742874, 0.007793917786329985, 0.9349825978279114]]  lables [0]
outputs [[0.13408465683460236, 0.006690253969281912, 0.8592250943183899]]  lables [2]
outputs [[0.07464344799518585, 0.016139768064022064, 0.9092167019844055]]  lables [2]
outputs [[0.13882197439670563, 0.0062894057482481, 0.8548886179924011]]  lables [2]
outputs [[0.08569233864545822, 0.042244188487529755, 0.8720634579658508]]  lables [1]
outputs [[0.15647298097610474, 0.024868274107575417, 0.8186586499214172]]  lables [2]
outputs [[0.9303834438323975, 0.005380233749747276, 0.06423629820346832]]  lables [0]
outputs [[0.07054179161787033, 0.008150111883878708, 0.9213079810142517]]  lables [2]
outputs [[0.7282836437225342, 0.01805104874074459, 0.2536652982234955]]  lables [1]
outputs [[0.39190563559532166, 0.4789758622646332, 0.12911845743656158]]  lables [1]
outputs [[0.4022492468357086, 0.017886126413941383, 0.5798646211624146]]  lables [2]
outputs [[0.010136359371244907, 0.8785755038261414, 0.11128812283277512]]  lables [1]
outputs [[0.9178652167320251, 0.016594938933849335, 0.0655399039387703]]  lables [0]
outputs [[0.304995059967041, 0.00725974328815937, 0.687745213508606]]  lables [1]
outputs [[0.9998013377189636, 5.765133028035052e-05, 0.00014100424596108496]]  lables [0]
outputs [[0.2131769210100174, 0.03566507622599602, 0.7511579990386963]]  lables [2]
outputs [[0.9964407086372375, 0.000327237939927727, 0.0032320674508810043]]  lables [0]
outputs [[0.5276774764060974, 0.025118185207247734, 0.4472043812274933]]  lables [0]
outputs [[0.4756529629230499, 0.014860555529594421, 0.5094864964485168]]  lables [0]
outputs [[0.29090362787246704, 0.031292904168367386, 0.6778034567832947]]  lables [1]
outputs [[0.07681331038475037, 0.014881792478263378, 0.9083048701286316]]  lables [0]
outputs [[0.8993204236030579, 0.0029677061829715967, 0.09771186113357544]]  lables [0]
outputs [[0.0014605455799028277, 0.9936826229095459, 0.004856891930103302]]  lables [1]
outputs [[0.9962032437324524, 0.0005818623467348516, 0.0032148801255971193]]  lables [0]
outputs [[0.06650795042514801, 0.018280386924743652, 0.9152116179466248]]  lables [0]
outputs [[0.2685709297657013, 0.054224442690610886, 0.6772046685218811]]  lables [0]
outputs [[0.9928866028785706, 0.001785525237210095, 0.005327885039150715]]  lables [0]
outputs [[0.0007259440026246011, 0.9983025789260864, 0.0009714348125271499]]  lables [1]
outputs [[0.016506461426615715, 0.7913930416107178, 0.19210045039653778]]  lables [1]
outputs [[0.0004589310847222805, 0.9987720847129822, 0.0007690231432206929]]  lables [1]
outputs [[0.4771115779876709, 0.016808506101369858, 0.5060798525810242]]  lables [2]
outputs [[0.9918928146362305, 0.0010768761858344078, 0.0070303636603057384]]  lables [2]
outputs [[0.4979790151119232, 0.052863411605358124, 0.44915759563446045]]  lables [0]
outputs [[0.29646065831184387, 0.03355170413851738, 0.6699876189231873]]  lables [0]
outputs [[0.008997444063425064, 0.9776427745819092, 0.01335981022566557]]  lables [1]
outputs [[0.9966000914573669, 0.0007227365276776254, 0.00267728790640831]]  lables [0]
outputs [[0.6611166000366211, 0.0361730195581913, 0.3027103841304779]]  lables [0]
outputs [[0.0020948085002601147, 0.996552586555481, 0.001352630672045052]]  lables [1]
outputs [[0.06107550486922264, 0.010089806281030178, 0.9288346767425537]]  lables [0]
outputs [[0.25064730644226074, 0.15198345482349396, 0.5973692536354065]]  lables [0]
outputs [[0.7562066316604614, 0.015413349494338036, 0.2283799946308136]]  lables [0]
outputs [[0.13137774169445038, 0.011052269488573074, 0.8575700521469116]]  lables [1]
outputs [[0.2151496410369873, 0.014872513711452484, 0.7699778079986572]]  lables [0]
outputs [[0.01728164590895176, 0.9764769673347473, 0.006241333670914173]]  lables [1]
outputs [[0.3286077678203583, 0.045031193643808365, 0.626361072063446]]  lables [2]
outputs [[0.07495447993278503, 0.45299169421195984, 0.47205376625061035]]  lables [2]
outputs [[0.1552024483680725, 0.00538490479812026, 0.8394126296043396]]  lables [1]
outputs [[0.3871276378631592, 0.07470279186964035, 0.5381696224212646]]  lables [1]
outputs [[0.08886756002902985, 0.0041321986354887486, 0.9070001840591431]]  lables [2]
outputs [[0.06708388775587082, 0.033589646220207214, 0.8993263840675354]]  lables [2]
outputs [[0.5544775724411011, 0.040854111313819885, 0.40466830134391785]]  lables [1]
outputs [[0.15070517361164093, 0.02518974058330059, 0.8241050243377686]]  lables [0]
outputs [[0.06553277373313904, 0.017485741525888443, 0.9169814586639404]]  lables [2]
outputs [[0.5866637229919434, 0.09457875788211823, 0.3187575340270996]]  lables [2]
outputs [[0.5616341829299927, 0.012363406829535961, 0.4260023832321167]]  lables [0]
outputs [[0.6125307679176331, 0.05544622987508774, 0.33202293515205383]]  lables [2]
outputs [[0.8889058232307434, 0.004309989977627993, 0.10678419470787048]]  lables [0]
outputs [[0.9853905439376831, 0.00446857325732708, 0.010140914469957352]]  lables [0]
outputs [[0.11607708781957626, 0.050161998718976974, 0.8337609171867371]]  lables [2]
outputs [[0.9300788640975952, 0.0034451500978320837, 0.0664759948849678]]  lables [1]
outputs [[0.22689266502857208, 0.024156607687473297, 0.748950719833374]]  lables [2]
outputs [[0.0012387611204758286, 0.9973043203353882, 0.0014569381019100547]]  lables [1]
outputs [[0.2407146841287613, 0.019740939140319824, 0.7395444512367249]]  lables [0]
outputs [[0.36776435375213623, 0.044299304485321045, 0.5879364013671875]]  lables [0]
outputs [[0.9938389658927917, 0.0009152944548986852, 0.005245750769972801]]  lables [0]
outputs [[0.20435085892677307, 0.03377782925963402, 0.7618712782859802]]  lables [2]
