Model loaded from:  /gscratch/stf/jgershon/experiments/medium_width_drop15v0/save_model/model_3500.pt
Device chosen:  cpu
Number of parameters:  157463
Train - example: 0 loss: 1.0293610095977783
Train - example: 1 loss: 1.0279179811477661
Train - example: 2 loss: 1.0908807516098022
Train - example: 3 loss: 1.0625344514846802
Train - example: 4 loss: 0.9887842535972595
Train - example: 5 loss: 1.0275155305862427
Train - example: 6 loss: 1.0409094095230103
Train - example: 7 loss: 1.0175575017929077
Train - example: 8 loss: 1.0217241048812866
Train - example: 9 loss: 1.0378047227859497
Train - example: 10 loss: 1.0350778102874756
Train - example: 11 loss: 1.0517158508300781
Train - example: 12 loss: 1.102271318435669
Train - example: 13 loss: 1.0499097108840942
Train - example: 14 loss: 1.0405585765838623
Train - example: 15 loss: 1.001845121383667
Train - example: 16 loss: 1.073867678642273
Train - example: 17 loss: 1.0493065118789673
Train - example: 18 loss: 1.0146836042404175
Train - example: 19 loss: 1.0289604663848877
Train - example: 20 loss: 1.0477015972137451
Train - example: 21 loss: 1.0236029624938965
Train - example: 22 loss: 1.081953763961792
Train - example: 23 loss: 1.0639015436172485
Train - example: 24 loss: 1.0329551696777344
Train - example: 25 loss: 1.0194332599639893
Train - example: 26 loss: 0.9567806124687195
Train - example: 27 loss: 1.0186856985092163
Train - example: 28 loss: 0.9816738367080688
Train - example: 29 loss: 0.9912528991699219
Train - example: 30 loss: 1.0445027351379395
Train - example: 31 loss: 1.0514416694641113
Train - example: 32 loss: 1.0338724851608276
Train - example: 33 loss: 1.0637750625610352
Train - example: 34 loss: 1.0045489072799683
Train - example: 35 loss: 1.0745171308517456
Train - example: 36 loss: 1.025478482246399
Train - example: 37 loss: 1.1040462255477905
Train - example: 38 loss: 1.04808509349823
Train - example: 39 loss: 1.0391221046447754
Train - example: 40 loss: 1.0210331678390503
Train - example: 41 loss: 1.0417672395706177
Train - example: 42 loss: 1.0081843137741089
Train - example: 43 loss: 1.0334590673446655
Train - example: 44 loss: 1.034448266029358
Train - example: 45 loss: 1.0077711343765259
Train - example: 46 loss: 0.9875161647796631
Train - example: 47 loss: 0.9855554103851318
Train - example: 48 loss: 1.0386744737625122
Train - example: 49 loss: 1.0039342641830444
Train - example: 50 loss: 1.0457252264022827
Train - example: 51 loss: 1.029077410697937
Train - example: 52 loss: 1.0694000720977783
Train - example: 53 loss: 1.0137662887573242
Train - example: 54 loss: 0.9987564086914062
Train - example: 55 loss: 1.0208832025527954
Train - example: 56 loss: 1.070927381515503
Train - example: 57 loss: 1.0483626127243042
Train - example: 58 loss: 1.102641224861145
Train - example: 59 loss: 1.0583224296569824
Train - example: 60 loss: 0.9705004692077637
Train - example: 61 loss: 1.0801692008972168
Train - example: 62 loss: 1.080573558807373
Train - example: 63 loss: 1.0762982368469238
Train - example: 64 loss: 1.0575177669525146
Train - example: 65 loss: 0.9940615296363831
Train - example: 66 loss: 1.0582537651062012
Train - example: 67 loss: 1.039781928062439
Train - example: 68 loss: 1.0795880556106567
Train - example: 69 loss: 1.0002508163452148
Train - example: 70 loss: 0.9813017249107361
Train - example: 71 loss: 1.0584360361099243
Train - example: 72 loss: 0.9996885061264038
Train - example: 73 loss: 1.0829379558563232
Train - example: 74 loss: 1.0000343322753906
Train - example: 75 loss: 1.0714620351791382
Train - example: 76 loss: 1.0400300025939941
Train - example: 77 loss: 1.0440136194229126
Train - example: 78 loss: 1.024327039718628
Train - example: 79 loss: 1.0321614742279053
Train - example: 80 loss: 1.0424261093139648
Train - example: 81 loss: 1.0574473142623901
Train - example: 82 loss: 1.0612571239471436
Train - example: 83 loss: 1.0468233823776245
Train - example: 84 loss: 1.0245850086212158
Train - example: 85 loss: 1.0000371932983398
Train - example: 86 loss: 1.050939917564392
Train - example: 87 loss: 1.0071656703948975
Train - example: 88 loss: 1.0068211555480957
Train - example: 89 loss: 1.0437928438186646
Train - example: 90 loss: 1.0294345617294312
Train - example: 91 loss: 1.0572595596313477
Train - example: 92 loss: 1.0449010133743286
Train - example: 93 loss: 1.0254207849502563
Train - example: 94 loss: 1.0519671440124512
Train - example: 95 loss: 1.035589337348938
Train - example: 96 loss: 1.0238932371139526
Train - example: 97 loss: 1.014565348625183
Train - example: 98 loss: 0.9910881519317627
Train - example: 99 loss: 0.9811004400253296
Train - example: 100 loss: 1.0031180381774902
Train - example: 101 loss: 1.018739938735962
Train - example: 102 loss: 1.0381474494934082
Train - example: 103 loss: 1.034928321838379
Train - example: 104 loss: 1.0333393812179565
Train - example: 105 loss: 1.0378800630569458
Train - example: 106 loss: 1.0018390417099
Train - example: 107 loss: 0.9646276831626892
Train - example: 108 loss: 1.0454694032669067
Train - example: 109 loss: 0.989176869392395
Train - example: 110 loss: 1.0457760095596313
Train - example: 111 loss: 1.060209035873413
Train - example: 112 loss: 1.0379490852355957
Train - example: 113 loss: 1.007806658744812
Train - example: 114 loss: 1.0329158306121826
Train - example: 115 loss: 0.9843237400054932
Train - example: 116 loss: 1.0189640522003174
Train - example: 117 loss: 1.0066440105438232
Train - example: 118 loss: 1.0228908061981201
Train - example: 119 loss: 1.0304899215698242
Train - example: 120 loss: 1.0136785507202148
Train - example: 121 loss: 0.9668726325035095
Train - example: 122 loss: 1.025048017501831
Train - example: 123 loss: 0.9971281290054321
Train - example: 124 loss: 0.9962771534919739
Train - example: 125 loss: 0.9990727305412292
Train - example: 126 loss: 0.9872081875801086
Train - example: 127 loss: 1.0515366792678833
Train - example: 128 loss: 1.0204381942749023
Train - example: 129 loss: 1.013018012046814
Train - example: 130 loss: 1.051608920097351
Train - example: 131 loss: 1.0365444421768188
Train - example: 132 loss: 1.0733586549758911
Train - example: 133 loss: 1.0418635606765747
Train - example: 134 loss: 1.0262185335159302
Train - example: 135 loss: 1.0541088581085205
Train - example: 136 loss: 1.0685925483703613
Train - example: 137 loss: 1.019940972328186
Train - example: 138 loss: 1.0630351305007935
Train - example: 139 loss: 1.0181727409362793
Train - example: 140 loss: 1.026169776916504
Train - example: 141 loss: 0.9913489818572998
Train - example: 142 loss: 0.9507517218589783
Train - example: 143 loss: 1.0207840204238892
Train - example: 144 loss: 1.0073527097702026
Train - example: 145 loss: 1.057529330253601
Train - example: 146 loss: 1.0704460144042969
Train - example: 147 loss: 1.0472042560577393
Train - example: 148 loss: 1.1210601329803467
Train - example: 149 loss: 1.0677454471588135
Train - example: 150 loss: 1.0178453922271729
Train - example: 151 loss: 1.005508542060852
Train - example: 152 loss: 0.9935761094093323
Train - example: 153 loss: 1.012362003326416
Train - example: 154 loss: 1.042945146560669
Train - example: 155 loss: 1.0491211414337158
Train - example: 156 loss: 1.052424669265747
Train - example: 157 loss: 1.0165292024612427
Train - example: 158 loss: 1.017419695854187
Train - example: 159 loss: 0.9681675434112549
Train - example: 160 loss: 1.0574440956115723
Train - example: 161 loss: 1.0383740663528442
Train - example: 162 loss: 1.0313639640808105
Train - example: 163 loss: 1.1031064987182617
Train - example: 164 loss: 1.0642510652542114
Train - example: 165 loss: 0.9824726581573486
Train - example: 166 loss: 1.0057621002197266
Train - example: 167 loss: 1.0019755363464355
Train - example: 168 loss: 1.0451977252960205
Train - example: 169 loss: 1.0336195230484009
Train - example: 170 loss: 1.1012126207351685
Train - example: 171 loss: 1.0700578689575195
Train - example: 172 loss: 1.0093421936035156
Train - example: 173 loss: 1.0094190835952759
Train - example: 174 loss: 1.0603179931640625
Train - example: 175 loss: 1.0410561561584473
Train - example: 176 loss: 1.033301591873169
Train - example: 177 loss: 1.0290695428848267
Train - example: 178 loss: 0.9897480607032776
Train - example: 179 loss: 1.0564203262329102
Train - example: 180 loss: 1.0055980682373047
Train - example: 181 loss: 1.0209885835647583
Train - example: 182 loss: 1.0484482049942017
Train - example: 183 loss: 0.9930412173271179
Train - example: 184 loss: 1.0328105688095093
Train - example: 185 loss: 1.0252779722213745
Train - example: 186 loss: 1.0193731784820557
Train - example: 187 loss: 1.0649104118347168
Train - example: 188 loss: 1.0315635204315186
Train - example: 189 loss: 1.0052874088287354
Train - example: 190 loss: 1.0007736682891846
Train - example: 191 loss: 1.0509618520736694
Train - example: 192 loss: 0.9882156848907471
Train - example: 193 loss: 1.0628844499588013
Train - example: 194 loss: 1.0007206201553345
Train - example: 195 loss: 1.0265387296676636
Train - example: 196 loss: 1.0879069566726685
Train - example: 197 loss: 1.0428680181503296
Train - example: 198 loss: 0.9974848031997681
Train - example: 199 loss: 0.9928018450737
Train - example: 200 loss: 1.0484734773635864
Train - example: 201 loss: 1.018715739250183
Train - example: 202 loss: 1.0318667888641357
Train - example: 203 loss: 1.0354013442993164
Train - example: 204 loss: 0.9583865404129028
Train - example: 205 loss: 1.0289604663848877
Train - example: 206 loss: 0.9984011650085449
Train - example: 207 loss: 1.0551156997680664
Train - example: 208 loss: 1.0757486820220947
Train - example: 209 loss: 1.0523866415023804
Train - example: 210 loss: 1.0856976509094238
Train - example: 211 loss: 1.0387557744979858
Train - example: 212 loss: 1.040734887123108
Train - example: 213 loss: 1.014614462852478
Train - example: 214 loss: 1.044834852218628
Train - example: 215 loss: 1.052765965461731
Train - example: 216 loss: 1.0580140352249146
Train - example: 217 loss: 1.0520271062850952
Train - example: 218 loss: 1.036479115486145
Train - example: 219 loss: 1.0844727754592896
Train - example: 220 loss: 1.036749005317688
Train - example: 221 loss: 1.0160406827926636
Train - example: 222 loss: 1.0435184240341187
Train - example: 223 loss: 1.009521722793579
Train - example: 224 loss: 0.9982299208641052
Train - example: 225 loss: 1.0489445924758911
Train - example: 226 loss: 1.013523817062378
Train - example: 227 loss: 0.9870286583900452
Train - example: 228 loss: 1.0637071132659912
Train - example: 229 loss: 0.9940917491912842
Train - example: 230 loss: 1.0648703575134277
Train - example: 231 loss: 1.0067217350006104
Train - example: 232 loss: 1.0103917121887207
Train - example: 233 loss: 1.0431157350540161
Train - example: 234 loss: 1.0426157712936401
Train - example: 235 loss: 1.0201679468154907
Train - example: 236 loss: 1.036338448524475
Train - example: 237 loss: 1.0159618854522705
Train - example: 238 loss: 1.0171782970428467
Train - example: 239 loss: 0.9929428696632385
Train - example: 240 loss: 0.9941725730895996
Train - example: 241 loss: 1.0349740982055664
Train - example: 242 loss: 1.046768069267273
Train - example: 243 loss: 1.0120142698287964
Train - example: 244 loss: 1.0142760276794434
Train - example: 245 loss: 0.9828163981437683
Train - example: 246 loss: 0.9959247708320618
Train - example: 247 loss: 1.0012530088424683
Train - example: 248 loss: 1.045977234840393
Train - example: 249 loss: 1.0760307312011719
Train - example: 250 loss: 0.9998294711112976
Train - example: 251 loss: 1.0049911737442017
Train - example: 252 loss: 1.016379714012146
Train - example: 253 loss: 1.0486031770706177
Train - example: 254 loss: 1.0651549100875854
Train - example: 255 loss: 0.9817035794258118
Train - example: 256 loss: 1.0283102989196777
Train - example: 257 loss: 1.045058250427246
Train - example: 258 loss: 1.0907412767410278
Train - example: 259 loss: 1.0694701671600342
Train - example: 260 loss: 1.0098987817764282
Train - example: 261 loss: 1.0393667221069336
Train - example: 262 loss: 1.050277590751648
Train - example: 263 loss: 1.0523796081542969
Train - example: 264 loss: 0.9969331622123718
Train - example: 265 loss: 1.0416741371154785
Train - example: 266 loss: 1.0628632307052612
Train - example: 267 loss: 1.0536658763885498
Train - example: 268 loss: 1.0064444541931152
Train - example: 269 loss: 1.0472146272659302
Train - example: 270 loss: 1.0363928079605103
Train - example: 271 loss: 1.0306206941604614
Train - example: 272 loss: 1.0054140090942383
Train - example: 273 loss: 1.001817226409912
Train - example: 274 loss: 1.0798404216766357
Train - example: 275 loss: 1.027066946029663
Train - example: 276 loss: 1.033706784248352
Train - example: 277 loss: 1.0327295064926147
Train - example: 278 loss: 1.0688762664794922
Train - example: 279 loss: 1.0518519878387451
Train - example: 280 loss: 1.0602295398712158
Train - example: 281 loss: 1.0253148078918457
Train - example: 282 loss: 1.040319561958313
Train - example: 283 loss: 1.0422648191452026
Train - example: 284 loss: 0.9904977679252625
Train - example: 285 loss: 1.0022047758102417
Train - example: 286 loss: 0.9549421668052673
Train - example: 287 loss: 1.0291624069213867
Train - example: 288 loss: 1.0249806642532349
Train - example: 289 loss: 1.0123785734176636
Train - example: 290 loss: 1.0369473695755005
Train - example: 291 loss: 0.9831646084785461
Train - example: 292 loss: 1.0393062829971313
Train - example: 293 loss: 1.0208885669708252
Train - example: 294 loss: 1.0421228408813477
Train - example: 295 loss: 1.0221142768859863
Train - example: 296 loss: 0.996400773525238
Train - example: 297 loss: 0.993816077709198
Train - example: 298 loss: 1.0655429363250732
Train - example: 299 loss: 1.015485405921936
Train - example: 300 loss: 1.0352602005004883
Train - example: 301 loss: 1.1088364124298096
Train - example: 302 loss: 1.0556726455688477
Train - example: 303 loss: 1.0235272645950317
Train - example: 304 loss: 1.0184296369552612
Train - example: 305 loss: 0.994981586933136
Train - example: 306 loss: 1.0083122253417969
Train - example: 307 loss: 1.0058228969573975
Train - example: 308 loss: 1.0421557426452637
Train - example: 309 loss: 1.0635288953781128
Train - example: 310 loss: 1.0287139415740967
Train - example: 311 loss: 1.020402431488037
Train - example: 312 loss: 0.9994714260101318
Train - example: 313 loss: 1.0511524677276611
Train - example: 314 loss: 1.0633496046066284
Train - example: 315 loss: 1.039805293083191
Train - example: 316 loss: 1.0067623853683472
Train - example: 317 loss: 1.0139433145523071
Train - example: 318 loss: 1.0419015884399414
Train - example: 319 loss: 1.0165022611618042
Train - example: 320 loss: 1.0356905460357666
Train - example: 321 loss: 1.0147895812988281
Train - example: 322 loss: 1.0486301183700562
Train - example: 323 loss: 0.9642706513404846
Train - example: 324 loss: 1.0314035415649414
Train - example: 325 loss: 1.0568876266479492
Train - example: 326 loss: 1.0363516807556152
Train - example: 327 loss: 1.003016710281372
Train - example: 328 loss: 1.0019323825836182
Train - example: 329 loss: 1.009959101676941
Train - example: 330 loss: 1.0251713991165161
Train - example: 331 loss: 1.0161480903625488
Train - example: 332 loss: 0.9877586960792542
Train - example: 333 loss: 1.035536527633667
Train - example: 334 loss: 1.0209296941757202
Train - example: 335 loss: 1.053960919380188
Train - example: 336 loss: 0.9624548554420471
Train - example: 337 loss: 0.9740309119224548
Train - example: 338 loss: 1.0781949758529663
Train - example: 339 loss: 1.0478929281234741
Train - example: 340 loss: 1.051775336265564
Train - example: 341 loss: 0.9903569221496582
Train - example: 342 loss: 0.9959132671356201
Train - example: 343 loss: 0.9865332245826721
Train - example: 344 loss: 1.0546694993972778
Train - example: 345 loss: 1.0254794359207153
Train - example: 346 loss: 1.0154908895492554
Train - example: 347 loss: 1.0515304803848267
Train - example: 348 loss: 1.028249979019165
Train - example: 349 loss: 1.1107996702194214
Train - example: 350 loss: 1.021883487701416
Train - example: 351 loss: 1.0627474784851074
Train - example: 352 loss: 1.0302876234054565
Train - example: 353 loss: 1.0127766132354736
Train - example: 354 loss: 1.0109363794326782
Train - example: 355 loss: 1.0370467901229858
Train - example: 356 loss: 1.054633378982544
Train - example: 357 loss: 1.017581820487976
Train - example: 358 loss: 1.0560266971588135
Train - example: 359 loss: 1.0259952545166016
Train - example: 360 loss: 1.0031832456588745
Train - example: 361 loss: 1.0704526901245117
Train - example: 362 loss: 1.0425809621810913
Train - example: 363 loss: 1.04013192653656
Train - example: 364 loss: 1.0409029722213745
Train - example: 365 loss: 1.0487064123153687
Train - example: 366 loss: 1.0772855281829834
Train - example: 367 loss: 1.0529391765594482
Train - example: 368 loss: 1.006649136543274
Train - example: 369 loss: 1.066493272781372
Train - example: 370 loss: 1.0328301191329956
Train - example: 371 loss: 0.9984982013702393
Train - example: 372 loss: 1.01857328414917
Train - example: 373 loss: 1.0605194568634033
Train - example: 374 loss: 0.9987954497337341
Train - example: 375 loss: 1.024237036705017
Train - example: 376 loss: 1.033816933631897
Train - example: 377 loss: 1.0271787643432617
Train - example: 378 loss: 1.0073848962783813
Train - example: 379 loss: 1.0465021133422852
Train - example: 380 loss: 1.0241705179214478
Train - example: 381 loss: 1.0805225372314453
Train - example: 382 loss: 1.058813214302063
Train - example: 383 loss: 1.0185734033584595
Train - example: 384 loss: 0.9852024912834167
Train - example: 385 loss: 1.0436046123504639
Train - example: 386 loss: 1.0175234079360962
Train - example: 387 loss: 1.0074710845947266
Train - example: 388 loss: 1.0279582738876343
Train - example: 389 loss: 1.0159828662872314
Train - example: 390 loss: 1.0072050094604492
Train - example: 391 loss: 1.0111488103866577
Train - example: 392 loss: 1.0715444087982178
Train - example: 393 loss: 1.0779379606246948
Train - example: 394 loss: 0.9732224345207214
Train - example: 395 loss: 1.0413917303085327
Train - example: 396 loss: 0.994658350944519
Train - example: 397 loss: 1.0143868923187256
Train - example: 398 loss: 0.9481751322746277
Train - example: 399 loss: 1.0722523927688599
Train - example: 400 loss: 1.0299065113067627
Train - example: 401 loss: 1.0024281740188599
Train - example: 402 loss: 1.0536381006240845
Train - example: 403 loss: 1.0002906322479248
Train - example: 404 loss: 1.0848572254180908
Train - example: 405 loss: 1.0001494884490967
Train - example: 406 loss: 1.0037412643432617
Train - example: 407 loss: 0.9799014925956726
Train - example: 408 loss: 1.0252423286437988
Train - example: 409 loss: 1.0527671575546265
Train - example: 410 loss: 1.0149707794189453
Train - example: 411 loss: 1.0129626989364624
Train - example: 412 loss: 1.0191601514816284
Train - example: 413 loss: 0.9724481105804443
Train - example: 414 loss: 1.0186583995819092
Train - example: 415 loss: 1.0706480741500854
Train - example: 416 loss: 1.0065606832504272
Train - example: 417 loss: 1.053493618965149
Train - example: 418 loss: 1.0520989894866943
Train - example: 419 loss: 0.9976206421852112
Train - example: 420 loss: 1.02924644947052
Train - example: 421 loss: 1.0379843711853027
Train - example: 422 loss: 1.0495319366455078
Train - example: 423 loss: 0.9907119274139404
Train - example: 424 loss: 1.0335478782653809
Train - example: 425 loss: 1.0267590284347534
Train - example: 426 loss: 1.051842212677002
Train - example: 427 loss: 1.0370168685913086
Train - example: 428 loss: 1.0484302043914795
Train - example: 429 loss: 0.9532976746559143
Train - example: 430 loss: 1.0382096767425537
Train - example: 431 loss: 1.0117061138153076
Train - example: 432 loss: 1.0602290630340576
Train - example: 433 loss: 1.0250645875930786
Train - example: 434 loss: 1.0267492532730103
Train - example: 435 loss: 1.0678067207336426
Train - example: 436 loss: 0.9830223321914673
Train - example: 437 loss: 1.024781346321106
Train - example: 438 loss: 1.0914056301116943
Train - example: 439 loss: 0.9881956577301025
Train - example: 440 loss: 1.03505539894104
Train - example: 441 loss: 1.0399956703186035
Train - example: 442 loss: 1.0478936433792114
Train - example: 443 loss: 0.9727830290794373
Train - example: 444 loss: 0.996547520160675
Train - example: 445 loss: 0.9996139407157898
Train - example: 446 loss: 1.0106329917907715
Train - example: 447 loss: 1.0080171823501587
Train - example: 448 loss: 1.051536202430725
Train - example: 449 loss: 1.0346657037734985
Train - example: 450 loss: 1.009272813796997
Train - example: 451 loss: 1.0129419565200806
Train - example: 452 loss: 1.0495707988739014
Train - example: 453 loss: 1.0074557065963745
Train - example: 454 loss: 1.0366113185882568
Train - example: 455 loss: 1.0139007568359375
Train - example: 456 loss: 1.071091651916504
Train - example: 457 loss: 0.9947869777679443
Train - example: 458 loss: 1.0734150409698486
Train - example: 459 loss: 1.0483745336532593
Train - example: 460 loss: 1.031174898147583
Train - example: 461 loss: 0.9213112592697144
Train - example: 462 loss: 1.028620719909668
Train - example: 463 loss: 1.0390983819961548
Train - example: 464 loss: 1.097470760345459
Train - example: 465 loss: 0.9967372417449951
Train - example: 466 loss: 1.0318074226379395
Train - example: 467 loss: 1.0355030298233032
Train - example: 468 loss: 1.0617939233779907
Train - example: 469 loss: 1.0246270895004272
Train - example: 470 loss: 1.0135815143585205
Train - example: 471 loss: 1.0452797412872314
Train - example: 472 loss: 1.0311318635940552
Train - example: 473 loss: 0.9675761461257935
Train - example: 474 loss: 1.0121033191680908
Train - example: 475 loss: 1.053905963897705
Train - example: 0 loss: 1.0339797735214233
Train - example: 1 loss: 1.0207473039627075
Train - example: 2 loss: 0.9918596744537354
Train - example: 3 loss: 0.9831498861312866
Train - example: 4 loss: 1.0197553634643555
Train - example: 5 loss: 0.956909716129303
Train - example: 6 loss: 1.0585205554962158
Train - example: 7 loss: 1.0148069858551025
Train - example: 8 loss: 1.014061450958252
Train - example: 9 loss: 1.0336260795593262
Train - example: 10 loss: 1.0205538272857666
Train - example: 11 loss: 1.0602799654006958
Train - example: 12 loss: 1.0791198015213013
Train - example: 13 loss: 1.0688420534133911
Train - example: 14 loss: 1.0423412322998047
Train - example: 15 loss: 1.0258594751358032
Train - example: 16 loss: 1.026625633239746
Train - example: 17 loss: 1.0652083158493042
Train - example: 18 loss: 1.0766140222549438
Train - example: 19 loss: 0.9988079071044922
Train - example: 20 loss: 1.0795334577560425
Train - example: 21 loss: 1.0762039422988892
Train - example: 22 loss: 1.0811485052108765
Train - example: 23 loss: 0.9922112226486206
Valid - iter: 1.0 loss: 1.028526637233606
Iteration: 500  Train Loss: 0.9922112226486206  Test Accuracy: 49.537506103515625 %
Model 500 was saved.
Train - example: 24 loss: 1.0146594047546387
Train - example: 25 loss: 1.047717571258545
Train - example: 26 loss: 1.0232654809951782
Train - example: 27 loss: 1.046656608581543
Train - example: 28 loss: 1.1013065576553345
Train - example: 29 loss: 1.0540986061096191
Train - example: 30 loss: 0.990333616733551
Train - example: 31 loss: 1.03439199924469
Train - example: 32 loss: 0.9588083028793335
Train - example: 33 loss: 1.0534976720809937
Train - example: 34 loss: 1.0407506227493286
Train - example: 35 loss: 1.0098434686660767
Train - example: 36 loss: 1.0312470197677612
Train - example: 37 loss: 1.0117793083190918
Train - example: 38 loss: 1.009283423423767
Train - example: 39 loss: 1.0128276348114014
Train - example: 40 loss: 0.9998071789741516
Train - example: 41 loss: 1.0132205486297607
Train - example: 42 loss: 1.0871394872665405
Train - example: 43 loss: 1.0361994504928589
Train - example: 44 loss: 1.0255436897277832
Train - example: 45 loss: 1.0000855922698975
Train - example: 46 loss: 1.0655783414840698
Train - example: 47 loss: 1.0937199592590332
Train - example: 48 loss: 1.0215872526168823
Train - example: 49 loss: 1.0835332870483398
Train - example: 50 loss: 1.0968765020370483
Train - example: 51 loss: 1.0082085132598877
Train - example: 52 loss: 1.0310791730880737
Train - example: 53 loss: 1.017158031463623
Train - example: 54 loss: 1.0151792764663696
Train - example: 55 loss: 1.0354907512664795
Train - example: 56 loss: 0.9965386390686035
Train - example: 57 loss: 1.0499341487884521
Train - example: 58 loss: 1.024621605873108
Train - example: 59 loss: 1.017471432685852
Train - example: 60 loss: 1.0379902124404907
Train - example: 61 loss: 1.0711851119995117
Train - example: 62 loss: 1.0477948188781738
Train - example: 63 loss: 0.9855842590332031
Train - example: 64 loss: 0.9821756482124329
Train - example: 65 loss: 0.9710562229156494
Train - example: 66 loss: 1.0179284811019897
Train - example: 67 loss: 1.003456711769104
Train - example: 68 loss: 1.0524746179580688
Train - example: 69 loss: 1.0638434886932373
Train - example: 70 loss: 1.0184235572814941
Train - example: 71 loss: 1.064153790473938
Train - example: 72 loss: 0.9918396472930908
Train - example: 73 loss: 1.0336995124816895
Train - example: 74 loss: 1.020817756652832
Train - example: 75 loss: 1.014906406402588
Train - example: 76 loss: 1.0078076124191284
Train - example: 77 loss: 1.0172559022903442
Train - example: 78 loss: 1.0583146810531616
Train - example: 79 loss: 1.0392438173294067
Train - example: 80 loss: 0.9832859635353088
Train - example: 81 loss: 1.029902696609497
Train - example: 82 loss: 1.015231966972351
Train - example: 83 loss: 1.0126662254333496
Train - example: 84 loss: 1.015621304512024
Train - example: 85 loss: 0.9088074564933777
Train - example: 86 loss: 1.0118796825408936
Train - example: 87 loss: 1.0430653095245361
Train - example: 88 loss: 1.028264045715332
Train - example: 89 loss: 1.0322860479354858
Train - example: 90 loss: 0.9838799834251404
Train - example: 91 loss: 1.0204166173934937
Train - example: 92 loss: 1.033726453781128
Train - example: 93 loss: 1.0528080463409424
Train - example: 94 loss: 1.05731201171875
Train - example: 95 loss: 0.9814059734344482
Train - example: 96 loss: 1.0018904209136963
Train - example: 97 loss: 1.0026894807815552
Train - example: 98 loss: 1.023988962173462
Train - example: 99 loss: 1.0476306676864624
Train - example: 100 loss: 0.9171902537345886
Train - example: 101 loss: 1.0041217803955078
Train - example: 102 loss: 0.9980365037918091
Train - example: 103 loss: 1.0413891077041626
Train - example: 104 loss: 1.0845929384231567
Train - example: 105 loss: 1.0739635229110718
Train - example: 106 loss: 0.9884290099143982
Train - example: 107 loss: 1.02533757686615
Train - example: 108 loss: 1.0249226093292236
Train - example: 109 loss: 1.014662742614746
Train - example: 110 loss: 0.9890337586402893
Train - example: 111 loss: 0.9809046387672424
Train - example: 112 loss: 1.0771528482437134
Train - example: 113 loss: 0.954497754573822
Train - example: 114 loss: 1.0534796714782715
Train - example: 115 loss: 1.013563871383667
Train - example: 116 loss: 1.0127694606781006
Train - example: 117 loss: 1.044684648513794
Train - example: 118 loss: 1.0753014087677002
Train - example: 119 loss: 1.0102720260620117
Train - example: 120 loss: 1.0057404041290283
Train - example: 121 loss: 1.0330209732055664
Train - example: 122 loss: 1.0286383628845215
Train - example: 123 loss: 1.067966341972351
Train - example: 124 loss: 1.064532995223999
Train - example: 125 loss: 1.0092835426330566
Train - example: 126 loss: 1.0743894577026367
Train - example: 127 loss: 1.0589126348495483
Train - example: 128 loss: 1.002769112586975
Train - example: 129 loss: 1.0222523212432861
Train - example: 130 loss: 1.0318659543991089
Train - example: 131 loss: 1.001681923866272
Train - example: 132 loss: 0.9977676868438721
Train - example: 133 loss: 1.0340635776519775
Train - example: 134 loss: 1.0089057683944702
Train - example: 135 loss: 1.0091229677200317
Train - example: 136 loss: 1.0573288202285767
Train - example: 137 loss: 0.963886022567749
Train - example: 138 loss: 1.0111784934997559
Train - example: 139 loss: 1.0394511222839355
Train - example: 140 loss: 1.0592927932739258
Train - example: 141 loss: 1.069223403930664
Train - example: 142 loss: 1.0584580898284912
Train - example: 143 loss: 1.0283023118972778
Train - example: 144 loss: 1.0135374069213867
Train - example: 145 loss: 1.0694243907928467
Train - example: 146 loss: 0.9953156113624573
Train - example: 147 loss: 0.9962335228919983
Train - example: 148 loss: 1.090731143951416
Train - example: 149 loss: 1.0439659357070923
Train - example: 150 loss: 0.9966452717781067
Train - example: 151 loss: 1.0699394941329956
Train - example: 152 loss: 1.0246760845184326
Train - example: 153 loss: 1.0336544513702393
Train - example: 154 loss: 1.0319701433181763
Train - example: 155 loss: 1.1236158609390259
Train - example: 156 loss: 0.9870412349700928
Train - example: 157 loss: 1.0192334651947021
Train - example: 158 loss: 0.9785376787185669
Train - example: 159 loss: 1.0331827402114868
Train - example: 160 loss: 1.0629020929336548
Train - example: 161 loss: 1.0300480127334595
Train - example: 162 loss: 1.0299128293991089
Train - example: 163 loss: 1.0181716680526733
Train - example: 164 loss: 1.0138962268829346
Train - example: 165 loss: 1.0367176532745361
Train - example: 166 loss: 1.0070891380310059
Train - example: 167 loss: 1.0207980871200562
Train - example: 168 loss: 1.009757399559021
Train - example: 169 loss: 1.011821985244751
Train - example: 170 loss: 1.0658864974975586
Train - example: 171 loss: 1.004138708114624
Train - example: 172 loss: 0.9717927575111389
Train - example: 173 loss: 1.0043272972106934
Train - example: 174 loss: 0.9742404818534851
Train - example: 175 loss: 1.025781512260437
Train - example: 176 loss: 1.038658857345581
Train - example: 177 loss: 1.0261894464492798
Train - example: 178 loss: 1.0318044424057007
Train - example: 179 loss: 1.0058649778366089
Train - example: 180 loss: 0.9747942090034485
Train - example: 181 loss: 1.0197383165359497
Train - example: 182 loss: 0.9857394695281982
Train - example: 183 loss: 1.0210801362991333
Train - example: 184 loss: 0.9867008328437805
Train - example: 185 loss: 1.0376125574111938
Train - example: 186 loss: 0.9875798225402832
Train - example: 187 loss: 1.0097284317016602
Train - example: 188 loss: 0.9679765105247498
Train - example: 189 loss: 1.0309585332870483
Train - example: 190 loss: 1.0118626356124878
Train - example: 191 loss: 1.1014530658721924
Train - example: 192 loss: 1.0138856172561646
Train - example: 193 loss: 0.999928891658783
Train - example: 194 loss: 0.9834998846054077
Train - example: 195 loss: 0.9909461140632629
Train - example: 196 loss: 1.0386993885040283
Train - example: 197 loss: 1.016353726387024
Train - example: 198 loss: 1.0241138935089111
Train - example: 199 loss: 0.9791665077209473
Train - example: 200 loss: 1.0409855842590332
Train - example: 201 loss: 1.0294746160507202
Train - example: 202 loss: 1.0325847864151
Train - example: 203 loss: 1.0197943449020386
Train - example: 204 loss: 0.9796270132064819
Train - example: 205 loss: 1.0711472034454346
Train - example: 206 loss: 1.0055803060531616
Train - example: 207 loss: 1.0428293943405151
Train - example: 208 loss: 1.0418362617492676
Train - example: 209 loss: 1.01976478099823
Train - example: 210 loss: 1.0620633363723755
Train - example: 211 loss: 1.0629321336746216
Train - example: 212 loss: 1.0657445192337036
Train - example: 213 loss: 1.053144097328186
Train - example: 214 loss: 1.0090274810791016
Train - example: 215 loss: 1.0579031705856323
Train - example: 216 loss: 1.068783164024353
Train - example: 217 loss: 0.9906222820281982
Train - example: 218 loss: 1.0666404962539673
Train - example: 219 loss: 1.067502737045288
Train - example: 220 loss: 1.0088893175125122
Train - example: 221 loss: 1.038527011871338
Train - example: 222 loss: 1.0089019536972046
Train - example: 223 loss: 1.0014821290969849
Train - example: 224 loss: 1.0342164039611816
Train - example: 225 loss: 1.0428986549377441
Train - example: 226 loss: 0.9862871766090393
Train - example: 227 loss: 1.0323655605316162
Train - example: 228 loss: 0.9981394410133362
Train - example: 229 loss: 1.035362958908081
Train - example: 230 loss: 1.0443342924118042
Train - example: 231 loss: 1.0582506656646729
Train - example: 232 loss: 1.0018839836120605
Train - example: 233 loss: 1.0524262189865112
Train - example: 234 loss: 1.003321886062622
Train - example: 235 loss: 1.052488923072815
Train - example: 236 loss: 1.024562120437622
Train - example: 237 loss: 1.0600448846817017
Train - example: 238 loss: 1.0095305442810059
Train - example: 239 loss: 1.0382378101348877
Train - example: 240 loss: 0.9930292367935181
Train - example: 241 loss: 0.9884418249130249
Train - example: 242 loss: 1.0491669178009033
Train - example: 243 loss: 0.9947919249534607
Train - example: 244 loss: 1.006095290184021
Train - example: 245 loss: 1.0213512182235718
Train - example: 246 loss: 1.0522226095199585
Train - example: 247 loss: 0.9965112805366516
Train - example: 248 loss: 1.034895658493042
Train - example: 249 loss: 1.0458776950836182
Train - example: 250 loss: 1.121275544166565
Train - example: 251 loss: 1.0462170839309692
Train - example: 252 loss: 1.0351964235305786
Train - example: 253 loss: 1.043178915977478
Train - example: 254 loss: 1.0988402366638184
Train - example: 255 loss: 0.9842665791511536
Train - example: 256 loss: 1.0424599647521973
Train - example: 257 loss: 1.1002060174942017
Train - example: 258 loss: 1.0478802919387817
Train - example: 259 loss: 1.0466625690460205
Train - example: 260 loss: 1.030348300933838
Train - example: 261 loss: 1.0077012777328491
Train - example: 262 loss: 1.0173064470291138
Train - example: 263 loss: 1.0030721426010132
Train - example: 264 loss: 1.0556797981262207
Train - example: 265 loss: 1.0114800930023193
Train - example: 266 loss: 1.0449154376983643
Train - example: 267 loss: 1.0095499753952026
Train - example: 268 loss: 1.025974154472351
Train - example: 269 loss: 1.0261062383651733
Train - example: 270 loss: 0.9788413047790527
Train - example: 271 loss: 0.9903501868247986
Train - example: 272 loss: 1.049761176109314
Train - example: 273 loss: 1.0515990257263184
Train - example: 274 loss: 1.051709532737732
Train - example: 275 loss: 0.9973168969154358
Train - example: 276 loss: 1.052564263343811
Train - example: 277 loss: 1.039271593093872
Train - example: 278 loss: 1.0578501224517822
Train - example: 279 loss: 1.0296388864517212
Train - example: 280 loss: 1.0701470375061035
Train - example: 281 loss: 1.0190014839172363
Train - example: 282 loss: 1.0022821426391602
Train - example: 283 loss: 1.0071622133255005
Train - example: 284 loss: 0.977222740650177
Train - example: 285 loss: 1.0345278978347778
Train - example: 286 loss: 1.002482295036316
Train - example: 287 loss: 1.031154990196228
Train - example: 288 loss: 0.9960484504699707
Train - example: 289 loss: 1.0053865909576416
Train - example: 290 loss: 1.0074058771133423
Train - example: 291 loss: 0.9932161569595337
Train - example: 292 loss: 1.0539277791976929
Train - example: 293 loss: 1.0224461555480957
Train - example: 294 loss: 0.98365318775177
Train - example: 295 loss: 1.0264647006988525
Train - example: 296 loss: 1.0365513563156128
Train - example: 297 loss: 0.9960678219795227
Train - example: 298 loss: 1.0716235637664795
Train - example: 299 loss: 1.014604091644287
Train - example: 300 loss: 1.040196180343628
Train - example: 301 loss: 1.070066213607788
Train - example: 302 loss: 0.9952623844146729
Train - example: 303 loss: 1.0222610235214233
Train - example: 304 loss: 1.0885531902313232
Train - example: 305 loss: 1.0325616598129272
Train - example: 306 loss: 0.9843444228172302
Train - example: 307 loss: 1.0264403820037842
Train - example: 308 loss: 1.0739344358444214
Train - example: 309 loss: 1.0788369178771973
Train - example: 310 loss: 1.0442670583724976
Train - example: 311 loss: 1.0749634504318237
Train - example: 312 loss: 1.0511189699172974
Train - example: 313 loss: 1.0862525701522827
Train - example: 314 loss: 1.0200505256652832
Train - example: 315 loss: 1.0163640975952148
Train - example: 316 loss: 0.9970845580101013
Train - example: 317 loss: 1.0076860189437866
Train - example: 318 loss: 0.9640853404998779
Train - example: 319 loss: 1.0475661754608154
Train - example: 320 loss: 1.0695431232452393
Train - example: 321 loss: 0.976285994052887
Train - example: 322 loss: 0.999855637550354
Train - example: 323 loss: 1.039498209953308
Train - example: 324 loss: 1.0313138961791992
Train - example: 325 loss: 1.057058572769165
Train - example: 326 loss: 0.9717065691947937
Train - example: 327 loss: 1.0421072244644165
Train - example: 328 loss: 1.0224123001098633
Train - example: 329 loss: 1.0151195526123047
Train - example: 330 loss: 1.0275166034698486
Train - example: 331 loss: 1.0132747888565063
Train - example: 332 loss: 0.9793760776519775
Train - example: 333 loss: 0.9656007289886475
Train - example: 334 loss: 1.0795340538024902
Train - example: 335 loss: 1.0159008502960205
Train - example: 336 loss: 1.0164477825164795
Train - example: 337 loss: 1.0436309576034546
Train - example: 338 loss: 1.057293176651001
Train - example: 339 loss: 0.9948695302009583
Train - example: 340 loss: 1.0267763137817383
Train - example: 341 loss: 1.0246237516403198
Train - example: 342 loss: 1.0087621212005615
Train - example: 343 loss: 1.0083926916122437
Train - example: 344 loss: 1.012832760810852
Train - example: 345 loss: 0.9891288876533508
Train - example: 346 loss: 1.0476155281066895
Train - example: 347 loss: 0.9577437043190002
Train - example: 348 loss: 1.0529987812042236
Train - example: 349 loss: 1.0404720306396484
Train - example: 350 loss: 1.041312336921692
Train - example: 351 loss: 1.0530847311019897
Train - example: 352 loss: 1.0368744134902954
Train - example: 353 loss: 1.0664348602294922
Train - example: 354 loss: 1.0664185285568237
Train - example: 355 loss: 0.9996792078018188
Train - example: 356 loss: 1.0109199285507202
Train - example: 357 loss: 1.0125502347946167
Train - example: 358 loss: 1.0266233682632446
Train - example: 359 loss: 1.0400093793869019
Train - example: 360 loss: 1.0770282745361328
Train - example: 361 loss: 1.0693682432174683
Train - example: 362 loss: 1.0044914484024048
Train - example: 363 loss: 1.0759806632995605
Train - example: 364 loss: 1.0413556098937988
Train - example: 365 loss: 1.0398826599121094
Train - example: 366 loss: 1.0371781587600708
Train - example: 367 loss: 1.0352940559387207
Train - example: 368 loss: 0.9682753086090088
Train - example: 369 loss: 1.0057541131973267
Train - example: 370 loss: 1.078130841255188
Train - example: 371 loss: 1.0290496349334717
Train - example: 372 loss: 1.087322473526001
Train - example: 373 loss: 1.0289456844329834
Train - example: 374 loss: 0.9943209886550903
Train - example: 375 loss: 1.0431005954742432
Train - example: 376 loss: 1.0171787738800049
Train - example: 377 loss: 1.0879278182983398
Train - example: 378 loss: 1.0093899965286255
Train - example: 379 loss: 0.9926550388336182
Train - example: 380 loss: 1.0010333061218262
Train - example: 381 loss: 1.015908122062683
Train - example: 382 loss: 1.003243088722229
Train - example: 383 loss: 1.0123107433319092
Train - example: 384 loss: 0.984666645526886
Train - example: 385 loss: 1.049451470375061
Train - example: 386 loss: 1.0594199895858765
Train - example: 387 loss: 1.0148510932922363
Train - example: 388 loss: 1.0227861404418945
Train - example: 389 loss: 1.0071697235107422
Train - example: 390 loss: 0.9819591641426086
Train - example: 391 loss: 0.9829576015472412
Train - example: 392 loss: 1.0355958938598633
Train - example: 393 loss: 1.0430675745010376
Train - example: 394 loss: 1.0405031442642212
Train - example: 395 loss: 0.981967031955719
Train - example: 396 loss: 1.074550747871399
Train - example: 397 loss: 0.9986160397529602
Train - example: 398 loss: 1.0688564777374268
Train - example: 399 loss: 1.0513213872909546
Train - example: 400 loss: 0.9970356225967407
Train - example: 401 loss: 1.033113956451416
Train - example: 402 loss: 0.9875303506851196
Train - example: 403 loss: 0.9976444244384766
Train - example: 404 loss: 1.0361506938934326
Train - example: 405 loss: 1.0290623903274536
Train - example: 406 loss: 0.993355929851532
Train - example: 407 loss: 1.0596243143081665
Train - example: 408 loss: 1.0289932489395142
Train - example: 409 loss: 0.9890444874763489
Train - example: 410 loss: 1.0830731391906738
Train - example: 411 loss: 0.9891812801361084
Train - example: 412 loss: 0.9771621227264404
Train - example: 413 loss: 1.0014091730117798
Train - example: 414 loss: 0.9640061855316162
Train - example: 415 loss: 1.004356861114502
Train - example: 416 loss: 1.0448405742645264
Train - example: 417 loss: 1.0268833637237549
Train - example: 418 loss: 1.025264024734497
Train - example: 419 loss: 1.0404351949691772
Train - example: 420 loss: 0.9980435371398926
Train - example: 421 loss: 1.037520170211792
Train - example: 422 loss: 1.0214096307754517
Train - example: 423 loss: 0.9999020099639893
Train - example: 424 loss: 1.0121526718139648
Train - example: 425 loss: 1.0716567039489746
Train - example: 426 loss: 0.9619108438491821
Train - example: 427 loss: 1.0075222253799438
Train - example: 428 loss: 1.0227652788162231
Train - example: 429 loss: 1.0417898893356323
Train - example: 430 loss: 1.0397006273269653
Train - example: 431 loss: 1.018161654472351
Train - example: 432 loss: 1.0521221160888672
Train - example: 433 loss: 1.02234947681427
Train - example: 434 loss: 1.0174546241760254
Train - example: 435 loss: 0.9832479953765869
Train - example: 436 loss: 1.0378702878952026
Train - example: 437 loss: 0.9948989748954773
Train - example: 438 loss: 1.0306668281555176
Train - example: 439 loss: 1.005914330482483
Train - example: 440 loss: 0.9786505103111267
Train - example: 441 loss: 1.0153385400772095
Train - example: 442 loss: 1.066025972366333
Train - example: 443 loss: 1.0448311567306519
Train - example: 444 loss: 0.9899640083312988
Train - example: 445 loss: 1.0157334804534912
Train - example: 446 loss: 0.9793251752853394
Train - example: 447 loss: 0.9655452966690063
Train - example: 448 loss: 1.0122404098510742
Train - example: 449 loss: 1.0642200708389282
Train - example: 450 loss: 1.073763132095337
Train - example: 451 loss: 1.008406400680542
Train - example: 452 loss: 1.0293735265731812
Train - example: 453 loss: 0.9644064903259277
Train - example: 454 loss: 1.039100170135498
Train - example: 455 loss: 1.0033559799194336
Train - example: 456 loss: 0.979396641254425
Train - example: 457 loss: 0.9660592079162598
Train - example: 458 loss: 1.0183805227279663
Train - example: 459 loss: 1.0205227136611938
Train - example: 460 loss: 1.0759869813919067
Train - example: 461 loss: 1.0240187644958496
Train - example: 462 loss: 1.0184246301651
Train - example: 463 loss: 1.0004816055297852
Train - example: 464 loss: 0.9836693406105042
Train - example: 465 loss: 1.0098915100097656
Train - example: 466 loss: 1.0177912712097168
Train - example: 467 loss: 1.0692918300628662
Train - example: 468 loss: 1.0486375093460083
Train - example: 469 loss: 0.9850340485572815
Train - example: 470 loss: 0.9769903421401978
Train - example: 471 loss: 1.0496184825897217
Train - example: 472 loss: 1.0354328155517578
Train - example: 473 loss: 1.0624065399169922
Train - example: 474 loss: 1.0179022550582886
Train - example: 475 loss: 1.0439943075180054
Train - example: 0 loss: 1.030747652053833
Train - example: 1 loss: 1.0388346910476685
Train - example: 2 loss: 1.0171953439712524
Train - example: 3 loss: 1.0076385736465454
Train - example: 4 loss: 1.0334831476211548
Train - example: 5 loss: 0.9979560971260071
Train - example: 6 loss: 0.9896937012672424
Train - example: 7 loss: 1.0303772687911987
Train - example: 8 loss: 0.9999972581863403
Train - example: 9 loss: 1.032057285308838
Train - example: 10 loss: 1.0118361711502075
Train - example: 11 loss: 1.0468114614486694
Train - example: 12 loss: 1.0235925912857056
Train - example: 13 loss: 1.0115565061569214
Train - example: 14 loss: 0.9611660242080688
Train - example: 15 loss: 1.0116287469863892
Train - example: 16 loss: 0.9716665744781494
Train - example: 17 loss: 1.0320689678192139
Train - example: 18 loss: 1.0583709478378296
Train - example: 19 loss: 1.0451778173446655
Train - example: 20 loss: 0.9757930040359497
Train - example: 21 loss: 1.033644676208496
Train - example: 22 loss: 1.0327609777450562
Train - example: 23 loss: 1.0022118091583252
Train - example: 24 loss: 1.0264520645141602
Train - example: 25 loss: 1.0625299215316772
Train - example: 26 loss: 1.0440714359283447
Train - example: 27 loss: 1.0745145082473755
Train - example: 28 loss: 1.0495437383651733
Train - example: 29 loss: 1.0300531387329102
Train - example: 30 loss: 0.974235475063324
Train - example: 31 loss: 1.0114946365356445
Train - example: 32 loss: 1.0442497730255127
Train - example: 33 loss: 1.010277509689331
Train - example: 34 loss: 1.0542298555374146
Train - example: 35 loss: 1.0388286113739014
Train - example: 36 loss: 1.0141090154647827
Train - example: 37 loss: 0.9833889603614807
Train - example: 38 loss: 1.0218762159347534
Train - example: 39 loss: 1.056452989578247
Train - example: 40 loss: 1.1061021089553833
Train - example: 41 loss: 1.005091667175293
Train - example: 42 loss: 0.9985461235046387
Train - example: 43 loss: 1.0169183015823364
Train - example: 44 loss: 1.0384856462478638
Train - example: 45 loss: 1.0227261781692505
Train - example: 46 loss: 1.0358593463897705
Train - example: 47 loss: 1.0255858898162842
Valid - iter: 2.0 loss: 1.0202296551536112
Iteration: 1000  Train Loss: 1.0255858898162842  Test Accuracy: 50.4456787109375 %
Model 1000 was saved.
Train - example: 48 loss: 0.9902711510658264
Train - example: 49 loss: 1.055350661277771
Train - example: 50 loss: 0.9938670992851257
Train - example: 51 loss: 1.0117099285125732
Train - example: 52 loss: 0.99540114402771
Train - example: 53 loss: 0.9900125861167908
Train - example: 54 loss: 1.0157678127288818
Train - example: 55 loss: 0.9942484498023987
Train - example: 56 loss: 0.9970258474349976
Train - example: 57 loss: 0.9903321266174316
Train - example: 58 loss: 1.0092846155166626
Train - example: 59 loss: 1.0246845483779907
Train - example: 60 loss: 1.0543514490127563
Train - example: 61 loss: 1.022078037261963
Train - example: 62 loss: 1.0829397439956665
Train - example: 63 loss: 0.979066014289856
Train - example: 64 loss: 1.03226900100708
Train - example: 65 loss: 0.9999082684516907
Train - example: 66 loss: 1.0047506093978882
Train - example: 67 loss: 1.0621861219406128
Train - example: 68 loss: 1.0605216026306152
Train - example: 69 loss: 1.0056205987930298
Train - example: 70 loss: 1.0228397846221924
Train - example: 71 loss: 0.9985016584396362
Train - example: 72 loss: 0.9902839064598083
Train - example: 73 loss: 1.011268973350525
Train - example: 74 loss: 1.038856029510498
Train - example: 75 loss: 1.047013759613037
Train - example: 76 loss: 1.0423517227172852
Train - example: 77 loss: 1.0774224996566772
Train - example: 78 loss: 1.0800316333770752
Train - example: 79 loss: 0.9716033339500427
Train - example: 80 loss: 1.076758861541748
Train - example: 81 loss: 0.9963826537132263
Train - example: 82 loss: 1.0698251724243164
Train - example: 83 loss: 1.1357932090759277
Train - example: 84 loss: 0.9831610321998596
Train - example: 85 loss: 1.0313600301742554
Train - example: 86 loss: 1.02349054813385
Train - example: 87 loss: 1.036726474761963
Train - example: 88 loss: 1.0375511646270752
Train - example: 89 loss: 0.9384305477142334
Train - example: 90 loss: 1.038940191268921
Train - example: 91 loss: 1.061048984527588
Train - example: 92 loss: 1.0707741975784302
Train - example: 93 loss: 1.0187054872512817
Train - example: 94 loss: 1.009049892425537
Train - example: 95 loss: 1.0025230646133423
Train - example: 96 loss: 1.0688903331756592
Train - example: 97 loss: 1.0606684684753418
Train - example: 98 loss: 1.0136836767196655
Train - example: 99 loss: 1.040522813796997
Train - example: 100 loss: 1.0399785041809082
Train - example: 101 loss: 1.017709493637085
Train - example: 102 loss: 0.9745889902114868
Train - example: 103 loss: 0.9881398677825928
Train - example: 104 loss: 1.0285762548446655
Train - example: 105 loss: 1.0765750408172607
Train - example: 106 loss: 1.0437188148498535
Train - example: 107 loss: 0.9962324500083923
Train - example: 108 loss: 1.064875602722168
Train - example: 109 loss: 1.092888593673706
Train - example: 110 loss: 1.0745012760162354
Train - example: 111 loss: 0.9967101812362671
Train - example: 112 loss: 1.0882354974746704
Train - example: 113 loss: 1.003097414970398
Train - example: 114 loss: 1.030421257019043
Train - example: 115 loss: 1.0510393381118774
Train - example: 116 loss: 1.027476191520691
Train - example: 117 loss: 1.0532147884368896
Train - example: 118 loss: 1.0320091247558594
Train - example: 119 loss: 1.023374080657959
Train - example: 120 loss: 0.9941964149475098
Train - example: 121 loss: 0.9688151478767395
Train - example: 122 loss: 1.042588472366333
Train - example: 123 loss: 1.0132660865783691
Train - example: 124 loss: 1.0229628086090088
Train - example: 125 loss: 1.0357367992401123
Train - example: 126 loss: 1.0477827787399292
Train - example: 127 loss: 1.0066726207733154
Train - example: 128 loss: 1.0546634197235107
Train - example: 129 loss: 0.9875578284263611
Train - example: 130 loss: 1.0666221380233765
Train - example: 131 loss: 1.0220969915390015
Train - example: 132 loss: 1.0308860540390015
Train - example: 133 loss: 0.9654831886291504
Train - example: 134 loss: 0.9721609354019165
Train - example: 135 loss: 0.989616870880127
Train - example: 136 loss: 1.041643500328064
Train - example: 137 loss: 1.001155138015747
Train - example: 138 loss: 1.0035516023635864
Train - example: 139 loss: 0.9811832904815674
Train - example: 140 loss: 1.080302119255066
Train - example: 141 loss: 1.0249226093292236
Train - example: 142 loss: 1.0217955112457275
Train - example: 143 loss: 0.9831114411354065
Train - example: 144 loss: 1.0163620710372925
Train - example: 145 loss: 1.0535777807235718
Train - example: 146 loss: 1.048150897026062
Train - example: 147 loss: 0.9554643034934998
Train - example: 148 loss: 1.0600030422210693
Train - example: 149 loss: 1.0386139154434204
Train - example: 150 loss: 1.004486322402954
Train - example: 151 loss: 1.0044857263565063
Train - example: 152 loss: 1.0136897563934326
Train - example: 153 loss: 1.0692594051361084
Train - example: 154 loss: 0.96727454662323
Train - example: 155 loss: 1.023260474205017
Train - example: 156 loss: 1.0515003204345703
Train - example: 157 loss: 1.0011605024337769
Train - example: 158 loss: 0.9831196665763855
Train - example: 159 loss: 0.9695532321929932
Train - example: 160 loss: 1.0557032823562622
Train - example: 161 loss: 0.9950369000434875
Train - example: 162 loss: 1.0234873294830322
Train - example: 163 loss: 1.029564380645752
Train - example: 164 loss: 1.0146002769470215
Train - example: 165 loss: 1.0709729194641113
Train - example: 166 loss: 0.9919589757919312
Train - example: 167 loss: 1.042649269104004
Train - example: 168 loss: 0.9940807819366455
Train - example: 169 loss: 1.0527454614639282
Train - example: 170 loss: 1.012698769569397
Train - example: 171 loss: 1.050248384475708
Train - example: 172 loss: 1.0074211359024048
Train - example: 173 loss: 1.0352585315704346
Train - example: 174 loss: 1.0118520259857178
Train - example: 175 loss: 0.9865995049476624
Train - example: 176 loss: 0.9813756346702576
Train - example: 177 loss: 0.994030237197876
Train - example: 178 loss: 1.0538358688354492
Train - example: 179 loss: 1.0586000680923462
Train - example: 180 loss: 1.0721454620361328
Train - example: 181 loss: 1.0429517030715942
Train - example: 182 loss: 0.9998484253883362
Train - example: 183 loss: 1.0520601272583008
Train - example: 184 loss: 1.0341722965240479
Train - example: 185 loss: 1.0369263887405396
Train - example: 186 loss: 1.0104422569274902
Train - example: 187 loss: 1.0253558158874512
Train - example: 188 loss: 1.0403529405593872
Train - example: 189 loss: 1.0260462760925293
Train - example: 190 loss: 1.040114402770996
Train - example: 191 loss: 1.0466235876083374
Train - example: 192 loss: 1.0281158685684204
Train - example: 193 loss: 1.011550784111023
Train - example: 194 loss: 0.9584671854972839
Train - example: 195 loss: 0.9941104054450989
Train - example: 196 loss: 1.0451440811157227
Train - example: 197 loss: 1.0026886463165283
Train - example: 198 loss: 0.9783232808113098
Train - example: 199 loss: 0.9990968108177185
Train - example: 200 loss: 1.0205998420715332
Train - example: 201 loss: 1.0043199062347412
Train - example: 202 loss: 1.023371934890747
Train - example: 203 loss: 1.0925952196121216
Train - example: 204 loss: 0.9801016449928284
Train - example: 205 loss: 1.047601342201233
Train - example: 206 loss: 0.973919689655304
Train - example: 207 loss: 1.0335489511489868
Train - example: 208 loss: 1.0696090459823608
Train - example: 209 loss: 1.0321584939956665
Train - example: 210 loss: 1.011398196220398
Train - example: 211 loss: 1.0224145650863647
Train - example: 212 loss: 1.0514411926269531
Train - example: 213 loss: 0.9661622047424316
Train - example: 214 loss: 0.9722756147384644
Train - example: 215 loss: 1.0176167488098145
Train - example: 216 loss: 1.0640020370483398
Train - example: 217 loss: 0.9733648896217346
Train - example: 218 loss: 1.0149365663528442
Train - example: 219 loss: 1.042688250541687
Train - example: 220 loss: 0.9739505052566528
Train - example: 221 loss: 1.0227890014648438
Train - example: 222 loss: 1.0124233961105347
Train - example: 223 loss: 1.020317792892456
Train - example: 224 loss: 1.0813932418823242
Train - example: 225 loss: 1.0095292329788208
Train - example: 226 loss: 0.9705685973167419
Train - example: 227 loss: 1.0310461521148682
Train - example: 228 loss: 1.0137540102005005
Train - example: 229 loss: 0.9784494638442993
Train - example: 230 loss: 1.042503833770752
Train - example: 231 loss: 1.005118489265442
Train - example: 232 loss: 1.037947177886963
Train - example: 233 loss: 1.0066304206848145
Train - example: 234 loss: 1.0051130056381226
Train - example: 235 loss: 1.003322958946228
Train - example: 236 loss: 1.0166434049606323
Train - example: 237 loss: 0.9999694228172302
Train - example: 238 loss: 1.0651464462280273
Train - example: 239 loss: 1.0827537775039673
Train - example: 240 loss: 1.023006558418274
Train - example: 241 loss: 0.973551332950592
Train - example: 242 loss: 1.0574756860733032
Train - example: 243 loss: 1.025663137435913
Train - example: 244 loss: 0.9690712094306946
Train - example: 245 loss: 1.0259346961975098
Train - example: 246 loss: 1.022441029548645
Train - example: 247 loss: 1.0510470867156982
Train - example: 248 loss: 1.023818016052246
Train - example: 249 loss: 0.9741452932357788
Train - example: 250 loss: 1.0215891599655151
Train - example: 251 loss: 1.0502610206604004
Train - example: 252 loss: 1.0156493186950684
Train - example: 253 loss: 1.0200306177139282
Train - example: 254 loss: 1.0356659889221191
Train - example: 255 loss: 1.0063631534576416
Train - example: 256 loss: 0.9974567890167236
Train - example: 257 loss: 0.9974759817123413
Train - example: 258 loss: 1.0949958562850952
Train - example: 259 loss: 1.036923885345459
Train - example: 260 loss: 1.021860957145691
Train - example: 261 loss: 1.031941294670105
Train - example: 262 loss: 1.0137325525283813
Train - example: 263 loss: 1.0247468948364258
Train - example: 264 loss: 1.000780463218689
Train - example: 265 loss: 0.9848735332489014
Train - example: 266 loss: 1.025425672531128
Train - example: 267 loss: 1.023626446723938
Train - example: 268 loss: 1.0227692127227783
Train - example: 269 loss: 1.045912265777588
Train - example: 270 loss: 1.021033525466919
Train - example: 271 loss: 0.9916707873344421
Train - example: 272 loss: 0.9816818237304688
Train - example: 273 loss: 1.0419600009918213
Train - example: 274 loss: 0.9572423696517944
Train - example: 275 loss: 0.9525366425514221
Train - example: 276 loss: 0.9943552613258362
Train - example: 277 loss: 1.0333802700042725
Train - example: 278 loss: 0.9951763153076172
Train - example: 279 loss: 0.9997686147689819
Train - example: 280 loss: 1.0168943405151367
Train - example: 281 loss: 1.0036920309066772
Train - example: 282 loss: 1.0108973979949951
Train - example: 283 loss: 0.9702513217926025
Train - example: 284 loss: 1.0534706115722656
Train - example: 285 loss: 1.024327278137207
Train - example: 286 loss: 0.9984477758407593
Train - example: 287 loss: 1.0328497886657715
Train - example: 288 loss: 1.0094150304794312
Train - example: 289 loss: 0.9951441884040833
Train - example: 290 loss: 0.986758291721344
Train - example: 291 loss: 0.9763147234916687
Train - example: 292 loss: 1.001417636871338
Train - example: 293 loss: 1.0059738159179688
Train - example: 294 loss: 1.031088948249817
Train - example: 295 loss: 1.0691758394241333
Train - example: 296 loss: 1.052558183670044
Train - example: 297 loss: 1.0207997560501099
Train - example: 298 loss: 0.9955376982688904
Train - example: 299 loss: 1.0323330163955688
Train - example: 300 loss: 1.0495078563690186
Train - example: 301 loss: 1.0078396797180176
Train - example: 302 loss: 0.9817121028900146
Train - example: 303 loss: 0.9498904943466187
Train - example: 304 loss: 1.0029282569885254
Train - example: 305 loss: 1.0277409553527832
Train - example: 306 loss: 1.0176292657852173
Train - example: 307 loss: 1.0092616081237793
Train - example: 308 loss: 1.0267094373703003
Train - example: 309 loss: 0.990872859954834
Train - example: 310 loss: 1.0055527687072754
Train - example: 311 loss: 1.0253797769546509
Train - example: 312 loss: 0.9636257290840149
Train - example: 313 loss: 0.9962552785873413
Train - example: 314 loss: 1.0537782907485962
Train - example: 315 loss: 1.000279188156128
Train - example: 316 loss: 1.0108850002288818
Train - example: 317 loss: 1.0686275959014893
Train - example: 318 loss: 1.0519142150878906
Train - example: 319 loss: 0.9778222441673279
Train - example: 320 loss: 0.9941064715385437
Train - example: 321 loss: 1.0017266273498535
Train - example: 322 loss: 0.9571666121482849
Train - example: 323 loss: 1.0044121742248535
Train - example: 324 loss: 0.9785347580909729
Train - example: 325 loss: 1.0265276432037354
Train - example: 326 loss: 1.0795938968658447
Train - example: 327 loss: 1.028221845626831
Train - example: 328 loss: 0.9911409616470337
Train - example: 329 loss: 1.0046108961105347
Train - example: 330 loss: 1.0495918989181519
Train - example: 331 loss: 1.0021952390670776
Train - example: 332 loss: 1.0601714849472046
Train - example: 333 loss: 1.0635381937026978
Train - example: 334 loss: 1.0092384815216064
Train - example: 335 loss: 1.053662896156311
Train - example: 336 loss: 1.0255218744277954
Train - example: 337 loss: 0.9543302059173584
Train - example: 338 loss: 1.0223685503005981
Train - example: 339 loss: 1.0752049684524536
Train - example: 340 loss: 1.0539264678955078
Train - example: 341 loss: 1.0454179048538208
Train - example: 342 loss: 1.0368088483810425
Train - example: 343 loss: 0.9983772039413452
Train - example: 344 loss: 1.0004996061325073
Train - example: 345 loss: 0.9937703013420105
Train - example: 346 loss: 1.0278551578521729
Train - example: 347 loss: 1.0811853408813477
Train - example: 348 loss: 1.0309371948242188
Train - example: 349 loss: 1.0139769315719604
Train - example: 350 loss: 0.9516682624816895
Train - example: 351 loss: 1.0205405950546265
Train - example: 352 loss: 1.0249035358428955
Train - example: 353 loss: 0.9547200202941895
Train - example: 354 loss: 1.033974289894104
Train - example: 355 loss: 1.0353046655654907
Train - example: 356 loss: 1.0524108409881592
Train - example: 357 loss: 1.0427026748657227
Train - example: 358 loss: 1.0533109903335571
Train - example: 359 loss: 0.9815804362297058
Train - example: 360 loss: 1.0167651176452637
Train - example: 361 loss: 1.0067352056503296
Train - example: 362 loss: 1.0012905597686768
Train - example: 363 loss: 1.0547250509262085
Train - example: 364 loss: 1.0073226690292358
Train - example: 365 loss: 1.0029336214065552
Train - example: 366 loss: 1.0649785995483398
Train - example: 367 loss: 1.0943490266799927
Train - example: 368 loss: 1.05570650100708
Train - example: 369 loss: 1.0159391164779663
Train - example: 370 loss: 1.0426503419876099
Train - example: 371 loss: 1.0149855613708496
Train - example: 372 loss: 1.0547999143600464
Train - example: 373 loss: 1.0283702611923218
Train - example: 374 loss: 1.0179518461227417
Train - example: 375 loss: 1.0144492387771606
Train - example: 376 loss: 0.9794167280197144
Train - example: 377 loss: 1.0609990358352661
Train - example: 378 loss: 1.0826869010925293
Train - example: 379 loss: 1.0268603563308716
Train - example: 380 loss: 1.0552172660827637
Train - example: 381 loss: 1.053229570388794
Train - example: 382 loss: 1.0449910163879395
Train - example: 383 loss: 1.0116050243377686
Train - example: 384 loss: 1.0145959854125977
Train - example: 385 loss: 0.9857226014137268
Train - example: 386 loss: 1.0513051748275757
Train - example: 387 loss: 1.0365082025527954
Train - example: 388 loss: 1.04964017868042
Train - example: 389 loss: 1.0017093420028687
Train - example: 390 loss: 0.9664638042449951
Train - example: 391 loss: 1.0310637950897217
Train - example: 392 loss: 0.9789474606513977
Train - example: 393 loss: 1.0077242851257324
Train - example: 394 loss: 1.0586053133010864
Train - example: 395 loss: 1.0121537446975708
Train - example: 396 loss: 1.0124818086624146
Train - example: 397 loss: 1.0404325723648071
Train - example: 398 loss: 1.034846305847168
Train - example: 399 loss: 0.9510102272033691
Train - example: 400 loss: 1.0255303382873535
Train - example: 401 loss: 1.0511525869369507
Train - example: 402 loss: 1.020269751548767
Train - example: 403 loss: 1.0511131286621094
Train - example: 404 loss: 1.0149422883987427
Train - example: 405 loss: 1.024581789970398
Train - example: 406 loss: 1.0377023220062256
Train - example: 407 loss: 1.0353285074234009
Train - example: 408 loss: 0.9519540667533875
Train - example: 409 loss: 0.9780790209770203
Train - example: 410 loss: 1.0061262845993042
Train - example: 411 loss: 0.9763878583908081
Train - example: 412 loss: 1.0137677192687988
Train - example: 413 loss: 1.037277102470398
Train - example: 414 loss: 1.0011368989944458
Train - example: 415 loss: 1.008965253829956
Train - example: 416 loss: 1.0124045610427856
Train - example: 417 loss: 1.0573947429656982
Train - example: 418 loss: 1.0197055339813232
Train - example: 419 loss: 1.0045266151428223
Train - example: 420 loss: 0.9837973117828369
Train - example: 421 loss: 1.0299040079116821
Train - example: 422 loss: 1.04076087474823
Train - example: 423 loss: 1.0267325639724731
Train - example: 424 loss: 1.015833854675293
Train - example: 425 loss: 1.0065325498580933
Train - example: 426 loss: 1.0317219495773315
Train - example: 427 loss: 1.002982497215271
Train - example: 428 loss: 0.9661884307861328
Train - example: 429 loss: 1.018293857574463
Train - example: 430 loss: 1.0024828910827637
Train - example: 431 loss: 0.9906883835792542
Train - example: 432 loss: 1.0417513847351074
Train - example: 433 loss: 0.9401552677154541
Train - example: 434 loss: 1.0560483932495117
Train - example: 435 loss: 1.013015627861023
Train - example: 436 loss: 0.9433223009109497
Train - example: 437 loss: 1.0282188653945923
Train - example: 438 loss: 1.0026278495788574
Train - example: 439 loss: 1.0439363718032837
Train - example: 440 loss: 1.039684534072876
Train - example: 441 loss: 1.025101900100708
Train - example: 442 loss: 1.046106219291687
Train - example: 443 loss: 0.9517370462417603
Train - example: 444 loss: 1.0916517972946167
Train - example: 445 loss: 1.0514330863952637
Train - example: 446 loss: 1.0335346460342407
Train - example: 447 loss: 1.0170776844024658
Train - example: 448 loss: 1.0046048164367676
Train - example: 449 loss: 1.022359013557434
Train - example: 450 loss: 0.9802745580673218
Train - example: 451 loss: 1.0342785120010376
Train - example: 452 loss: 0.9865241050720215
Train - example: 453 loss: 1.0375293493270874
Train - example: 454 loss: 0.9917901754379272
Train - example: 455 loss: 1.0363620519638062
Train - example: 456 loss: 1.002241849899292
Train - example: 457 loss: 1.0150338411331177
Train - example: 458 loss: 0.9979528188705444
Train - example: 459 loss: 0.9983830451965332
Train - example: 460 loss: 1.0784239768981934
Train - example: 461 loss: 1.006556510925293
Train - example: 462 loss: 1.0082716941833496
Train - example: 463 loss: 1.0131455659866333
Train - example: 464 loss: 1.0376882553100586
Train - example: 465 loss: 1.0655919313430786
Train - example: 466 loss: 1.0475778579711914
Train - example: 467 loss: 1.0576211214065552
Train - example: 468 loss: 1.0090827941894531
Train - example: 469 loss: 0.9685919880867004
Train - example: 470 loss: 1.0301473140716553
Train - example: 471 loss: 1.0124660730361938
Train - example: 472 loss: 1.0345103740692139
Train - example: 473 loss: 1.0049268007278442
Train - example: 474 loss: 0.9938550591468811
Train - example: 475 loss: 1.0144068002700806
Train - example: 0 loss: 1.0055028200149536
Train - example: 1 loss: 1.0277700424194336
Train - example: 2 loss: 1.0043526887893677
Train - example: 3 loss: 1.0471440553665161
Train - example: 4 loss: 1.0238656997680664
Train - example: 5 loss: 1.023789882659912
Train - example: 6 loss: 0.9766938090324402
Train - example: 7 loss: 1.0329629182815552
Train - example: 8 loss: 0.990139901638031
Train - example: 9 loss: 1.0844002962112427
Train - example: 10 loss: 1.0392506122589111
Train - example: 11 loss: 1.0044586658477783
Train - example: 12 loss: 1.039557695388794
Train - example: 13 loss: 1.0616774559020996
Train - example: 14 loss: 1.0513675212860107
Train - example: 15 loss: 1.032997965812683
Train - example: 16 loss: 0.9440433382987976
Train - example: 17 loss: 0.9987689256668091
Train - example: 18 loss: 1.0048736333847046
Train - example: 19 loss: 0.987156093120575
Train - example: 20 loss: 0.9685743451118469
Train - example: 21 loss: 0.9876152873039246
Train - example: 22 loss: 1.0045197010040283
Train - example: 23 loss: 1.1056127548217773
Train - example: 24 loss: 1.004306674003601
Train - example: 25 loss: 1.027392864227295
Train - example: 26 loss: 1.0943881273269653
Train - example: 27 loss: 1.0154772996902466
Train - example: 28 loss: 1.0065219402313232
Train - example: 29 loss: 1.0304070711135864
Train - example: 30 loss: 1.0406253337860107
Train - example: 31 loss: 0.9854353070259094
Train - example: 32 loss: 1.0294371843338013
Train - example: 33 loss: 1.049465298652649
Train - example: 34 loss: 1.0327136516571045
Train - example: 35 loss: 1.0319114923477173
Train - example: 36 loss: 0.9897445440292358
Train - example: 37 loss: 1.0635558366775513
Train - example: 38 loss: 0.9921414256095886
Train - example: 39 loss: 1.0003712177276611
Train - example: 40 loss: 0.9935796856880188
Train - example: 41 loss: 0.9970077276229858
Train - example: 42 loss: 1.0181498527526855
Train - example: 43 loss: 1.0440101623535156
Train - example: 44 loss: 1.0235666036605835
Train - example: 45 loss: 0.9930835962295532
Train - example: 46 loss: 0.9820993542671204
Train - example: 47 loss: 1.0004568099975586
Train - example: 48 loss: 0.96790611743927
Train - example: 49 loss: 1.0405967235565186
Train - example: 50 loss: 0.9901952147483826
Train - example: 51 loss: 0.9645023941993713
Train - example: 52 loss: 1.0261706113815308
Train - example: 53 loss: 1.0517101287841797
Train - example: 54 loss: 0.9890949130058289
Train - example: 55 loss: 1.0153521299362183
Train - example: 56 loss: 0.9986068606376648
Train - example: 57 loss: 1.0342274904251099
Train - example: 58 loss: 1.0341490507125854
Train - example: 59 loss: 1.0285102128982544
Train - example: 60 loss: 1.0567584037780762
Train - example: 61 loss: 1.0075854063034058
Train - example: 62 loss: 1.0483969449996948
Train - example: 63 loss: 0.9970823526382446
Train - example: 64 loss: 1.065832495689392
Train - example: 65 loss: 1.1096247434616089
Train - example: 66 loss: 1.0301042795181274
Train - example: 67 loss: 0.9728570580482483
Train - example: 68 loss: 1.0659983158111572
Train - example: 69 loss: 1.0364956855773926
Train - example: 70 loss: 1.0293655395507812
Train - example: 71 loss: 1.0359487533569336
Valid - iter: 3.0 loss: 1.0166666617914408
Iteration: 1500  Train Loss: 1.0359487533569336  Test Accuracy: 50.47090530395508 %
Model 1500 was saved.
Train - example: 72 loss: 0.982990562915802
Train - example: 73 loss: 1.0480462312698364
Train - example: 74 loss: 1.0285497903823853
Train - example: 75 loss: 1.0293214321136475
Train - example: 76 loss: 1.061158537864685
Train - example: 77 loss: 0.960517168045044
Train - example: 78 loss: 1.0608171224594116
Train - example: 79 loss: 0.9965925812721252
Train - example: 80 loss: 1.053271770477295
Train - example: 81 loss: 0.988038182258606
Train - example: 82 loss: 1.0075879096984863
Train - example: 83 loss: 0.9914097785949707
Train - example: 84 loss: 0.9644505977630615
Train - example: 85 loss: 1.0154194831848145
Train - example: 86 loss: 0.9952911138534546
Train - example: 87 loss: 1.0365967750549316
Train - example: 88 loss: 1.0185964107513428
Train - example: 89 loss: 1.0354009866714478
Train - example: 90 loss: 1.043382167816162
Train - example: 91 loss: 0.9931966662406921
Train - example: 92 loss: 0.9912638664245605
Train - example: 93 loss: 1.0034905672073364
Train - example: 94 loss: 1.0602314472198486
Train - example: 95 loss: 1.0253915786743164
Train - example: 96 loss: 1.0613044500350952
Train - example: 97 loss: 0.9876446723937988
Train - example: 98 loss: 1.025587558746338
Train - example: 99 loss: 1.023848295211792
Train - example: 100 loss: 1.0108771324157715
Train - example: 101 loss: 1.035736322402954
Train - example: 102 loss: 0.9902943968772888
Train - example: 103 loss: 1.0342295169830322
Train - example: 104 loss: 1.0374313592910767
Train - example: 105 loss: 1.0150256156921387
Train - example: 106 loss: 1.0403740406036377
Train - example: 107 loss: 1.0053563117980957
Train - example: 108 loss: 1.0878875255584717
Train - example: 109 loss: 1.0847891569137573
Train - example: 110 loss: 1.050033688545227
Train - example: 111 loss: 1.0406267642974854
Train - example: 112 loss: 0.9690567255020142
Train - example: 113 loss: 1.0471738576889038
Train - example: 114 loss: 1.0370745658874512
Train - example: 115 loss: 1.011094331741333
Train - example: 116 loss: 1.0312349796295166
Train - example: 117 loss: 0.9915270805358887
Train - example: 118 loss: 1.0226447582244873
Train - example: 119 loss: 1.0514655113220215
Train - example: 120 loss: 1.006375789642334
Train - example: 121 loss: 1.0084748268127441
Train - example: 122 loss: 0.9414781332015991
Train - example: 123 loss: 1.019182562828064
Train - example: 124 loss: 0.9847500324249268
Train - example: 125 loss: 1.0059397220611572
Train - example: 126 loss: 1.025071144104004
Train - example: 127 loss: 1.0409561395645142
Train - example: 128 loss: 1.008823037147522
Train - example: 129 loss: 1.029494285583496
Train - example: 130 loss: 0.9937894344329834
Train - example: 131 loss: 0.9971147775650024
Train - example: 132 loss: 0.999640941619873
Train - example: 133 loss: 0.9838194847106934
Train - example: 134 loss: 1.071203589439392
Train - example: 135 loss: 0.9893710613250732
Train - example: 136 loss: 1.0131351947784424
Train - example: 137 loss: 1.018489956855774
Train - example: 138 loss: 1.0703670978546143
Train - example: 139 loss: 0.9991344213485718
Train - example: 140 loss: 1.0452656745910645
Train - example: 141 loss: 0.9972432851791382
Train - example: 142 loss: 1.0514171123504639
Train - example: 143 loss: 1.0015801191329956
Train - example: 144 loss: 1.0046485662460327
Train - example: 145 loss: 1.0437663793563843
Train - example: 146 loss: 1.0738853216171265
Train - example: 147 loss: 1.0745476484298706
Train - example: 148 loss: 1.024512529373169
Train - example: 149 loss: 1.056647777557373
Train - example: 150 loss: 1.0084636211395264
Train - example: 151 loss: 1.0079573392868042
Train - example: 152 loss: 1.0175669193267822
Train - example: 153 loss: 0.9972662925720215
Train - example: 154 loss: 1.0056006908416748
Train - example: 155 loss: 1.0396511554718018
Train - example: 156 loss: 1.0236769914627075
Train - example: 157 loss: 0.996157705783844
Train - example: 158 loss: 1.0597584247589111
Train - example: 159 loss: 1.0425852537155151
Train - example: 160 loss: 1.0091441869735718
Train - example: 161 loss: 1.0397448539733887
Train - example: 162 loss: 1.0128638744354248
Train - example: 163 loss: 1.0284427404403687
Train - example: 164 loss: 1.0187112092971802
Train - example: 165 loss: 1.0147700309753418
Train - example: 166 loss: 1.0391517877578735
Train - example: 167 loss: 1.0114336013793945
Train - example: 168 loss: 1.0103421211242676
Train - example: 169 loss: 1.0277317762374878
Train - example: 170 loss: 0.98954176902771
Train - example: 171 loss: 1.0369724035263062
Train - example: 172 loss: 1.0561283826828003
Train - example: 173 loss: 1.0693330764770508
Train - example: 174 loss: 1.0468403100967407
Train - example: 175 loss: 1.0468833446502686
Train - example: 176 loss: 1.0529775619506836
Train - example: 177 loss: 1.0300339460372925
Train - example: 178 loss: 1.0483226776123047
Train - example: 179 loss: 1.0406692028045654
Train - example: 180 loss: 1.0559797286987305
Train - example: 181 loss: 1.068996787071228
Train - example: 182 loss: 1.0454319715499878
Train - example: 183 loss: 1.0021089315414429
Train - example: 184 loss: 0.9642652869224548
Train - example: 185 loss: 1.0340540409088135
Train - example: 186 loss: 0.9602696895599365
Train - example: 187 loss: 1.0506953001022339
Train - example: 188 loss: 1.0032548904418945
Train - example: 189 loss: 1.0113197565078735
Train - example: 190 loss: 1.052952766418457
Train - example: 191 loss: 1.0350100994110107
Train - example: 192 loss: 1.0377289056777954
Train - example: 193 loss: 1.0116246938705444
Train - example: 194 loss: 1.0130561590194702
Train - example: 195 loss: 0.9900071620941162
Train - example: 196 loss: 1.007152795791626
Train - example: 197 loss: 1.0155634880065918
Train - example: 198 loss: 1.0074692964553833
Train - example: 199 loss: 1.0343667268753052
Train - example: 200 loss: 1.0313822031021118
Train - example: 201 loss: 0.9622759222984314
Train - example: 202 loss: 1.04997980594635
Train - example: 203 loss: 1.0209134817123413
Train - example: 204 loss: 1.0828388929367065
Train - example: 205 loss: 0.9776578545570374
Train - example: 206 loss: 1.052708625793457
Train - example: 207 loss: 1.0073777437210083
Train - example: 208 loss: 1.0634636878967285
Train - example: 209 loss: 1.0937919616699219
Train - example: 210 loss: 1.0258914232254028
Train - example: 211 loss: 1.0141291618347168
Train - example: 212 loss: 1.0703686475753784
Train - example: 213 loss: 1.008968710899353
Train - example: 214 loss: 1.0603549480438232
Train - example: 215 loss: 1.0362015962600708
Train - example: 216 loss: 1.016860842704773
Train - example: 217 loss: 1.0333391427993774
Train - example: 218 loss: 1.0316931009292603
Train - example: 219 loss: 1.0223000049591064
Train - example: 220 loss: 0.9950640797615051
Train - example: 221 loss: 1.0052218437194824
Train - example: 222 loss: 0.9643521308898926
Train - example: 223 loss: 1.0531176328659058
Train - example: 224 loss: 1.009372591972351
Train - example: 225 loss: 0.9822012186050415
Train - example: 226 loss: 1.0068209171295166
Train - example: 227 loss: 1.0454843044281006
Train - example: 228 loss: 0.9743188619613647
Train - example: 229 loss: 1.0155950784683228
Train - example: 230 loss: 0.945514976978302
Train - example: 231 loss: 1.0352228879928589
Train - example: 232 loss: 0.999351978302002
Train - example: 233 loss: 1.02611243724823
Train - example: 234 loss: 1.0583676099777222
Train - example: 235 loss: 1.0235066413879395
Train - example: 236 loss: 1.0400683879852295
Train - example: 237 loss: 0.9846663475036621
Train - example: 238 loss: 0.9729805588722229
Train - example: 239 loss: 1.0744470357894897
Train - example: 240 loss: 1.0123693943023682
Train - example: 241 loss: 1.063754677772522
Train - example: 242 loss: 0.9945068359375
Train - example: 243 loss: 0.9983904361724854
Train - example: 244 loss: 1.0358641147613525
Train - example: 245 loss: 1.0089175701141357
Train - example: 246 loss: 1.0446590185165405
Train - example: 247 loss: 1.025965929031372
Train - example: 248 loss: 0.9958670139312744
Train - example: 249 loss: 1.0279759168624878
Train - example: 250 loss: 1.0797580480575562
Train - example: 251 loss: 0.984555721282959
Train - example: 252 loss: 0.9719468951225281
Train - example: 253 loss: 0.9878432750701904
Train - example: 254 loss: 1.017871379852295
Train - example: 255 loss: 0.9687594771385193
Train - example: 256 loss: 1.0521236658096313
Train - example: 257 loss: 1.031533122062683
Train - example: 258 loss: 0.9909488558769226
Train - example: 259 loss: 1.0396171808242798
Train - example: 260 loss: 1.0291627645492554
Train - example: 261 loss: 0.9755204916000366
Train - example: 262 loss: 1.0104169845581055
Train - example: 263 loss: 1.0302934646606445
Train - example: 264 loss: 1.051124095916748
Train - example: 265 loss: 1.0169248580932617
Train - example: 266 loss: 1.0181313753128052
Train - example: 267 loss: 1.0191502571105957
Train - example: 268 loss: 1.007043480873108
Train - example: 269 loss: 1.0216989517211914
Train - example: 270 loss: 1.0032352209091187
Train - example: 271 loss: 1.051945686340332
Train - example: 272 loss: 0.9830784797668457
Train - example: 273 loss: 1.0021700859069824
Train - example: 274 loss: 1.0005099773406982
Train - example: 275 loss: 0.9947409629821777
Train - example: 276 loss: 1.0181260108947754
Train - example: 277 loss: 1.0485994815826416
Train - example: 278 loss: 1.0360808372497559
Train - example: 279 loss: 1.065064787864685
Train - example: 280 loss: 0.9510465860366821
Train - example: 281 loss: 0.9773264527320862
Train - example: 282 loss: 1.0670238733291626
Train - example: 283 loss: 0.9683638215065002
Train - example: 284 loss: 1.023553729057312
Train - example: 285 loss: 1.033290982246399
Train - example: 286 loss: 0.9576703906059265
Train - example: 287 loss: 1.0232582092285156
Train - example: 288 loss: 1.0770962238311768
Train - example: 289 loss: 1.0017805099487305
Train - example: 290 loss: 1.0188852548599243
Train - example: 291 loss: 1.033726453781128
Train - example: 292 loss: 0.98370361328125
Train - example: 293 loss: 0.9840446710586548
Train - example: 294 loss: 1.0372562408447266
Train - example: 295 loss: 0.9915812015533447
Train - example: 296 loss: 1.0173873901367188
Train - example: 297 loss: 1.0004618167877197
Train - example: 298 loss: 1.0155463218688965
Train - example: 299 loss: 1.021653413772583
Train - example: 300 loss: 1.0479791164398193
Train - example: 301 loss: 1.0334829092025757
Train - example: 302 loss: 1.0007473230361938
Train - example: 303 loss: 1.034762978553772
Train - example: 304 loss: 0.9734390377998352
Train - example: 305 loss: 1.0344336032867432
Train - example: 306 loss: 1.0635486841201782
Train - example: 307 loss: 0.997947633266449
Train - example: 308 loss: 0.9893493056297302
Train - example: 309 loss: 0.9760452508926392
Train - example: 310 loss: 1.0501549243927002
Train - example: 311 loss: 1.0505601167678833
Train - example: 312 loss: 1.0206103324890137
Train - example: 313 loss: 1.0511213541030884
Train - example: 314 loss: 1.0202313661575317
Train - example: 315 loss: 1.0313066244125366
Train - example: 316 loss: 1.0299460887908936
Train - example: 317 loss: 1.0315513610839844
Train - example: 318 loss: 1.0288972854614258
Train - example: 319 loss: 1.0963058471679688
Train - example: 320 loss: 0.9942249059677124
Train - example: 321 loss: 1.010172724723816
Train - example: 322 loss: 0.9939377307891846
Train - example: 323 loss: 0.9843077063560486
Train - example: 324 loss: 1.0135889053344727
Train - example: 325 loss: 1.0120234489440918
Train - example: 326 loss: 1.0299136638641357
Train - example: 327 loss: 1.0266964435577393
Train - example: 328 loss: 1.0177630186080933
Train - example: 329 loss: 1.0150690078735352
Train - example: 330 loss: 0.9806561470031738
Train - example: 331 loss: 0.9278106093406677
Train - example: 332 loss: 0.9600281715393066
Train - example: 333 loss: 1.006622314453125
Train - example: 334 loss: 1.0607506036758423
Train - example: 335 loss: 0.9758439064025879
Train - example: 336 loss: 1.0056118965148926
Train - example: 337 loss: 1.039063572883606
Train - example: 338 loss: 1.0034394264221191
Train - example: 339 loss: 0.993111789226532
Train - example: 340 loss: 1.0059401988983154
Train - example: 341 loss: 0.9903099536895752
Train - example: 342 loss: 1.0370596647262573
Train - example: 343 loss: 1.0275955200195312
Train - example: 344 loss: 1.0380760431289673
Train - example: 345 loss: 1.0484097003936768
Train - example: 346 loss: 1.0082569122314453
Train - example: 347 loss: 1.0337409973144531
Train - example: 348 loss: 1.0339350700378418
Train - example: 349 loss: 1.020320177078247
Train - example: 350 loss: 1.0510764122009277
Train - example: 351 loss: 1.0204631090164185
Train - example: 352 loss: 0.9005244970321655
Train - example: 353 loss: 1.0562416315078735
Train - example: 354 loss: 0.9775820374488831
Train - example: 355 loss: 1.0048011541366577
Train - example: 356 loss: 0.9709902405738831
Train - example: 357 loss: 0.9942861199378967
Train - example: 358 loss: 1.0366243124008179
Train - example: 359 loss: 1.017183780670166
Train - example: 360 loss: 1.0429258346557617
Train - example: 361 loss: 1.0218948125839233
Train - example: 362 loss: 0.959145724773407
Train - example: 363 loss: 1.0674850940704346
Train - example: 364 loss: 1.0221116542816162
Train - example: 365 loss: 1.008298397064209
Train - example: 366 loss: 0.9905024766921997
Train - example: 367 loss: 1.0259881019592285
Train - example: 368 loss: 1.0215836763381958
Train - example: 369 loss: 1.0431389808654785
Train - example: 370 loss: 0.9964274764060974
Train - example: 371 loss: 0.9890733957290649
Train - example: 372 loss: 1.023390293121338
Train - example: 373 loss: 0.9789690375328064
Train - example: 374 loss: 0.9995966553688049
Train - example: 375 loss: 1.0566966533660889
Train - example: 376 loss: 0.9896745085716248
Train - example: 377 loss: 0.9737001657485962
Train - example: 378 loss: 0.9540866613388062
Train - example: 379 loss: 1.011670708656311
Train - example: 380 loss: 0.9907968044281006
Train - example: 381 loss: 1.0089730024337769
Train - example: 382 loss: 1.0309522151947021
Train - example: 383 loss: 0.9496476650238037
Train - example: 384 loss: 1.0554649829864502
Train - example: 385 loss: 0.9738258123397827
Train - example: 386 loss: 1.058576226234436
Train - example: 387 loss: 1.0264251232147217
Train - example: 388 loss: 1.0008846521377563
Train - example: 389 loss: 1.0536532402038574
Train - example: 390 loss: 1.012420654296875
Train - example: 391 loss: 1.0341508388519287
Train - example: 392 loss: 1.0238618850708008
Train - example: 393 loss: 1.022996187210083
Train - example: 394 loss: 0.9381323456764221
Train - example: 395 loss: 1.0362941026687622
Train - example: 396 loss: 1.0412793159484863
Train - example: 397 loss: 1.0277763605117798
Train - example: 398 loss: 1.0295226573944092
Train - example: 399 loss: 1.0580687522888184
Train - example: 400 loss: 1.0556080341339111
Train - example: 401 loss: 1.0826661586761475
Train - example: 402 loss: 1.0111110210418701
Train - example: 403 loss: 1.0527347326278687
Train - example: 404 loss: 0.979199230670929
Train - example: 405 loss: 1.0484817028045654
Train - example: 406 loss: 0.9713989496231079
Train - example: 407 loss: 1.040493130683899
Train - example: 408 loss: 1.004437804222107
Train - example: 409 loss: 1.0588973760604858
Train - example: 410 loss: 1.0612516403198242
Train - example: 411 loss: 1.0153546333312988
Train - example: 412 loss: 1.0672792196273804
Train - example: 413 loss: 1.0066226720809937
Train - example: 414 loss: 1.0827869176864624
Train - example: 415 loss: 1.0182827711105347
Train - example: 416 loss: 0.9751635193824768
Train - example: 417 loss: 1.0999081134796143
Train - example: 418 loss: 1.0551973581314087
Train - example: 419 loss: 1.0124855041503906
Train - example: 420 loss: 1.0277270078659058
Train - example: 421 loss: 0.9673953056335449
Train - example: 422 loss: 0.9989458322525024
Train - example: 423 loss: 1.000796914100647
Train - example: 424 loss: 0.9949667453765869
Train - example: 425 loss: 0.989449679851532
Train - example: 426 loss: 0.9676104187965393
Train - example: 427 loss: 1.0126588344573975
Train - example: 428 loss: 1.0011087656021118
Train - example: 429 loss: 0.9920621514320374
Train - example: 430 loss: 0.9751306176185608
Train - example: 431 loss: 0.9656689167022705
Train - example: 432 loss: 0.97736656665802
Train - example: 433 loss: 1.0409231185913086
Train - example: 434 loss: 0.9838513731956482
Train - example: 435 loss: 1.014205813407898
Train - example: 436 loss: 1.0313847064971924
Train - example: 437 loss: 0.9822371602058411
Train - example: 438 loss: 0.98801589012146
Train - example: 439 loss: 1.0183178186416626
Train - example: 440 loss: 0.9950078725814819
Train - example: 441 loss: 1.0190235376358032
Train - example: 442 loss: 1.049896240234375
Train - example: 443 loss: 1.05528724193573
Train - example: 444 loss: 1.0549654960632324
Train - example: 445 loss: 0.9892523288726807
Train - example: 446 loss: 1.0340594053268433
Train - example: 447 loss: 1.0011037588119507
Train - example: 448 loss: 0.9560269713401794
Train - example: 449 loss: 1.0077227354049683
Train - example: 450 loss: 0.9687595963478088
Train - example: 451 loss: 1.052761435508728
Train - example: 452 loss: 0.9765576720237732
Train - example: 453 loss: 1.0070104598999023
Train - example: 454 loss: 1.0120360851287842
Train - example: 455 loss: 0.9936195611953735
Train - example: 456 loss: 1.016912579536438
Train - example: 457 loss: 1.0008023977279663
Train - example: 458 loss: 1.0062404870986938
Train - example: 459 loss: 1.0171799659729004
Train - example: 460 loss: 0.9704743027687073
Train - example: 461 loss: 0.9891166687011719
Train - example: 462 loss: 1.0428012609481812
Train - example: 463 loss: 1.0070968866348267
Train - example: 464 loss: 0.988071620464325
Train - example: 465 loss: 0.9878668785095215
Train - example: 466 loss: 0.9960517883300781
Train - example: 467 loss: 1.0401092767715454
Train - example: 468 loss: 1.020835518836975
Train - example: 469 loss: 1.02541184425354
Train - example: 470 loss: 0.9921776056289673
Train - example: 471 loss: 0.9997852444648743
Train - example: 472 loss: 1.0052911043167114
Train - example: 473 loss: 1.0335646867752075
Train - example: 474 loss: 0.9761249423027039
Train - example: 475 loss: 1.0123084783554077
Train - example: 0 loss: 1.0326294898986816
Train - example: 1 loss: 1.0427629947662354
Train - example: 2 loss: 1.008509874343872
Train - example: 3 loss: 1.019789695739746
Train - example: 4 loss: 1.0374757051467896
Train - example: 5 loss: 1.068252444267273
Train - example: 6 loss: 1.0414698123931885
Train - example: 7 loss: 0.9949709177017212
Train - example: 8 loss: 1.0361415147781372
Train - example: 9 loss: 0.9870945811271667
Train - example: 10 loss: 1.0273019075393677
Train - example: 11 loss: 1.0505356788635254
Train - example: 12 loss: 1.0263828039169312
Train - example: 13 loss: 1.015427827835083
Train - example: 14 loss: 1.0267237424850464
Train - example: 15 loss: 0.9951430559158325
Train - example: 16 loss: 1.0495965480804443
Train - example: 17 loss: 1.0139198303222656
Train - example: 18 loss: 1.027045726776123
Train - example: 19 loss: 1.0239856243133545
Train - example: 20 loss: 1.0179795026779175
Train - example: 21 loss: 0.9583925604820251
Train - example: 22 loss: 1.0039949417114258
Train - example: 23 loss: 1.0186175107955933
Train - example: 24 loss: 1.019742488861084
Train - example: 25 loss: 1.0071380138397217
Train - example: 26 loss: 1.0405888557434082
Train - example: 27 loss: 1.0372114181518555
Train - example: 28 loss: 0.9682012796401978
Train - example: 29 loss: 1.0292693376541138
Train - example: 30 loss: 1.0108704566955566
Train - example: 31 loss: 0.9097804427146912
Train - example: 32 loss: 1.0015525817871094
Train - example: 33 loss: 1.0011924505233765
Train - example: 34 loss: 1.0444947481155396
Train - example: 35 loss: 1.0185965299606323
Train - example: 36 loss: 0.9989305734634399
Train - example: 37 loss: 1.0843185186386108
Train - example: 38 loss: 1.0394765138626099
Train - example: 39 loss: 1.0390912294387817
Train - example: 40 loss: 1.0434024333953857
Train - example: 41 loss: 1.0328351259231567
Train - example: 42 loss: 1.0175392627716064
Train - example: 43 loss: 1.0174921751022339
Train - example: 44 loss: 0.9845237731933594
Train - example: 45 loss: 1.002322793006897
Train - example: 46 loss: 1.0143619775772095
Train - example: 47 loss: 1.019147276878357
Train - example: 48 loss: 0.9793240427970886
Train - example: 49 loss: 0.9532915353775024
Train - example: 50 loss: 1.0152305364608765
Train - example: 51 loss: 0.993197500705719
Train - example: 52 loss: 1.0422457456588745
Train - example: 53 loss: 0.9681332111358643
Train - example: 54 loss: 1.0108952522277832
Train - example: 55 loss: 1.0109890699386597
Train - example: 56 loss: 1.0388193130493164
Train - example: 57 loss: 0.9943153262138367
Train - example: 58 loss: 0.9724780321121216
Train - example: 59 loss: 1.0913469791412354
Train - example: 60 loss: 1.0335471630096436
Train - example: 61 loss: 1.0917904376983643
Train - example: 62 loss: 1.0445523262023926
Train - example: 63 loss: 0.9901036620140076
Train - example: 64 loss: 1.0269780158996582
Train - example: 65 loss: 1.0078120231628418
Train - example: 66 loss: 1.0105565786361694
Train - example: 67 loss: 0.9885843396186829
Train - example: 68 loss: 1.0130114555358887
Train - example: 69 loss: 0.9998738169670105
Train - example: 70 loss: 0.9738867878913879
Train - example: 71 loss: 1.0075808763504028
Train - example: 72 loss: 1.012589454650879
Train - example: 73 loss: 1.0152392387390137
Train - example: 74 loss: 1.0131757259368896
Train - example: 75 loss: 1.0498050451278687
Train - example: 76 loss: 0.992566704750061
Train - example: 77 loss: 1.0220874547958374
Train - example: 78 loss: 0.9892838001251221
Train - example: 79 loss: 0.9294984936714172
Train - example: 80 loss: 1.029223084449768
Train - example: 81 loss: 1.0176676511764526
Train - example: 82 loss: 1.027294635772705
Train - example: 83 loss: 1.0558873414993286
Train - example: 84 loss: 1.0204678773880005
Train - example: 85 loss: 0.9543449878692627
Train - example: 86 loss: 0.9804714322090149
Train - example: 87 loss: 1.0119744539260864
Train - example: 88 loss: 0.99273282289505
Train - example: 89 loss: 1.023958683013916
Train - example: 90 loss: 1.037646770477295
Train - example: 91 loss: 1.041999340057373
Train - example: 92 loss: 1.01284658908844
Train - example: 93 loss: 1.0257437229156494
Train - example: 94 loss: 1.003493309020996
Train - example: 95 loss: 1.0108106136322021
Valid - iter: 4.0 loss: 1.0157328899167164
Iteration: 2000  Train Loss: 1.0108106136322021  Test Accuracy: 50.61385726928711 %
Model 2000 was saved.
Train - example: 96 loss: 0.9884913563728333
Train - example: 97 loss: 1.0350639820098877
Train - example: 98 loss: 0.991707444190979
Train - example: 99 loss: 1.0292444229125977
Train - example: 100 loss: 1.051428198814392
Train - example: 101 loss: 0.9581973552703857
Train - example: 102 loss: 1.0536941289901733
Train - example: 103 loss: 0.9941341876983643
Train - example: 104 loss: 1.0197476148605347
Train - example: 105 loss: 1.037918210029602
Train - example: 106 loss: 1.0193493366241455
Train - example: 107 loss: 1.0080136060714722
Train - example: 108 loss: 1.0123885869979858
Train - example: 109 loss: 1.0705128908157349
Train - example: 110 loss: 0.9750803112983704
Train - example: 111 loss: 0.9339833855628967
Train - example: 112 loss: 1.032114863395691
Train - example: 113 loss: 1.0848175287246704
Train - example: 114 loss: 1.0325617790222168
Train - example: 115 loss: 1.0554759502410889
Train - example: 116 loss: 0.9965318441390991
Train - example: 117 loss: 1.046749472618103
Train - example: 118 loss: 0.9768626689910889
Train - example: 119 loss: 0.9970899820327759
Train - example: 120 loss: 1.028298258781433
Train - example: 121 loss: 0.9725914597511292
Train - example: 122 loss: 1.0330231189727783
Train - example: 123 loss: 1.0252957344055176
Train - example: 124 loss: 1.0230040550231934
Train - example: 125 loss: 1.023166537284851
Train - example: 126 loss: 1.024889349937439
Train - example: 127 loss: 0.9891188144683838
Train - example: 128 loss: 0.9718096852302551
Train - example: 129 loss: 1.0329811573028564
Train - example: 130 loss: 1.0259653329849243
Train - example: 131 loss: 1.0586507320404053
Train - example: 132 loss: 0.9945098757743835
Train - example: 133 loss: 1.0099927186965942
Train - example: 134 loss: 1.0594489574432373
Train - example: 135 loss: 1.0527855157852173
Train - example: 136 loss: 1.020896077156067
Train - example: 137 loss: 1.0017069578170776
Train - example: 138 loss: 1.0570898056030273
Train - example: 139 loss: 0.9866837859153748
Train - example: 140 loss: 0.9541962146759033
Train - example: 141 loss: 1.0831278562545776
Train - example: 142 loss: 0.9829390645027161
Train - example: 143 loss: 0.9926471710205078
Train - example: 144 loss: 0.9932647943496704
Train - example: 145 loss: 0.9967539310455322
Train - example: 146 loss: 1.034672498703003
Train - example: 147 loss: 1.0239086151123047
Train - example: 148 loss: 1.035589337348938
Train - example: 149 loss: 0.9880468845367432
Train - example: 150 loss: 1.0071481466293335
Train - example: 151 loss: 1.0321804285049438
Train - example: 152 loss: 0.9640251994132996
Train - example: 153 loss: 1.036278486251831
Train - example: 154 loss: 1.0537794828414917
Train - example: 155 loss: 1.0385735034942627
Train - example: 156 loss: 0.9937439560890198
Train - example: 157 loss: 0.9784022569656372
Train - example: 158 loss: 1.0194915533065796
Train - example: 159 loss: 1.0411852598190308
Train - example: 160 loss: 0.955883264541626
Train - example: 161 loss: 0.9892739653587341
Train - example: 162 loss: 0.9757189154624939
Train - example: 163 loss: 1.0615183115005493
Train - example: 164 loss: 1.0679304599761963
Train - example: 165 loss: 1.0537527799606323
Train - example: 166 loss: 1.0159205198287964
Train - example: 167 loss: 1.060228943824768
Train - example: 168 loss: 0.9932819604873657
Train - example: 169 loss: 0.9437777996063232
Train - example: 170 loss: 1.015296220779419
Train - example: 171 loss: 1.0102864503860474
Train - example: 172 loss: 1.033610463142395
Train - example: 173 loss: 1.028110146522522
Train - example: 174 loss: 1.0095206499099731
Train - example: 175 loss: 1.0621598958969116
Train - example: 176 loss: 0.9954060912132263
Train - example: 177 loss: 1.0298562049865723
Train - example: 178 loss: 0.9897134304046631
Train - example: 179 loss: 1.0874580144882202
Train - example: 180 loss: 1.0118464231491089
Train - example: 181 loss: 1.0993162393569946
Train - example: 182 loss: 1.0064597129821777
Train - example: 183 loss: 1.0081520080566406
Train - example: 184 loss: 1.0332974195480347
Train - example: 185 loss: 1.0489997863769531
Train - example: 186 loss: 0.981699526309967
Train - example: 187 loss: 1.0257951021194458
Train - example: 188 loss: 1.0376083850860596
Train - example: 189 loss: 1.0336631536483765
Train - example: 190 loss: 0.9767978191375732
Train - example: 191 loss: 1.0056886672973633
Train - example: 192 loss: 1.0054508447647095
Train - example: 193 loss: 0.9701551198959351
Train - example: 194 loss: 0.9936641454696655
Train - example: 195 loss: 0.9877772331237793
Train - example: 196 loss: 0.9740862250328064
Train - example: 197 loss: 1.0488275289535522
Train - example: 198 loss: 0.9661120772361755
Train - example: 199 loss: 1.007796287536621
Train - example: 200 loss: 1.0305984020233154
Train - example: 201 loss: 0.9807003736495972
Train - example: 202 loss: 0.9910909533500671
Train - example: 203 loss: 0.9840673208236694
Train - example: 204 loss: 0.9857208132743835
Train - example: 205 loss: 1.0235012769699097
Train - example: 206 loss: 1.0108914375305176
Train - example: 207 loss: 1.0141814947128296
Train - example: 208 loss: 1.050522804260254
Train - example: 209 loss: 1.0375875234603882
Train - example: 210 loss: 1.014908790588379
Train - example: 211 loss: 0.985809326171875
Train - example: 212 loss: 0.9732810258865356
Train - example: 213 loss: 1.071515440940857
Train - example: 214 loss: 1.0262489318847656
Train - example: 215 loss: 0.9842249155044556
Train - example: 216 loss: 0.9842055439949036
Train - example: 217 loss: 1.031952977180481
Train - example: 218 loss: 1.0361335277557373
Train - example: 219 loss: 1.0631988048553467
Train - example: 220 loss: 1.0484859943389893
Train - example: 221 loss: 1.0175939798355103
Train - example: 222 loss: 1.0244855880737305
Train - example: 223 loss: 1.0253801345825195
Train - example: 224 loss: 0.9747112989425659
Train - example: 225 loss: 1.0041061639785767
Train - example: 226 loss: 0.9758821725845337
Train - example: 227 loss: 1.0000548362731934
Train - example: 228 loss: 1.0069257020950317
Train - example: 229 loss: 1.029768705368042
Train - example: 230 loss: 1.0036354064941406
Train - example: 231 loss: 1.0427402257919312
Train - example: 232 loss: 1.0035938024520874
Train - example: 233 loss: 1.0598934888839722
Train - example: 234 loss: 1.0609380006790161
Train - example: 235 loss: 1.0260450839996338
Train - example: 236 loss: 1.0285594463348389
Train - example: 237 loss: 1.0547271966934204
Train - example: 238 loss: 1.0078084468841553
Train - example: 239 loss: 1.0376617908477783
Train - example: 240 loss: 1.0526607036590576
Train - example: 241 loss: 1.0683954954147339
Train - example: 242 loss: 1.0378586053848267
Train - example: 243 loss: 1.049617886543274
Train - example: 244 loss: 1.0575981140136719
Train - example: 245 loss: 1.017545223236084
Train - example: 246 loss: 1.057794451713562
Train - example: 247 loss: 1.0139796733856201
Train - example: 248 loss: 1.0546666383743286
Train - example: 249 loss: 0.9797421097755432
Train - example: 250 loss: 0.9892006516456604
Train - example: 251 loss: 0.9769603610038757
Train - example: 252 loss: 0.9984098672866821
Train - example: 253 loss: 0.9994542002677917
Train - example: 254 loss: 1.0436931848526
Train - example: 255 loss: 1.014777660369873
Train - example: 256 loss: 0.9730777740478516
Train - example: 257 loss: 1.0326708555221558
Train - example: 258 loss: 1.0078519582748413
Train - example: 259 loss: 1.0212063789367676
Train - example: 260 loss: 1.0178722143173218
Train - example: 261 loss: 1.00550377368927
Train - example: 262 loss: 1.0087361335754395
Train - example: 263 loss: 1.0983552932739258
Train - example: 264 loss: 1.0299354791641235
Train - example: 265 loss: 0.983278751373291
Train - example: 266 loss: 1.0131398439407349
Train - example: 267 loss: 0.99676513671875
